1 1 1
1 1
[(50000, 1.2560545204623976)]
[('Limit  (cost=3549.88..3549.88 rows=1 width=12) (actual time=21.608..21.609 rows=1 loops=1)',), ('  ->  Sort  (cost=3549.88..3551.12 rows=497 width=12) (actual time=21.608..21.608 rows=1 loops=1)',), ("        Sort Key: ((iv_v <-> '[0.0395,0.0384,0.0593,0.1022,0.0677,0.0688,0.0859,0.0352,0.0609,0.0466,0.0351,0.0229,0.0148,0.0209,0.0394,0.0269,0.018,0.031,0.0698,0.0888,0.0529,0.0463,0.0545,0.0361,0.0462,0.0412,0.0348,0.0268,0.0115,0.0175,0.0492,0.0297,0.0221,0.0506,0.0659,0.0586,0.0313,0.0712,0.0386,0.0387,0.0326,0.0364,0.0402,0.0368,0.017,0.0184,0.0543,0.0508,0.0391,0.0932,0.1039,0.0601,0.044,0.1264,0.0602,0.0749,0.019,0.0337,0.0961,0.0623,0.0227,0.0285,0.061,0.0647,0.0789,0.0985,0.1225,0.0831,0.0552,0.1415,0.1188,0.1061,0.0237,0.0452,0.183,0.0502,0.0408,0.0451,0.1173,0.0599,0.0501,0.0757,0.0752,0.0564,0.0347,0.1094,0.0892,0.06,0.0265,0.035,0.0853,0.0296,0.0172,0.0355,0.1018,0.0394,0.0274,0.0351,0.0667,0.0694,0.0251,0.0677,0.0353,0.0346,0.0428,0.044,0.0262,0.0223,0.0185,0.0205,0.0558,0.0397,0.0238,0.0433,0.0363,0.0745,0.0424,0.0732,0.0616,0.038,0.0559,0.0361,0.0279,0.0257,0.0151,0.0191,0.0301,0.0322,0.0667,0.0655,0.0902,0.1118,0.0764,0.1144,0.1063,0.0373,0.0508,0.039,0.0422,0.0241,0.0293,0.0292,0.0624,0.0651,0.025,0.0357,0.0631,0.1018,0.0374,0.0563,0.0391,0.03,0.0371,0.0461,0.0454,0.0226,0.0142,0.0219,0.0497,0.0443,0.0294,0.0465,0.0676,0.0555,0.0307,0.0872,0.0376,0.0421,0.0318,0.0466,0.0266,0.0296,0.0211,0.0324,0.0323,0.0238,0.0246,0.0651,0.087,0.049,0.0304,0.1311,0.0754,0.0291,0.0247,0.0456,0.0632,0.0679,0.0274,0.0239,0.0614,0.0673,0.046,0.0631,0.1073,0.0719,0.0473,0.1549,0.1314,0.0378,0.0302,0.0571,0.1423,0.0641,0.0328,0.0367,0.1366,0.0579,0.0224,0.0416,0.0768,0.0778,0.0335,0.1176,0.0794,0.038,0.0261,0.036,0.0864,0.0476,0.0144,0.0225,0.1065,0.0558,0.0238,0.0403,0.082,0.0548,0.0438,0.071,0.0378,0.0476,0.0346,0.0488,0.0197,0.0202,0.0178,0.0144,0.0514,0.0432,0.0375,0.0595,0.0348,0.0533,0.0505,0.0914,0.0668,0.0489,0.0521,0.033,0.0263,0.0327,0.0182,0.0183,0.0264,0.0438,0.0487,0.0515,0.0501,0.0654,0.016,0.0673,0.0375,0.0175,0.0215,0.042,0.0199,0.0181,0.0482,0.0253,0.0283,0.0509,0.0249,0.0566,0.0893,0.0414,0.0288,0.0584,0.0299,0.0254,0.0457,0.0586,0.0402,0.0198,0.029,0.0346,0.0537,0.0296,0.0328,0.0934,0.1517,0.0745,0.0566,0.0819,0.0833,0.056,0.0398,0.0306,0.0738,0.0281,0.0153,0.0739,0.1196,0.0319,0.0197,0.0403,0.0639,0.047,0.0347,0.0539,0.0443,0.0213,0.0203,0.0289,0.029,0.0159,0.0203,0.0364,0.0393,0.0246,0.0298,0.0373,0.0454,0.0655,0.0683,0.0874,0.098,0.0287,0.0635,0.0674,0.0419,0.0192,0.0193,0.0241,0.0388,0.0295,0.0141,0.0281,0.0519,0.0528,0.058,0.1103,0.0553,0.0272,0.0418,0.0418,0.0365,0.0201,0.013,0.0194,0.0507,0.0259,0.0174,0.0447,0.0531,0.0416,0.0366,0.0714,0.0322,0.0342,0.031,0.1006,0.0473,0.0348,0.0125,0.0265,0.056,0.0447,0.0245,0.0754,0.0828,0.0465,0.0585,0.1342,0.049,0.0627,0.0329,0.1089,0.1035,0.0574,0.0206,0.0294,0.0623,0.0564,0.0554,0.0824,0.0948,0.0613,0.069,0.1621,0.0985,0.0928,0.0236,0.0591,0.1686,0.047,0.0399,0.0427,0.1132,0.0501,0.0355,0.0624,0.0577,0.0352,0.0499,0.1113,0.0801,0.0546,0.032,0.0351,0.0826,0.0273,0.0185,0.0306,0.0908,0.0383,0.0212,0.0281,0.0518,0.0461,0.0273,0.0749,0.0336,0.0285,0.0415,0.046,0.0264,0.016,0.0124,0.0192,0.0574,0.0299,0.0175,0.0395,0.0302,0.0547,0.0535,0.0964,0.0678,0.0336,0.0615,0.0466,0.038,0.0195,0.012,0.0168,0.0317,0.0272,0.0458,0.0675,0.0731,0.0849,0.0843,0.1395,0.127,0.0366,0.0554,0.0801,0.0686,0.0219,0.0344,0.0277,0.0492,0.0616,0.0211,0.0444,0.0484,0.066,0.0587,0.0934,0.0533,0.0243,0.0243,0.0389,0.045,0.0213,0.0134,0.0288,0.0519,0.0344,0.0304,0.0536,0.0572,0.044,0.062,0.1021,0.0391,0.0338,0.0362,0.1337,0.0373,0.0275,0.0156,0.0425,0.029,0.0214,0.0157,0.0638,0.0712,0.0437,0.0885,0.2152,0.062,0.0223,0.0546,0.1808,0.106,0.0594,0.0224,0.0359,0.0524,0.0572,0.0432,0.066,0.0862,0.0567,0.1092,0.2191,0.1108,0.0365,0.0441,0.0894,0.1544,0.0574,0.0288,0.0333,0.1362,0.0473,0.0286,0.0522,0.0555,0.0498,0.0801,0.1573,0.0778,0.0334,0.0317,0.0339,0.0807,0.0425,0.014,0.0191,0.0988,0.0441,0.0174,0.0291,0.0522,0.0303,0.0396,0.0752,0.0317,0.0336,0.0423,0.0573,0.023,0.0145,0.0122,0.0155,0.0402,0.0284,0.031,0.0506,0.0286,0.0453,0.0852,0.1073,0.0718,0.0451,0.0575,0.0549,0.0461,0.0262,0.0171,0.0157,0.0205,0.0373,0.0482,0.0719,0.0467,0.052,0.0383,0.0802,0.0241,0.0146,0.0166,0.0318,0.0238,0.0144,0.0383,0.0332,0.0324,0.0437,0.0199,0.0456,0.0597,0.034,0.0456,0.1084,0.0438,0.0239,0.0462,0.088,0.0294,0.0241,0.0225,0.0385,0.0457,0.0248,0.0294,0.078,0.1191,0.0557,0.0852,0.1542,0.1082,0.0515,0.0538,0.0913,0.0869,0.0267,0.015,0.0603,0.0984,0.0287,0.0227,0.0412,0.0477,0.0313,0.0385,0.0818,0.0464,0.0192,0.0183,0.0231,0.0333,0.0151,0.0178,0.0374,0.0358,0.0222,0.0363,0.0399,0.0572,0.0858,0.0686,0.0911,0.0985,0.0325,0.0622,0.0653,0.0418,0.0196,0.0168,0.0215,0.0445,0.0309,0.017,0.0302,0.0629,0.0669,0.0601,0.1099,0.0547,0.0337,0.0443,0.04,0.0359,0.023,0.0127,0.0172,0.0545,0.0272,0.0201,0.0461,0.0583,0.0464,0.0415,0.0737,0.0356,0.0382,0.0276,0.0909,0.0448,0.0384,0.0161,0.0243,0.0539,0.0456,0.0288,0.0782,0.0901,0.0519,0.0623,0.1409,0.0524,0.0725,0.0304,0.1066,0.1049,0.0634,0.0235,0.035,0.0673,0.0624,0.0622,0.091,0.1108,0.0777,0.0752,0.166,0.1094,0.1101,0.0289,0.0588,0.1796,0.049,0.0398,0.05,0.1249,0.0592,0.0402,0.0657,0.0702,0.0486,0.0515,0.1123,0.0833,0.0611,0.0328,0.0334,0.0874,0.0273,0.0167,0.0308,0.101,0.0415,0.0209,0.0289,0.0556,0.0507,0.0313,0.071,0.0304,0.0304,0.0413,0.0486,0.0231,0.0185,0.0157,0.0213,0.0566,0.0326,0.0211,0.0399,0.0332,0.0662,0.0575,0.0874,0.0649,0.0332,0.0627,0.0439,0.0341,0.0227,0.0144,0.0168,0.0304,0.028,0.0467,0.0709,0.0907,0.0974,0.0922,0.1468,0.1325,0.043,0.0544,0.0763,0.0707,0.0254,0.0296,0.0267,0.0612,0.0676,0.0207,0.0468,0.0595,0.0826,0.0605,0.0973,0.0542,0.0328,0.0237,0.0439,0.0431,0.0261,0.0129,0.0255,0.0589,0.0419,0.0304,0.0556,0.0626,0.0514,0.0629,0.1105,0.0436,0.0375,0.0364,0.135,0.0366,0.0314,0.0186,0.0427,0.0299,0.0236,0.0206,0.0634,0.0786,0.0473,0.0932,0.2228,0.0647,0.0249,0.054,0.1788,0.1082,0.0638,0.0276,0.0362,0.0571,0.0657,0.0542,0.0726,0.102,0.0686,0.1215,0.229,0.1334,0.0478,0.0549,0.0935,0.1767,0.0702,0.0371,0.0386,0.1481,0.0551,0.0276,0.0504,0.0686,0.0665,0.0866,0.1606,0.087,0.0404,0.035,0.0335,0.0947,0.0529,0.015,0.0226,0.1122,0.0553,0.0164,0.0296,0.0645,0.0438,0.0426,0.0801,0.0335,0.035,0.0438,0.0546,0.0216,0.0153,0.0136,0.0164,0.0499,0.0366,0.0345,0.0554,0.0354,0.0543,0.0912,0.1173,0.0724,0.0488,0.0624,0.0512,0.0406,0.0326,0.0157,0.0145,0.0242,0.0465,0.0456,0.0691,0.0475,0.053,0.0412,0.0854,0.0285,0.019,0.0219,0.0346,0.0224,0.0159,0.0365,0.0274,0.0277,0.041,0.021,0.05,0.0674,0.0369,0.0467,0.1111,0.049,0.0296,0.053,0.0885,0.0352,0.0254,0.026,0.0402,0.0529,0.0255,0.0341,0.0899,0.1371,0.0678,0.089,0.1635,0.1274,0.0629,0.0618,0.0946,0.1059,0.035,0.0181,0.0675,0.1153,0.0331,0.0214,0.0406,0.0542,0.036,0.0401,0.0856,0.0566,0.0233,0.0218,0.0245,0.0406,0.0187,0.0186,0.0386,0.0403,0.0222]'::vector))",), ('        Sort Method: quicksort  Memory: 25kB',), ('        ->  Seq Scan on item_vector  (cost=0.00..3547.39 rows=497 width=12) (actual time=10.803..21.604 rows=1 loops=1)',), ("              Filter: (mod((iv_id)::numeric, '100000'::numeric) = '50000'::numeric)",), ('              Rows Removed by Filter: 99999',), ('Planning Time: 0.040 ms',), ('Execution Time: 21.621 ms',)]
1 1 10
1 1 20
1 1 40
1 1 80
1 1 160
1 1 183
1 1 184
1 1 320
1 1 640
1 1 1000
1 10 1
10 1
[(55000, 1.2381430467564167)]
[('Limit  (cost=3549.88..3549.88 rows=1 width=12) (actual time=25.363..25.364 rows=1 loops=1)',), ('  ->  Sort  (cost=3549.88..3551.12 rows=497 width=12) (actual time=25.362..25.363 rows=1 loops=1)',), ("        Sort Key: ((iv_v <-> '[0.0395,0.0384,0.0593,0.1022,0.0677,0.0688,0.0859,0.0352,0.0609,0.0466,0.0351,0.0229,0.0148,0.0209,0.0394,0.0269,0.018,0.031,0.0698,0.0888,0.0529,0.0463,0.0545,0.0361,0.0462,0.0412,0.0348,0.0268,0.0115,0.0175,0.0492,0.0297,0.0221,0.0506,0.0659,0.0586,0.0313,0.0712,0.0386,0.0387,0.0326,0.0364,0.0402,0.0368,0.017,0.0184,0.0543,0.0508,0.0391,0.0932,0.1039,0.0601,0.044,0.1264,0.0602,0.0749,0.019,0.0337,0.0961,0.0623,0.0227,0.0285,0.061,0.0647,0.0789,0.0985,0.1225,0.0831,0.0552,0.1415,0.1188,0.1061,0.0237,0.0452,0.183,0.0502,0.0408,0.0451,0.1173,0.0599,0.0501,0.0757,0.0752,0.0564,0.0347,0.1094,0.0892,0.06,0.0265,0.035,0.0853,0.0296,0.0172,0.0355,0.1018,0.0394,0.0274,0.0351,0.0667,0.0694,0.0251,0.0677,0.0353,0.0346,0.0428,0.044,0.0262,0.0223,0.0185,0.0205,0.0558,0.0397,0.0238,0.0433,0.0363,0.0745,0.0424,0.0732,0.0616,0.038,0.0559,0.0361,0.0279,0.0257,0.0151,0.0191,0.0301,0.0322,0.0667,0.0655,0.0902,0.1118,0.0764,0.1144,0.1063,0.0373,0.0508,0.039,0.0422,0.0241,0.0293,0.0292,0.0624,0.0651,0.025,0.0357,0.0631,0.1018,0.0374,0.0563,0.0391,0.03,0.0371,0.0461,0.0454,0.0226,0.0142,0.0219,0.0497,0.0443,0.0294,0.0465,0.0676,0.0555,0.0307,0.0872,0.0376,0.0421,0.0318,0.0466,0.0266,0.0296,0.0211,0.0324,0.0323,0.0238,0.0246,0.0651,0.087,0.049,0.0304,0.1311,0.0754,0.0291,0.0247,0.0456,0.0632,0.0679,0.0274,0.0239,0.0614,0.0673,0.046,0.0631,0.1073,0.0719,0.0473,0.1549,0.1314,0.0378,0.0302,0.0571,0.1423,0.0641,0.0328,0.0367,0.1366,0.0579,0.0224,0.0416,0.0768,0.0778,0.0335,0.1176,0.0794,0.038,0.0261,0.036,0.0864,0.0476,0.0144,0.0225,0.1065,0.0558,0.0238,0.0403,0.082,0.0548,0.0438,0.071,0.0378,0.0476,0.0346,0.0488,0.0197,0.0202,0.0178,0.0144,0.0514,0.0432,0.0375,0.0595,0.0348,0.0533,0.0505,0.0914,0.0668,0.0489,0.0521,0.033,0.0263,0.0327,0.0182,0.0183,0.0264,0.0438,0.0487,0.0515,0.0501,0.0654,0.016,0.0673,0.0375,0.0175,0.0215,0.042,0.0199,0.0181,0.0482,0.0253,0.0283,0.0509,0.0249,0.0566,0.0893,0.0414,0.0288,0.0584,0.0299,0.0254,0.0457,0.0586,0.0402,0.0198,0.029,0.0346,0.0537,0.0296,0.0328,0.0934,0.1517,0.0745,0.0566,0.0819,0.0833,0.056,0.0398,0.0306,0.0738,0.0281,0.0153,0.0739,0.1196,0.0319,0.0197,0.0403,0.0639,0.047,0.0347,0.0539,0.0443,0.0213,0.0203,0.0289,0.029,0.0159,0.0203,0.0364,0.0393,0.0246,0.0298,0.0373,0.0454,0.0655,0.0683,0.0874,0.098,0.0287,0.0635,0.0674,0.0419,0.0192,0.0193,0.0241,0.0388,0.0295,0.0141,0.0281,0.0519,0.0528,0.058,0.1103,0.0553,0.0272,0.0418,0.0418,0.0365,0.0201,0.013,0.0194,0.0507,0.0259,0.0174,0.0447,0.0531,0.0416,0.0366,0.0714,0.0322,0.0342,0.031,0.1006,0.0473,0.0348,0.0125,0.0265,0.056,0.0447,0.0245,0.0754,0.0828,0.0465,0.0585,0.1342,0.049,0.0627,0.0329,0.1089,0.1035,0.0574,0.0206,0.0294,0.0623,0.0564,0.0554,0.0824,0.0948,0.0613,0.069,0.1621,0.0985,0.0928,0.0236,0.0591,0.1686,0.047,0.0399,0.0427,0.1132,0.0501,0.0355,0.0624,0.0577,0.0352,0.0499,0.1113,0.0801,0.0546,0.032,0.0351,0.0826,0.0273,0.0185,0.0306,0.0908,0.0383,0.0212,0.0281,0.0518,0.0461,0.0273,0.0749,0.0336,0.0285,0.0415,0.046,0.0264,0.016,0.0124,0.0192,0.0574,0.0299,0.0175,0.0395,0.0302,0.0547,0.0535,0.0964,0.0678,0.0336,0.0615,0.0466,0.038,0.0195,0.012,0.0168,0.0317,0.0272,0.0458,0.0675,0.0731,0.0849,0.0843,0.1395,0.127,0.0366,0.0554,0.0801,0.0686,0.0219,0.0344,0.0277,0.0492,0.0616,0.0211,0.0444,0.0484,0.066,0.0587,0.0934,0.0533,0.0243,0.0243,0.0389,0.045,0.0213,0.0134,0.0288,0.0519,0.0344,0.0304,0.0536,0.0572,0.044,0.062,0.1021,0.0391,0.0338,0.0362,0.1337,0.0373,0.0275,0.0156,0.0425,0.029,0.0214,0.0157,0.0638,0.0712,0.0437,0.0885,0.2152,0.062,0.0223,0.0546,0.1808,0.106,0.0594,0.0224,0.0359,0.0524,0.0572,0.0432,0.066,0.0862,0.0567,0.1092,0.2191,0.1108,0.0365,0.0441,0.0894,0.1544,0.0574,0.0288,0.0333,0.1362,0.0473,0.0286,0.0522,0.0555,0.0498,0.0801,0.1573,0.0778,0.0334,0.0317,0.0339,0.0807,0.0425,0.014,0.0191,0.0988,0.0441,0.0174,0.0291,0.0522,0.0303,0.0396,0.0752,0.0317,0.0336,0.0423,0.0573,0.023,0.0145,0.0122,0.0155,0.0402,0.0284,0.031,0.0506,0.0286,0.0453,0.0852,0.1073,0.0718,0.0451,0.0575,0.0549,0.0461,0.0262,0.0171,0.0157,0.0205,0.0373,0.0482,0.0719,0.0467,0.052,0.0383,0.0802,0.0241,0.0146,0.0166,0.0318,0.0238,0.0144,0.0383,0.0332,0.0324,0.0437,0.0199,0.0456,0.0597,0.034,0.0456,0.1084,0.0438,0.0239,0.0462,0.088,0.0294,0.0241,0.0225,0.0385,0.0457,0.0248,0.0294,0.078,0.1191,0.0557,0.0852,0.1542,0.1082,0.0515,0.0538,0.0913,0.0869,0.0267,0.015,0.0603,0.0984,0.0287,0.0227,0.0412,0.0477,0.0313,0.0385,0.0818,0.0464,0.0192,0.0183,0.0231,0.0333,0.0151,0.0178,0.0374,0.0358,0.0222,0.0363,0.0399,0.0572,0.0858,0.0686,0.0911,0.0985,0.0325,0.0622,0.0653,0.0418,0.0196,0.0168,0.0215,0.0445,0.0309,0.017,0.0302,0.0629,0.0669,0.0601,0.1099,0.0547,0.0337,0.0443,0.04,0.0359,0.023,0.0127,0.0172,0.0545,0.0272,0.0201,0.0461,0.0583,0.0464,0.0415,0.0737,0.0356,0.0382,0.0276,0.0909,0.0448,0.0384,0.0161,0.0243,0.0539,0.0456,0.0288,0.0782,0.0901,0.0519,0.0623,0.1409,0.0524,0.0725,0.0304,0.1066,0.1049,0.0634,0.0235,0.035,0.0673,0.0624,0.0622,0.091,0.1108,0.0777,0.0752,0.166,0.1094,0.1101,0.0289,0.0588,0.1796,0.049,0.0398,0.05,0.1249,0.0592,0.0402,0.0657,0.0702,0.0486,0.0515,0.1123,0.0833,0.0611,0.0328,0.0334,0.0874,0.0273,0.0167,0.0308,0.101,0.0415,0.0209,0.0289,0.0556,0.0507,0.0313,0.071,0.0304,0.0304,0.0413,0.0486,0.0231,0.0185,0.0157,0.0213,0.0566,0.0326,0.0211,0.0399,0.0332,0.0662,0.0575,0.0874,0.0649,0.0332,0.0627,0.0439,0.0341,0.0227,0.0144,0.0168,0.0304,0.028,0.0467,0.0709,0.0907,0.0974,0.0922,0.1468,0.1325,0.043,0.0544,0.0763,0.0707,0.0254,0.0296,0.0267,0.0612,0.0676,0.0207,0.0468,0.0595,0.0826,0.0605,0.0973,0.0542,0.0328,0.0237,0.0439,0.0431,0.0261,0.0129,0.0255,0.0589,0.0419,0.0304,0.0556,0.0626,0.0514,0.0629,0.1105,0.0436,0.0375,0.0364,0.135,0.0366,0.0314,0.0186,0.0427,0.0299,0.0236,0.0206,0.0634,0.0786,0.0473,0.0932,0.2228,0.0647,0.0249,0.054,0.1788,0.1082,0.0638,0.0276,0.0362,0.0571,0.0657,0.0542,0.0726,0.102,0.0686,0.1215,0.229,0.1334,0.0478,0.0549,0.0935,0.1767,0.0702,0.0371,0.0386,0.1481,0.0551,0.0276,0.0504,0.0686,0.0665,0.0866,0.1606,0.087,0.0404,0.035,0.0335,0.0947,0.0529,0.015,0.0226,0.1122,0.0553,0.0164,0.0296,0.0645,0.0438,0.0426,0.0801,0.0335,0.035,0.0438,0.0546,0.0216,0.0153,0.0136,0.0164,0.0499,0.0366,0.0345,0.0554,0.0354,0.0543,0.0912,0.1173,0.0724,0.0488,0.0624,0.0512,0.0406,0.0326,0.0157,0.0145,0.0242,0.0465,0.0456,0.0691,0.0475,0.053,0.0412,0.0854,0.0285,0.019,0.0219,0.0346,0.0224,0.0159,0.0365,0.0274,0.0277,0.041,0.021,0.05,0.0674,0.0369,0.0467,0.1111,0.049,0.0296,0.053,0.0885,0.0352,0.0254,0.026,0.0402,0.0529,0.0255,0.0341,0.0899,0.1371,0.0678,0.089,0.1635,0.1274,0.0629,0.0618,0.0946,0.1059,0.035,0.0181,0.0675,0.1153,0.0331,0.0214,0.0406,0.0542,0.036,0.0401,0.0856,0.0566,0.0233,0.0218,0.0245,0.0406,0.0187,0.0186,0.0386,0.0403,0.0222]'::vector))",), ('        Sort Method: top-N heapsort  Memory: 25kB',), ('        ->  Seq Scan on item_vector  (cost=0.00..3547.39 rows=497 width=12) (actual time=1.219..25.357 rows=10 loops=1)',), ("              Filter: (mod((iv_id)::numeric, '10000'::numeric) = '5000'::numeric)",), ('              Rows Removed by Filter: 99990',), ('Planning Time: 0.037 ms',), ('Execution Time: 25.373 ms',)]
1 10 10
10 10
[(55000, 1.2381430467564167), (25000, 1.3515100634331119), (15000, 1.3584015089997177), (85000, 1.421946848636506), (5000, 1.5563175722948515), (45000, 1.6349966963755045), (35000, 1.6726478857965352), (65000, 1.869781416189278), (75000, 2.701791952790694), (95000, 3.0566752568924676)]
[('Limit  (cost=3558.13..3558.16 rows=10 width=12) (actual time=25.165..25.166 rows=10 loops=1)',), ('  ->  Sort  (cost=3558.13..3559.37 rows=497 width=12) (actual time=25.164..25.165 rows=10 loops=1)',), ("        Sort Key: ((iv_v <-> '[0.0395,0.0384,0.0593,0.1022,0.0677,0.0688,0.0859,0.0352,0.0609,0.0466,0.0351,0.0229,0.0148,0.0209,0.0394,0.0269,0.018,0.031,0.0698,0.0888,0.0529,0.0463,0.0545,0.0361,0.0462,0.0412,0.0348,0.0268,0.0115,0.0175,0.0492,0.0297,0.0221,0.0506,0.0659,0.0586,0.0313,0.0712,0.0386,0.0387,0.0326,0.0364,0.0402,0.0368,0.017,0.0184,0.0543,0.0508,0.0391,0.0932,0.1039,0.0601,0.044,0.1264,0.0602,0.0749,0.019,0.0337,0.0961,0.0623,0.0227,0.0285,0.061,0.0647,0.0789,0.0985,0.1225,0.0831,0.0552,0.1415,0.1188,0.1061,0.0237,0.0452,0.183,0.0502,0.0408,0.0451,0.1173,0.0599,0.0501,0.0757,0.0752,0.0564,0.0347,0.1094,0.0892,0.06,0.0265,0.035,0.0853,0.0296,0.0172,0.0355,0.1018,0.0394,0.0274,0.0351,0.0667,0.0694,0.0251,0.0677,0.0353,0.0346,0.0428,0.044,0.0262,0.0223,0.0185,0.0205,0.0558,0.0397,0.0238,0.0433,0.0363,0.0745,0.0424,0.0732,0.0616,0.038,0.0559,0.0361,0.0279,0.0257,0.0151,0.0191,0.0301,0.0322,0.0667,0.0655,0.0902,0.1118,0.0764,0.1144,0.1063,0.0373,0.0508,0.039,0.0422,0.0241,0.0293,0.0292,0.0624,0.0651,0.025,0.0357,0.0631,0.1018,0.0374,0.0563,0.0391,0.03,0.0371,0.0461,0.0454,0.0226,0.0142,0.0219,0.0497,0.0443,0.0294,0.0465,0.0676,0.0555,0.0307,0.0872,0.0376,0.0421,0.0318,0.0466,0.0266,0.0296,0.0211,0.0324,0.0323,0.0238,0.0246,0.0651,0.087,0.049,0.0304,0.1311,0.0754,0.0291,0.0247,0.0456,0.0632,0.0679,0.0274,0.0239,0.0614,0.0673,0.046,0.0631,0.1073,0.0719,0.0473,0.1549,0.1314,0.0378,0.0302,0.0571,0.1423,0.0641,0.0328,0.0367,0.1366,0.0579,0.0224,0.0416,0.0768,0.0778,0.0335,0.1176,0.0794,0.038,0.0261,0.036,0.0864,0.0476,0.0144,0.0225,0.1065,0.0558,0.0238,0.0403,0.082,0.0548,0.0438,0.071,0.0378,0.0476,0.0346,0.0488,0.0197,0.0202,0.0178,0.0144,0.0514,0.0432,0.0375,0.0595,0.0348,0.0533,0.0505,0.0914,0.0668,0.0489,0.0521,0.033,0.0263,0.0327,0.0182,0.0183,0.0264,0.0438,0.0487,0.0515,0.0501,0.0654,0.016,0.0673,0.0375,0.0175,0.0215,0.042,0.0199,0.0181,0.0482,0.0253,0.0283,0.0509,0.0249,0.0566,0.0893,0.0414,0.0288,0.0584,0.0299,0.0254,0.0457,0.0586,0.0402,0.0198,0.029,0.0346,0.0537,0.0296,0.0328,0.0934,0.1517,0.0745,0.0566,0.0819,0.0833,0.056,0.0398,0.0306,0.0738,0.0281,0.0153,0.0739,0.1196,0.0319,0.0197,0.0403,0.0639,0.047,0.0347,0.0539,0.0443,0.0213,0.0203,0.0289,0.029,0.0159,0.0203,0.0364,0.0393,0.0246,0.0298,0.0373,0.0454,0.0655,0.0683,0.0874,0.098,0.0287,0.0635,0.0674,0.0419,0.0192,0.0193,0.0241,0.0388,0.0295,0.0141,0.0281,0.0519,0.0528,0.058,0.1103,0.0553,0.0272,0.0418,0.0418,0.0365,0.0201,0.013,0.0194,0.0507,0.0259,0.0174,0.0447,0.0531,0.0416,0.0366,0.0714,0.0322,0.0342,0.031,0.1006,0.0473,0.0348,0.0125,0.0265,0.056,0.0447,0.0245,0.0754,0.0828,0.0465,0.0585,0.1342,0.049,0.0627,0.0329,0.1089,0.1035,0.0574,0.0206,0.0294,0.0623,0.0564,0.0554,0.0824,0.0948,0.0613,0.069,0.1621,0.0985,0.0928,0.0236,0.0591,0.1686,0.047,0.0399,0.0427,0.1132,0.0501,0.0355,0.0624,0.0577,0.0352,0.0499,0.1113,0.0801,0.0546,0.032,0.0351,0.0826,0.0273,0.0185,0.0306,0.0908,0.0383,0.0212,0.0281,0.0518,0.0461,0.0273,0.0749,0.0336,0.0285,0.0415,0.046,0.0264,0.016,0.0124,0.0192,0.0574,0.0299,0.0175,0.0395,0.0302,0.0547,0.0535,0.0964,0.0678,0.0336,0.0615,0.0466,0.038,0.0195,0.012,0.0168,0.0317,0.0272,0.0458,0.0675,0.0731,0.0849,0.0843,0.1395,0.127,0.0366,0.0554,0.0801,0.0686,0.0219,0.0344,0.0277,0.0492,0.0616,0.0211,0.0444,0.0484,0.066,0.0587,0.0934,0.0533,0.0243,0.0243,0.0389,0.045,0.0213,0.0134,0.0288,0.0519,0.0344,0.0304,0.0536,0.0572,0.044,0.062,0.1021,0.0391,0.0338,0.0362,0.1337,0.0373,0.0275,0.0156,0.0425,0.029,0.0214,0.0157,0.0638,0.0712,0.0437,0.0885,0.2152,0.062,0.0223,0.0546,0.1808,0.106,0.0594,0.0224,0.0359,0.0524,0.0572,0.0432,0.066,0.0862,0.0567,0.1092,0.2191,0.1108,0.0365,0.0441,0.0894,0.1544,0.0574,0.0288,0.0333,0.1362,0.0473,0.0286,0.0522,0.0555,0.0498,0.0801,0.1573,0.0778,0.0334,0.0317,0.0339,0.0807,0.0425,0.014,0.0191,0.0988,0.0441,0.0174,0.0291,0.0522,0.0303,0.0396,0.0752,0.0317,0.0336,0.0423,0.0573,0.023,0.0145,0.0122,0.0155,0.0402,0.0284,0.031,0.0506,0.0286,0.0453,0.0852,0.1073,0.0718,0.0451,0.0575,0.0549,0.0461,0.0262,0.0171,0.0157,0.0205,0.0373,0.0482,0.0719,0.0467,0.052,0.0383,0.0802,0.0241,0.0146,0.0166,0.0318,0.0238,0.0144,0.0383,0.0332,0.0324,0.0437,0.0199,0.0456,0.0597,0.034,0.0456,0.1084,0.0438,0.0239,0.0462,0.088,0.0294,0.0241,0.0225,0.0385,0.0457,0.0248,0.0294,0.078,0.1191,0.0557,0.0852,0.1542,0.1082,0.0515,0.0538,0.0913,0.0869,0.0267,0.015,0.0603,0.0984,0.0287,0.0227,0.0412,0.0477,0.0313,0.0385,0.0818,0.0464,0.0192,0.0183,0.0231,0.0333,0.0151,0.0178,0.0374,0.0358,0.0222,0.0363,0.0399,0.0572,0.0858,0.0686,0.0911,0.0985,0.0325,0.0622,0.0653,0.0418,0.0196,0.0168,0.0215,0.0445,0.0309,0.017,0.0302,0.0629,0.0669,0.0601,0.1099,0.0547,0.0337,0.0443,0.04,0.0359,0.023,0.0127,0.0172,0.0545,0.0272,0.0201,0.0461,0.0583,0.0464,0.0415,0.0737,0.0356,0.0382,0.0276,0.0909,0.0448,0.0384,0.0161,0.0243,0.0539,0.0456,0.0288,0.0782,0.0901,0.0519,0.0623,0.1409,0.0524,0.0725,0.0304,0.1066,0.1049,0.0634,0.0235,0.035,0.0673,0.0624,0.0622,0.091,0.1108,0.0777,0.0752,0.166,0.1094,0.1101,0.0289,0.0588,0.1796,0.049,0.0398,0.05,0.1249,0.0592,0.0402,0.0657,0.0702,0.0486,0.0515,0.1123,0.0833,0.0611,0.0328,0.0334,0.0874,0.0273,0.0167,0.0308,0.101,0.0415,0.0209,0.0289,0.0556,0.0507,0.0313,0.071,0.0304,0.0304,0.0413,0.0486,0.0231,0.0185,0.0157,0.0213,0.0566,0.0326,0.0211,0.0399,0.0332,0.0662,0.0575,0.0874,0.0649,0.0332,0.0627,0.0439,0.0341,0.0227,0.0144,0.0168,0.0304,0.028,0.0467,0.0709,0.0907,0.0974,0.0922,0.1468,0.1325,0.043,0.0544,0.0763,0.0707,0.0254,0.0296,0.0267,0.0612,0.0676,0.0207,0.0468,0.0595,0.0826,0.0605,0.0973,0.0542,0.0328,0.0237,0.0439,0.0431,0.0261,0.0129,0.0255,0.0589,0.0419,0.0304,0.0556,0.0626,0.0514,0.0629,0.1105,0.0436,0.0375,0.0364,0.135,0.0366,0.0314,0.0186,0.0427,0.0299,0.0236,0.0206,0.0634,0.0786,0.0473,0.0932,0.2228,0.0647,0.0249,0.054,0.1788,0.1082,0.0638,0.0276,0.0362,0.0571,0.0657,0.0542,0.0726,0.102,0.0686,0.1215,0.229,0.1334,0.0478,0.0549,0.0935,0.1767,0.0702,0.0371,0.0386,0.1481,0.0551,0.0276,0.0504,0.0686,0.0665,0.0866,0.1606,0.087,0.0404,0.035,0.0335,0.0947,0.0529,0.015,0.0226,0.1122,0.0553,0.0164,0.0296,0.0645,0.0438,0.0426,0.0801,0.0335,0.035,0.0438,0.0546,0.0216,0.0153,0.0136,0.0164,0.0499,0.0366,0.0345,0.0554,0.0354,0.0543,0.0912,0.1173,0.0724,0.0488,0.0624,0.0512,0.0406,0.0326,0.0157,0.0145,0.0242,0.0465,0.0456,0.0691,0.0475,0.053,0.0412,0.0854,0.0285,0.019,0.0219,0.0346,0.0224,0.0159,0.0365,0.0274,0.0277,0.041,0.021,0.05,0.0674,0.0369,0.0467,0.1111,0.049,0.0296,0.053,0.0885,0.0352,0.0254,0.026,0.0402,0.0529,0.0255,0.0341,0.0899,0.1371,0.0678,0.089,0.1635,0.1274,0.0629,0.0618,0.0946,0.1059,0.035,0.0181,0.0675,0.1153,0.0331,0.0214,0.0406,0.0542,0.036,0.0401,0.0856,0.0566,0.0233,0.0218,0.0245,0.0406,0.0187,0.0186,0.0386,0.0403,0.0222]'::vector))",), ('        Sort Method: quicksort  Memory: 25kB',), ('        ->  Seq Scan on item_vector  (cost=0.00..3547.39 rows=497 width=12) (actual time=1.193..25.159 rows=10 loops=1)',), ("              Filter: (mod((iv_id)::numeric, '10000'::numeric) = '5000'::numeric)",), ('              Rows Removed by Filter: 99990',), ('Planning Time: 0.037 ms',), ('Execution Time: 25.176 ms',)]
1 10 20
1 10 40
1 10 80
1 10 160
1 10 183
1 10 184
1 10 320
1 10 640
1 10 1000
1 100 1
100 1
[(35500, 1.1054026445768859)]
[('Limit  (cost=3549.88..3549.88 rows=1 width=12) (actual time=25.680..25.680 rows=1 loops=1)',), ('  ->  Sort  (cost=3549.88..3551.12 rows=497 width=12) (actual time=25.679..25.679 rows=1 loops=1)',), ("        Sort Key: ((iv_v <-> '[0.0395,0.0384,0.0593,0.1022,0.0677,0.0688,0.0859,0.0352,0.0609,0.0466,0.0351,0.0229,0.0148,0.0209,0.0394,0.0269,0.018,0.031,0.0698,0.0888,0.0529,0.0463,0.0545,0.0361,0.0462,0.0412,0.0348,0.0268,0.0115,0.0175,0.0492,0.0297,0.0221,0.0506,0.0659,0.0586,0.0313,0.0712,0.0386,0.0387,0.0326,0.0364,0.0402,0.0368,0.017,0.0184,0.0543,0.0508,0.0391,0.0932,0.1039,0.0601,0.044,0.1264,0.0602,0.0749,0.019,0.0337,0.0961,0.0623,0.0227,0.0285,0.061,0.0647,0.0789,0.0985,0.1225,0.0831,0.0552,0.1415,0.1188,0.1061,0.0237,0.0452,0.183,0.0502,0.0408,0.0451,0.1173,0.0599,0.0501,0.0757,0.0752,0.0564,0.0347,0.1094,0.0892,0.06,0.0265,0.035,0.0853,0.0296,0.0172,0.0355,0.1018,0.0394,0.0274,0.0351,0.0667,0.0694,0.0251,0.0677,0.0353,0.0346,0.0428,0.044,0.0262,0.0223,0.0185,0.0205,0.0558,0.0397,0.0238,0.0433,0.0363,0.0745,0.0424,0.0732,0.0616,0.038,0.0559,0.0361,0.0279,0.0257,0.0151,0.0191,0.0301,0.0322,0.0667,0.0655,0.0902,0.1118,0.0764,0.1144,0.1063,0.0373,0.0508,0.039,0.0422,0.0241,0.0293,0.0292,0.0624,0.0651,0.025,0.0357,0.0631,0.1018,0.0374,0.0563,0.0391,0.03,0.0371,0.0461,0.0454,0.0226,0.0142,0.0219,0.0497,0.0443,0.0294,0.0465,0.0676,0.0555,0.0307,0.0872,0.0376,0.0421,0.0318,0.0466,0.0266,0.0296,0.0211,0.0324,0.0323,0.0238,0.0246,0.0651,0.087,0.049,0.0304,0.1311,0.0754,0.0291,0.0247,0.0456,0.0632,0.0679,0.0274,0.0239,0.0614,0.0673,0.046,0.0631,0.1073,0.0719,0.0473,0.1549,0.1314,0.0378,0.0302,0.0571,0.1423,0.0641,0.0328,0.0367,0.1366,0.0579,0.0224,0.0416,0.0768,0.0778,0.0335,0.1176,0.0794,0.038,0.0261,0.036,0.0864,0.0476,0.0144,0.0225,0.1065,0.0558,0.0238,0.0403,0.082,0.0548,0.0438,0.071,0.0378,0.0476,0.0346,0.0488,0.0197,0.0202,0.0178,0.0144,0.0514,0.0432,0.0375,0.0595,0.0348,0.0533,0.0505,0.0914,0.0668,0.0489,0.0521,0.033,0.0263,0.0327,0.0182,0.0183,0.0264,0.0438,0.0487,0.0515,0.0501,0.0654,0.016,0.0673,0.0375,0.0175,0.0215,0.042,0.0199,0.0181,0.0482,0.0253,0.0283,0.0509,0.0249,0.0566,0.0893,0.0414,0.0288,0.0584,0.0299,0.0254,0.0457,0.0586,0.0402,0.0198,0.029,0.0346,0.0537,0.0296,0.0328,0.0934,0.1517,0.0745,0.0566,0.0819,0.0833,0.056,0.0398,0.0306,0.0738,0.0281,0.0153,0.0739,0.1196,0.0319,0.0197,0.0403,0.0639,0.047,0.0347,0.0539,0.0443,0.0213,0.0203,0.0289,0.029,0.0159,0.0203,0.0364,0.0393,0.0246,0.0298,0.0373,0.0454,0.0655,0.0683,0.0874,0.098,0.0287,0.0635,0.0674,0.0419,0.0192,0.0193,0.0241,0.0388,0.0295,0.0141,0.0281,0.0519,0.0528,0.058,0.1103,0.0553,0.0272,0.0418,0.0418,0.0365,0.0201,0.013,0.0194,0.0507,0.0259,0.0174,0.0447,0.0531,0.0416,0.0366,0.0714,0.0322,0.0342,0.031,0.1006,0.0473,0.0348,0.0125,0.0265,0.056,0.0447,0.0245,0.0754,0.0828,0.0465,0.0585,0.1342,0.049,0.0627,0.0329,0.1089,0.1035,0.0574,0.0206,0.0294,0.0623,0.0564,0.0554,0.0824,0.0948,0.0613,0.069,0.1621,0.0985,0.0928,0.0236,0.0591,0.1686,0.047,0.0399,0.0427,0.1132,0.0501,0.0355,0.0624,0.0577,0.0352,0.0499,0.1113,0.0801,0.0546,0.032,0.0351,0.0826,0.0273,0.0185,0.0306,0.0908,0.0383,0.0212,0.0281,0.0518,0.0461,0.0273,0.0749,0.0336,0.0285,0.0415,0.046,0.0264,0.016,0.0124,0.0192,0.0574,0.0299,0.0175,0.0395,0.0302,0.0547,0.0535,0.0964,0.0678,0.0336,0.0615,0.0466,0.038,0.0195,0.012,0.0168,0.0317,0.0272,0.0458,0.0675,0.0731,0.0849,0.0843,0.1395,0.127,0.0366,0.0554,0.0801,0.0686,0.0219,0.0344,0.0277,0.0492,0.0616,0.0211,0.0444,0.0484,0.066,0.0587,0.0934,0.0533,0.0243,0.0243,0.0389,0.045,0.0213,0.0134,0.0288,0.0519,0.0344,0.0304,0.0536,0.0572,0.044,0.062,0.1021,0.0391,0.0338,0.0362,0.1337,0.0373,0.0275,0.0156,0.0425,0.029,0.0214,0.0157,0.0638,0.0712,0.0437,0.0885,0.2152,0.062,0.0223,0.0546,0.1808,0.106,0.0594,0.0224,0.0359,0.0524,0.0572,0.0432,0.066,0.0862,0.0567,0.1092,0.2191,0.1108,0.0365,0.0441,0.0894,0.1544,0.0574,0.0288,0.0333,0.1362,0.0473,0.0286,0.0522,0.0555,0.0498,0.0801,0.1573,0.0778,0.0334,0.0317,0.0339,0.0807,0.0425,0.014,0.0191,0.0988,0.0441,0.0174,0.0291,0.0522,0.0303,0.0396,0.0752,0.0317,0.0336,0.0423,0.0573,0.023,0.0145,0.0122,0.0155,0.0402,0.0284,0.031,0.0506,0.0286,0.0453,0.0852,0.1073,0.0718,0.0451,0.0575,0.0549,0.0461,0.0262,0.0171,0.0157,0.0205,0.0373,0.0482,0.0719,0.0467,0.052,0.0383,0.0802,0.0241,0.0146,0.0166,0.0318,0.0238,0.0144,0.0383,0.0332,0.0324,0.0437,0.0199,0.0456,0.0597,0.034,0.0456,0.1084,0.0438,0.0239,0.0462,0.088,0.0294,0.0241,0.0225,0.0385,0.0457,0.0248,0.0294,0.078,0.1191,0.0557,0.0852,0.1542,0.1082,0.0515,0.0538,0.0913,0.0869,0.0267,0.015,0.0603,0.0984,0.0287,0.0227,0.0412,0.0477,0.0313,0.0385,0.0818,0.0464,0.0192,0.0183,0.0231,0.0333,0.0151,0.0178,0.0374,0.0358,0.0222,0.0363,0.0399,0.0572,0.0858,0.0686,0.0911,0.0985,0.0325,0.0622,0.0653,0.0418,0.0196,0.0168,0.0215,0.0445,0.0309,0.017,0.0302,0.0629,0.0669,0.0601,0.1099,0.0547,0.0337,0.0443,0.04,0.0359,0.023,0.0127,0.0172,0.0545,0.0272,0.0201,0.0461,0.0583,0.0464,0.0415,0.0737,0.0356,0.0382,0.0276,0.0909,0.0448,0.0384,0.0161,0.0243,0.0539,0.0456,0.0288,0.0782,0.0901,0.0519,0.0623,0.1409,0.0524,0.0725,0.0304,0.1066,0.1049,0.0634,0.0235,0.035,0.0673,0.0624,0.0622,0.091,0.1108,0.0777,0.0752,0.166,0.1094,0.1101,0.0289,0.0588,0.1796,0.049,0.0398,0.05,0.1249,0.0592,0.0402,0.0657,0.0702,0.0486,0.0515,0.1123,0.0833,0.0611,0.0328,0.0334,0.0874,0.0273,0.0167,0.0308,0.101,0.0415,0.0209,0.0289,0.0556,0.0507,0.0313,0.071,0.0304,0.0304,0.0413,0.0486,0.0231,0.0185,0.0157,0.0213,0.0566,0.0326,0.0211,0.0399,0.0332,0.0662,0.0575,0.0874,0.0649,0.0332,0.0627,0.0439,0.0341,0.0227,0.0144,0.0168,0.0304,0.028,0.0467,0.0709,0.0907,0.0974,0.0922,0.1468,0.1325,0.043,0.0544,0.0763,0.0707,0.0254,0.0296,0.0267,0.0612,0.0676,0.0207,0.0468,0.0595,0.0826,0.0605,0.0973,0.0542,0.0328,0.0237,0.0439,0.0431,0.0261,0.0129,0.0255,0.0589,0.0419,0.0304,0.0556,0.0626,0.0514,0.0629,0.1105,0.0436,0.0375,0.0364,0.135,0.0366,0.0314,0.0186,0.0427,0.0299,0.0236,0.0206,0.0634,0.0786,0.0473,0.0932,0.2228,0.0647,0.0249,0.054,0.1788,0.1082,0.0638,0.0276,0.0362,0.0571,0.0657,0.0542,0.0726,0.102,0.0686,0.1215,0.229,0.1334,0.0478,0.0549,0.0935,0.1767,0.0702,0.0371,0.0386,0.1481,0.0551,0.0276,0.0504,0.0686,0.0665,0.0866,0.1606,0.087,0.0404,0.035,0.0335,0.0947,0.0529,0.015,0.0226,0.1122,0.0553,0.0164,0.0296,0.0645,0.0438,0.0426,0.0801,0.0335,0.035,0.0438,0.0546,0.0216,0.0153,0.0136,0.0164,0.0499,0.0366,0.0345,0.0554,0.0354,0.0543,0.0912,0.1173,0.0724,0.0488,0.0624,0.0512,0.0406,0.0326,0.0157,0.0145,0.0242,0.0465,0.0456,0.0691,0.0475,0.053,0.0412,0.0854,0.0285,0.019,0.0219,0.0346,0.0224,0.0159,0.0365,0.0274,0.0277,0.041,0.021,0.05,0.0674,0.0369,0.0467,0.1111,0.049,0.0296,0.053,0.0885,0.0352,0.0254,0.026,0.0402,0.0529,0.0255,0.0341,0.0899,0.1371,0.0678,0.089,0.1635,0.1274,0.0629,0.0618,0.0946,0.1059,0.035,0.0181,0.0675,0.1153,0.0331,0.0214,0.0406,0.0542,0.036,0.0401,0.0856,0.0566,0.0233,0.0218,0.0245,0.0406,0.0187,0.0186,0.0386,0.0403,0.0222]'::vector))",), ('        Sort Method: top-N heapsort  Memory: 25kB',), ('        ->  Seq Scan on item_vector  (cost=0.00..3547.39 rows=497 width=12) (actual time=0.161..25.662 rows=100 loops=1)',), ("              Filter: (mod((iv_id)::numeric, '1000'::numeric) = '500'::numeric)",), ('              Rows Removed by Filter: 99900',), ('Planning Time: 0.032 ms',), ('Execution Time: 25.689 ms',)]
1 100 10
100 10
[(35500, 1.1054026445768859), (69500, 1.1348438334474844), (11500, 1.1920778476589313), (39500, 1.1955133406510194), (52500, 1.2048768999211592), (56500, 1.2083679007924144), (79500, 1.2133068899969064), (75500, 1.2164377628622676), (41500, 1.2175004862758911), (99500, 1.222964263241054)]
[('Limit  (cost=3558.13..3558.16 rows=10 width=12) (actual time=25.572..25.573 rows=10 loops=1)',), ('  ->  Sort  (cost=3558.13..3559.37 rows=497 width=12) (actual time=25.571..25.572 rows=10 loops=1)',), ("        Sort Key: ((iv_v <-> '[0.0395,0.0384,0.0593,0.1022,0.0677,0.0688,0.0859,0.0352,0.0609,0.0466,0.0351,0.0229,0.0148,0.0209,0.0394,0.0269,0.018,0.031,0.0698,0.0888,0.0529,0.0463,0.0545,0.0361,0.0462,0.0412,0.0348,0.0268,0.0115,0.0175,0.0492,0.0297,0.0221,0.0506,0.0659,0.0586,0.0313,0.0712,0.0386,0.0387,0.0326,0.0364,0.0402,0.0368,0.017,0.0184,0.0543,0.0508,0.0391,0.0932,0.1039,0.0601,0.044,0.1264,0.0602,0.0749,0.019,0.0337,0.0961,0.0623,0.0227,0.0285,0.061,0.0647,0.0789,0.0985,0.1225,0.0831,0.0552,0.1415,0.1188,0.1061,0.0237,0.0452,0.183,0.0502,0.0408,0.0451,0.1173,0.0599,0.0501,0.0757,0.0752,0.0564,0.0347,0.1094,0.0892,0.06,0.0265,0.035,0.0853,0.0296,0.0172,0.0355,0.1018,0.0394,0.0274,0.0351,0.0667,0.0694,0.0251,0.0677,0.0353,0.0346,0.0428,0.044,0.0262,0.0223,0.0185,0.0205,0.0558,0.0397,0.0238,0.0433,0.0363,0.0745,0.0424,0.0732,0.0616,0.038,0.0559,0.0361,0.0279,0.0257,0.0151,0.0191,0.0301,0.0322,0.0667,0.0655,0.0902,0.1118,0.0764,0.1144,0.1063,0.0373,0.0508,0.039,0.0422,0.0241,0.0293,0.0292,0.0624,0.0651,0.025,0.0357,0.0631,0.1018,0.0374,0.0563,0.0391,0.03,0.0371,0.0461,0.0454,0.0226,0.0142,0.0219,0.0497,0.0443,0.0294,0.0465,0.0676,0.0555,0.0307,0.0872,0.0376,0.0421,0.0318,0.0466,0.0266,0.0296,0.0211,0.0324,0.0323,0.0238,0.0246,0.0651,0.087,0.049,0.0304,0.1311,0.0754,0.0291,0.0247,0.0456,0.0632,0.0679,0.0274,0.0239,0.0614,0.0673,0.046,0.0631,0.1073,0.0719,0.0473,0.1549,0.1314,0.0378,0.0302,0.0571,0.1423,0.0641,0.0328,0.0367,0.1366,0.0579,0.0224,0.0416,0.0768,0.0778,0.0335,0.1176,0.0794,0.038,0.0261,0.036,0.0864,0.0476,0.0144,0.0225,0.1065,0.0558,0.0238,0.0403,0.082,0.0548,0.0438,0.071,0.0378,0.0476,0.0346,0.0488,0.0197,0.0202,0.0178,0.0144,0.0514,0.0432,0.0375,0.0595,0.0348,0.0533,0.0505,0.0914,0.0668,0.0489,0.0521,0.033,0.0263,0.0327,0.0182,0.0183,0.0264,0.0438,0.0487,0.0515,0.0501,0.0654,0.016,0.0673,0.0375,0.0175,0.0215,0.042,0.0199,0.0181,0.0482,0.0253,0.0283,0.0509,0.0249,0.0566,0.0893,0.0414,0.0288,0.0584,0.0299,0.0254,0.0457,0.0586,0.0402,0.0198,0.029,0.0346,0.0537,0.0296,0.0328,0.0934,0.1517,0.0745,0.0566,0.0819,0.0833,0.056,0.0398,0.0306,0.0738,0.0281,0.0153,0.0739,0.1196,0.0319,0.0197,0.0403,0.0639,0.047,0.0347,0.0539,0.0443,0.0213,0.0203,0.0289,0.029,0.0159,0.0203,0.0364,0.0393,0.0246,0.0298,0.0373,0.0454,0.0655,0.0683,0.0874,0.098,0.0287,0.0635,0.0674,0.0419,0.0192,0.0193,0.0241,0.0388,0.0295,0.0141,0.0281,0.0519,0.0528,0.058,0.1103,0.0553,0.0272,0.0418,0.0418,0.0365,0.0201,0.013,0.0194,0.0507,0.0259,0.0174,0.0447,0.0531,0.0416,0.0366,0.0714,0.0322,0.0342,0.031,0.1006,0.0473,0.0348,0.0125,0.0265,0.056,0.0447,0.0245,0.0754,0.0828,0.0465,0.0585,0.1342,0.049,0.0627,0.0329,0.1089,0.1035,0.0574,0.0206,0.0294,0.0623,0.0564,0.0554,0.0824,0.0948,0.0613,0.069,0.1621,0.0985,0.0928,0.0236,0.0591,0.1686,0.047,0.0399,0.0427,0.1132,0.0501,0.0355,0.0624,0.0577,0.0352,0.0499,0.1113,0.0801,0.0546,0.032,0.0351,0.0826,0.0273,0.0185,0.0306,0.0908,0.0383,0.0212,0.0281,0.0518,0.0461,0.0273,0.0749,0.0336,0.0285,0.0415,0.046,0.0264,0.016,0.0124,0.0192,0.0574,0.0299,0.0175,0.0395,0.0302,0.0547,0.0535,0.0964,0.0678,0.0336,0.0615,0.0466,0.038,0.0195,0.012,0.0168,0.0317,0.0272,0.0458,0.0675,0.0731,0.0849,0.0843,0.1395,0.127,0.0366,0.0554,0.0801,0.0686,0.0219,0.0344,0.0277,0.0492,0.0616,0.0211,0.0444,0.0484,0.066,0.0587,0.0934,0.0533,0.0243,0.0243,0.0389,0.045,0.0213,0.0134,0.0288,0.0519,0.0344,0.0304,0.0536,0.0572,0.044,0.062,0.1021,0.0391,0.0338,0.0362,0.1337,0.0373,0.0275,0.0156,0.0425,0.029,0.0214,0.0157,0.0638,0.0712,0.0437,0.0885,0.2152,0.062,0.0223,0.0546,0.1808,0.106,0.0594,0.0224,0.0359,0.0524,0.0572,0.0432,0.066,0.0862,0.0567,0.1092,0.2191,0.1108,0.0365,0.0441,0.0894,0.1544,0.0574,0.0288,0.0333,0.1362,0.0473,0.0286,0.0522,0.0555,0.0498,0.0801,0.1573,0.0778,0.0334,0.0317,0.0339,0.0807,0.0425,0.014,0.0191,0.0988,0.0441,0.0174,0.0291,0.0522,0.0303,0.0396,0.0752,0.0317,0.0336,0.0423,0.0573,0.023,0.0145,0.0122,0.0155,0.0402,0.0284,0.031,0.0506,0.0286,0.0453,0.0852,0.1073,0.0718,0.0451,0.0575,0.0549,0.0461,0.0262,0.0171,0.0157,0.0205,0.0373,0.0482,0.0719,0.0467,0.052,0.0383,0.0802,0.0241,0.0146,0.0166,0.0318,0.0238,0.0144,0.0383,0.0332,0.0324,0.0437,0.0199,0.0456,0.0597,0.034,0.0456,0.1084,0.0438,0.0239,0.0462,0.088,0.0294,0.0241,0.0225,0.0385,0.0457,0.0248,0.0294,0.078,0.1191,0.0557,0.0852,0.1542,0.1082,0.0515,0.0538,0.0913,0.0869,0.0267,0.015,0.0603,0.0984,0.0287,0.0227,0.0412,0.0477,0.0313,0.0385,0.0818,0.0464,0.0192,0.0183,0.0231,0.0333,0.0151,0.0178,0.0374,0.0358,0.0222,0.0363,0.0399,0.0572,0.0858,0.0686,0.0911,0.0985,0.0325,0.0622,0.0653,0.0418,0.0196,0.0168,0.0215,0.0445,0.0309,0.017,0.0302,0.0629,0.0669,0.0601,0.1099,0.0547,0.0337,0.0443,0.04,0.0359,0.023,0.0127,0.0172,0.0545,0.0272,0.0201,0.0461,0.0583,0.0464,0.0415,0.0737,0.0356,0.0382,0.0276,0.0909,0.0448,0.0384,0.0161,0.0243,0.0539,0.0456,0.0288,0.0782,0.0901,0.0519,0.0623,0.1409,0.0524,0.0725,0.0304,0.1066,0.1049,0.0634,0.0235,0.035,0.0673,0.0624,0.0622,0.091,0.1108,0.0777,0.0752,0.166,0.1094,0.1101,0.0289,0.0588,0.1796,0.049,0.0398,0.05,0.1249,0.0592,0.0402,0.0657,0.0702,0.0486,0.0515,0.1123,0.0833,0.0611,0.0328,0.0334,0.0874,0.0273,0.0167,0.0308,0.101,0.0415,0.0209,0.0289,0.0556,0.0507,0.0313,0.071,0.0304,0.0304,0.0413,0.0486,0.0231,0.0185,0.0157,0.0213,0.0566,0.0326,0.0211,0.0399,0.0332,0.0662,0.0575,0.0874,0.0649,0.0332,0.0627,0.0439,0.0341,0.0227,0.0144,0.0168,0.0304,0.028,0.0467,0.0709,0.0907,0.0974,0.0922,0.1468,0.1325,0.043,0.0544,0.0763,0.0707,0.0254,0.0296,0.0267,0.0612,0.0676,0.0207,0.0468,0.0595,0.0826,0.0605,0.0973,0.0542,0.0328,0.0237,0.0439,0.0431,0.0261,0.0129,0.0255,0.0589,0.0419,0.0304,0.0556,0.0626,0.0514,0.0629,0.1105,0.0436,0.0375,0.0364,0.135,0.0366,0.0314,0.0186,0.0427,0.0299,0.0236,0.0206,0.0634,0.0786,0.0473,0.0932,0.2228,0.0647,0.0249,0.054,0.1788,0.1082,0.0638,0.0276,0.0362,0.0571,0.0657,0.0542,0.0726,0.102,0.0686,0.1215,0.229,0.1334,0.0478,0.0549,0.0935,0.1767,0.0702,0.0371,0.0386,0.1481,0.0551,0.0276,0.0504,0.0686,0.0665,0.0866,0.1606,0.087,0.0404,0.035,0.0335,0.0947,0.0529,0.015,0.0226,0.1122,0.0553,0.0164,0.0296,0.0645,0.0438,0.0426,0.0801,0.0335,0.035,0.0438,0.0546,0.0216,0.0153,0.0136,0.0164,0.0499,0.0366,0.0345,0.0554,0.0354,0.0543,0.0912,0.1173,0.0724,0.0488,0.0624,0.0512,0.0406,0.0326,0.0157,0.0145,0.0242,0.0465,0.0456,0.0691,0.0475,0.053,0.0412,0.0854,0.0285,0.019,0.0219,0.0346,0.0224,0.0159,0.0365,0.0274,0.0277,0.041,0.021,0.05,0.0674,0.0369,0.0467,0.1111,0.049,0.0296,0.053,0.0885,0.0352,0.0254,0.026,0.0402,0.0529,0.0255,0.0341,0.0899,0.1371,0.0678,0.089,0.1635,0.1274,0.0629,0.0618,0.0946,0.1059,0.035,0.0181,0.0675,0.1153,0.0331,0.0214,0.0406,0.0542,0.036,0.0401,0.0856,0.0566,0.0233,0.0218,0.0245,0.0406,0.0187,0.0186,0.0386,0.0403,0.0222]'::vector))",), ('        Sort Method: top-N heapsort  Memory: 25kB',), ('        ->  Seq Scan on item_vector  (cost=0.00..3547.39 rows=497 width=12) (actual time=0.171..25.551 rows=100 loops=1)',), ("              Filter: (mod((iv_id)::numeric, '1000'::numeric) = '500'::numeric)",), ('              Rows Removed by Filter: 99900',), ('Planning Time: 0.031 ms',), ('Execution Time: 25.582 ms',)]
1 100 20
100 20
[(35500, 1.1054026445768859), (69500, 1.1348438334474844), (11500, 1.1920778476589313), (39500, 1.1955133406510194), (52500, 1.2048768999211592), (56500, 1.2083679007924144), (79500, 1.2133068899969064), (75500, 1.2164377628622676), (41500, 1.2175004862758911), (99500, 1.222964263241054), (53500, 1.2666307385686497), (82500, 1.266832223329048), (23500, 1.2694350925122413), (66500, 1.2702289248818284), (84500, 1.2769191864628784), (9500, 1.2791167387190907), (86500, 1.2822986126403515), (32500, 1.289664018332637), (76500, 1.293639455670472), (97500, 1.3090792082856078)]
[('Limit  (cost=3560.62..3560.67 rows=20 width=12) (actual time=25.486..25.488 rows=20 loops=1)',), ('  ->  Sort  (cost=3560.62..3561.86 rows=497 width=12) (actual time=25.485..25.486 rows=20 loops=1)',), ("        Sort Key: ((iv_v <-> '[0.0395,0.0384,0.0593,0.1022,0.0677,0.0688,0.0859,0.0352,0.0609,0.0466,0.0351,0.0229,0.0148,0.0209,0.0394,0.0269,0.018,0.031,0.0698,0.0888,0.0529,0.0463,0.0545,0.0361,0.0462,0.0412,0.0348,0.0268,0.0115,0.0175,0.0492,0.0297,0.0221,0.0506,0.0659,0.0586,0.0313,0.0712,0.0386,0.0387,0.0326,0.0364,0.0402,0.0368,0.017,0.0184,0.0543,0.0508,0.0391,0.0932,0.1039,0.0601,0.044,0.1264,0.0602,0.0749,0.019,0.0337,0.0961,0.0623,0.0227,0.0285,0.061,0.0647,0.0789,0.0985,0.1225,0.0831,0.0552,0.1415,0.1188,0.1061,0.0237,0.0452,0.183,0.0502,0.0408,0.0451,0.1173,0.0599,0.0501,0.0757,0.0752,0.0564,0.0347,0.1094,0.0892,0.06,0.0265,0.035,0.0853,0.0296,0.0172,0.0355,0.1018,0.0394,0.0274,0.0351,0.0667,0.0694,0.0251,0.0677,0.0353,0.0346,0.0428,0.044,0.0262,0.0223,0.0185,0.0205,0.0558,0.0397,0.0238,0.0433,0.0363,0.0745,0.0424,0.0732,0.0616,0.038,0.0559,0.0361,0.0279,0.0257,0.0151,0.0191,0.0301,0.0322,0.0667,0.0655,0.0902,0.1118,0.0764,0.1144,0.1063,0.0373,0.0508,0.039,0.0422,0.0241,0.0293,0.0292,0.0624,0.0651,0.025,0.0357,0.0631,0.1018,0.0374,0.0563,0.0391,0.03,0.0371,0.0461,0.0454,0.0226,0.0142,0.0219,0.0497,0.0443,0.0294,0.0465,0.0676,0.0555,0.0307,0.0872,0.0376,0.0421,0.0318,0.0466,0.0266,0.0296,0.0211,0.0324,0.0323,0.0238,0.0246,0.0651,0.087,0.049,0.0304,0.1311,0.0754,0.0291,0.0247,0.0456,0.0632,0.0679,0.0274,0.0239,0.0614,0.0673,0.046,0.0631,0.1073,0.0719,0.0473,0.1549,0.1314,0.0378,0.0302,0.0571,0.1423,0.0641,0.0328,0.0367,0.1366,0.0579,0.0224,0.0416,0.0768,0.0778,0.0335,0.1176,0.0794,0.038,0.0261,0.036,0.0864,0.0476,0.0144,0.0225,0.1065,0.0558,0.0238,0.0403,0.082,0.0548,0.0438,0.071,0.0378,0.0476,0.0346,0.0488,0.0197,0.0202,0.0178,0.0144,0.0514,0.0432,0.0375,0.0595,0.0348,0.0533,0.0505,0.0914,0.0668,0.0489,0.0521,0.033,0.0263,0.0327,0.0182,0.0183,0.0264,0.0438,0.0487,0.0515,0.0501,0.0654,0.016,0.0673,0.0375,0.0175,0.0215,0.042,0.0199,0.0181,0.0482,0.0253,0.0283,0.0509,0.0249,0.0566,0.0893,0.0414,0.0288,0.0584,0.0299,0.0254,0.0457,0.0586,0.0402,0.0198,0.029,0.0346,0.0537,0.0296,0.0328,0.0934,0.1517,0.0745,0.0566,0.0819,0.0833,0.056,0.0398,0.0306,0.0738,0.0281,0.0153,0.0739,0.1196,0.0319,0.0197,0.0403,0.0639,0.047,0.0347,0.0539,0.0443,0.0213,0.0203,0.0289,0.029,0.0159,0.0203,0.0364,0.0393,0.0246,0.0298,0.0373,0.0454,0.0655,0.0683,0.0874,0.098,0.0287,0.0635,0.0674,0.0419,0.0192,0.0193,0.0241,0.0388,0.0295,0.0141,0.0281,0.0519,0.0528,0.058,0.1103,0.0553,0.0272,0.0418,0.0418,0.0365,0.0201,0.013,0.0194,0.0507,0.0259,0.0174,0.0447,0.0531,0.0416,0.0366,0.0714,0.0322,0.0342,0.031,0.1006,0.0473,0.0348,0.0125,0.0265,0.056,0.0447,0.0245,0.0754,0.0828,0.0465,0.0585,0.1342,0.049,0.0627,0.0329,0.1089,0.1035,0.0574,0.0206,0.0294,0.0623,0.0564,0.0554,0.0824,0.0948,0.0613,0.069,0.1621,0.0985,0.0928,0.0236,0.0591,0.1686,0.047,0.0399,0.0427,0.1132,0.0501,0.0355,0.0624,0.0577,0.0352,0.0499,0.1113,0.0801,0.0546,0.032,0.0351,0.0826,0.0273,0.0185,0.0306,0.0908,0.0383,0.0212,0.0281,0.0518,0.0461,0.0273,0.0749,0.0336,0.0285,0.0415,0.046,0.0264,0.016,0.0124,0.0192,0.0574,0.0299,0.0175,0.0395,0.0302,0.0547,0.0535,0.0964,0.0678,0.0336,0.0615,0.0466,0.038,0.0195,0.012,0.0168,0.0317,0.0272,0.0458,0.0675,0.0731,0.0849,0.0843,0.1395,0.127,0.0366,0.0554,0.0801,0.0686,0.0219,0.0344,0.0277,0.0492,0.0616,0.0211,0.0444,0.0484,0.066,0.0587,0.0934,0.0533,0.0243,0.0243,0.0389,0.045,0.0213,0.0134,0.0288,0.0519,0.0344,0.0304,0.0536,0.0572,0.044,0.062,0.1021,0.0391,0.0338,0.0362,0.1337,0.0373,0.0275,0.0156,0.0425,0.029,0.0214,0.0157,0.0638,0.0712,0.0437,0.0885,0.2152,0.062,0.0223,0.0546,0.1808,0.106,0.0594,0.0224,0.0359,0.0524,0.0572,0.0432,0.066,0.0862,0.0567,0.1092,0.2191,0.1108,0.0365,0.0441,0.0894,0.1544,0.0574,0.0288,0.0333,0.1362,0.0473,0.0286,0.0522,0.0555,0.0498,0.0801,0.1573,0.0778,0.0334,0.0317,0.0339,0.0807,0.0425,0.014,0.0191,0.0988,0.0441,0.0174,0.0291,0.0522,0.0303,0.0396,0.0752,0.0317,0.0336,0.0423,0.0573,0.023,0.0145,0.0122,0.0155,0.0402,0.0284,0.031,0.0506,0.0286,0.0453,0.0852,0.1073,0.0718,0.0451,0.0575,0.0549,0.0461,0.0262,0.0171,0.0157,0.0205,0.0373,0.0482,0.0719,0.0467,0.052,0.0383,0.0802,0.0241,0.0146,0.0166,0.0318,0.0238,0.0144,0.0383,0.0332,0.0324,0.0437,0.0199,0.0456,0.0597,0.034,0.0456,0.1084,0.0438,0.0239,0.0462,0.088,0.0294,0.0241,0.0225,0.0385,0.0457,0.0248,0.0294,0.078,0.1191,0.0557,0.0852,0.1542,0.1082,0.0515,0.0538,0.0913,0.0869,0.0267,0.015,0.0603,0.0984,0.0287,0.0227,0.0412,0.0477,0.0313,0.0385,0.0818,0.0464,0.0192,0.0183,0.0231,0.0333,0.0151,0.0178,0.0374,0.0358,0.0222,0.0363,0.0399,0.0572,0.0858,0.0686,0.0911,0.0985,0.0325,0.0622,0.0653,0.0418,0.0196,0.0168,0.0215,0.0445,0.0309,0.017,0.0302,0.0629,0.0669,0.0601,0.1099,0.0547,0.0337,0.0443,0.04,0.0359,0.023,0.0127,0.0172,0.0545,0.0272,0.0201,0.0461,0.0583,0.0464,0.0415,0.0737,0.0356,0.0382,0.0276,0.0909,0.0448,0.0384,0.0161,0.0243,0.0539,0.0456,0.0288,0.0782,0.0901,0.0519,0.0623,0.1409,0.0524,0.0725,0.0304,0.1066,0.1049,0.0634,0.0235,0.035,0.0673,0.0624,0.0622,0.091,0.1108,0.0777,0.0752,0.166,0.1094,0.1101,0.0289,0.0588,0.1796,0.049,0.0398,0.05,0.1249,0.0592,0.0402,0.0657,0.0702,0.0486,0.0515,0.1123,0.0833,0.0611,0.0328,0.0334,0.0874,0.0273,0.0167,0.0308,0.101,0.0415,0.0209,0.0289,0.0556,0.0507,0.0313,0.071,0.0304,0.0304,0.0413,0.0486,0.0231,0.0185,0.0157,0.0213,0.0566,0.0326,0.0211,0.0399,0.0332,0.0662,0.0575,0.0874,0.0649,0.0332,0.0627,0.0439,0.0341,0.0227,0.0144,0.0168,0.0304,0.028,0.0467,0.0709,0.0907,0.0974,0.0922,0.1468,0.1325,0.043,0.0544,0.0763,0.0707,0.0254,0.0296,0.0267,0.0612,0.0676,0.0207,0.0468,0.0595,0.0826,0.0605,0.0973,0.0542,0.0328,0.0237,0.0439,0.0431,0.0261,0.0129,0.0255,0.0589,0.0419,0.0304,0.0556,0.0626,0.0514,0.0629,0.1105,0.0436,0.0375,0.0364,0.135,0.0366,0.0314,0.0186,0.0427,0.0299,0.0236,0.0206,0.0634,0.0786,0.0473,0.0932,0.2228,0.0647,0.0249,0.054,0.1788,0.1082,0.0638,0.0276,0.0362,0.0571,0.0657,0.0542,0.0726,0.102,0.0686,0.1215,0.229,0.1334,0.0478,0.0549,0.0935,0.1767,0.0702,0.0371,0.0386,0.1481,0.0551,0.0276,0.0504,0.0686,0.0665,0.0866,0.1606,0.087,0.0404,0.035,0.0335,0.0947,0.0529,0.015,0.0226,0.1122,0.0553,0.0164,0.0296,0.0645,0.0438,0.0426,0.0801,0.0335,0.035,0.0438,0.0546,0.0216,0.0153,0.0136,0.0164,0.0499,0.0366,0.0345,0.0554,0.0354,0.0543,0.0912,0.1173,0.0724,0.0488,0.0624,0.0512,0.0406,0.0326,0.0157,0.0145,0.0242,0.0465,0.0456,0.0691,0.0475,0.053,0.0412,0.0854,0.0285,0.019,0.0219,0.0346,0.0224,0.0159,0.0365,0.0274,0.0277,0.041,0.021,0.05,0.0674,0.0369,0.0467,0.1111,0.049,0.0296,0.053,0.0885,0.0352,0.0254,0.026,0.0402,0.0529,0.0255,0.0341,0.0899,0.1371,0.0678,0.089,0.1635,0.1274,0.0629,0.0618,0.0946,0.1059,0.035,0.0181,0.0675,0.1153,0.0331,0.0214,0.0406,0.0542,0.036,0.0401,0.0856,0.0566,0.0233,0.0218,0.0245,0.0406,0.0187,0.0186,0.0386,0.0403,0.0222]'::vector))",), ('        Sort Method: top-N heapsort  Memory: 26kB',), ('        ->  Seq Scan on item_vector  (cost=0.00..3547.39 rows=497 width=12) (actual time=0.156..25.463 rows=100 loops=1)',), ("              Filter: (mod((iv_id)::numeric, '1000'::numeric) = '500'::numeric)",), ('              Rows Removed by Filter: 99900',), ('Planning Time: 0.031 ms',), ('Execution Time: 25.497 ms',)]
1 100 40
100 40
[(35500, 1.1054026445768859), (69500, 1.1348438334474844), (11500, 1.1920778476589313), (39500, 1.1955133406510194), (52500, 1.2048768999211592), (56500, 1.2083679007924144), (79500, 1.2133068899969064), (75500, 1.2164377628622676), (41500, 1.2175004862758911), (99500, 1.222964263241054), (53500, 1.2666307385686497), (82500, 1.266832223329048), (23500, 1.2694350925122413), (66500, 1.2702289248818284), (84500, 1.2769191864628784), (9500, 1.2791167387190907), (86500, 1.2822986126403515), (32500, 1.289664018332637), (76500, 1.293639455670472), (97500, 1.3090792082856078), (68500, 1.3201175523202355), (3500, 1.337069071218844), (65500, 1.3380912685998019), (16500, 1.3438466946609724), (7500, 1.3450173013134514), (57500, 1.3574358383668057), (77500, 1.3593961341355079), (88500, 1.3757356929655544), (15500, 1.3779779610940759), (25500, 1.3794364018119798), (50500, 1.3809192002433408), (8500, 1.3994179384187209), (28500, 1.4064284741209907), (92500, 1.4073395640676374), (26500, 1.412288416991786), (43500, 1.4132013385843027), (47500, 1.429183203969464), (85500, 1.430287386419759), (19500, 1.4327967452552757), (55500, 1.4330393371400423)]
[('Limit  (cost=3563.10..3563.20 rows=40 width=12) (actual time=25.756..25.760 rows=40 loops=1)',), ('  ->  Sort  (cost=3563.10..3564.34 rows=497 width=12) (actual time=25.755..25.757 rows=40 loops=1)',), ("        Sort Key: ((iv_v <-> '[0.0395,0.0384,0.0593,0.1022,0.0677,0.0688,0.0859,0.0352,0.0609,0.0466,0.0351,0.0229,0.0148,0.0209,0.0394,0.0269,0.018,0.031,0.0698,0.0888,0.0529,0.0463,0.0545,0.0361,0.0462,0.0412,0.0348,0.0268,0.0115,0.0175,0.0492,0.0297,0.0221,0.0506,0.0659,0.0586,0.0313,0.0712,0.0386,0.0387,0.0326,0.0364,0.0402,0.0368,0.017,0.0184,0.0543,0.0508,0.0391,0.0932,0.1039,0.0601,0.044,0.1264,0.0602,0.0749,0.019,0.0337,0.0961,0.0623,0.0227,0.0285,0.061,0.0647,0.0789,0.0985,0.1225,0.0831,0.0552,0.1415,0.1188,0.1061,0.0237,0.0452,0.183,0.0502,0.0408,0.0451,0.1173,0.0599,0.0501,0.0757,0.0752,0.0564,0.0347,0.1094,0.0892,0.06,0.0265,0.035,0.0853,0.0296,0.0172,0.0355,0.1018,0.0394,0.0274,0.0351,0.0667,0.0694,0.0251,0.0677,0.0353,0.0346,0.0428,0.044,0.0262,0.0223,0.0185,0.0205,0.0558,0.0397,0.0238,0.0433,0.0363,0.0745,0.0424,0.0732,0.0616,0.038,0.0559,0.0361,0.0279,0.0257,0.0151,0.0191,0.0301,0.0322,0.0667,0.0655,0.0902,0.1118,0.0764,0.1144,0.1063,0.0373,0.0508,0.039,0.0422,0.0241,0.0293,0.0292,0.0624,0.0651,0.025,0.0357,0.0631,0.1018,0.0374,0.0563,0.0391,0.03,0.0371,0.0461,0.0454,0.0226,0.0142,0.0219,0.0497,0.0443,0.0294,0.0465,0.0676,0.0555,0.0307,0.0872,0.0376,0.0421,0.0318,0.0466,0.0266,0.0296,0.0211,0.0324,0.0323,0.0238,0.0246,0.0651,0.087,0.049,0.0304,0.1311,0.0754,0.0291,0.0247,0.0456,0.0632,0.0679,0.0274,0.0239,0.0614,0.0673,0.046,0.0631,0.1073,0.0719,0.0473,0.1549,0.1314,0.0378,0.0302,0.0571,0.1423,0.0641,0.0328,0.0367,0.1366,0.0579,0.0224,0.0416,0.0768,0.0778,0.0335,0.1176,0.0794,0.038,0.0261,0.036,0.0864,0.0476,0.0144,0.0225,0.1065,0.0558,0.0238,0.0403,0.082,0.0548,0.0438,0.071,0.0378,0.0476,0.0346,0.0488,0.0197,0.0202,0.0178,0.0144,0.0514,0.0432,0.0375,0.0595,0.0348,0.0533,0.0505,0.0914,0.0668,0.0489,0.0521,0.033,0.0263,0.0327,0.0182,0.0183,0.0264,0.0438,0.0487,0.0515,0.0501,0.0654,0.016,0.0673,0.0375,0.0175,0.0215,0.042,0.0199,0.0181,0.0482,0.0253,0.0283,0.0509,0.0249,0.0566,0.0893,0.0414,0.0288,0.0584,0.0299,0.0254,0.0457,0.0586,0.0402,0.0198,0.029,0.0346,0.0537,0.0296,0.0328,0.0934,0.1517,0.0745,0.0566,0.0819,0.0833,0.056,0.0398,0.0306,0.0738,0.0281,0.0153,0.0739,0.1196,0.0319,0.0197,0.0403,0.0639,0.047,0.0347,0.0539,0.0443,0.0213,0.0203,0.0289,0.029,0.0159,0.0203,0.0364,0.0393,0.0246,0.0298,0.0373,0.0454,0.0655,0.0683,0.0874,0.098,0.0287,0.0635,0.0674,0.0419,0.0192,0.0193,0.0241,0.0388,0.0295,0.0141,0.0281,0.0519,0.0528,0.058,0.1103,0.0553,0.0272,0.0418,0.0418,0.0365,0.0201,0.013,0.0194,0.0507,0.0259,0.0174,0.0447,0.0531,0.0416,0.0366,0.0714,0.0322,0.0342,0.031,0.1006,0.0473,0.0348,0.0125,0.0265,0.056,0.0447,0.0245,0.0754,0.0828,0.0465,0.0585,0.1342,0.049,0.0627,0.0329,0.1089,0.1035,0.0574,0.0206,0.0294,0.0623,0.0564,0.0554,0.0824,0.0948,0.0613,0.069,0.1621,0.0985,0.0928,0.0236,0.0591,0.1686,0.047,0.0399,0.0427,0.1132,0.0501,0.0355,0.0624,0.0577,0.0352,0.0499,0.1113,0.0801,0.0546,0.032,0.0351,0.0826,0.0273,0.0185,0.0306,0.0908,0.0383,0.0212,0.0281,0.0518,0.0461,0.0273,0.0749,0.0336,0.0285,0.0415,0.046,0.0264,0.016,0.0124,0.0192,0.0574,0.0299,0.0175,0.0395,0.0302,0.0547,0.0535,0.0964,0.0678,0.0336,0.0615,0.0466,0.038,0.0195,0.012,0.0168,0.0317,0.0272,0.0458,0.0675,0.0731,0.0849,0.0843,0.1395,0.127,0.0366,0.0554,0.0801,0.0686,0.0219,0.0344,0.0277,0.0492,0.0616,0.0211,0.0444,0.0484,0.066,0.0587,0.0934,0.0533,0.0243,0.0243,0.0389,0.045,0.0213,0.0134,0.0288,0.0519,0.0344,0.0304,0.0536,0.0572,0.044,0.062,0.1021,0.0391,0.0338,0.0362,0.1337,0.0373,0.0275,0.0156,0.0425,0.029,0.0214,0.0157,0.0638,0.0712,0.0437,0.0885,0.2152,0.062,0.0223,0.0546,0.1808,0.106,0.0594,0.0224,0.0359,0.0524,0.0572,0.0432,0.066,0.0862,0.0567,0.1092,0.2191,0.1108,0.0365,0.0441,0.0894,0.1544,0.0574,0.0288,0.0333,0.1362,0.0473,0.0286,0.0522,0.0555,0.0498,0.0801,0.1573,0.0778,0.0334,0.0317,0.0339,0.0807,0.0425,0.014,0.0191,0.0988,0.0441,0.0174,0.0291,0.0522,0.0303,0.0396,0.0752,0.0317,0.0336,0.0423,0.0573,0.023,0.0145,0.0122,0.0155,0.0402,0.0284,0.031,0.0506,0.0286,0.0453,0.0852,0.1073,0.0718,0.0451,0.0575,0.0549,0.0461,0.0262,0.0171,0.0157,0.0205,0.0373,0.0482,0.0719,0.0467,0.052,0.0383,0.0802,0.0241,0.0146,0.0166,0.0318,0.0238,0.0144,0.0383,0.0332,0.0324,0.0437,0.0199,0.0456,0.0597,0.034,0.0456,0.1084,0.0438,0.0239,0.0462,0.088,0.0294,0.0241,0.0225,0.0385,0.0457,0.0248,0.0294,0.078,0.1191,0.0557,0.0852,0.1542,0.1082,0.0515,0.0538,0.0913,0.0869,0.0267,0.015,0.0603,0.0984,0.0287,0.0227,0.0412,0.0477,0.0313,0.0385,0.0818,0.0464,0.0192,0.0183,0.0231,0.0333,0.0151,0.0178,0.0374,0.0358,0.0222,0.0363,0.0399,0.0572,0.0858,0.0686,0.0911,0.0985,0.0325,0.0622,0.0653,0.0418,0.0196,0.0168,0.0215,0.0445,0.0309,0.017,0.0302,0.0629,0.0669,0.0601,0.1099,0.0547,0.0337,0.0443,0.04,0.0359,0.023,0.0127,0.0172,0.0545,0.0272,0.0201,0.0461,0.0583,0.0464,0.0415,0.0737,0.0356,0.0382,0.0276,0.0909,0.0448,0.0384,0.0161,0.0243,0.0539,0.0456,0.0288,0.0782,0.0901,0.0519,0.0623,0.1409,0.0524,0.0725,0.0304,0.1066,0.1049,0.0634,0.0235,0.035,0.0673,0.0624,0.0622,0.091,0.1108,0.0777,0.0752,0.166,0.1094,0.1101,0.0289,0.0588,0.1796,0.049,0.0398,0.05,0.1249,0.0592,0.0402,0.0657,0.0702,0.0486,0.0515,0.1123,0.0833,0.0611,0.0328,0.0334,0.0874,0.0273,0.0167,0.0308,0.101,0.0415,0.0209,0.0289,0.0556,0.0507,0.0313,0.071,0.0304,0.0304,0.0413,0.0486,0.0231,0.0185,0.0157,0.0213,0.0566,0.0326,0.0211,0.0399,0.0332,0.0662,0.0575,0.0874,0.0649,0.0332,0.0627,0.0439,0.0341,0.0227,0.0144,0.0168,0.0304,0.028,0.0467,0.0709,0.0907,0.0974,0.0922,0.1468,0.1325,0.043,0.0544,0.0763,0.0707,0.0254,0.0296,0.0267,0.0612,0.0676,0.0207,0.0468,0.0595,0.0826,0.0605,0.0973,0.0542,0.0328,0.0237,0.0439,0.0431,0.0261,0.0129,0.0255,0.0589,0.0419,0.0304,0.0556,0.0626,0.0514,0.0629,0.1105,0.0436,0.0375,0.0364,0.135,0.0366,0.0314,0.0186,0.0427,0.0299,0.0236,0.0206,0.0634,0.0786,0.0473,0.0932,0.2228,0.0647,0.0249,0.054,0.1788,0.1082,0.0638,0.0276,0.0362,0.0571,0.0657,0.0542,0.0726,0.102,0.0686,0.1215,0.229,0.1334,0.0478,0.0549,0.0935,0.1767,0.0702,0.0371,0.0386,0.1481,0.0551,0.0276,0.0504,0.0686,0.0665,0.0866,0.1606,0.087,0.0404,0.035,0.0335,0.0947,0.0529,0.015,0.0226,0.1122,0.0553,0.0164,0.0296,0.0645,0.0438,0.0426,0.0801,0.0335,0.035,0.0438,0.0546,0.0216,0.0153,0.0136,0.0164,0.0499,0.0366,0.0345,0.0554,0.0354,0.0543,0.0912,0.1173,0.0724,0.0488,0.0624,0.0512,0.0406,0.0326,0.0157,0.0145,0.0242,0.0465,0.0456,0.0691,0.0475,0.053,0.0412,0.0854,0.0285,0.019,0.0219,0.0346,0.0224,0.0159,0.0365,0.0274,0.0277,0.041,0.021,0.05,0.0674,0.0369,0.0467,0.1111,0.049,0.0296,0.053,0.0885,0.0352,0.0254,0.026,0.0402,0.0529,0.0255,0.0341,0.0899,0.1371,0.0678,0.089,0.1635,0.1274,0.0629,0.0618,0.0946,0.1059,0.035,0.0181,0.0675,0.1153,0.0331,0.0214,0.0406,0.0542,0.036,0.0401,0.0856,0.0566,0.0233,0.0218,0.0245,0.0406,0.0187,0.0186,0.0386,0.0403,0.0222]'::vector))",), ('        Sort Method: top-N heapsort  Memory: 28kB',), ('        ->  Seq Scan on item_vector  (cost=0.00..3547.39 rows=497 width=12) (actual time=0.158..25.729 rows=100 loops=1)',), ("              Filter: (mod((iv_id)::numeric, '1000'::numeric) = '500'::numeric)",), ('              Rows Removed by Filter: 99900',), ('Planning Time: 0.033 ms',), ('Execution Time: 25.771 ms',)]
1 100 80
100 80
[(35500, 1.1054026445768859), (69500, 1.1348438334474844), (11500, 1.1920778476589313), (39500, 1.1955133406510194), (52500, 1.2048768999211592), (56500, 1.2083679007924144), (79500, 1.2133068899969064), (75500, 1.2164377628622676), (41500, 1.2175004862758911), (99500, 1.222964263241054), (53500, 1.2666307385686497), (82500, 1.266832223329048), (23500, 1.2694350925122413), (66500, 1.2702289248818284), (84500, 1.2769191864628784), (9500, 1.2791167387190907), (86500, 1.2822986126403515), (32500, 1.289664018332637), (76500, 1.293639455670472), (97500, 1.3090792082856078), (68500, 1.3201175523202355), (3500, 1.337069071218844), (65500, 1.3380912685998019), (16500, 1.3438466946609724), (7500, 1.3450173013134514), (57500, 1.3574358383668057), (77500, 1.3593961341355079), (88500, 1.3757356929655544), (15500, 1.3779779610940759), (25500, 1.3794364018119798), (50500, 1.3809192002433408), (8500, 1.3994179384187209), (28500, 1.4064284741209907), (92500, 1.4073395640676374), (26500, 1.412288416991786), (43500, 1.4132013385843027), (47500, 1.429183203969464), (85500, 1.430287386419759), (19500, 1.4327967452552757), (55500, 1.4330393371400423), (44500, 1.4333215605821545), (24500, 1.4433130403961278), (37500, 1.4469656073457837), (22500, 1.4509004362138926), (74500, 1.4567271879238821), (96500, 1.463723367111582), (13500, 1.4776947685740263), (58500, 1.5205363501857916), (63500, 1.5438453984610523), (95500, 1.5479891839204), (80500, 1.5494642069973315), (93500, 1.5613718156043808), (21500, 1.574128482019582), (90500, 1.5825014522359009), (81500, 1.5858842812614815), (73500, 1.5932104656031856), (10500, 1.6124835316608104), (34500, 1.6388926488039381), (33500, 1.6491297131767921), (71500, 1.655350926928843), (38500, 1.6591878781893916), (500, 1.68588546941333), (4500, 1.687853740773809), (30500, 1.706982854161472), (94500, 1.7266552930381218), (70500, 1.7392946868020502), (67500, 1.7405658924196155), (54500, 1.7433844589969099), (60500, 1.7465911088621735), (36500, 1.7658722290872775), (72500, 1.7756626772617625), (31500, 1.7832858180314546), (5500, 1.799998413191202), (46500, 1.8014625700260425), (64500, 1.8118892824650243), (45500, 1.8145339340102076), (87500, 1.9404428958683257), (98500, 2.014901437928275), (14500, 2.02059666404596), (18500, 2.0209805805268033)]
[('Limit  (cost=3565.59..3565.79 rows=80 width=12) (actual time=25.861..25.869 rows=80 loops=1)',), ('  ->  Sort  (cost=3565.59..3566.83 rows=497 width=12) (actual time=25.860..25.864 rows=80 loops=1)',), ("        Sort Key: ((iv_v <-> '[0.0395,0.0384,0.0593,0.1022,0.0677,0.0688,0.0859,0.0352,0.0609,0.0466,0.0351,0.0229,0.0148,0.0209,0.0394,0.0269,0.018,0.031,0.0698,0.0888,0.0529,0.0463,0.0545,0.0361,0.0462,0.0412,0.0348,0.0268,0.0115,0.0175,0.0492,0.0297,0.0221,0.0506,0.0659,0.0586,0.0313,0.0712,0.0386,0.0387,0.0326,0.0364,0.0402,0.0368,0.017,0.0184,0.0543,0.0508,0.0391,0.0932,0.1039,0.0601,0.044,0.1264,0.0602,0.0749,0.019,0.0337,0.0961,0.0623,0.0227,0.0285,0.061,0.0647,0.0789,0.0985,0.1225,0.0831,0.0552,0.1415,0.1188,0.1061,0.0237,0.0452,0.183,0.0502,0.0408,0.0451,0.1173,0.0599,0.0501,0.0757,0.0752,0.0564,0.0347,0.1094,0.0892,0.06,0.0265,0.035,0.0853,0.0296,0.0172,0.0355,0.1018,0.0394,0.0274,0.0351,0.0667,0.0694,0.0251,0.0677,0.0353,0.0346,0.0428,0.044,0.0262,0.0223,0.0185,0.0205,0.0558,0.0397,0.0238,0.0433,0.0363,0.0745,0.0424,0.0732,0.0616,0.038,0.0559,0.0361,0.0279,0.0257,0.0151,0.0191,0.0301,0.0322,0.0667,0.0655,0.0902,0.1118,0.0764,0.1144,0.1063,0.0373,0.0508,0.039,0.0422,0.0241,0.0293,0.0292,0.0624,0.0651,0.025,0.0357,0.0631,0.1018,0.0374,0.0563,0.0391,0.03,0.0371,0.0461,0.0454,0.0226,0.0142,0.0219,0.0497,0.0443,0.0294,0.0465,0.0676,0.0555,0.0307,0.0872,0.0376,0.0421,0.0318,0.0466,0.0266,0.0296,0.0211,0.0324,0.0323,0.0238,0.0246,0.0651,0.087,0.049,0.0304,0.1311,0.0754,0.0291,0.0247,0.0456,0.0632,0.0679,0.0274,0.0239,0.0614,0.0673,0.046,0.0631,0.1073,0.0719,0.0473,0.1549,0.1314,0.0378,0.0302,0.0571,0.1423,0.0641,0.0328,0.0367,0.1366,0.0579,0.0224,0.0416,0.0768,0.0778,0.0335,0.1176,0.0794,0.038,0.0261,0.036,0.0864,0.0476,0.0144,0.0225,0.1065,0.0558,0.0238,0.0403,0.082,0.0548,0.0438,0.071,0.0378,0.0476,0.0346,0.0488,0.0197,0.0202,0.0178,0.0144,0.0514,0.0432,0.0375,0.0595,0.0348,0.0533,0.0505,0.0914,0.0668,0.0489,0.0521,0.033,0.0263,0.0327,0.0182,0.0183,0.0264,0.0438,0.0487,0.0515,0.0501,0.0654,0.016,0.0673,0.0375,0.0175,0.0215,0.042,0.0199,0.0181,0.0482,0.0253,0.0283,0.0509,0.0249,0.0566,0.0893,0.0414,0.0288,0.0584,0.0299,0.0254,0.0457,0.0586,0.0402,0.0198,0.029,0.0346,0.0537,0.0296,0.0328,0.0934,0.1517,0.0745,0.0566,0.0819,0.0833,0.056,0.0398,0.0306,0.0738,0.0281,0.0153,0.0739,0.1196,0.0319,0.0197,0.0403,0.0639,0.047,0.0347,0.0539,0.0443,0.0213,0.0203,0.0289,0.029,0.0159,0.0203,0.0364,0.0393,0.0246,0.0298,0.0373,0.0454,0.0655,0.0683,0.0874,0.098,0.0287,0.0635,0.0674,0.0419,0.0192,0.0193,0.0241,0.0388,0.0295,0.0141,0.0281,0.0519,0.0528,0.058,0.1103,0.0553,0.0272,0.0418,0.0418,0.0365,0.0201,0.013,0.0194,0.0507,0.0259,0.0174,0.0447,0.0531,0.0416,0.0366,0.0714,0.0322,0.0342,0.031,0.1006,0.0473,0.0348,0.0125,0.0265,0.056,0.0447,0.0245,0.0754,0.0828,0.0465,0.0585,0.1342,0.049,0.0627,0.0329,0.1089,0.1035,0.0574,0.0206,0.0294,0.0623,0.0564,0.0554,0.0824,0.0948,0.0613,0.069,0.1621,0.0985,0.0928,0.0236,0.0591,0.1686,0.047,0.0399,0.0427,0.1132,0.0501,0.0355,0.0624,0.0577,0.0352,0.0499,0.1113,0.0801,0.0546,0.032,0.0351,0.0826,0.0273,0.0185,0.0306,0.0908,0.0383,0.0212,0.0281,0.0518,0.0461,0.0273,0.0749,0.0336,0.0285,0.0415,0.046,0.0264,0.016,0.0124,0.0192,0.0574,0.0299,0.0175,0.0395,0.0302,0.0547,0.0535,0.0964,0.0678,0.0336,0.0615,0.0466,0.038,0.0195,0.012,0.0168,0.0317,0.0272,0.0458,0.0675,0.0731,0.0849,0.0843,0.1395,0.127,0.0366,0.0554,0.0801,0.0686,0.0219,0.0344,0.0277,0.0492,0.0616,0.0211,0.0444,0.0484,0.066,0.0587,0.0934,0.0533,0.0243,0.0243,0.0389,0.045,0.0213,0.0134,0.0288,0.0519,0.0344,0.0304,0.0536,0.0572,0.044,0.062,0.1021,0.0391,0.0338,0.0362,0.1337,0.0373,0.0275,0.0156,0.0425,0.029,0.0214,0.0157,0.0638,0.0712,0.0437,0.0885,0.2152,0.062,0.0223,0.0546,0.1808,0.106,0.0594,0.0224,0.0359,0.0524,0.0572,0.0432,0.066,0.0862,0.0567,0.1092,0.2191,0.1108,0.0365,0.0441,0.0894,0.1544,0.0574,0.0288,0.0333,0.1362,0.0473,0.0286,0.0522,0.0555,0.0498,0.0801,0.1573,0.0778,0.0334,0.0317,0.0339,0.0807,0.0425,0.014,0.0191,0.0988,0.0441,0.0174,0.0291,0.0522,0.0303,0.0396,0.0752,0.0317,0.0336,0.0423,0.0573,0.023,0.0145,0.0122,0.0155,0.0402,0.0284,0.031,0.0506,0.0286,0.0453,0.0852,0.1073,0.0718,0.0451,0.0575,0.0549,0.0461,0.0262,0.0171,0.0157,0.0205,0.0373,0.0482,0.0719,0.0467,0.052,0.0383,0.0802,0.0241,0.0146,0.0166,0.0318,0.0238,0.0144,0.0383,0.0332,0.0324,0.0437,0.0199,0.0456,0.0597,0.034,0.0456,0.1084,0.0438,0.0239,0.0462,0.088,0.0294,0.0241,0.0225,0.0385,0.0457,0.0248,0.0294,0.078,0.1191,0.0557,0.0852,0.1542,0.1082,0.0515,0.0538,0.0913,0.0869,0.0267,0.015,0.0603,0.0984,0.0287,0.0227,0.0412,0.0477,0.0313,0.0385,0.0818,0.0464,0.0192,0.0183,0.0231,0.0333,0.0151,0.0178,0.0374,0.0358,0.0222,0.0363,0.0399,0.0572,0.0858,0.0686,0.0911,0.0985,0.0325,0.0622,0.0653,0.0418,0.0196,0.0168,0.0215,0.0445,0.0309,0.017,0.0302,0.0629,0.0669,0.0601,0.1099,0.0547,0.0337,0.0443,0.04,0.0359,0.023,0.0127,0.0172,0.0545,0.0272,0.0201,0.0461,0.0583,0.0464,0.0415,0.0737,0.0356,0.0382,0.0276,0.0909,0.0448,0.0384,0.0161,0.0243,0.0539,0.0456,0.0288,0.0782,0.0901,0.0519,0.0623,0.1409,0.0524,0.0725,0.0304,0.1066,0.1049,0.0634,0.0235,0.035,0.0673,0.0624,0.0622,0.091,0.1108,0.0777,0.0752,0.166,0.1094,0.1101,0.0289,0.0588,0.1796,0.049,0.0398,0.05,0.1249,0.0592,0.0402,0.0657,0.0702,0.0486,0.0515,0.1123,0.0833,0.0611,0.0328,0.0334,0.0874,0.0273,0.0167,0.0308,0.101,0.0415,0.0209,0.0289,0.0556,0.0507,0.0313,0.071,0.0304,0.0304,0.0413,0.0486,0.0231,0.0185,0.0157,0.0213,0.0566,0.0326,0.0211,0.0399,0.0332,0.0662,0.0575,0.0874,0.0649,0.0332,0.0627,0.0439,0.0341,0.0227,0.0144,0.0168,0.0304,0.028,0.0467,0.0709,0.0907,0.0974,0.0922,0.1468,0.1325,0.043,0.0544,0.0763,0.0707,0.0254,0.0296,0.0267,0.0612,0.0676,0.0207,0.0468,0.0595,0.0826,0.0605,0.0973,0.0542,0.0328,0.0237,0.0439,0.0431,0.0261,0.0129,0.0255,0.0589,0.0419,0.0304,0.0556,0.0626,0.0514,0.0629,0.1105,0.0436,0.0375,0.0364,0.135,0.0366,0.0314,0.0186,0.0427,0.0299,0.0236,0.0206,0.0634,0.0786,0.0473,0.0932,0.2228,0.0647,0.0249,0.054,0.1788,0.1082,0.0638,0.0276,0.0362,0.0571,0.0657,0.0542,0.0726,0.102,0.0686,0.1215,0.229,0.1334,0.0478,0.0549,0.0935,0.1767,0.0702,0.0371,0.0386,0.1481,0.0551,0.0276,0.0504,0.0686,0.0665,0.0866,0.1606,0.087,0.0404,0.035,0.0335,0.0947,0.0529,0.015,0.0226,0.1122,0.0553,0.0164,0.0296,0.0645,0.0438,0.0426,0.0801,0.0335,0.035,0.0438,0.0546,0.0216,0.0153,0.0136,0.0164,0.0499,0.0366,0.0345,0.0554,0.0354,0.0543,0.0912,0.1173,0.0724,0.0488,0.0624,0.0512,0.0406,0.0326,0.0157,0.0145,0.0242,0.0465,0.0456,0.0691,0.0475,0.053,0.0412,0.0854,0.0285,0.019,0.0219,0.0346,0.0224,0.0159,0.0365,0.0274,0.0277,0.041,0.021,0.05,0.0674,0.0369,0.0467,0.1111,0.049,0.0296,0.053,0.0885,0.0352,0.0254,0.026,0.0402,0.0529,0.0255,0.0341,0.0899,0.1371,0.0678,0.089,0.1635,0.1274,0.0629,0.0618,0.0946,0.1059,0.035,0.0181,0.0675,0.1153,0.0331,0.0214,0.0406,0.0542,0.036,0.0401,0.0856,0.0566,0.0233,0.0218,0.0245,0.0406,0.0187,0.0186,0.0386,0.0403,0.0222]'::vector))",), ('        Sort Method: quicksort  Memory: 29kB',), ('        ->  Seq Scan on item_vector  (cost=0.00..3547.39 rows=497 width=12) (actual time=0.159..25.832 rows=100 loops=1)',), ("              Filter: (mod((iv_id)::numeric, '1000'::numeric) = '500'::numeric)",), ('              Rows Removed by Filter: 99900',), ('Planning Time: 0.047 ms',), ('Execution Time: 25.889 ms',)]
1 100 160
1 100 183
1 100 184
1 100 320
1 100 640
1 100 1000
1 1000 1
1000 1
[(50750, 1.0108373624800482)]
[('Limit  (cost=3549.88..3549.88 rows=1 width=12) (actual time=29.187..29.188 rows=1 loops=1)',), ('  ->  Sort  (cost=3549.88..3551.12 rows=497 width=12) (actual time=29.186..29.187 rows=1 loops=1)',), ("        Sort Key: ((iv_v <-> '[0.0395,0.0384,0.0593,0.1022,0.0677,0.0688,0.0859,0.0352,0.0609,0.0466,0.0351,0.0229,0.0148,0.0209,0.0394,0.0269,0.018,0.031,0.0698,0.0888,0.0529,0.0463,0.0545,0.0361,0.0462,0.0412,0.0348,0.0268,0.0115,0.0175,0.0492,0.0297,0.0221,0.0506,0.0659,0.0586,0.0313,0.0712,0.0386,0.0387,0.0326,0.0364,0.0402,0.0368,0.017,0.0184,0.0543,0.0508,0.0391,0.0932,0.1039,0.0601,0.044,0.1264,0.0602,0.0749,0.019,0.0337,0.0961,0.0623,0.0227,0.0285,0.061,0.0647,0.0789,0.0985,0.1225,0.0831,0.0552,0.1415,0.1188,0.1061,0.0237,0.0452,0.183,0.0502,0.0408,0.0451,0.1173,0.0599,0.0501,0.0757,0.0752,0.0564,0.0347,0.1094,0.0892,0.06,0.0265,0.035,0.0853,0.0296,0.0172,0.0355,0.1018,0.0394,0.0274,0.0351,0.0667,0.0694,0.0251,0.0677,0.0353,0.0346,0.0428,0.044,0.0262,0.0223,0.0185,0.0205,0.0558,0.0397,0.0238,0.0433,0.0363,0.0745,0.0424,0.0732,0.0616,0.038,0.0559,0.0361,0.0279,0.0257,0.0151,0.0191,0.0301,0.0322,0.0667,0.0655,0.0902,0.1118,0.0764,0.1144,0.1063,0.0373,0.0508,0.039,0.0422,0.0241,0.0293,0.0292,0.0624,0.0651,0.025,0.0357,0.0631,0.1018,0.0374,0.0563,0.0391,0.03,0.0371,0.0461,0.0454,0.0226,0.0142,0.0219,0.0497,0.0443,0.0294,0.0465,0.0676,0.0555,0.0307,0.0872,0.0376,0.0421,0.0318,0.0466,0.0266,0.0296,0.0211,0.0324,0.0323,0.0238,0.0246,0.0651,0.087,0.049,0.0304,0.1311,0.0754,0.0291,0.0247,0.0456,0.0632,0.0679,0.0274,0.0239,0.0614,0.0673,0.046,0.0631,0.1073,0.0719,0.0473,0.1549,0.1314,0.0378,0.0302,0.0571,0.1423,0.0641,0.0328,0.0367,0.1366,0.0579,0.0224,0.0416,0.0768,0.0778,0.0335,0.1176,0.0794,0.038,0.0261,0.036,0.0864,0.0476,0.0144,0.0225,0.1065,0.0558,0.0238,0.0403,0.082,0.0548,0.0438,0.071,0.0378,0.0476,0.0346,0.0488,0.0197,0.0202,0.0178,0.0144,0.0514,0.0432,0.0375,0.0595,0.0348,0.0533,0.0505,0.0914,0.0668,0.0489,0.0521,0.033,0.0263,0.0327,0.0182,0.0183,0.0264,0.0438,0.0487,0.0515,0.0501,0.0654,0.016,0.0673,0.0375,0.0175,0.0215,0.042,0.0199,0.0181,0.0482,0.0253,0.0283,0.0509,0.0249,0.0566,0.0893,0.0414,0.0288,0.0584,0.0299,0.0254,0.0457,0.0586,0.0402,0.0198,0.029,0.0346,0.0537,0.0296,0.0328,0.0934,0.1517,0.0745,0.0566,0.0819,0.0833,0.056,0.0398,0.0306,0.0738,0.0281,0.0153,0.0739,0.1196,0.0319,0.0197,0.0403,0.0639,0.047,0.0347,0.0539,0.0443,0.0213,0.0203,0.0289,0.029,0.0159,0.0203,0.0364,0.0393,0.0246,0.0298,0.0373,0.0454,0.0655,0.0683,0.0874,0.098,0.0287,0.0635,0.0674,0.0419,0.0192,0.0193,0.0241,0.0388,0.0295,0.0141,0.0281,0.0519,0.0528,0.058,0.1103,0.0553,0.0272,0.0418,0.0418,0.0365,0.0201,0.013,0.0194,0.0507,0.0259,0.0174,0.0447,0.0531,0.0416,0.0366,0.0714,0.0322,0.0342,0.031,0.1006,0.0473,0.0348,0.0125,0.0265,0.056,0.0447,0.0245,0.0754,0.0828,0.0465,0.0585,0.1342,0.049,0.0627,0.0329,0.1089,0.1035,0.0574,0.0206,0.0294,0.0623,0.0564,0.0554,0.0824,0.0948,0.0613,0.069,0.1621,0.0985,0.0928,0.0236,0.0591,0.1686,0.047,0.0399,0.0427,0.1132,0.0501,0.0355,0.0624,0.0577,0.0352,0.0499,0.1113,0.0801,0.0546,0.032,0.0351,0.0826,0.0273,0.0185,0.0306,0.0908,0.0383,0.0212,0.0281,0.0518,0.0461,0.0273,0.0749,0.0336,0.0285,0.0415,0.046,0.0264,0.016,0.0124,0.0192,0.0574,0.0299,0.0175,0.0395,0.0302,0.0547,0.0535,0.0964,0.0678,0.0336,0.0615,0.0466,0.038,0.0195,0.012,0.0168,0.0317,0.0272,0.0458,0.0675,0.0731,0.0849,0.0843,0.1395,0.127,0.0366,0.0554,0.0801,0.0686,0.0219,0.0344,0.0277,0.0492,0.0616,0.0211,0.0444,0.0484,0.066,0.0587,0.0934,0.0533,0.0243,0.0243,0.0389,0.045,0.0213,0.0134,0.0288,0.0519,0.0344,0.0304,0.0536,0.0572,0.044,0.062,0.1021,0.0391,0.0338,0.0362,0.1337,0.0373,0.0275,0.0156,0.0425,0.029,0.0214,0.0157,0.0638,0.0712,0.0437,0.0885,0.2152,0.062,0.0223,0.0546,0.1808,0.106,0.0594,0.0224,0.0359,0.0524,0.0572,0.0432,0.066,0.0862,0.0567,0.1092,0.2191,0.1108,0.0365,0.0441,0.0894,0.1544,0.0574,0.0288,0.0333,0.1362,0.0473,0.0286,0.0522,0.0555,0.0498,0.0801,0.1573,0.0778,0.0334,0.0317,0.0339,0.0807,0.0425,0.014,0.0191,0.0988,0.0441,0.0174,0.0291,0.0522,0.0303,0.0396,0.0752,0.0317,0.0336,0.0423,0.0573,0.023,0.0145,0.0122,0.0155,0.0402,0.0284,0.031,0.0506,0.0286,0.0453,0.0852,0.1073,0.0718,0.0451,0.0575,0.0549,0.0461,0.0262,0.0171,0.0157,0.0205,0.0373,0.0482,0.0719,0.0467,0.052,0.0383,0.0802,0.0241,0.0146,0.0166,0.0318,0.0238,0.0144,0.0383,0.0332,0.0324,0.0437,0.0199,0.0456,0.0597,0.034,0.0456,0.1084,0.0438,0.0239,0.0462,0.088,0.0294,0.0241,0.0225,0.0385,0.0457,0.0248,0.0294,0.078,0.1191,0.0557,0.0852,0.1542,0.1082,0.0515,0.0538,0.0913,0.0869,0.0267,0.015,0.0603,0.0984,0.0287,0.0227,0.0412,0.0477,0.0313,0.0385,0.0818,0.0464,0.0192,0.0183,0.0231,0.0333,0.0151,0.0178,0.0374,0.0358,0.0222,0.0363,0.0399,0.0572,0.0858,0.0686,0.0911,0.0985,0.0325,0.0622,0.0653,0.0418,0.0196,0.0168,0.0215,0.0445,0.0309,0.017,0.0302,0.0629,0.0669,0.0601,0.1099,0.0547,0.0337,0.0443,0.04,0.0359,0.023,0.0127,0.0172,0.0545,0.0272,0.0201,0.0461,0.0583,0.0464,0.0415,0.0737,0.0356,0.0382,0.0276,0.0909,0.0448,0.0384,0.0161,0.0243,0.0539,0.0456,0.0288,0.0782,0.0901,0.0519,0.0623,0.1409,0.0524,0.0725,0.0304,0.1066,0.1049,0.0634,0.0235,0.035,0.0673,0.0624,0.0622,0.091,0.1108,0.0777,0.0752,0.166,0.1094,0.1101,0.0289,0.0588,0.1796,0.049,0.0398,0.05,0.1249,0.0592,0.0402,0.0657,0.0702,0.0486,0.0515,0.1123,0.0833,0.0611,0.0328,0.0334,0.0874,0.0273,0.0167,0.0308,0.101,0.0415,0.0209,0.0289,0.0556,0.0507,0.0313,0.071,0.0304,0.0304,0.0413,0.0486,0.0231,0.0185,0.0157,0.0213,0.0566,0.0326,0.0211,0.0399,0.0332,0.0662,0.0575,0.0874,0.0649,0.0332,0.0627,0.0439,0.0341,0.0227,0.0144,0.0168,0.0304,0.028,0.0467,0.0709,0.0907,0.0974,0.0922,0.1468,0.1325,0.043,0.0544,0.0763,0.0707,0.0254,0.0296,0.0267,0.0612,0.0676,0.0207,0.0468,0.0595,0.0826,0.0605,0.0973,0.0542,0.0328,0.0237,0.0439,0.0431,0.0261,0.0129,0.0255,0.0589,0.0419,0.0304,0.0556,0.0626,0.0514,0.0629,0.1105,0.0436,0.0375,0.0364,0.135,0.0366,0.0314,0.0186,0.0427,0.0299,0.0236,0.0206,0.0634,0.0786,0.0473,0.0932,0.2228,0.0647,0.0249,0.054,0.1788,0.1082,0.0638,0.0276,0.0362,0.0571,0.0657,0.0542,0.0726,0.102,0.0686,0.1215,0.229,0.1334,0.0478,0.0549,0.0935,0.1767,0.0702,0.0371,0.0386,0.1481,0.0551,0.0276,0.0504,0.0686,0.0665,0.0866,0.1606,0.087,0.0404,0.035,0.0335,0.0947,0.0529,0.015,0.0226,0.1122,0.0553,0.0164,0.0296,0.0645,0.0438,0.0426,0.0801,0.0335,0.035,0.0438,0.0546,0.0216,0.0153,0.0136,0.0164,0.0499,0.0366,0.0345,0.0554,0.0354,0.0543,0.0912,0.1173,0.0724,0.0488,0.0624,0.0512,0.0406,0.0326,0.0157,0.0145,0.0242,0.0465,0.0456,0.0691,0.0475,0.053,0.0412,0.0854,0.0285,0.019,0.0219,0.0346,0.0224,0.0159,0.0365,0.0274,0.0277,0.041,0.021,0.05,0.0674,0.0369,0.0467,0.1111,0.049,0.0296,0.053,0.0885,0.0352,0.0254,0.026,0.0402,0.0529,0.0255,0.0341,0.0899,0.1371,0.0678,0.089,0.1635,0.1274,0.0629,0.0618,0.0946,0.1059,0.035,0.0181,0.0675,0.1153,0.0331,0.0214,0.0406,0.0542,0.036,0.0401,0.0856,0.0566,0.0233,0.0218,0.0245,0.0406,0.0187,0.0186,0.0386,0.0403,0.0222]'::vector))",), ('        Sort Method: top-N heapsort  Memory: 25kB',), ('        ->  Seq Scan on item_vector  (cost=0.00..3547.39 rows=497 width=12) (actual time=0.024..29.046 rows=1000 loops=1)',), ("              Filter: (mod((iv_id)::numeric, '100'::numeric) = '50'::numeric)",), ('              Rows Removed by Filter: 99000',), ('Planning Time: 0.047 ms',), ('Execution Time: 29.199 ms',)]
1 1000 10
1000 10
[(50750, 1.0108373624800482), (61350, 1.037131558915578), (63950, 1.0456548383962088), (450, 1.0478464430428878), (32450, 1.052887008444529), (93750, 1.077375510828517), (19750, 1.0838429401677236), (2450, 1.0840954422969562), (4150, 1.0858170696415559), (91850, 1.0880698256771075)]
[('Limit  (cost=3558.13..3558.16 rows=10 width=12) (actual time=28.772..28.774 rows=10 loops=1)',), ('  ->  Sort  (cost=3558.13..3559.37 rows=497 width=12) (actual time=28.772..28.772 rows=10 loops=1)',), ("        Sort Key: ((iv_v <-> '[0.0395,0.0384,0.0593,0.1022,0.0677,0.0688,0.0859,0.0352,0.0609,0.0466,0.0351,0.0229,0.0148,0.0209,0.0394,0.0269,0.018,0.031,0.0698,0.0888,0.0529,0.0463,0.0545,0.0361,0.0462,0.0412,0.0348,0.0268,0.0115,0.0175,0.0492,0.0297,0.0221,0.0506,0.0659,0.0586,0.0313,0.0712,0.0386,0.0387,0.0326,0.0364,0.0402,0.0368,0.017,0.0184,0.0543,0.0508,0.0391,0.0932,0.1039,0.0601,0.044,0.1264,0.0602,0.0749,0.019,0.0337,0.0961,0.0623,0.0227,0.0285,0.061,0.0647,0.0789,0.0985,0.1225,0.0831,0.0552,0.1415,0.1188,0.1061,0.0237,0.0452,0.183,0.0502,0.0408,0.0451,0.1173,0.0599,0.0501,0.0757,0.0752,0.0564,0.0347,0.1094,0.0892,0.06,0.0265,0.035,0.0853,0.0296,0.0172,0.0355,0.1018,0.0394,0.0274,0.0351,0.0667,0.0694,0.0251,0.0677,0.0353,0.0346,0.0428,0.044,0.0262,0.0223,0.0185,0.0205,0.0558,0.0397,0.0238,0.0433,0.0363,0.0745,0.0424,0.0732,0.0616,0.038,0.0559,0.0361,0.0279,0.0257,0.0151,0.0191,0.0301,0.0322,0.0667,0.0655,0.0902,0.1118,0.0764,0.1144,0.1063,0.0373,0.0508,0.039,0.0422,0.0241,0.0293,0.0292,0.0624,0.0651,0.025,0.0357,0.0631,0.1018,0.0374,0.0563,0.0391,0.03,0.0371,0.0461,0.0454,0.0226,0.0142,0.0219,0.0497,0.0443,0.0294,0.0465,0.0676,0.0555,0.0307,0.0872,0.0376,0.0421,0.0318,0.0466,0.0266,0.0296,0.0211,0.0324,0.0323,0.0238,0.0246,0.0651,0.087,0.049,0.0304,0.1311,0.0754,0.0291,0.0247,0.0456,0.0632,0.0679,0.0274,0.0239,0.0614,0.0673,0.046,0.0631,0.1073,0.0719,0.0473,0.1549,0.1314,0.0378,0.0302,0.0571,0.1423,0.0641,0.0328,0.0367,0.1366,0.0579,0.0224,0.0416,0.0768,0.0778,0.0335,0.1176,0.0794,0.038,0.0261,0.036,0.0864,0.0476,0.0144,0.0225,0.1065,0.0558,0.0238,0.0403,0.082,0.0548,0.0438,0.071,0.0378,0.0476,0.0346,0.0488,0.0197,0.0202,0.0178,0.0144,0.0514,0.0432,0.0375,0.0595,0.0348,0.0533,0.0505,0.0914,0.0668,0.0489,0.0521,0.033,0.0263,0.0327,0.0182,0.0183,0.0264,0.0438,0.0487,0.0515,0.0501,0.0654,0.016,0.0673,0.0375,0.0175,0.0215,0.042,0.0199,0.0181,0.0482,0.0253,0.0283,0.0509,0.0249,0.0566,0.0893,0.0414,0.0288,0.0584,0.0299,0.0254,0.0457,0.0586,0.0402,0.0198,0.029,0.0346,0.0537,0.0296,0.0328,0.0934,0.1517,0.0745,0.0566,0.0819,0.0833,0.056,0.0398,0.0306,0.0738,0.0281,0.0153,0.0739,0.1196,0.0319,0.0197,0.0403,0.0639,0.047,0.0347,0.0539,0.0443,0.0213,0.0203,0.0289,0.029,0.0159,0.0203,0.0364,0.0393,0.0246,0.0298,0.0373,0.0454,0.0655,0.0683,0.0874,0.098,0.0287,0.0635,0.0674,0.0419,0.0192,0.0193,0.0241,0.0388,0.0295,0.0141,0.0281,0.0519,0.0528,0.058,0.1103,0.0553,0.0272,0.0418,0.0418,0.0365,0.0201,0.013,0.0194,0.0507,0.0259,0.0174,0.0447,0.0531,0.0416,0.0366,0.0714,0.0322,0.0342,0.031,0.1006,0.0473,0.0348,0.0125,0.0265,0.056,0.0447,0.0245,0.0754,0.0828,0.0465,0.0585,0.1342,0.049,0.0627,0.0329,0.1089,0.1035,0.0574,0.0206,0.0294,0.0623,0.0564,0.0554,0.0824,0.0948,0.0613,0.069,0.1621,0.0985,0.0928,0.0236,0.0591,0.1686,0.047,0.0399,0.0427,0.1132,0.0501,0.0355,0.0624,0.0577,0.0352,0.0499,0.1113,0.0801,0.0546,0.032,0.0351,0.0826,0.0273,0.0185,0.0306,0.0908,0.0383,0.0212,0.0281,0.0518,0.0461,0.0273,0.0749,0.0336,0.0285,0.0415,0.046,0.0264,0.016,0.0124,0.0192,0.0574,0.0299,0.0175,0.0395,0.0302,0.0547,0.0535,0.0964,0.0678,0.0336,0.0615,0.0466,0.038,0.0195,0.012,0.0168,0.0317,0.0272,0.0458,0.0675,0.0731,0.0849,0.0843,0.1395,0.127,0.0366,0.0554,0.0801,0.0686,0.0219,0.0344,0.0277,0.0492,0.0616,0.0211,0.0444,0.0484,0.066,0.0587,0.0934,0.0533,0.0243,0.0243,0.0389,0.045,0.0213,0.0134,0.0288,0.0519,0.0344,0.0304,0.0536,0.0572,0.044,0.062,0.1021,0.0391,0.0338,0.0362,0.1337,0.0373,0.0275,0.0156,0.0425,0.029,0.0214,0.0157,0.0638,0.0712,0.0437,0.0885,0.2152,0.062,0.0223,0.0546,0.1808,0.106,0.0594,0.0224,0.0359,0.0524,0.0572,0.0432,0.066,0.0862,0.0567,0.1092,0.2191,0.1108,0.0365,0.0441,0.0894,0.1544,0.0574,0.0288,0.0333,0.1362,0.0473,0.0286,0.0522,0.0555,0.0498,0.0801,0.1573,0.0778,0.0334,0.0317,0.0339,0.0807,0.0425,0.014,0.0191,0.0988,0.0441,0.0174,0.0291,0.0522,0.0303,0.0396,0.0752,0.0317,0.0336,0.0423,0.0573,0.023,0.0145,0.0122,0.0155,0.0402,0.0284,0.031,0.0506,0.0286,0.0453,0.0852,0.1073,0.0718,0.0451,0.0575,0.0549,0.0461,0.0262,0.0171,0.0157,0.0205,0.0373,0.0482,0.0719,0.0467,0.052,0.0383,0.0802,0.0241,0.0146,0.0166,0.0318,0.0238,0.0144,0.0383,0.0332,0.0324,0.0437,0.0199,0.0456,0.0597,0.034,0.0456,0.1084,0.0438,0.0239,0.0462,0.088,0.0294,0.0241,0.0225,0.0385,0.0457,0.0248,0.0294,0.078,0.1191,0.0557,0.0852,0.1542,0.1082,0.0515,0.0538,0.0913,0.0869,0.0267,0.015,0.0603,0.0984,0.0287,0.0227,0.0412,0.0477,0.0313,0.0385,0.0818,0.0464,0.0192,0.0183,0.0231,0.0333,0.0151,0.0178,0.0374,0.0358,0.0222,0.0363,0.0399,0.0572,0.0858,0.0686,0.0911,0.0985,0.0325,0.0622,0.0653,0.0418,0.0196,0.0168,0.0215,0.0445,0.0309,0.017,0.0302,0.0629,0.0669,0.0601,0.1099,0.0547,0.0337,0.0443,0.04,0.0359,0.023,0.0127,0.0172,0.0545,0.0272,0.0201,0.0461,0.0583,0.0464,0.0415,0.0737,0.0356,0.0382,0.0276,0.0909,0.0448,0.0384,0.0161,0.0243,0.0539,0.0456,0.0288,0.0782,0.0901,0.0519,0.0623,0.1409,0.0524,0.0725,0.0304,0.1066,0.1049,0.0634,0.0235,0.035,0.0673,0.0624,0.0622,0.091,0.1108,0.0777,0.0752,0.166,0.1094,0.1101,0.0289,0.0588,0.1796,0.049,0.0398,0.05,0.1249,0.0592,0.0402,0.0657,0.0702,0.0486,0.0515,0.1123,0.0833,0.0611,0.0328,0.0334,0.0874,0.0273,0.0167,0.0308,0.101,0.0415,0.0209,0.0289,0.0556,0.0507,0.0313,0.071,0.0304,0.0304,0.0413,0.0486,0.0231,0.0185,0.0157,0.0213,0.0566,0.0326,0.0211,0.0399,0.0332,0.0662,0.0575,0.0874,0.0649,0.0332,0.0627,0.0439,0.0341,0.0227,0.0144,0.0168,0.0304,0.028,0.0467,0.0709,0.0907,0.0974,0.0922,0.1468,0.1325,0.043,0.0544,0.0763,0.0707,0.0254,0.0296,0.0267,0.0612,0.0676,0.0207,0.0468,0.0595,0.0826,0.0605,0.0973,0.0542,0.0328,0.0237,0.0439,0.0431,0.0261,0.0129,0.0255,0.0589,0.0419,0.0304,0.0556,0.0626,0.0514,0.0629,0.1105,0.0436,0.0375,0.0364,0.135,0.0366,0.0314,0.0186,0.0427,0.0299,0.0236,0.0206,0.0634,0.0786,0.0473,0.0932,0.2228,0.0647,0.0249,0.054,0.1788,0.1082,0.0638,0.0276,0.0362,0.0571,0.0657,0.0542,0.0726,0.102,0.0686,0.1215,0.229,0.1334,0.0478,0.0549,0.0935,0.1767,0.0702,0.0371,0.0386,0.1481,0.0551,0.0276,0.0504,0.0686,0.0665,0.0866,0.1606,0.087,0.0404,0.035,0.0335,0.0947,0.0529,0.015,0.0226,0.1122,0.0553,0.0164,0.0296,0.0645,0.0438,0.0426,0.0801,0.0335,0.035,0.0438,0.0546,0.0216,0.0153,0.0136,0.0164,0.0499,0.0366,0.0345,0.0554,0.0354,0.0543,0.0912,0.1173,0.0724,0.0488,0.0624,0.0512,0.0406,0.0326,0.0157,0.0145,0.0242,0.0465,0.0456,0.0691,0.0475,0.053,0.0412,0.0854,0.0285,0.019,0.0219,0.0346,0.0224,0.0159,0.0365,0.0274,0.0277,0.041,0.021,0.05,0.0674,0.0369,0.0467,0.1111,0.049,0.0296,0.053,0.0885,0.0352,0.0254,0.026,0.0402,0.0529,0.0255,0.0341,0.0899,0.1371,0.0678,0.089,0.1635,0.1274,0.0629,0.0618,0.0946,0.1059,0.035,0.0181,0.0675,0.1153,0.0331,0.0214,0.0406,0.0542,0.036,0.0401,0.0856,0.0566,0.0233,0.0218,0.0245,0.0406,0.0187,0.0186,0.0386,0.0403,0.0222]'::vector))",), ('        Sort Method: top-N heapsort  Memory: 25kB',), ('        ->  Seq Scan on item_vector  (cost=0.00..3547.39 rows=497 width=12) (actual time=0.026..28.619 rows=1000 loops=1)',), ("              Filter: (mod((iv_id)::numeric, '100'::numeric) = '50'::numeric)",), ('              Rows Removed by Filter: 99000',), ('Planning Time: 0.042 ms',), ('Execution Time: 28.784 ms',)]
1 1000 20
1000 20
[(50750, 1.0108373624800482), (61350, 1.037131558915578), (63950, 1.0456548383962088), (450, 1.0478464430428878), (32450, 1.052887008444529), (93750, 1.077375510828517), (19750, 1.0838429401677236), (2450, 1.0840954422969562), (4150, 1.0858170696415559), (91850, 1.0880698256771075), (44050, 1.0893971611740918), (13950, 1.0997226040205603), (85250, 1.1034428125176339), (24750, 1.103532044955272), (34350, 1.1093827905515683), (52450, 1.1145397902685201), (7350, 1.1209961320332231), (98850, 1.1229482590873368), (15350, 1.1268726234178241), (27350, 1.1281925043848116)]
[('Limit  (cost=3560.62..3560.67 rows=20 width=12) (actual time=28.704..28.707 rows=20 loops=1)',), ('  ->  Sort  (cost=3560.62..3561.86 rows=497 width=12) (actual time=28.704..28.705 rows=20 loops=1)',), ("        Sort Key: ((iv_v <-> '[0.0395,0.0384,0.0593,0.1022,0.0677,0.0688,0.0859,0.0352,0.0609,0.0466,0.0351,0.0229,0.0148,0.0209,0.0394,0.0269,0.018,0.031,0.0698,0.0888,0.0529,0.0463,0.0545,0.0361,0.0462,0.0412,0.0348,0.0268,0.0115,0.0175,0.0492,0.0297,0.0221,0.0506,0.0659,0.0586,0.0313,0.0712,0.0386,0.0387,0.0326,0.0364,0.0402,0.0368,0.017,0.0184,0.0543,0.0508,0.0391,0.0932,0.1039,0.0601,0.044,0.1264,0.0602,0.0749,0.019,0.0337,0.0961,0.0623,0.0227,0.0285,0.061,0.0647,0.0789,0.0985,0.1225,0.0831,0.0552,0.1415,0.1188,0.1061,0.0237,0.0452,0.183,0.0502,0.0408,0.0451,0.1173,0.0599,0.0501,0.0757,0.0752,0.0564,0.0347,0.1094,0.0892,0.06,0.0265,0.035,0.0853,0.0296,0.0172,0.0355,0.1018,0.0394,0.0274,0.0351,0.0667,0.0694,0.0251,0.0677,0.0353,0.0346,0.0428,0.044,0.0262,0.0223,0.0185,0.0205,0.0558,0.0397,0.0238,0.0433,0.0363,0.0745,0.0424,0.0732,0.0616,0.038,0.0559,0.0361,0.0279,0.0257,0.0151,0.0191,0.0301,0.0322,0.0667,0.0655,0.0902,0.1118,0.0764,0.1144,0.1063,0.0373,0.0508,0.039,0.0422,0.0241,0.0293,0.0292,0.0624,0.0651,0.025,0.0357,0.0631,0.1018,0.0374,0.0563,0.0391,0.03,0.0371,0.0461,0.0454,0.0226,0.0142,0.0219,0.0497,0.0443,0.0294,0.0465,0.0676,0.0555,0.0307,0.0872,0.0376,0.0421,0.0318,0.0466,0.0266,0.0296,0.0211,0.0324,0.0323,0.0238,0.0246,0.0651,0.087,0.049,0.0304,0.1311,0.0754,0.0291,0.0247,0.0456,0.0632,0.0679,0.0274,0.0239,0.0614,0.0673,0.046,0.0631,0.1073,0.0719,0.0473,0.1549,0.1314,0.0378,0.0302,0.0571,0.1423,0.0641,0.0328,0.0367,0.1366,0.0579,0.0224,0.0416,0.0768,0.0778,0.0335,0.1176,0.0794,0.038,0.0261,0.036,0.0864,0.0476,0.0144,0.0225,0.1065,0.0558,0.0238,0.0403,0.082,0.0548,0.0438,0.071,0.0378,0.0476,0.0346,0.0488,0.0197,0.0202,0.0178,0.0144,0.0514,0.0432,0.0375,0.0595,0.0348,0.0533,0.0505,0.0914,0.0668,0.0489,0.0521,0.033,0.0263,0.0327,0.0182,0.0183,0.0264,0.0438,0.0487,0.0515,0.0501,0.0654,0.016,0.0673,0.0375,0.0175,0.0215,0.042,0.0199,0.0181,0.0482,0.0253,0.0283,0.0509,0.0249,0.0566,0.0893,0.0414,0.0288,0.0584,0.0299,0.0254,0.0457,0.0586,0.0402,0.0198,0.029,0.0346,0.0537,0.0296,0.0328,0.0934,0.1517,0.0745,0.0566,0.0819,0.0833,0.056,0.0398,0.0306,0.0738,0.0281,0.0153,0.0739,0.1196,0.0319,0.0197,0.0403,0.0639,0.047,0.0347,0.0539,0.0443,0.0213,0.0203,0.0289,0.029,0.0159,0.0203,0.0364,0.0393,0.0246,0.0298,0.0373,0.0454,0.0655,0.0683,0.0874,0.098,0.0287,0.0635,0.0674,0.0419,0.0192,0.0193,0.0241,0.0388,0.0295,0.0141,0.0281,0.0519,0.0528,0.058,0.1103,0.0553,0.0272,0.0418,0.0418,0.0365,0.0201,0.013,0.0194,0.0507,0.0259,0.0174,0.0447,0.0531,0.0416,0.0366,0.0714,0.0322,0.0342,0.031,0.1006,0.0473,0.0348,0.0125,0.0265,0.056,0.0447,0.0245,0.0754,0.0828,0.0465,0.0585,0.1342,0.049,0.0627,0.0329,0.1089,0.1035,0.0574,0.0206,0.0294,0.0623,0.0564,0.0554,0.0824,0.0948,0.0613,0.069,0.1621,0.0985,0.0928,0.0236,0.0591,0.1686,0.047,0.0399,0.0427,0.1132,0.0501,0.0355,0.0624,0.0577,0.0352,0.0499,0.1113,0.0801,0.0546,0.032,0.0351,0.0826,0.0273,0.0185,0.0306,0.0908,0.0383,0.0212,0.0281,0.0518,0.0461,0.0273,0.0749,0.0336,0.0285,0.0415,0.046,0.0264,0.016,0.0124,0.0192,0.0574,0.0299,0.0175,0.0395,0.0302,0.0547,0.0535,0.0964,0.0678,0.0336,0.0615,0.0466,0.038,0.0195,0.012,0.0168,0.0317,0.0272,0.0458,0.0675,0.0731,0.0849,0.0843,0.1395,0.127,0.0366,0.0554,0.0801,0.0686,0.0219,0.0344,0.0277,0.0492,0.0616,0.0211,0.0444,0.0484,0.066,0.0587,0.0934,0.0533,0.0243,0.0243,0.0389,0.045,0.0213,0.0134,0.0288,0.0519,0.0344,0.0304,0.0536,0.0572,0.044,0.062,0.1021,0.0391,0.0338,0.0362,0.1337,0.0373,0.0275,0.0156,0.0425,0.029,0.0214,0.0157,0.0638,0.0712,0.0437,0.0885,0.2152,0.062,0.0223,0.0546,0.1808,0.106,0.0594,0.0224,0.0359,0.0524,0.0572,0.0432,0.066,0.0862,0.0567,0.1092,0.2191,0.1108,0.0365,0.0441,0.0894,0.1544,0.0574,0.0288,0.0333,0.1362,0.0473,0.0286,0.0522,0.0555,0.0498,0.0801,0.1573,0.0778,0.0334,0.0317,0.0339,0.0807,0.0425,0.014,0.0191,0.0988,0.0441,0.0174,0.0291,0.0522,0.0303,0.0396,0.0752,0.0317,0.0336,0.0423,0.0573,0.023,0.0145,0.0122,0.0155,0.0402,0.0284,0.031,0.0506,0.0286,0.0453,0.0852,0.1073,0.0718,0.0451,0.0575,0.0549,0.0461,0.0262,0.0171,0.0157,0.0205,0.0373,0.0482,0.0719,0.0467,0.052,0.0383,0.0802,0.0241,0.0146,0.0166,0.0318,0.0238,0.0144,0.0383,0.0332,0.0324,0.0437,0.0199,0.0456,0.0597,0.034,0.0456,0.1084,0.0438,0.0239,0.0462,0.088,0.0294,0.0241,0.0225,0.0385,0.0457,0.0248,0.0294,0.078,0.1191,0.0557,0.0852,0.1542,0.1082,0.0515,0.0538,0.0913,0.0869,0.0267,0.015,0.0603,0.0984,0.0287,0.0227,0.0412,0.0477,0.0313,0.0385,0.0818,0.0464,0.0192,0.0183,0.0231,0.0333,0.0151,0.0178,0.0374,0.0358,0.0222,0.0363,0.0399,0.0572,0.0858,0.0686,0.0911,0.0985,0.0325,0.0622,0.0653,0.0418,0.0196,0.0168,0.0215,0.0445,0.0309,0.017,0.0302,0.0629,0.0669,0.0601,0.1099,0.0547,0.0337,0.0443,0.04,0.0359,0.023,0.0127,0.0172,0.0545,0.0272,0.0201,0.0461,0.0583,0.0464,0.0415,0.0737,0.0356,0.0382,0.0276,0.0909,0.0448,0.0384,0.0161,0.0243,0.0539,0.0456,0.0288,0.0782,0.0901,0.0519,0.0623,0.1409,0.0524,0.0725,0.0304,0.1066,0.1049,0.0634,0.0235,0.035,0.0673,0.0624,0.0622,0.091,0.1108,0.0777,0.0752,0.166,0.1094,0.1101,0.0289,0.0588,0.1796,0.049,0.0398,0.05,0.1249,0.0592,0.0402,0.0657,0.0702,0.0486,0.0515,0.1123,0.0833,0.0611,0.0328,0.0334,0.0874,0.0273,0.0167,0.0308,0.101,0.0415,0.0209,0.0289,0.0556,0.0507,0.0313,0.071,0.0304,0.0304,0.0413,0.0486,0.0231,0.0185,0.0157,0.0213,0.0566,0.0326,0.0211,0.0399,0.0332,0.0662,0.0575,0.0874,0.0649,0.0332,0.0627,0.0439,0.0341,0.0227,0.0144,0.0168,0.0304,0.028,0.0467,0.0709,0.0907,0.0974,0.0922,0.1468,0.1325,0.043,0.0544,0.0763,0.0707,0.0254,0.0296,0.0267,0.0612,0.0676,0.0207,0.0468,0.0595,0.0826,0.0605,0.0973,0.0542,0.0328,0.0237,0.0439,0.0431,0.0261,0.0129,0.0255,0.0589,0.0419,0.0304,0.0556,0.0626,0.0514,0.0629,0.1105,0.0436,0.0375,0.0364,0.135,0.0366,0.0314,0.0186,0.0427,0.0299,0.0236,0.0206,0.0634,0.0786,0.0473,0.0932,0.2228,0.0647,0.0249,0.054,0.1788,0.1082,0.0638,0.0276,0.0362,0.0571,0.0657,0.0542,0.0726,0.102,0.0686,0.1215,0.229,0.1334,0.0478,0.0549,0.0935,0.1767,0.0702,0.0371,0.0386,0.1481,0.0551,0.0276,0.0504,0.0686,0.0665,0.0866,0.1606,0.087,0.0404,0.035,0.0335,0.0947,0.0529,0.015,0.0226,0.1122,0.0553,0.0164,0.0296,0.0645,0.0438,0.0426,0.0801,0.0335,0.035,0.0438,0.0546,0.0216,0.0153,0.0136,0.0164,0.0499,0.0366,0.0345,0.0554,0.0354,0.0543,0.0912,0.1173,0.0724,0.0488,0.0624,0.0512,0.0406,0.0326,0.0157,0.0145,0.0242,0.0465,0.0456,0.0691,0.0475,0.053,0.0412,0.0854,0.0285,0.019,0.0219,0.0346,0.0224,0.0159,0.0365,0.0274,0.0277,0.041,0.021,0.05,0.0674,0.0369,0.0467,0.1111,0.049,0.0296,0.053,0.0885,0.0352,0.0254,0.026,0.0402,0.0529,0.0255,0.0341,0.0899,0.1371,0.0678,0.089,0.1635,0.1274,0.0629,0.0618,0.0946,0.1059,0.035,0.0181,0.0675,0.1153,0.0331,0.0214,0.0406,0.0542,0.036,0.0401,0.0856,0.0566,0.0233,0.0218,0.0245,0.0406,0.0187,0.0186,0.0386,0.0403,0.0222]'::vector))",), ('        Sort Method: top-N heapsort  Memory: 26kB',), ('        ->  Seq Scan on item_vector  (cost=0.00..3547.39 rows=497 width=12) (actual time=0.025..28.555 rows=1000 loops=1)',), ("              Filter: (mod((iv_id)::numeric, '100'::numeric) = '50'::numeric)",), ('              Rows Removed by Filter: 99000',), ('Planning Time: 0.050 ms',), ('Execution Time: 28.717 ms',)]
1 1000 40
1000 40
[(50750, 1.0108373624800482), (61350, 1.037131558915578), (63950, 1.0456548383962088), (450, 1.0478464430428878), (32450, 1.052887008444529), (93750, 1.077375510828517), (19750, 1.0838429401677236), (2450, 1.0840954422969562), (4150, 1.0858170696415559), (91850, 1.0880698256771075), (44050, 1.0893971611740918), (13950, 1.0997226040205603), (85250, 1.1034428125176339), (24750, 1.103532044955272), (34350, 1.1093827905515683), (52450, 1.1145397902685201), (7350, 1.1209961320332231), (98850, 1.1229482590873368), (15350, 1.1268726234178241), (27350, 1.1281925043848116), (37750, 1.12827840591535), (49950, 1.1350571591104728), (45150, 1.1376307653363398), (23450, 1.1382374270034012), (30950, 1.141818375960882), (35150, 1.1428118605242914), (61450, 1.142980938192635), (71750, 1.143201713261345), (90750, 1.1513545558971006), (45250, 1.1515842326997825), (96550, 1.1539262153897274), (93150, 1.1539736842323385), (5550, 1.1542318103093208), (22650, 1.1558973444728873), (74650, 1.1605730431943857), (43550, 1.161064845374622), (22050, 1.1641751433282115), (51550, 1.1686531026727294), (41550, 1.170629271557006), (49650, 1.1728885590803093)]
[('Limit  (cost=3563.10..3563.20 rows=40 width=12) (actual time=29.074..29.078 rows=40 loops=1)',), ('  ->  Sort  (cost=3563.10..3564.34 rows=497 width=12) (actual time=29.073..29.075 rows=40 loops=1)',), ("        Sort Key: ((iv_v <-> '[0.0395,0.0384,0.0593,0.1022,0.0677,0.0688,0.0859,0.0352,0.0609,0.0466,0.0351,0.0229,0.0148,0.0209,0.0394,0.0269,0.018,0.031,0.0698,0.0888,0.0529,0.0463,0.0545,0.0361,0.0462,0.0412,0.0348,0.0268,0.0115,0.0175,0.0492,0.0297,0.0221,0.0506,0.0659,0.0586,0.0313,0.0712,0.0386,0.0387,0.0326,0.0364,0.0402,0.0368,0.017,0.0184,0.0543,0.0508,0.0391,0.0932,0.1039,0.0601,0.044,0.1264,0.0602,0.0749,0.019,0.0337,0.0961,0.0623,0.0227,0.0285,0.061,0.0647,0.0789,0.0985,0.1225,0.0831,0.0552,0.1415,0.1188,0.1061,0.0237,0.0452,0.183,0.0502,0.0408,0.0451,0.1173,0.0599,0.0501,0.0757,0.0752,0.0564,0.0347,0.1094,0.0892,0.06,0.0265,0.035,0.0853,0.0296,0.0172,0.0355,0.1018,0.0394,0.0274,0.0351,0.0667,0.0694,0.0251,0.0677,0.0353,0.0346,0.0428,0.044,0.0262,0.0223,0.0185,0.0205,0.0558,0.0397,0.0238,0.0433,0.0363,0.0745,0.0424,0.0732,0.0616,0.038,0.0559,0.0361,0.0279,0.0257,0.0151,0.0191,0.0301,0.0322,0.0667,0.0655,0.0902,0.1118,0.0764,0.1144,0.1063,0.0373,0.0508,0.039,0.0422,0.0241,0.0293,0.0292,0.0624,0.0651,0.025,0.0357,0.0631,0.1018,0.0374,0.0563,0.0391,0.03,0.0371,0.0461,0.0454,0.0226,0.0142,0.0219,0.0497,0.0443,0.0294,0.0465,0.0676,0.0555,0.0307,0.0872,0.0376,0.0421,0.0318,0.0466,0.0266,0.0296,0.0211,0.0324,0.0323,0.0238,0.0246,0.0651,0.087,0.049,0.0304,0.1311,0.0754,0.0291,0.0247,0.0456,0.0632,0.0679,0.0274,0.0239,0.0614,0.0673,0.046,0.0631,0.1073,0.0719,0.0473,0.1549,0.1314,0.0378,0.0302,0.0571,0.1423,0.0641,0.0328,0.0367,0.1366,0.0579,0.0224,0.0416,0.0768,0.0778,0.0335,0.1176,0.0794,0.038,0.0261,0.036,0.0864,0.0476,0.0144,0.0225,0.1065,0.0558,0.0238,0.0403,0.082,0.0548,0.0438,0.071,0.0378,0.0476,0.0346,0.0488,0.0197,0.0202,0.0178,0.0144,0.0514,0.0432,0.0375,0.0595,0.0348,0.0533,0.0505,0.0914,0.0668,0.0489,0.0521,0.033,0.0263,0.0327,0.0182,0.0183,0.0264,0.0438,0.0487,0.0515,0.0501,0.0654,0.016,0.0673,0.0375,0.0175,0.0215,0.042,0.0199,0.0181,0.0482,0.0253,0.0283,0.0509,0.0249,0.0566,0.0893,0.0414,0.0288,0.0584,0.0299,0.0254,0.0457,0.0586,0.0402,0.0198,0.029,0.0346,0.0537,0.0296,0.0328,0.0934,0.1517,0.0745,0.0566,0.0819,0.0833,0.056,0.0398,0.0306,0.0738,0.0281,0.0153,0.0739,0.1196,0.0319,0.0197,0.0403,0.0639,0.047,0.0347,0.0539,0.0443,0.0213,0.0203,0.0289,0.029,0.0159,0.0203,0.0364,0.0393,0.0246,0.0298,0.0373,0.0454,0.0655,0.0683,0.0874,0.098,0.0287,0.0635,0.0674,0.0419,0.0192,0.0193,0.0241,0.0388,0.0295,0.0141,0.0281,0.0519,0.0528,0.058,0.1103,0.0553,0.0272,0.0418,0.0418,0.0365,0.0201,0.013,0.0194,0.0507,0.0259,0.0174,0.0447,0.0531,0.0416,0.0366,0.0714,0.0322,0.0342,0.031,0.1006,0.0473,0.0348,0.0125,0.0265,0.056,0.0447,0.0245,0.0754,0.0828,0.0465,0.0585,0.1342,0.049,0.0627,0.0329,0.1089,0.1035,0.0574,0.0206,0.0294,0.0623,0.0564,0.0554,0.0824,0.0948,0.0613,0.069,0.1621,0.0985,0.0928,0.0236,0.0591,0.1686,0.047,0.0399,0.0427,0.1132,0.0501,0.0355,0.0624,0.0577,0.0352,0.0499,0.1113,0.0801,0.0546,0.032,0.0351,0.0826,0.0273,0.0185,0.0306,0.0908,0.0383,0.0212,0.0281,0.0518,0.0461,0.0273,0.0749,0.0336,0.0285,0.0415,0.046,0.0264,0.016,0.0124,0.0192,0.0574,0.0299,0.0175,0.0395,0.0302,0.0547,0.0535,0.0964,0.0678,0.0336,0.0615,0.0466,0.038,0.0195,0.012,0.0168,0.0317,0.0272,0.0458,0.0675,0.0731,0.0849,0.0843,0.1395,0.127,0.0366,0.0554,0.0801,0.0686,0.0219,0.0344,0.0277,0.0492,0.0616,0.0211,0.0444,0.0484,0.066,0.0587,0.0934,0.0533,0.0243,0.0243,0.0389,0.045,0.0213,0.0134,0.0288,0.0519,0.0344,0.0304,0.0536,0.0572,0.044,0.062,0.1021,0.0391,0.0338,0.0362,0.1337,0.0373,0.0275,0.0156,0.0425,0.029,0.0214,0.0157,0.0638,0.0712,0.0437,0.0885,0.2152,0.062,0.0223,0.0546,0.1808,0.106,0.0594,0.0224,0.0359,0.0524,0.0572,0.0432,0.066,0.0862,0.0567,0.1092,0.2191,0.1108,0.0365,0.0441,0.0894,0.1544,0.0574,0.0288,0.0333,0.1362,0.0473,0.0286,0.0522,0.0555,0.0498,0.0801,0.1573,0.0778,0.0334,0.0317,0.0339,0.0807,0.0425,0.014,0.0191,0.0988,0.0441,0.0174,0.0291,0.0522,0.0303,0.0396,0.0752,0.0317,0.0336,0.0423,0.0573,0.023,0.0145,0.0122,0.0155,0.0402,0.0284,0.031,0.0506,0.0286,0.0453,0.0852,0.1073,0.0718,0.0451,0.0575,0.0549,0.0461,0.0262,0.0171,0.0157,0.0205,0.0373,0.0482,0.0719,0.0467,0.052,0.0383,0.0802,0.0241,0.0146,0.0166,0.0318,0.0238,0.0144,0.0383,0.0332,0.0324,0.0437,0.0199,0.0456,0.0597,0.034,0.0456,0.1084,0.0438,0.0239,0.0462,0.088,0.0294,0.0241,0.0225,0.0385,0.0457,0.0248,0.0294,0.078,0.1191,0.0557,0.0852,0.1542,0.1082,0.0515,0.0538,0.0913,0.0869,0.0267,0.015,0.0603,0.0984,0.0287,0.0227,0.0412,0.0477,0.0313,0.0385,0.0818,0.0464,0.0192,0.0183,0.0231,0.0333,0.0151,0.0178,0.0374,0.0358,0.0222,0.0363,0.0399,0.0572,0.0858,0.0686,0.0911,0.0985,0.0325,0.0622,0.0653,0.0418,0.0196,0.0168,0.0215,0.0445,0.0309,0.017,0.0302,0.0629,0.0669,0.0601,0.1099,0.0547,0.0337,0.0443,0.04,0.0359,0.023,0.0127,0.0172,0.0545,0.0272,0.0201,0.0461,0.0583,0.0464,0.0415,0.0737,0.0356,0.0382,0.0276,0.0909,0.0448,0.0384,0.0161,0.0243,0.0539,0.0456,0.0288,0.0782,0.0901,0.0519,0.0623,0.1409,0.0524,0.0725,0.0304,0.1066,0.1049,0.0634,0.0235,0.035,0.0673,0.0624,0.0622,0.091,0.1108,0.0777,0.0752,0.166,0.1094,0.1101,0.0289,0.0588,0.1796,0.049,0.0398,0.05,0.1249,0.0592,0.0402,0.0657,0.0702,0.0486,0.0515,0.1123,0.0833,0.0611,0.0328,0.0334,0.0874,0.0273,0.0167,0.0308,0.101,0.0415,0.0209,0.0289,0.0556,0.0507,0.0313,0.071,0.0304,0.0304,0.0413,0.0486,0.0231,0.0185,0.0157,0.0213,0.0566,0.0326,0.0211,0.0399,0.0332,0.0662,0.0575,0.0874,0.0649,0.0332,0.0627,0.0439,0.0341,0.0227,0.0144,0.0168,0.0304,0.028,0.0467,0.0709,0.0907,0.0974,0.0922,0.1468,0.1325,0.043,0.0544,0.0763,0.0707,0.0254,0.0296,0.0267,0.0612,0.0676,0.0207,0.0468,0.0595,0.0826,0.0605,0.0973,0.0542,0.0328,0.0237,0.0439,0.0431,0.0261,0.0129,0.0255,0.0589,0.0419,0.0304,0.0556,0.0626,0.0514,0.0629,0.1105,0.0436,0.0375,0.0364,0.135,0.0366,0.0314,0.0186,0.0427,0.0299,0.0236,0.0206,0.0634,0.0786,0.0473,0.0932,0.2228,0.0647,0.0249,0.054,0.1788,0.1082,0.0638,0.0276,0.0362,0.0571,0.0657,0.0542,0.0726,0.102,0.0686,0.1215,0.229,0.1334,0.0478,0.0549,0.0935,0.1767,0.0702,0.0371,0.0386,0.1481,0.0551,0.0276,0.0504,0.0686,0.0665,0.0866,0.1606,0.087,0.0404,0.035,0.0335,0.0947,0.0529,0.015,0.0226,0.1122,0.0553,0.0164,0.0296,0.0645,0.0438,0.0426,0.0801,0.0335,0.035,0.0438,0.0546,0.0216,0.0153,0.0136,0.0164,0.0499,0.0366,0.0345,0.0554,0.0354,0.0543,0.0912,0.1173,0.0724,0.0488,0.0624,0.0512,0.0406,0.0326,0.0157,0.0145,0.0242,0.0465,0.0456,0.0691,0.0475,0.053,0.0412,0.0854,0.0285,0.019,0.0219,0.0346,0.0224,0.0159,0.0365,0.0274,0.0277,0.041,0.021,0.05,0.0674,0.0369,0.0467,0.1111,0.049,0.0296,0.053,0.0885,0.0352,0.0254,0.026,0.0402,0.0529,0.0255,0.0341,0.0899,0.1371,0.0678,0.089,0.1635,0.1274,0.0629,0.0618,0.0946,0.1059,0.035,0.0181,0.0675,0.1153,0.0331,0.0214,0.0406,0.0542,0.036,0.0401,0.0856,0.0566,0.0233,0.0218,0.0245,0.0406,0.0187,0.0186,0.0386,0.0403,0.0222]'::vector))",), ('        Sort Method: top-N heapsort  Memory: 28kB',), ('        ->  Seq Scan on item_vector  (cost=0.00..3547.39 rows=497 width=12) (actual time=0.024..28.919 rows=1000 loops=1)',), ("              Filter: (mod((iv_id)::numeric, '100'::numeric) = '50'::numeric)",), ('              Rows Removed by Filter: 99000',), ('Planning Time: 0.037 ms',), ('Execution Time: 29.089 ms',)]
1 1000 80
1000 80
[(50750, 1.0108373624800482), (61350, 1.037131558915578), (63950, 1.0456548383962088), (450, 1.0478464430428878), (32450, 1.052887008444529), (93750, 1.077375510828517), (19750, 1.0838429401677236), (2450, 1.0840954422969562), (4150, 1.0858170696415559), (91850, 1.0880698256771075), (44050, 1.0893971611740918), (13950, 1.0997226040205603), (85250, 1.1034428125176339), (24750, 1.103532044955272), (34350, 1.1093827905515683), (52450, 1.1145397902685201), (7350, 1.1209961320332231), (98850, 1.1229482590873368), (15350, 1.1268726234178241), (27350, 1.1281925043848116), (37750, 1.12827840591535), (49950, 1.1350571591104728), (45150, 1.1376307653363398), (23450, 1.1382374270034012), (30950, 1.141818375960882), (35150, 1.1428118605242914), (61450, 1.142980938192635), (71750, 1.143201713261345), (90750, 1.1513545558971006), (45250, 1.1515842326997825), (96550, 1.1539262153897274), (93150, 1.1539736842323385), (5550, 1.1542318103093208), (22650, 1.1558973444728873), (74650, 1.1605730431943857), (43550, 1.161064845374622), (22050, 1.1641751433282115), (51550, 1.1686531026727294), (41550, 1.170629271557006), (49650, 1.1728885590803093), (84250, 1.1729883627155737), (52950, 1.1729952734472295), (17950, 1.1739499351022802), (43350, 1.1753086902056622), (29750, 1.1765571138175082), (97650, 1.1776350241994555), (8750, 1.1803053696760153), (3150, 1.1832524175693777), (93550, 1.1874594430522851), (47450, 1.1888977658503876), (5250, 1.1977710248343543), (74250, 1.1991431992182775), (88350, 1.1996211765296345), (12450, 1.2004480181255233), (46450, 1.2019423084187646), (6850, 1.2023674697965372), (21050, 1.203627939502527), (35250, 1.2045571856639044), (66350, 1.2062020030379959), (65850, 1.2063900130055845), (5050, 1.2084992503115342), (67450, 1.2108309791228757), (87550, 1.2116342816404169), (86550, 1.2173427869587055), (46750, 1.2195359165803723), (34650, 1.2283076609116), (92250, 1.2342094117171245), (11250, 1.2361110599151106), (54750, 1.237231269711608), (59350, 1.2379357851842503), (67950, 1.2383501773748002), (6450, 1.2384496628469406), (92750, 1.2385950021940764), (6650, 1.2404135266769247), (36450, 1.2415208767208383), (35550, 1.242010331864928), (55850, 1.2450376717103648), (93250, 1.2469123375830726), (14150, 1.2499629968888313), (84550, 1.251455318133373)]
[('Limit  (cost=3565.59..3565.79 rows=80 width=12) (actual time=28.501..28.510 rows=80 loops=1)',), ('  ->  Sort  (cost=3565.59..3566.83 rows=497 width=12) (actual time=28.500..28.505 rows=80 loops=1)',), ("        Sort Key: ((iv_v <-> '[0.0395,0.0384,0.0593,0.1022,0.0677,0.0688,0.0859,0.0352,0.0609,0.0466,0.0351,0.0229,0.0148,0.0209,0.0394,0.0269,0.018,0.031,0.0698,0.0888,0.0529,0.0463,0.0545,0.0361,0.0462,0.0412,0.0348,0.0268,0.0115,0.0175,0.0492,0.0297,0.0221,0.0506,0.0659,0.0586,0.0313,0.0712,0.0386,0.0387,0.0326,0.0364,0.0402,0.0368,0.017,0.0184,0.0543,0.0508,0.0391,0.0932,0.1039,0.0601,0.044,0.1264,0.0602,0.0749,0.019,0.0337,0.0961,0.0623,0.0227,0.0285,0.061,0.0647,0.0789,0.0985,0.1225,0.0831,0.0552,0.1415,0.1188,0.1061,0.0237,0.0452,0.183,0.0502,0.0408,0.0451,0.1173,0.0599,0.0501,0.0757,0.0752,0.0564,0.0347,0.1094,0.0892,0.06,0.0265,0.035,0.0853,0.0296,0.0172,0.0355,0.1018,0.0394,0.0274,0.0351,0.0667,0.0694,0.0251,0.0677,0.0353,0.0346,0.0428,0.044,0.0262,0.0223,0.0185,0.0205,0.0558,0.0397,0.0238,0.0433,0.0363,0.0745,0.0424,0.0732,0.0616,0.038,0.0559,0.0361,0.0279,0.0257,0.0151,0.0191,0.0301,0.0322,0.0667,0.0655,0.0902,0.1118,0.0764,0.1144,0.1063,0.0373,0.0508,0.039,0.0422,0.0241,0.0293,0.0292,0.0624,0.0651,0.025,0.0357,0.0631,0.1018,0.0374,0.0563,0.0391,0.03,0.0371,0.0461,0.0454,0.0226,0.0142,0.0219,0.0497,0.0443,0.0294,0.0465,0.0676,0.0555,0.0307,0.0872,0.0376,0.0421,0.0318,0.0466,0.0266,0.0296,0.0211,0.0324,0.0323,0.0238,0.0246,0.0651,0.087,0.049,0.0304,0.1311,0.0754,0.0291,0.0247,0.0456,0.0632,0.0679,0.0274,0.0239,0.0614,0.0673,0.046,0.0631,0.1073,0.0719,0.0473,0.1549,0.1314,0.0378,0.0302,0.0571,0.1423,0.0641,0.0328,0.0367,0.1366,0.0579,0.0224,0.0416,0.0768,0.0778,0.0335,0.1176,0.0794,0.038,0.0261,0.036,0.0864,0.0476,0.0144,0.0225,0.1065,0.0558,0.0238,0.0403,0.082,0.0548,0.0438,0.071,0.0378,0.0476,0.0346,0.0488,0.0197,0.0202,0.0178,0.0144,0.0514,0.0432,0.0375,0.0595,0.0348,0.0533,0.0505,0.0914,0.0668,0.0489,0.0521,0.033,0.0263,0.0327,0.0182,0.0183,0.0264,0.0438,0.0487,0.0515,0.0501,0.0654,0.016,0.0673,0.0375,0.0175,0.0215,0.042,0.0199,0.0181,0.0482,0.0253,0.0283,0.0509,0.0249,0.0566,0.0893,0.0414,0.0288,0.0584,0.0299,0.0254,0.0457,0.0586,0.0402,0.0198,0.029,0.0346,0.0537,0.0296,0.0328,0.0934,0.1517,0.0745,0.0566,0.0819,0.0833,0.056,0.0398,0.0306,0.0738,0.0281,0.0153,0.0739,0.1196,0.0319,0.0197,0.0403,0.0639,0.047,0.0347,0.0539,0.0443,0.0213,0.0203,0.0289,0.029,0.0159,0.0203,0.0364,0.0393,0.0246,0.0298,0.0373,0.0454,0.0655,0.0683,0.0874,0.098,0.0287,0.0635,0.0674,0.0419,0.0192,0.0193,0.0241,0.0388,0.0295,0.0141,0.0281,0.0519,0.0528,0.058,0.1103,0.0553,0.0272,0.0418,0.0418,0.0365,0.0201,0.013,0.0194,0.0507,0.0259,0.0174,0.0447,0.0531,0.0416,0.0366,0.0714,0.0322,0.0342,0.031,0.1006,0.0473,0.0348,0.0125,0.0265,0.056,0.0447,0.0245,0.0754,0.0828,0.0465,0.0585,0.1342,0.049,0.0627,0.0329,0.1089,0.1035,0.0574,0.0206,0.0294,0.0623,0.0564,0.0554,0.0824,0.0948,0.0613,0.069,0.1621,0.0985,0.0928,0.0236,0.0591,0.1686,0.047,0.0399,0.0427,0.1132,0.0501,0.0355,0.0624,0.0577,0.0352,0.0499,0.1113,0.0801,0.0546,0.032,0.0351,0.0826,0.0273,0.0185,0.0306,0.0908,0.0383,0.0212,0.0281,0.0518,0.0461,0.0273,0.0749,0.0336,0.0285,0.0415,0.046,0.0264,0.016,0.0124,0.0192,0.0574,0.0299,0.0175,0.0395,0.0302,0.0547,0.0535,0.0964,0.0678,0.0336,0.0615,0.0466,0.038,0.0195,0.012,0.0168,0.0317,0.0272,0.0458,0.0675,0.0731,0.0849,0.0843,0.1395,0.127,0.0366,0.0554,0.0801,0.0686,0.0219,0.0344,0.0277,0.0492,0.0616,0.0211,0.0444,0.0484,0.066,0.0587,0.0934,0.0533,0.0243,0.0243,0.0389,0.045,0.0213,0.0134,0.0288,0.0519,0.0344,0.0304,0.0536,0.0572,0.044,0.062,0.1021,0.0391,0.0338,0.0362,0.1337,0.0373,0.0275,0.0156,0.0425,0.029,0.0214,0.0157,0.0638,0.0712,0.0437,0.0885,0.2152,0.062,0.0223,0.0546,0.1808,0.106,0.0594,0.0224,0.0359,0.0524,0.0572,0.0432,0.066,0.0862,0.0567,0.1092,0.2191,0.1108,0.0365,0.0441,0.0894,0.1544,0.0574,0.0288,0.0333,0.1362,0.0473,0.0286,0.0522,0.0555,0.0498,0.0801,0.1573,0.0778,0.0334,0.0317,0.0339,0.0807,0.0425,0.014,0.0191,0.0988,0.0441,0.0174,0.0291,0.0522,0.0303,0.0396,0.0752,0.0317,0.0336,0.0423,0.0573,0.023,0.0145,0.0122,0.0155,0.0402,0.0284,0.031,0.0506,0.0286,0.0453,0.0852,0.1073,0.0718,0.0451,0.0575,0.0549,0.0461,0.0262,0.0171,0.0157,0.0205,0.0373,0.0482,0.0719,0.0467,0.052,0.0383,0.0802,0.0241,0.0146,0.0166,0.0318,0.0238,0.0144,0.0383,0.0332,0.0324,0.0437,0.0199,0.0456,0.0597,0.034,0.0456,0.1084,0.0438,0.0239,0.0462,0.088,0.0294,0.0241,0.0225,0.0385,0.0457,0.0248,0.0294,0.078,0.1191,0.0557,0.0852,0.1542,0.1082,0.0515,0.0538,0.0913,0.0869,0.0267,0.015,0.0603,0.0984,0.0287,0.0227,0.0412,0.0477,0.0313,0.0385,0.0818,0.0464,0.0192,0.0183,0.0231,0.0333,0.0151,0.0178,0.0374,0.0358,0.0222,0.0363,0.0399,0.0572,0.0858,0.0686,0.0911,0.0985,0.0325,0.0622,0.0653,0.0418,0.0196,0.0168,0.0215,0.0445,0.0309,0.017,0.0302,0.0629,0.0669,0.0601,0.1099,0.0547,0.0337,0.0443,0.04,0.0359,0.023,0.0127,0.0172,0.0545,0.0272,0.0201,0.0461,0.0583,0.0464,0.0415,0.0737,0.0356,0.0382,0.0276,0.0909,0.0448,0.0384,0.0161,0.0243,0.0539,0.0456,0.0288,0.0782,0.0901,0.0519,0.0623,0.1409,0.0524,0.0725,0.0304,0.1066,0.1049,0.0634,0.0235,0.035,0.0673,0.0624,0.0622,0.091,0.1108,0.0777,0.0752,0.166,0.1094,0.1101,0.0289,0.0588,0.1796,0.049,0.0398,0.05,0.1249,0.0592,0.0402,0.0657,0.0702,0.0486,0.0515,0.1123,0.0833,0.0611,0.0328,0.0334,0.0874,0.0273,0.0167,0.0308,0.101,0.0415,0.0209,0.0289,0.0556,0.0507,0.0313,0.071,0.0304,0.0304,0.0413,0.0486,0.0231,0.0185,0.0157,0.0213,0.0566,0.0326,0.0211,0.0399,0.0332,0.0662,0.0575,0.0874,0.0649,0.0332,0.0627,0.0439,0.0341,0.0227,0.0144,0.0168,0.0304,0.028,0.0467,0.0709,0.0907,0.0974,0.0922,0.1468,0.1325,0.043,0.0544,0.0763,0.0707,0.0254,0.0296,0.0267,0.0612,0.0676,0.0207,0.0468,0.0595,0.0826,0.0605,0.0973,0.0542,0.0328,0.0237,0.0439,0.0431,0.0261,0.0129,0.0255,0.0589,0.0419,0.0304,0.0556,0.0626,0.0514,0.0629,0.1105,0.0436,0.0375,0.0364,0.135,0.0366,0.0314,0.0186,0.0427,0.0299,0.0236,0.0206,0.0634,0.0786,0.0473,0.0932,0.2228,0.0647,0.0249,0.054,0.1788,0.1082,0.0638,0.0276,0.0362,0.0571,0.0657,0.0542,0.0726,0.102,0.0686,0.1215,0.229,0.1334,0.0478,0.0549,0.0935,0.1767,0.0702,0.0371,0.0386,0.1481,0.0551,0.0276,0.0504,0.0686,0.0665,0.0866,0.1606,0.087,0.0404,0.035,0.0335,0.0947,0.0529,0.015,0.0226,0.1122,0.0553,0.0164,0.0296,0.0645,0.0438,0.0426,0.0801,0.0335,0.035,0.0438,0.0546,0.0216,0.0153,0.0136,0.0164,0.0499,0.0366,0.0345,0.0554,0.0354,0.0543,0.0912,0.1173,0.0724,0.0488,0.0624,0.0512,0.0406,0.0326,0.0157,0.0145,0.0242,0.0465,0.0456,0.0691,0.0475,0.053,0.0412,0.0854,0.0285,0.019,0.0219,0.0346,0.0224,0.0159,0.0365,0.0274,0.0277,0.041,0.021,0.05,0.0674,0.0369,0.0467,0.1111,0.049,0.0296,0.053,0.0885,0.0352,0.0254,0.026,0.0402,0.0529,0.0255,0.0341,0.0899,0.1371,0.0678,0.089,0.1635,0.1274,0.0629,0.0618,0.0946,0.1059,0.035,0.0181,0.0675,0.1153,0.0331,0.0214,0.0406,0.0542,0.036,0.0401,0.0856,0.0566,0.0233,0.0218,0.0245,0.0406,0.0187,0.0186,0.0386,0.0403,0.0222]'::vector))",), ('        Sort Method: top-N heapsort  Memory: 31kB',), ('        ->  Seq Scan on item_vector  (cost=0.00..3547.39 rows=497 width=12) (actual time=0.023..28.326 rows=1000 loops=1)',), ("              Filter: (mod((iv_id)::numeric, '100'::numeric) = '50'::numeric)",), ('              Rows Removed by Filter: 99000',), ('Planning Time: 0.035 ms',), ('Execution Time: 28.521 ms',)]
1 1000 160
1000 160
[(50750, 1.0108373624800482), (61350, 1.037131558915578), (63950, 1.0456548383962088), (450, 1.0478464430428878), (32450, 1.052887008444529), (93750, 1.077375510828517), (19750, 1.0838429401677236), (2450, 1.0840954422969562), (4150, 1.0858170696415559), (91850, 1.0880698256771075), (44050, 1.0893971611740918), (13950, 1.0997226040205603), (85250, 1.1034428125176339), (24750, 1.103532044955272), (34350, 1.1093827905515683), (52450, 1.1145397902685201), (7350, 1.1209961320332231), (98850, 1.1229482590873368), (15350, 1.1268726234178241), (27350, 1.1281925043848116), (37750, 1.12827840591535), (49950, 1.1350571591104728), (45150, 1.1376307653363398), (23450, 1.1382374270034012), (30950, 1.141818375960882), (35150, 1.1428118605242914), (61450, 1.142980938192635), (71750, 1.143201713261345), (90750, 1.1513545558971006), (45250, 1.1515842326997825), (96550, 1.1539262153897274), (93150, 1.1539736842323385), (5550, 1.1542318103093208), (22650, 1.1558973444728873), (74650, 1.1605730431943857), (43550, 1.161064845374622), (22050, 1.1641751433282115), (51550, 1.1686531026727294), (41550, 1.170629271557006), (49650, 1.1728885590803093), (84250, 1.1729883627155737), (52950, 1.1729952734472295), (17950, 1.1739499351022802), (43350, 1.1753086902056622), (29750, 1.1765571138175082), (97650, 1.1776350241994555), (8750, 1.1803053696760153), (3150, 1.1832524175693777), (93550, 1.1874594430522851), (47450, 1.1888977658503876), (5250, 1.1977710248343543), (74250, 1.1991431992182775), (88350, 1.1996211765296345), (12450, 1.2004480181255233), (46450, 1.2019423084187646), (6850, 1.2023674697965372), (21050, 1.203627939502527), (35250, 1.2045571856639044), (66350, 1.2062020030379959), (65850, 1.2063900130055845), (5050, 1.2084992503115342), (67450, 1.2108309791228757), (87550, 1.2116342816404169), (86550, 1.2173427869587055), (46750, 1.2195359165803723), (34650, 1.2283076609116), (92250, 1.2342094117171245), (11250, 1.2361110599151106), (54750, 1.237231269711608), (59350, 1.2379357851842503), (67950, 1.2383501773748002), (6450, 1.2384496628469406), (92750, 1.2385950021940764), (6650, 1.2404135266769247), (36450, 1.2415208767208383), (35550, 1.242010331864928), (55850, 1.2450376717103648), (93250, 1.2469123375830726), (14150, 1.2499629968888313), (84550, 1.251455318133373), (76350, 1.251864663746557), (77750, 1.2523928627288388), (2550, 1.252738432584733), (68850, 1.2567185092894018), (43950, 1.2587804919795271), (11150, 1.258972864811496), (76050, 1.259647996718852), (95050, 1.261507896543774), (65150, 1.2640356751791504), (61050, 1.2641072532926738), (89950, 1.2651196636550628), (28950, 1.2657741882556686), (4450, 1.266268719518783), (81650, 1.266736425603722), (46250, 1.2676259929629394), (37550, 1.2682202421758177), (38350, 1.268571132585621), (69850, 1.2707637027779928), (40150, 1.2708969517193942), (25150, 1.272118007680053), (64050, 1.2734416657362126), (24350, 1.2749946762422601), (28350, 1.2759368334415067), (84950, 1.2792772131420833), (29050, 1.2795028870085285), (60350, 1.2826998346363276), (69250, 1.2830855084867192), (87050, 1.2834887600366833), (94750, 1.2871717979101334), (9450, 1.2891463743723965), (8850, 1.2893172965957467), (58550, 1.2922756031265292), (5350, 1.2926063605988845), (87350, 1.2947322654857474), (15450, 1.2951645199464148), (32550, 1.2953637291288083), (9850, 1.296043405135648), (89250, 1.2961510165614014), (86250, 1.2971299621716506), (21650, 1.2978565224580731), (87750, 1.2984216957645323), (91650, 1.3004306171715618), (77550, 1.3037389630795053), (53050, 1.3048313998054826), (50250, 1.3048640605673696), (31050, 1.3059576556130732), (18950, 1.3061552186738221), (60250, 1.3065919510652284), (31750, 1.3098032358050076), (63850, 1.3106078177777911), (36150, 1.3111280809712313), (35750, 1.3112239083747965), (18450, 1.3113112288617466), (98250, 1.3123778785930513), (89050, 1.3126822753767404), (24150, 1.313295668160322), (83750, 1.3132991174575093), (34750, 1.3154285093895521), (80450, 1.3156961852181093), (88450, 1.3161658908094096), (7950, 1.3185500621643897), (10650, 1.3191016248202385), (97950, 1.3193352146556125), (62950, 1.3200197516032868), (38750, 1.3204927490711285), (4250, 1.3216911657034234), (9150, 1.3221666758264923), (54850, 1.3253285306623495), (99550, 1.3263177580786956), (63450, 1.3267102054819033), (98550, 1.3275162592034049), (31250, 1.3283220032831375), (92050, 1.3313182365587946), (60950, 1.3313186842701916), (29950, 1.3326326058770677), (83350, 1.3332900199212772), (97050, 1.3335469591349296), (17350, 1.333837721709742), (40650, 1.3349164217242953), (62150, 1.3351774674945651)]
[('Limit  (cost=3568.07..3568.47 rows=160 width=12) (actual time=28.427..28.442 rows=160 loops=1)',), ('  ->  Sort  (cost=3568.07..3569.31 rows=497 width=12) (actual time=28.426..28.433 rows=160 loops=1)',), ("        Sort Key: ((iv_v <-> '[0.0395,0.0384,0.0593,0.1022,0.0677,0.0688,0.0859,0.0352,0.0609,0.0466,0.0351,0.0229,0.0148,0.0209,0.0394,0.0269,0.018,0.031,0.0698,0.0888,0.0529,0.0463,0.0545,0.0361,0.0462,0.0412,0.0348,0.0268,0.0115,0.0175,0.0492,0.0297,0.0221,0.0506,0.0659,0.0586,0.0313,0.0712,0.0386,0.0387,0.0326,0.0364,0.0402,0.0368,0.017,0.0184,0.0543,0.0508,0.0391,0.0932,0.1039,0.0601,0.044,0.1264,0.0602,0.0749,0.019,0.0337,0.0961,0.0623,0.0227,0.0285,0.061,0.0647,0.0789,0.0985,0.1225,0.0831,0.0552,0.1415,0.1188,0.1061,0.0237,0.0452,0.183,0.0502,0.0408,0.0451,0.1173,0.0599,0.0501,0.0757,0.0752,0.0564,0.0347,0.1094,0.0892,0.06,0.0265,0.035,0.0853,0.0296,0.0172,0.0355,0.1018,0.0394,0.0274,0.0351,0.0667,0.0694,0.0251,0.0677,0.0353,0.0346,0.0428,0.044,0.0262,0.0223,0.0185,0.0205,0.0558,0.0397,0.0238,0.0433,0.0363,0.0745,0.0424,0.0732,0.0616,0.038,0.0559,0.0361,0.0279,0.0257,0.0151,0.0191,0.0301,0.0322,0.0667,0.0655,0.0902,0.1118,0.0764,0.1144,0.1063,0.0373,0.0508,0.039,0.0422,0.0241,0.0293,0.0292,0.0624,0.0651,0.025,0.0357,0.0631,0.1018,0.0374,0.0563,0.0391,0.03,0.0371,0.0461,0.0454,0.0226,0.0142,0.0219,0.0497,0.0443,0.0294,0.0465,0.0676,0.0555,0.0307,0.0872,0.0376,0.0421,0.0318,0.0466,0.0266,0.0296,0.0211,0.0324,0.0323,0.0238,0.0246,0.0651,0.087,0.049,0.0304,0.1311,0.0754,0.0291,0.0247,0.0456,0.0632,0.0679,0.0274,0.0239,0.0614,0.0673,0.046,0.0631,0.1073,0.0719,0.0473,0.1549,0.1314,0.0378,0.0302,0.0571,0.1423,0.0641,0.0328,0.0367,0.1366,0.0579,0.0224,0.0416,0.0768,0.0778,0.0335,0.1176,0.0794,0.038,0.0261,0.036,0.0864,0.0476,0.0144,0.0225,0.1065,0.0558,0.0238,0.0403,0.082,0.0548,0.0438,0.071,0.0378,0.0476,0.0346,0.0488,0.0197,0.0202,0.0178,0.0144,0.0514,0.0432,0.0375,0.0595,0.0348,0.0533,0.0505,0.0914,0.0668,0.0489,0.0521,0.033,0.0263,0.0327,0.0182,0.0183,0.0264,0.0438,0.0487,0.0515,0.0501,0.0654,0.016,0.0673,0.0375,0.0175,0.0215,0.042,0.0199,0.0181,0.0482,0.0253,0.0283,0.0509,0.0249,0.0566,0.0893,0.0414,0.0288,0.0584,0.0299,0.0254,0.0457,0.0586,0.0402,0.0198,0.029,0.0346,0.0537,0.0296,0.0328,0.0934,0.1517,0.0745,0.0566,0.0819,0.0833,0.056,0.0398,0.0306,0.0738,0.0281,0.0153,0.0739,0.1196,0.0319,0.0197,0.0403,0.0639,0.047,0.0347,0.0539,0.0443,0.0213,0.0203,0.0289,0.029,0.0159,0.0203,0.0364,0.0393,0.0246,0.0298,0.0373,0.0454,0.0655,0.0683,0.0874,0.098,0.0287,0.0635,0.0674,0.0419,0.0192,0.0193,0.0241,0.0388,0.0295,0.0141,0.0281,0.0519,0.0528,0.058,0.1103,0.0553,0.0272,0.0418,0.0418,0.0365,0.0201,0.013,0.0194,0.0507,0.0259,0.0174,0.0447,0.0531,0.0416,0.0366,0.0714,0.0322,0.0342,0.031,0.1006,0.0473,0.0348,0.0125,0.0265,0.056,0.0447,0.0245,0.0754,0.0828,0.0465,0.0585,0.1342,0.049,0.0627,0.0329,0.1089,0.1035,0.0574,0.0206,0.0294,0.0623,0.0564,0.0554,0.0824,0.0948,0.0613,0.069,0.1621,0.0985,0.0928,0.0236,0.0591,0.1686,0.047,0.0399,0.0427,0.1132,0.0501,0.0355,0.0624,0.0577,0.0352,0.0499,0.1113,0.0801,0.0546,0.032,0.0351,0.0826,0.0273,0.0185,0.0306,0.0908,0.0383,0.0212,0.0281,0.0518,0.0461,0.0273,0.0749,0.0336,0.0285,0.0415,0.046,0.0264,0.016,0.0124,0.0192,0.0574,0.0299,0.0175,0.0395,0.0302,0.0547,0.0535,0.0964,0.0678,0.0336,0.0615,0.0466,0.038,0.0195,0.012,0.0168,0.0317,0.0272,0.0458,0.0675,0.0731,0.0849,0.0843,0.1395,0.127,0.0366,0.0554,0.0801,0.0686,0.0219,0.0344,0.0277,0.0492,0.0616,0.0211,0.0444,0.0484,0.066,0.0587,0.0934,0.0533,0.0243,0.0243,0.0389,0.045,0.0213,0.0134,0.0288,0.0519,0.0344,0.0304,0.0536,0.0572,0.044,0.062,0.1021,0.0391,0.0338,0.0362,0.1337,0.0373,0.0275,0.0156,0.0425,0.029,0.0214,0.0157,0.0638,0.0712,0.0437,0.0885,0.2152,0.062,0.0223,0.0546,0.1808,0.106,0.0594,0.0224,0.0359,0.0524,0.0572,0.0432,0.066,0.0862,0.0567,0.1092,0.2191,0.1108,0.0365,0.0441,0.0894,0.1544,0.0574,0.0288,0.0333,0.1362,0.0473,0.0286,0.0522,0.0555,0.0498,0.0801,0.1573,0.0778,0.0334,0.0317,0.0339,0.0807,0.0425,0.014,0.0191,0.0988,0.0441,0.0174,0.0291,0.0522,0.0303,0.0396,0.0752,0.0317,0.0336,0.0423,0.0573,0.023,0.0145,0.0122,0.0155,0.0402,0.0284,0.031,0.0506,0.0286,0.0453,0.0852,0.1073,0.0718,0.0451,0.0575,0.0549,0.0461,0.0262,0.0171,0.0157,0.0205,0.0373,0.0482,0.0719,0.0467,0.052,0.0383,0.0802,0.0241,0.0146,0.0166,0.0318,0.0238,0.0144,0.0383,0.0332,0.0324,0.0437,0.0199,0.0456,0.0597,0.034,0.0456,0.1084,0.0438,0.0239,0.0462,0.088,0.0294,0.0241,0.0225,0.0385,0.0457,0.0248,0.0294,0.078,0.1191,0.0557,0.0852,0.1542,0.1082,0.0515,0.0538,0.0913,0.0869,0.0267,0.015,0.0603,0.0984,0.0287,0.0227,0.0412,0.0477,0.0313,0.0385,0.0818,0.0464,0.0192,0.0183,0.0231,0.0333,0.0151,0.0178,0.0374,0.0358,0.0222,0.0363,0.0399,0.0572,0.0858,0.0686,0.0911,0.0985,0.0325,0.0622,0.0653,0.0418,0.0196,0.0168,0.0215,0.0445,0.0309,0.017,0.0302,0.0629,0.0669,0.0601,0.1099,0.0547,0.0337,0.0443,0.04,0.0359,0.023,0.0127,0.0172,0.0545,0.0272,0.0201,0.0461,0.0583,0.0464,0.0415,0.0737,0.0356,0.0382,0.0276,0.0909,0.0448,0.0384,0.0161,0.0243,0.0539,0.0456,0.0288,0.0782,0.0901,0.0519,0.0623,0.1409,0.0524,0.0725,0.0304,0.1066,0.1049,0.0634,0.0235,0.035,0.0673,0.0624,0.0622,0.091,0.1108,0.0777,0.0752,0.166,0.1094,0.1101,0.0289,0.0588,0.1796,0.049,0.0398,0.05,0.1249,0.0592,0.0402,0.0657,0.0702,0.0486,0.0515,0.1123,0.0833,0.0611,0.0328,0.0334,0.0874,0.0273,0.0167,0.0308,0.101,0.0415,0.0209,0.0289,0.0556,0.0507,0.0313,0.071,0.0304,0.0304,0.0413,0.0486,0.0231,0.0185,0.0157,0.0213,0.0566,0.0326,0.0211,0.0399,0.0332,0.0662,0.0575,0.0874,0.0649,0.0332,0.0627,0.0439,0.0341,0.0227,0.0144,0.0168,0.0304,0.028,0.0467,0.0709,0.0907,0.0974,0.0922,0.1468,0.1325,0.043,0.0544,0.0763,0.0707,0.0254,0.0296,0.0267,0.0612,0.0676,0.0207,0.0468,0.0595,0.0826,0.0605,0.0973,0.0542,0.0328,0.0237,0.0439,0.0431,0.0261,0.0129,0.0255,0.0589,0.0419,0.0304,0.0556,0.0626,0.0514,0.0629,0.1105,0.0436,0.0375,0.0364,0.135,0.0366,0.0314,0.0186,0.0427,0.0299,0.0236,0.0206,0.0634,0.0786,0.0473,0.0932,0.2228,0.0647,0.0249,0.054,0.1788,0.1082,0.0638,0.0276,0.0362,0.0571,0.0657,0.0542,0.0726,0.102,0.0686,0.1215,0.229,0.1334,0.0478,0.0549,0.0935,0.1767,0.0702,0.0371,0.0386,0.1481,0.0551,0.0276,0.0504,0.0686,0.0665,0.0866,0.1606,0.087,0.0404,0.035,0.0335,0.0947,0.0529,0.015,0.0226,0.1122,0.0553,0.0164,0.0296,0.0645,0.0438,0.0426,0.0801,0.0335,0.035,0.0438,0.0546,0.0216,0.0153,0.0136,0.0164,0.0499,0.0366,0.0345,0.0554,0.0354,0.0543,0.0912,0.1173,0.0724,0.0488,0.0624,0.0512,0.0406,0.0326,0.0157,0.0145,0.0242,0.0465,0.0456,0.0691,0.0475,0.053,0.0412,0.0854,0.0285,0.019,0.0219,0.0346,0.0224,0.0159,0.0365,0.0274,0.0277,0.041,0.021,0.05,0.0674,0.0369,0.0467,0.1111,0.049,0.0296,0.053,0.0885,0.0352,0.0254,0.026,0.0402,0.0529,0.0255,0.0341,0.0899,0.1371,0.0678,0.089,0.1635,0.1274,0.0629,0.0618,0.0946,0.1059,0.035,0.0181,0.0675,0.1153,0.0331,0.0214,0.0406,0.0542,0.036,0.0401,0.0856,0.0566,0.0233,0.0218,0.0245,0.0406,0.0187,0.0186,0.0386,0.0403,0.0222]'::vector))",), ('        Sort Method: top-N heapsort  Memory: 37kB',), ('        ->  Seq Scan on item_vector  (cost=0.00..3547.39 rows=497 width=12) (actual time=0.022..28.217 rows=1000 loops=1)',), ("              Filter: (mod((iv_id)::numeric, '100'::numeric) = '50'::numeric)",), ('              Rows Removed by Filter: 99000',), ('Planning Time: 0.035 ms',), ('Execution Time: 28.456 ms',)]
1 1000 183
1000 183
[(50750, 1.0108373624800482), (61350, 1.037131558915578), (63950, 1.0456548383962088), (450, 1.0478464430428878), (32450, 1.052887008444529), (93750, 1.077375510828517), (19750, 1.0838429401677236), (2450, 1.0840954422969562), (4150, 1.0858170696415559), (91850, 1.0880698256771075), (44050, 1.0893971611740918), (13950, 1.0997226040205603), (85250, 1.1034428125176339), (24750, 1.103532044955272), (34350, 1.1093827905515683), (52450, 1.1145397902685201), (7350, 1.1209961320332231), (98850, 1.1229482590873368), (15350, 1.1268726234178241), (27350, 1.1281925043848116), (37750, 1.12827840591535), (49950, 1.1350571591104728), (45150, 1.1376307653363398), (23450, 1.1382374270034012), (30950, 1.141818375960882), (35150, 1.1428118605242914), (61450, 1.142980938192635), (71750, 1.143201713261345), (90750, 1.1513545558971006), (45250, 1.1515842326997825), (96550, 1.1539262153897274), (93150, 1.1539736842323385), (5550, 1.1542318103093208), (22650, 1.1558973444728873), (74650, 1.1605730431943857), (43550, 1.161064845374622), (22050, 1.1641751433282115), (51550, 1.1686531026727294), (41550, 1.170629271557006), (49650, 1.1728885590803093), (84250, 1.1729883627155737), (52950, 1.1729952734472295), (17950, 1.1739499351022802), (43350, 1.1753086902056622), (29750, 1.1765571138175082), (97650, 1.1776350241994555), (8750, 1.1803053696760153), (3150, 1.1832524175693777), (93550, 1.1874594430522851), (47450, 1.1888977658503876), (5250, 1.1977710248343543), (74250, 1.1991431992182775), (88350, 1.1996211765296345), (12450, 1.2004480181255233), (46450, 1.2019423084187646), (6850, 1.2023674697965372), (21050, 1.203627939502527), (35250, 1.2045571856639044), (66350, 1.2062020030379959), (65850, 1.2063900130055845), (5050, 1.2084992503115342), (67450, 1.2108309791228757), (87550, 1.2116342816404169), (86550, 1.2173427869587055), (46750, 1.2195359165803723), (34650, 1.2283076609116), (92250, 1.2342094117171245), (11250, 1.2361110599151106), (54750, 1.237231269711608), (59350, 1.2379357851842503), (67950, 1.2383501773748002), (6450, 1.2384496628469406), (92750, 1.2385950021940764), (6650, 1.2404135266769247), (36450, 1.2415208767208383), (35550, 1.242010331864928), (55850, 1.2450376717103648), (93250, 1.2469123375830726), (14150, 1.2499629968888313), (84550, 1.251455318133373), (76350, 1.251864663746557), (77750, 1.2523928627288388), (2550, 1.252738432584733), (68850, 1.2567185092894018), (43950, 1.2587804919795271), (11150, 1.258972864811496), (76050, 1.259647996718852), (95050, 1.261507896543774), (65150, 1.2640356751791504), (61050, 1.2641072532926738), (89950, 1.2651196636550628), (28950, 1.2657741882556686), (4450, 1.266268719518783), (81650, 1.266736425603722), (46250, 1.2676259929629394), (37550, 1.2682202421758177), (38350, 1.268571132585621), (69850, 1.2707637027779928), (40150, 1.2708969517193942), (25150, 1.272118007680053), (64050, 1.2734416657362126), (24350, 1.2749946762422601), (28350, 1.2759368334415067), (84950, 1.2792772131420833), (29050, 1.2795028870085285), (60350, 1.2826998346363276), (69250, 1.2830855084867192), (87050, 1.2834887600366833), (94750, 1.2871717979101334), (9450, 1.2891463743723965), (8850, 1.2893172965957467), (58550, 1.2922756031265292), (5350, 1.2926063605988845), (87350, 1.2947322654857474), (15450, 1.2951645199464148), (32550, 1.2953637291288083), (9850, 1.296043405135648), (89250, 1.2961510165614014), (86250, 1.2971299621716506), (21650, 1.2978565224580731), (87750, 1.2984216957645323), (91650, 1.3004306171715618), (77550, 1.3037389630795053), (53050, 1.3048313998054826), (50250, 1.3048640605673696), (31050, 1.3059576556130732), (18950, 1.3061552186738221), (60250, 1.3065919510652284), (31750, 1.3098032358050076), (63850, 1.3106078177777911), (36150, 1.3111280809712313), (35750, 1.3112239083747965), (18450, 1.3113112288617466), (98250, 1.3123778785930513), (89050, 1.3126822753767404), (24150, 1.313295668160322), (83750, 1.3132991174575093), (34750, 1.3154285093895521), (80450, 1.3156961852181093), (88450, 1.3161658908094096), (7950, 1.3185500621643897), (10650, 1.3191016248202385), (97950, 1.3193352146556125), (62950, 1.3200197516032868), (38750, 1.3204927490711285), (4250, 1.3216911657034234), (9150, 1.3221666758264923), (54850, 1.3253285306623495), (99550, 1.3263177580786956), (63450, 1.3267102054819033), (98550, 1.3275162592034049), (31250, 1.3283220032831375), (92050, 1.3313182365587946), (60950, 1.3313186842701916), (29950, 1.3326326058770677), (83350, 1.3332900199212772), (97050, 1.3335469591349296), (17350, 1.333837721709742), (40650, 1.3349164217242953), (62150, 1.3351774674945651), (7750, 1.3356929800667188), (60050, 1.3376716824445518), (67650, 1.3385428739114307), (57750, 1.3392205304223104), (14050, 1.3395023633929652), (1150, 1.339716958144086), (21150, 1.3403153993446688), (73950, 1.3405194594448107), (49750, 1.3417606709800305), (55650, 1.3424745761161776), (99250, 1.342624459065093), (21950, 1.3439533168541609), (79550, 1.3439616546723854), (5750, 1.3450921032082825), (32150, 1.3452569363026567), (38950, 1.3454255591545898), (39450, 1.3528755733372815), (27050, 1.3534163181265415), (87950, 1.3534287814289108), (61550, 1.3536330223088837), (16450, 1.3537904754815335), (45950, 1.3538178165740498), (97350, 1.3548538176310214)]
[('Limit  (cost=3568.55..3569.01 rows=183 width=12) (actual time=28.656..28.673 rows=183 loops=1)',), ('  ->  Sort  (cost=3568.55..3569.80 rows=497 width=12) (actual time=28.655..28.663 rows=183 loops=1)',), ("        Sort Key: ((iv_v <-> '[0.0395,0.0384,0.0593,0.1022,0.0677,0.0688,0.0859,0.0352,0.0609,0.0466,0.0351,0.0229,0.0148,0.0209,0.0394,0.0269,0.018,0.031,0.0698,0.0888,0.0529,0.0463,0.0545,0.0361,0.0462,0.0412,0.0348,0.0268,0.0115,0.0175,0.0492,0.0297,0.0221,0.0506,0.0659,0.0586,0.0313,0.0712,0.0386,0.0387,0.0326,0.0364,0.0402,0.0368,0.017,0.0184,0.0543,0.0508,0.0391,0.0932,0.1039,0.0601,0.044,0.1264,0.0602,0.0749,0.019,0.0337,0.0961,0.0623,0.0227,0.0285,0.061,0.0647,0.0789,0.0985,0.1225,0.0831,0.0552,0.1415,0.1188,0.1061,0.0237,0.0452,0.183,0.0502,0.0408,0.0451,0.1173,0.0599,0.0501,0.0757,0.0752,0.0564,0.0347,0.1094,0.0892,0.06,0.0265,0.035,0.0853,0.0296,0.0172,0.0355,0.1018,0.0394,0.0274,0.0351,0.0667,0.0694,0.0251,0.0677,0.0353,0.0346,0.0428,0.044,0.0262,0.0223,0.0185,0.0205,0.0558,0.0397,0.0238,0.0433,0.0363,0.0745,0.0424,0.0732,0.0616,0.038,0.0559,0.0361,0.0279,0.0257,0.0151,0.0191,0.0301,0.0322,0.0667,0.0655,0.0902,0.1118,0.0764,0.1144,0.1063,0.0373,0.0508,0.039,0.0422,0.0241,0.0293,0.0292,0.0624,0.0651,0.025,0.0357,0.0631,0.1018,0.0374,0.0563,0.0391,0.03,0.0371,0.0461,0.0454,0.0226,0.0142,0.0219,0.0497,0.0443,0.0294,0.0465,0.0676,0.0555,0.0307,0.0872,0.0376,0.0421,0.0318,0.0466,0.0266,0.0296,0.0211,0.0324,0.0323,0.0238,0.0246,0.0651,0.087,0.049,0.0304,0.1311,0.0754,0.0291,0.0247,0.0456,0.0632,0.0679,0.0274,0.0239,0.0614,0.0673,0.046,0.0631,0.1073,0.0719,0.0473,0.1549,0.1314,0.0378,0.0302,0.0571,0.1423,0.0641,0.0328,0.0367,0.1366,0.0579,0.0224,0.0416,0.0768,0.0778,0.0335,0.1176,0.0794,0.038,0.0261,0.036,0.0864,0.0476,0.0144,0.0225,0.1065,0.0558,0.0238,0.0403,0.082,0.0548,0.0438,0.071,0.0378,0.0476,0.0346,0.0488,0.0197,0.0202,0.0178,0.0144,0.0514,0.0432,0.0375,0.0595,0.0348,0.0533,0.0505,0.0914,0.0668,0.0489,0.0521,0.033,0.0263,0.0327,0.0182,0.0183,0.0264,0.0438,0.0487,0.0515,0.0501,0.0654,0.016,0.0673,0.0375,0.0175,0.0215,0.042,0.0199,0.0181,0.0482,0.0253,0.0283,0.0509,0.0249,0.0566,0.0893,0.0414,0.0288,0.0584,0.0299,0.0254,0.0457,0.0586,0.0402,0.0198,0.029,0.0346,0.0537,0.0296,0.0328,0.0934,0.1517,0.0745,0.0566,0.0819,0.0833,0.056,0.0398,0.0306,0.0738,0.0281,0.0153,0.0739,0.1196,0.0319,0.0197,0.0403,0.0639,0.047,0.0347,0.0539,0.0443,0.0213,0.0203,0.0289,0.029,0.0159,0.0203,0.0364,0.0393,0.0246,0.0298,0.0373,0.0454,0.0655,0.0683,0.0874,0.098,0.0287,0.0635,0.0674,0.0419,0.0192,0.0193,0.0241,0.0388,0.0295,0.0141,0.0281,0.0519,0.0528,0.058,0.1103,0.0553,0.0272,0.0418,0.0418,0.0365,0.0201,0.013,0.0194,0.0507,0.0259,0.0174,0.0447,0.0531,0.0416,0.0366,0.0714,0.0322,0.0342,0.031,0.1006,0.0473,0.0348,0.0125,0.0265,0.056,0.0447,0.0245,0.0754,0.0828,0.0465,0.0585,0.1342,0.049,0.0627,0.0329,0.1089,0.1035,0.0574,0.0206,0.0294,0.0623,0.0564,0.0554,0.0824,0.0948,0.0613,0.069,0.1621,0.0985,0.0928,0.0236,0.0591,0.1686,0.047,0.0399,0.0427,0.1132,0.0501,0.0355,0.0624,0.0577,0.0352,0.0499,0.1113,0.0801,0.0546,0.032,0.0351,0.0826,0.0273,0.0185,0.0306,0.0908,0.0383,0.0212,0.0281,0.0518,0.0461,0.0273,0.0749,0.0336,0.0285,0.0415,0.046,0.0264,0.016,0.0124,0.0192,0.0574,0.0299,0.0175,0.0395,0.0302,0.0547,0.0535,0.0964,0.0678,0.0336,0.0615,0.0466,0.038,0.0195,0.012,0.0168,0.0317,0.0272,0.0458,0.0675,0.0731,0.0849,0.0843,0.1395,0.127,0.0366,0.0554,0.0801,0.0686,0.0219,0.0344,0.0277,0.0492,0.0616,0.0211,0.0444,0.0484,0.066,0.0587,0.0934,0.0533,0.0243,0.0243,0.0389,0.045,0.0213,0.0134,0.0288,0.0519,0.0344,0.0304,0.0536,0.0572,0.044,0.062,0.1021,0.0391,0.0338,0.0362,0.1337,0.0373,0.0275,0.0156,0.0425,0.029,0.0214,0.0157,0.0638,0.0712,0.0437,0.0885,0.2152,0.062,0.0223,0.0546,0.1808,0.106,0.0594,0.0224,0.0359,0.0524,0.0572,0.0432,0.066,0.0862,0.0567,0.1092,0.2191,0.1108,0.0365,0.0441,0.0894,0.1544,0.0574,0.0288,0.0333,0.1362,0.0473,0.0286,0.0522,0.0555,0.0498,0.0801,0.1573,0.0778,0.0334,0.0317,0.0339,0.0807,0.0425,0.014,0.0191,0.0988,0.0441,0.0174,0.0291,0.0522,0.0303,0.0396,0.0752,0.0317,0.0336,0.0423,0.0573,0.023,0.0145,0.0122,0.0155,0.0402,0.0284,0.031,0.0506,0.0286,0.0453,0.0852,0.1073,0.0718,0.0451,0.0575,0.0549,0.0461,0.0262,0.0171,0.0157,0.0205,0.0373,0.0482,0.0719,0.0467,0.052,0.0383,0.0802,0.0241,0.0146,0.0166,0.0318,0.0238,0.0144,0.0383,0.0332,0.0324,0.0437,0.0199,0.0456,0.0597,0.034,0.0456,0.1084,0.0438,0.0239,0.0462,0.088,0.0294,0.0241,0.0225,0.0385,0.0457,0.0248,0.0294,0.078,0.1191,0.0557,0.0852,0.1542,0.1082,0.0515,0.0538,0.0913,0.0869,0.0267,0.015,0.0603,0.0984,0.0287,0.0227,0.0412,0.0477,0.0313,0.0385,0.0818,0.0464,0.0192,0.0183,0.0231,0.0333,0.0151,0.0178,0.0374,0.0358,0.0222,0.0363,0.0399,0.0572,0.0858,0.0686,0.0911,0.0985,0.0325,0.0622,0.0653,0.0418,0.0196,0.0168,0.0215,0.0445,0.0309,0.017,0.0302,0.0629,0.0669,0.0601,0.1099,0.0547,0.0337,0.0443,0.04,0.0359,0.023,0.0127,0.0172,0.0545,0.0272,0.0201,0.0461,0.0583,0.0464,0.0415,0.0737,0.0356,0.0382,0.0276,0.0909,0.0448,0.0384,0.0161,0.0243,0.0539,0.0456,0.0288,0.0782,0.0901,0.0519,0.0623,0.1409,0.0524,0.0725,0.0304,0.1066,0.1049,0.0634,0.0235,0.035,0.0673,0.0624,0.0622,0.091,0.1108,0.0777,0.0752,0.166,0.1094,0.1101,0.0289,0.0588,0.1796,0.049,0.0398,0.05,0.1249,0.0592,0.0402,0.0657,0.0702,0.0486,0.0515,0.1123,0.0833,0.0611,0.0328,0.0334,0.0874,0.0273,0.0167,0.0308,0.101,0.0415,0.0209,0.0289,0.0556,0.0507,0.0313,0.071,0.0304,0.0304,0.0413,0.0486,0.0231,0.0185,0.0157,0.0213,0.0566,0.0326,0.0211,0.0399,0.0332,0.0662,0.0575,0.0874,0.0649,0.0332,0.0627,0.0439,0.0341,0.0227,0.0144,0.0168,0.0304,0.028,0.0467,0.0709,0.0907,0.0974,0.0922,0.1468,0.1325,0.043,0.0544,0.0763,0.0707,0.0254,0.0296,0.0267,0.0612,0.0676,0.0207,0.0468,0.0595,0.0826,0.0605,0.0973,0.0542,0.0328,0.0237,0.0439,0.0431,0.0261,0.0129,0.0255,0.0589,0.0419,0.0304,0.0556,0.0626,0.0514,0.0629,0.1105,0.0436,0.0375,0.0364,0.135,0.0366,0.0314,0.0186,0.0427,0.0299,0.0236,0.0206,0.0634,0.0786,0.0473,0.0932,0.2228,0.0647,0.0249,0.054,0.1788,0.1082,0.0638,0.0276,0.0362,0.0571,0.0657,0.0542,0.0726,0.102,0.0686,0.1215,0.229,0.1334,0.0478,0.0549,0.0935,0.1767,0.0702,0.0371,0.0386,0.1481,0.0551,0.0276,0.0504,0.0686,0.0665,0.0866,0.1606,0.087,0.0404,0.035,0.0335,0.0947,0.0529,0.015,0.0226,0.1122,0.0553,0.0164,0.0296,0.0645,0.0438,0.0426,0.0801,0.0335,0.035,0.0438,0.0546,0.0216,0.0153,0.0136,0.0164,0.0499,0.0366,0.0345,0.0554,0.0354,0.0543,0.0912,0.1173,0.0724,0.0488,0.0624,0.0512,0.0406,0.0326,0.0157,0.0145,0.0242,0.0465,0.0456,0.0691,0.0475,0.053,0.0412,0.0854,0.0285,0.019,0.0219,0.0346,0.0224,0.0159,0.0365,0.0274,0.0277,0.041,0.021,0.05,0.0674,0.0369,0.0467,0.1111,0.049,0.0296,0.053,0.0885,0.0352,0.0254,0.026,0.0402,0.0529,0.0255,0.0341,0.0899,0.1371,0.0678,0.089,0.1635,0.1274,0.0629,0.0618,0.0946,0.1059,0.035,0.0181,0.0675,0.1153,0.0331,0.0214,0.0406,0.0542,0.036,0.0401,0.0856,0.0566,0.0233,0.0218,0.0245,0.0406,0.0187,0.0186,0.0386,0.0403,0.0222]'::vector))",), ('        Sort Method: top-N heapsort  Memory: 39kB',), ('        ->  Seq Scan on item_vector  (cost=0.00..3547.39 rows=497 width=12) (actual time=0.022..28.436 rows=1000 loops=1)',), ("              Filter: (mod((iv_id)::numeric, '100'::numeric) = '50'::numeric)",), ('              Rows Removed by Filter: 99000',), ('Planning Time: 0.034 ms',), ('Execution Time: 28.688 ms',)]
1 1000 184
1000 184
[(50750, 1.0108373624800482), (61350, 1.037131558915578), (63950, 1.0456548383962088), (450, 1.0478464430428878), (32450, 1.052887008444529), (93750, 1.077375510828517), (19750, 1.0838429401677236), (2450, 1.0840954422969562), (4150, 1.0858170696415559), (91850, 1.0880698256771075), (44050, 1.0893971611740918), (13950, 1.0997226040205603), (85250, 1.1034428125176339), (24750, 1.103532044955272), (34350, 1.1093827905515683), (52450, 1.1145397902685201), (7350, 1.1209961320332231), (98850, 1.1229482590873368), (15350, 1.1268726234178241), (27350, 1.1281925043848116), (37750, 1.12827840591535), (49950, 1.1350571591104728), (45150, 1.1376307653363398), (23450, 1.1382374270034012), (30950, 1.141818375960882), (35150, 1.1428118605242914), (61450, 1.142980938192635), (71750, 1.143201713261345), (90750, 1.1513545558971006), (45250, 1.1515842326997825), (96550, 1.1539262153897274), (93150, 1.1539736842323385), (5550, 1.1542318103093208), (22650, 1.1558973444728873), (74650, 1.1605730431943857), (43550, 1.161064845374622), (22050, 1.1641751433282115), (51550, 1.1686531026727294), (41550, 1.170629271557006), (49650, 1.1728885590803093), (84250, 1.1729883627155737), (52950, 1.1729952734472295), (17950, 1.1739499351022802), (43350, 1.1753086902056622), (29750, 1.1765571138175082), (97650, 1.1776350241994555), (8750, 1.1803053696760153), (3150, 1.1832524175693777), (93550, 1.1874594430522851), (47450, 1.1888977658503876), (5250, 1.1977710248343543), (74250, 1.1991431992182775), (88350, 1.1996211765296345), (12450, 1.2004480181255233), (46450, 1.2019423084187646), (6850, 1.2023674697965372), (21050, 1.203627939502527), (35250, 1.2045571856639044), (66350, 1.2062020030379959), (65850, 1.2063900130055845), (5050, 1.2084992503115342), (67450, 1.2108309791228757), (87550, 1.2116342816404169), (86550, 1.2173427869587055), (46750, 1.2195359165803723), (34650, 1.2283076609116), (92250, 1.2342094117171245), (11250, 1.2361110599151106), (54750, 1.237231269711608), (59350, 1.2379357851842503), (67950, 1.2383501773748002), (6450, 1.2384496628469406), (92750, 1.2385950021940764), (6650, 1.2404135266769247), (36450, 1.2415208767208383), (35550, 1.242010331864928), (55850, 1.2450376717103648), (93250, 1.2469123375830726), (14150, 1.2499629968888313), (84550, 1.251455318133373), (76350, 1.251864663746557), (77750, 1.2523928627288388), (2550, 1.252738432584733), (68850, 1.2567185092894018), (43950, 1.2587804919795271), (11150, 1.258972864811496), (76050, 1.259647996718852), (95050, 1.261507896543774), (65150, 1.2640356751791504), (61050, 1.2641072532926738), (89950, 1.2651196636550628), (28950, 1.2657741882556686), (4450, 1.266268719518783), (81650, 1.266736425603722), (46250, 1.2676259929629394), (37550, 1.2682202421758177), (38350, 1.268571132585621), (69850, 1.2707637027779928), (40150, 1.2708969517193942), (25150, 1.272118007680053), (64050, 1.2734416657362126), (24350, 1.2749946762422601), (28350, 1.2759368334415067), (84950, 1.2792772131420833), (29050, 1.2795028870085285), (60350, 1.2826998346363276), (69250, 1.2830855084867192), (87050, 1.2834887600366833), (94750, 1.2871717979101334), (9450, 1.2891463743723965), (8850, 1.2893172965957467), (58550, 1.2922756031265292), (5350, 1.2926063605988845), (87350, 1.2947322654857474), (15450, 1.2951645199464148), (32550, 1.2953637291288083), (9850, 1.296043405135648), (89250, 1.2961510165614014), (86250, 1.2971299621716506), (21650, 1.2978565224580731), (87750, 1.2984216957645323), (91650, 1.3004306171715618), (77550, 1.3037389630795053), (53050, 1.3048313998054826), (50250, 1.3048640605673696), (31050, 1.3059576556130732), (18950, 1.3061552186738221), (60250, 1.3065919510652284), (31750, 1.3098032358050076), (63850, 1.3106078177777911), (36150, 1.3111280809712313), (35750, 1.3112239083747965), (18450, 1.3113112288617466), (98250, 1.3123778785930513), (89050, 1.3126822753767404), (24150, 1.313295668160322), (83750, 1.3132991174575093), (34750, 1.3154285093895521), (80450, 1.3156961852181093), (88450, 1.3161658908094096), (7950, 1.3185500621643897), (10650, 1.3191016248202385), (97950, 1.3193352146556125), (62950, 1.3200197516032868), (38750, 1.3204927490711285), (4250, 1.3216911657034234), (9150, 1.3221666758264923), (54850, 1.3253285306623495), (99550, 1.3263177580786956), (63450, 1.3267102054819033), (98550, 1.3275162592034049), (31250, 1.3283220032831375), (92050, 1.3313182365587946), (60950, 1.3313186842701916), (29950, 1.3326326058770677), (83350, 1.3332900199212772), (97050, 1.3335469591349296), (17350, 1.333837721709742), (40650, 1.3349164217242953), (62150, 1.3351774674945651), (7750, 1.3356929800667188), (60050, 1.3376716824445518), (67650, 1.3385428739114307), (57750, 1.3392205304223104), (14050, 1.3395023633929652), (1150, 1.339716958144086), (21150, 1.3403153993446688), (73950, 1.3405194594448107), (49750, 1.3417606709800305), (55650, 1.3424745761161776), (99250, 1.342624459065093), (21950, 1.3439533168541609), (79550, 1.3439616546723854), (5750, 1.3450921032082825), (32150, 1.3452569363026567), (38950, 1.3454255591545898), (39450, 1.3528755733372815), (27050, 1.3534163181265415), (87950, 1.3534287814289108), (61550, 1.3536330223088837), (16450, 1.3537904754815335), (45950, 1.3538178165740498), (97350, 1.3548538176310214), (18350, 1.3568629589275745)]
[('Limit  (cost=3568.57..3569.03 rows=184 width=12) (actual time=28.448..28.466 rows=184 loops=1)',), ('  ->  Sort  (cost=3568.57..3569.82 rows=497 width=12) (actual time=28.447..28.455 rows=184 loops=1)',), ("        Sort Key: ((iv_v <-> '[0.0395,0.0384,0.0593,0.1022,0.0677,0.0688,0.0859,0.0352,0.0609,0.0466,0.0351,0.0229,0.0148,0.0209,0.0394,0.0269,0.018,0.031,0.0698,0.0888,0.0529,0.0463,0.0545,0.0361,0.0462,0.0412,0.0348,0.0268,0.0115,0.0175,0.0492,0.0297,0.0221,0.0506,0.0659,0.0586,0.0313,0.0712,0.0386,0.0387,0.0326,0.0364,0.0402,0.0368,0.017,0.0184,0.0543,0.0508,0.0391,0.0932,0.1039,0.0601,0.044,0.1264,0.0602,0.0749,0.019,0.0337,0.0961,0.0623,0.0227,0.0285,0.061,0.0647,0.0789,0.0985,0.1225,0.0831,0.0552,0.1415,0.1188,0.1061,0.0237,0.0452,0.183,0.0502,0.0408,0.0451,0.1173,0.0599,0.0501,0.0757,0.0752,0.0564,0.0347,0.1094,0.0892,0.06,0.0265,0.035,0.0853,0.0296,0.0172,0.0355,0.1018,0.0394,0.0274,0.0351,0.0667,0.0694,0.0251,0.0677,0.0353,0.0346,0.0428,0.044,0.0262,0.0223,0.0185,0.0205,0.0558,0.0397,0.0238,0.0433,0.0363,0.0745,0.0424,0.0732,0.0616,0.038,0.0559,0.0361,0.0279,0.0257,0.0151,0.0191,0.0301,0.0322,0.0667,0.0655,0.0902,0.1118,0.0764,0.1144,0.1063,0.0373,0.0508,0.039,0.0422,0.0241,0.0293,0.0292,0.0624,0.0651,0.025,0.0357,0.0631,0.1018,0.0374,0.0563,0.0391,0.03,0.0371,0.0461,0.0454,0.0226,0.0142,0.0219,0.0497,0.0443,0.0294,0.0465,0.0676,0.0555,0.0307,0.0872,0.0376,0.0421,0.0318,0.0466,0.0266,0.0296,0.0211,0.0324,0.0323,0.0238,0.0246,0.0651,0.087,0.049,0.0304,0.1311,0.0754,0.0291,0.0247,0.0456,0.0632,0.0679,0.0274,0.0239,0.0614,0.0673,0.046,0.0631,0.1073,0.0719,0.0473,0.1549,0.1314,0.0378,0.0302,0.0571,0.1423,0.0641,0.0328,0.0367,0.1366,0.0579,0.0224,0.0416,0.0768,0.0778,0.0335,0.1176,0.0794,0.038,0.0261,0.036,0.0864,0.0476,0.0144,0.0225,0.1065,0.0558,0.0238,0.0403,0.082,0.0548,0.0438,0.071,0.0378,0.0476,0.0346,0.0488,0.0197,0.0202,0.0178,0.0144,0.0514,0.0432,0.0375,0.0595,0.0348,0.0533,0.0505,0.0914,0.0668,0.0489,0.0521,0.033,0.0263,0.0327,0.0182,0.0183,0.0264,0.0438,0.0487,0.0515,0.0501,0.0654,0.016,0.0673,0.0375,0.0175,0.0215,0.042,0.0199,0.0181,0.0482,0.0253,0.0283,0.0509,0.0249,0.0566,0.0893,0.0414,0.0288,0.0584,0.0299,0.0254,0.0457,0.0586,0.0402,0.0198,0.029,0.0346,0.0537,0.0296,0.0328,0.0934,0.1517,0.0745,0.0566,0.0819,0.0833,0.056,0.0398,0.0306,0.0738,0.0281,0.0153,0.0739,0.1196,0.0319,0.0197,0.0403,0.0639,0.047,0.0347,0.0539,0.0443,0.0213,0.0203,0.0289,0.029,0.0159,0.0203,0.0364,0.0393,0.0246,0.0298,0.0373,0.0454,0.0655,0.0683,0.0874,0.098,0.0287,0.0635,0.0674,0.0419,0.0192,0.0193,0.0241,0.0388,0.0295,0.0141,0.0281,0.0519,0.0528,0.058,0.1103,0.0553,0.0272,0.0418,0.0418,0.0365,0.0201,0.013,0.0194,0.0507,0.0259,0.0174,0.0447,0.0531,0.0416,0.0366,0.0714,0.0322,0.0342,0.031,0.1006,0.0473,0.0348,0.0125,0.0265,0.056,0.0447,0.0245,0.0754,0.0828,0.0465,0.0585,0.1342,0.049,0.0627,0.0329,0.1089,0.1035,0.0574,0.0206,0.0294,0.0623,0.0564,0.0554,0.0824,0.0948,0.0613,0.069,0.1621,0.0985,0.0928,0.0236,0.0591,0.1686,0.047,0.0399,0.0427,0.1132,0.0501,0.0355,0.0624,0.0577,0.0352,0.0499,0.1113,0.0801,0.0546,0.032,0.0351,0.0826,0.0273,0.0185,0.0306,0.0908,0.0383,0.0212,0.0281,0.0518,0.0461,0.0273,0.0749,0.0336,0.0285,0.0415,0.046,0.0264,0.016,0.0124,0.0192,0.0574,0.0299,0.0175,0.0395,0.0302,0.0547,0.0535,0.0964,0.0678,0.0336,0.0615,0.0466,0.038,0.0195,0.012,0.0168,0.0317,0.0272,0.0458,0.0675,0.0731,0.0849,0.0843,0.1395,0.127,0.0366,0.0554,0.0801,0.0686,0.0219,0.0344,0.0277,0.0492,0.0616,0.0211,0.0444,0.0484,0.066,0.0587,0.0934,0.0533,0.0243,0.0243,0.0389,0.045,0.0213,0.0134,0.0288,0.0519,0.0344,0.0304,0.0536,0.0572,0.044,0.062,0.1021,0.0391,0.0338,0.0362,0.1337,0.0373,0.0275,0.0156,0.0425,0.029,0.0214,0.0157,0.0638,0.0712,0.0437,0.0885,0.2152,0.062,0.0223,0.0546,0.1808,0.106,0.0594,0.0224,0.0359,0.0524,0.0572,0.0432,0.066,0.0862,0.0567,0.1092,0.2191,0.1108,0.0365,0.0441,0.0894,0.1544,0.0574,0.0288,0.0333,0.1362,0.0473,0.0286,0.0522,0.0555,0.0498,0.0801,0.1573,0.0778,0.0334,0.0317,0.0339,0.0807,0.0425,0.014,0.0191,0.0988,0.0441,0.0174,0.0291,0.0522,0.0303,0.0396,0.0752,0.0317,0.0336,0.0423,0.0573,0.023,0.0145,0.0122,0.0155,0.0402,0.0284,0.031,0.0506,0.0286,0.0453,0.0852,0.1073,0.0718,0.0451,0.0575,0.0549,0.0461,0.0262,0.0171,0.0157,0.0205,0.0373,0.0482,0.0719,0.0467,0.052,0.0383,0.0802,0.0241,0.0146,0.0166,0.0318,0.0238,0.0144,0.0383,0.0332,0.0324,0.0437,0.0199,0.0456,0.0597,0.034,0.0456,0.1084,0.0438,0.0239,0.0462,0.088,0.0294,0.0241,0.0225,0.0385,0.0457,0.0248,0.0294,0.078,0.1191,0.0557,0.0852,0.1542,0.1082,0.0515,0.0538,0.0913,0.0869,0.0267,0.015,0.0603,0.0984,0.0287,0.0227,0.0412,0.0477,0.0313,0.0385,0.0818,0.0464,0.0192,0.0183,0.0231,0.0333,0.0151,0.0178,0.0374,0.0358,0.0222,0.0363,0.0399,0.0572,0.0858,0.0686,0.0911,0.0985,0.0325,0.0622,0.0653,0.0418,0.0196,0.0168,0.0215,0.0445,0.0309,0.017,0.0302,0.0629,0.0669,0.0601,0.1099,0.0547,0.0337,0.0443,0.04,0.0359,0.023,0.0127,0.0172,0.0545,0.0272,0.0201,0.0461,0.0583,0.0464,0.0415,0.0737,0.0356,0.0382,0.0276,0.0909,0.0448,0.0384,0.0161,0.0243,0.0539,0.0456,0.0288,0.0782,0.0901,0.0519,0.0623,0.1409,0.0524,0.0725,0.0304,0.1066,0.1049,0.0634,0.0235,0.035,0.0673,0.0624,0.0622,0.091,0.1108,0.0777,0.0752,0.166,0.1094,0.1101,0.0289,0.0588,0.1796,0.049,0.0398,0.05,0.1249,0.0592,0.0402,0.0657,0.0702,0.0486,0.0515,0.1123,0.0833,0.0611,0.0328,0.0334,0.0874,0.0273,0.0167,0.0308,0.101,0.0415,0.0209,0.0289,0.0556,0.0507,0.0313,0.071,0.0304,0.0304,0.0413,0.0486,0.0231,0.0185,0.0157,0.0213,0.0566,0.0326,0.0211,0.0399,0.0332,0.0662,0.0575,0.0874,0.0649,0.0332,0.0627,0.0439,0.0341,0.0227,0.0144,0.0168,0.0304,0.028,0.0467,0.0709,0.0907,0.0974,0.0922,0.1468,0.1325,0.043,0.0544,0.0763,0.0707,0.0254,0.0296,0.0267,0.0612,0.0676,0.0207,0.0468,0.0595,0.0826,0.0605,0.0973,0.0542,0.0328,0.0237,0.0439,0.0431,0.0261,0.0129,0.0255,0.0589,0.0419,0.0304,0.0556,0.0626,0.0514,0.0629,0.1105,0.0436,0.0375,0.0364,0.135,0.0366,0.0314,0.0186,0.0427,0.0299,0.0236,0.0206,0.0634,0.0786,0.0473,0.0932,0.2228,0.0647,0.0249,0.054,0.1788,0.1082,0.0638,0.0276,0.0362,0.0571,0.0657,0.0542,0.0726,0.102,0.0686,0.1215,0.229,0.1334,0.0478,0.0549,0.0935,0.1767,0.0702,0.0371,0.0386,0.1481,0.0551,0.0276,0.0504,0.0686,0.0665,0.0866,0.1606,0.087,0.0404,0.035,0.0335,0.0947,0.0529,0.015,0.0226,0.1122,0.0553,0.0164,0.0296,0.0645,0.0438,0.0426,0.0801,0.0335,0.035,0.0438,0.0546,0.0216,0.0153,0.0136,0.0164,0.0499,0.0366,0.0345,0.0554,0.0354,0.0543,0.0912,0.1173,0.0724,0.0488,0.0624,0.0512,0.0406,0.0326,0.0157,0.0145,0.0242,0.0465,0.0456,0.0691,0.0475,0.053,0.0412,0.0854,0.0285,0.019,0.0219,0.0346,0.0224,0.0159,0.0365,0.0274,0.0277,0.041,0.021,0.05,0.0674,0.0369,0.0467,0.1111,0.049,0.0296,0.053,0.0885,0.0352,0.0254,0.026,0.0402,0.0529,0.0255,0.0341,0.0899,0.1371,0.0678,0.089,0.1635,0.1274,0.0629,0.0618,0.0946,0.1059,0.035,0.0181,0.0675,0.1153,0.0331,0.0214,0.0406,0.0542,0.036,0.0401,0.0856,0.0566,0.0233,0.0218,0.0245,0.0406,0.0187,0.0186,0.0386,0.0403,0.0222]'::vector))",), ('        Sort Method: top-N heapsort  Memory: 39kB',), ('        ->  Seq Scan on item_vector  (cost=0.00..3547.39 rows=497 width=12) (actual time=0.021..28.224 rows=1000 loops=1)',), ("              Filter: (mod((iv_id)::numeric, '100'::numeric) = '50'::numeric)",), ('              Rows Removed by Filter: 99000',), ('Planning Time: 0.033 ms',), ('Execution Time: 28.480 ms',)]
1 1000 320
1000 320
[(50750, 1.0108373624800482), (61350, 1.037131558915578), (63950, 1.0456548383962088), (450, 1.0478464430428878), (32450, 1.052887008444529), (93750, 1.077375510828517), (19750, 1.0838429401677236), (2450, 1.0840954422969562), (4150, 1.0858170696415559), (91850, 1.0880698256771075), (44050, 1.0893971611740918), (13950, 1.0997226040205603), (85250, 1.1034428125176339), (24750, 1.103532044955272), (34350, 1.1093827905515683), (52450, 1.1145397902685201), (7350, 1.1209961320332231), (98850, 1.1229482590873368), (15350, 1.1268726234178241), (27350, 1.1281925043848116), (37750, 1.12827840591535), (49950, 1.1350571591104728), (45150, 1.1376307653363398), (23450, 1.1382374270034012), (30950, 1.141818375960882), (35150, 1.1428118605242914), (61450, 1.142980938192635), (71750, 1.143201713261345), (90750, 1.1513545558971006), (45250, 1.1515842326997825), (96550, 1.1539262153897274), (93150, 1.1539736842323385), (5550, 1.1542318103093208), (22650, 1.1558973444728873), (74650, 1.1605730431943857), (43550, 1.161064845374622), (22050, 1.1641751433282115), (51550, 1.1686531026727294), (41550, 1.170629271557006), (49650, 1.1728885590803093), (84250, 1.1729883627155737), (52950, 1.1729952734472295), (17950, 1.1739499351022802), (43350, 1.1753086902056622), (29750, 1.1765571138175082), (97650, 1.1776350241994555), (8750, 1.1803053696760153), (3150, 1.1832524175693777), (93550, 1.1874594430522851), (47450, 1.1888977658503876), (5250, 1.1977710248343543), (74250, 1.1991431992182775), (88350, 1.1996211765296345), (12450, 1.2004480181255233), (46450, 1.2019423084187646), (6850, 1.2023674697965372), (21050, 1.203627939502527), (35250, 1.2045571856639044), (66350, 1.2062020030379959), (65850, 1.2063900130055845), (5050, 1.2084992503115342), (67450, 1.2108309791228757), (87550, 1.2116342816404169), (86550, 1.2173427869587055), (46750, 1.2195359165803723), (34650, 1.2283076609116), (92250, 1.2342094117171245), (11250, 1.2361110599151106), (54750, 1.237231269711608), (59350, 1.2379357851842503), (67950, 1.2383501773748002), (6450, 1.2384496628469406), (92750, 1.2385950021940764), (6650, 1.2404135266769247), (36450, 1.2415208767208383), (35550, 1.242010331864928), (55850, 1.2450376717103648), (93250, 1.2469123375830726), (14150, 1.2499629968888313), (84550, 1.251455318133373), (76350, 1.251864663746557), (77750, 1.2523928627288388), (2550, 1.252738432584733), (68850, 1.2567185092894018), (43950, 1.2587804919795271), (11150, 1.258972864811496), (76050, 1.259647996718852), (95050, 1.261507896543774), (65150, 1.2640356751791504), (61050, 1.2641072532926738), (89950, 1.2651196636550628), (28950, 1.2657741882556686), (4450, 1.266268719518783), (81650, 1.266736425603722), (46250, 1.2676259929629394), (37550, 1.2682202421758177), (38350, 1.268571132585621), (69850, 1.2707637027779928), (40150, 1.2708969517193942), (25150, 1.272118007680053), (64050, 1.2734416657362126), (24350, 1.2749946762422601), (28350, 1.2759368334415067), (84950, 1.2792772131420833), (29050, 1.2795028870085285), (60350, 1.2826998346363276), (69250, 1.2830855084867192), (87050, 1.2834887600366833), (94750, 1.2871717979101334), (9450, 1.2891463743723965), (8850, 1.2893172965957467), (58550, 1.2922756031265292), (5350, 1.2926063605988845), (87350, 1.2947322654857474), (15450, 1.2951645199464148), (32550, 1.2953637291288083), (9850, 1.296043405135648), (89250, 1.2961510165614014), (86250, 1.2971299621716506), (21650, 1.2978565224580731), (87750, 1.2984216957645323), (91650, 1.3004306171715618), (77550, 1.3037389630795053), (53050, 1.3048313998054826), (50250, 1.3048640605673696), (31050, 1.3059576556130732), (18950, 1.3061552186738221), (60250, 1.3065919510652284), (31750, 1.3098032358050076), (63850, 1.3106078177777911), (36150, 1.3111280809712313), (35750, 1.3112239083747965), (18450, 1.3113112288617466), (98250, 1.3123778785930513), (89050, 1.3126822753767404), (24150, 1.313295668160322), (83750, 1.3132991174575093), (34750, 1.3154285093895521), (80450, 1.3156961852181093), (88450, 1.3161658908094096), (7950, 1.3185500621643897), (10650, 1.3191016248202385), (97950, 1.3193352146556125), (62950, 1.3200197516032868), (38750, 1.3204927490711285), (4250, 1.3216911657034234), (9150, 1.3221666758264923), (54850, 1.3253285306623495), (99550, 1.3263177580786956), (63450, 1.3267102054819033), (98550, 1.3275162592034049), (31250, 1.3283220032831375), (92050, 1.3313182365587946), (60950, 1.3313186842701916), (29950, 1.3326326058770677), (83350, 1.3332900199212772), (97050, 1.3335469591349296), (17350, 1.333837721709742), (40650, 1.3349164217242953), (62150, 1.3351774674945651), (7750, 1.3356929800667188), (60050, 1.3376716824445518), (67650, 1.3385428739114307), (57750, 1.3392205304223104), (14050, 1.3395023633929652), (1150, 1.339716958144086), (21150, 1.3403153993446688), (73950, 1.3405194594448107), (49750, 1.3417606709800305), (55650, 1.3424745761161776), (99250, 1.342624459065093), (21950, 1.3439533168541609), (79550, 1.3439616546723854), (5750, 1.3450921032082825), (32150, 1.3452569363026567), (38950, 1.3454255591545898), (39450, 1.3528755733372815), (27050, 1.3534163181265415), (87950, 1.3534287814289108), (61550, 1.3536330223088837), (16450, 1.3537904754815335), (45950, 1.3538178165740498), (97350, 1.3548538176310214), (18350, 1.3568629589275745), (16950, 1.3569062275853478), (86450, 1.3588907541262396), (71850, 1.3590330811994138), (20250, 1.3591663595106074), (98950, 1.3596668149426352), (7550, 1.3601353590586298), (82750, 1.3602428077882), (97150, 1.3615810865280995), (96650, 1.3627624398956453), (33850, 1.3627739429683428), (32050, 1.3633543065998661), (20750, 1.3649541870226243), (10350, 1.3650840054327893), (40550, 1.3658012992138813), (63150, 1.3658453756984252), (75150, 1.367866391154594), (33450, 1.368192553989339), (99950, 1.3684067875006616), (52650, 1.3684862344291306), (79650, 1.3688574047711701), (62850, 1.3697043223025773), (55950, 1.3705558482484506), (8150, 1.371152132100931), (57950, 1.3713137023650677), (47150, 1.3720594955506666), (36850, 1.3733457671377272), (1850, 1.3742336825393886), (12350, 1.3757867729600377), (66450, 1.3783991153953312), (98650, 1.3788810057666196), (91250, 1.380761732563742), (6550, 1.3820699648612607), (89350, 1.3824105837086782), (4650, 1.3849723026797551), (12850, 1.3856076799617054), (9650, 1.3858893694686196), (45750, 1.386192716304129), (15750, 1.3866476551152587), (13250, 1.3870555629836074), (4550, 1.3882872830905462), (66150, 1.3885025801121247), (64450, 1.3890525414160297), (21450, 1.3913737220967344), (49550, 1.39345562481861), (84450, 1.3936390306575863), (65350, 1.3939350467200713), (87150, 1.3949403136142215), (48650, 1.395368992258856), (25450, 1.396132887775723), (35850, 1.3982167842308846), (50650, 1.3986887785985278), (58950, 1.3988566276673897), (77950, 1.3989070338512566), (67050, 1.3990652710506084), (83150, 1.400168046061911), (33650, 1.4021725350846634), (75250, 1.4032105128816592), (72550, 1.4048874930138475), (41250, 1.4049020876994733), (16250, 1.4049954222200691), (2150, 1.405094265202162), (9950, 1.4053624213107963), (32250, 1.406361723806239), (46850, 1.4065317083690805), (37950, 1.4069276660363517), (18550, 1.4072942459380229), (95250, 1.4076644565589918), (13450, 1.407709042963573), (93950, 1.408053153381252), (81750, 1.408428369885652), (92550, 1.4086504898872563), (96250, 1.4096703365822685), (73550, 1.4097973480418298), (82950, 1.4100680336873006), (98150, 1.4113650648919294), (47350, 1.413070246273886), (56250, 1.4144232695430334), (12750, 1.4150606289333079), (8650, 1.4151500081862542), (81150, 1.417253970907896), (99150, 1.4176769113900745), (50450, 1.4182579229070684), (93650, 1.418502412946583), (51750, 1.4186112390627725), (68250, 1.4192836749227913), (33750, 1.4215756614748325), (68750, 1.4230802688638609), (92950, 1.4260419215370919), (44950, 1.4261306125645112), (39350, 1.4268609961993408), (69150, 1.4271271506309426), (23150, 1.4315407003838447), (19850, 1.4317656874838847), (57250, 1.4323926670414067), (49450, 1.4336639303964596), (40350, 1.4337293680264687), (39150, 1.4356507555686102), (52250, 1.4359116279006374), (16350, 1.43837893608591), (4350, 1.4391226525010474), (96450, 1.4397543769209515), (75050, 1.4399250970009323), (98450, 1.4400811449341149), (25850, 1.4403190337529699), (81350, 1.4411262715837234), (83250, 1.4416454912662833), (42850, 1.441653677527212), (57050, 1.4428458945821954), (72250, 1.4438703610670423), (56750, 1.4441406448112488), (29850, 1.444191327699837), (11650, 1.4460078036149162), (45450, 1.446423902285405), (85750, 1.4469298515056708), (37850, 1.4504306383929362), (51050, 1.4514689699720162), (30250, 1.4522909416459953), (48250, 1.4534590142412347), (94650, 1.4538038575420769), (10450, 1.45387052054474), (69650, 1.4549026281016473), (46050, 1.4556953094130125), (47750, 1.4560145699432279), (89850, 1.4595849615173813), (10250, 1.4603635915271265), (38850, 1.4619043588156992), (67250, 1.4630948218321733), (250, 1.4646991302308467), (95750, 1.4648487141842967), (67850, 1.4649899015631913), (80350, 1.4662333903302822), (28450, 1.4681267735002441), (17750, 1.4712287601827319), (11950, 1.4714725503023611), (66550, 1.4724858435839219), (94950, 1.47336195168527)]
[('Limit  (cost=3569.65..3570.45 rows=320 width=12) (actual time=28.468..28.498 rows=320 loops=1)',), ('  ->  Sort  (cost=3569.65..3570.89 rows=497 width=12) (actual time=28.467..28.481 rows=320 loops=1)',), ("        Sort Key: ((iv_v <-> '[0.0395,0.0384,0.0593,0.1022,0.0677,0.0688,0.0859,0.0352,0.0609,0.0466,0.0351,0.0229,0.0148,0.0209,0.0394,0.0269,0.018,0.031,0.0698,0.0888,0.0529,0.0463,0.0545,0.0361,0.0462,0.0412,0.0348,0.0268,0.0115,0.0175,0.0492,0.0297,0.0221,0.0506,0.0659,0.0586,0.0313,0.0712,0.0386,0.0387,0.0326,0.0364,0.0402,0.0368,0.017,0.0184,0.0543,0.0508,0.0391,0.0932,0.1039,0.0601,0.044,0.1264,0.0602,0.0749,0.019,0.0337,0.0961,0.0623,0.0227,0.0285,0.061,0.0647,0.0789,0.0985,0.1225,0.0831,0.0552,0.1415,0.1188,0.1061,0.0237,0.0452,0.183,0.0502,0.0408,0.0451,0.1173,0.0599,0.0501,0.0757,0.0752,0.0564,0.0347,0.1094,0.0892,0.06,0.0265,0.035,0.0853,0.0296,0.0172,0.0355,0.1018,0.0394,0.0274,0.0351,0.0667,0.0694,0.0251,0.0677,0.0353,0.0346,0.0428,0.044,0.0262,0.0223,0.0185,0.0205,0.0558,0.0397,0.0238,0.0433,0.0363,0.0745,0.0424,0.0732,0.0616,0.038,0.0559,0.0361,0.0279,0.0257,0.0151,0.0191,0.0301,0.0322,0.0667,0.0655,0.0902,0.1118,0.0764,0.1144,0.1063,0.0373,0.0508,0.039,0.0422,0.0241,0.0293,0.0292,0.0624,0.0651,0.025,0.0357,0.0631,0.1018,0.0374,0.0563,0.0391,0.03,0.0371,0.0461,0.0454,0.0226,0.0142,0.0219,0.0497,0.0443,0.0294,0.0465,0.0676,0.0555,0.0307,0.0872,0.0376,0.0421,0.0318,0.0466,0.0266,0.0296,0.0211,0.0324,0.0323,0.0238,0.0246,0.0651,0.087,0.049,0.0304,0.1311,0.0754,0.0291,0.0247,0.0456,0.0632,0.0679,0.0274,0.0239,0.0614,0.0673,0.046,0.0631,0.1073,0.0719,0.0473,0.1549,0.1314,0.0378,0.0302,0.0571,0.1423,0.0641,0.0328,0.0367,0.1366,0.0579,0.0224,0.0416,0.0768,0.0778,0.0335,0.1176,0.0794,0.038,0.0261,0.036,0.0864,0.0476,0.0144,0.0225,0.1065,0.0558,0.0238,0.0403,0.082,0.0548,0.0438,0.071,0.0378,0.0476,0.0346,0.0488,0.0197,0.0202,0.0178,0.0144,0.0514,0.0432,0.0375,0.0595,0.0348,0.0533,0.0505,0.0914,0.0668,0.0489,0.0521,0.033,0.0263,0.0327,0.0182,0.0183,0.0264,0.0438,0.0487,0.0515,0.0501,0.0654,0.016,0.0673,0.0375,0.0175,0.0215,0.042,0.0199,0.0181,0.0482,0.0253,0.0283,0.0509,0.0249,0.0566,0.0893,0.0414,0.0288,0.0584,0.0299,0.0254,0.0457,0.0586,0.0402,0.0198,0.029,0.0346,0.0537,0.0296,0.0328,0.0934,0.1517,0.0745,0.0566,0.0819,0.0833,0.056,0.0398,0.0306,0.0738,0.0281,0.0153,0.0739,0.1196,0.0319,0.0197,0.0403,0.0639,0.047,0.0347,0.0539,0.0443,0.0213,0.0203,0.0289,0.029,0.0159,0.0203,0.0364,0.0393,0.0246,0.0298,0.0373,0.0454,0.0655,0.0683,0.0874,0.098,0.0287,0.0635,0.0674,0.0419,0.0192,0.0193,0.0241,0.0388,0.0295,0.0141,0.0281,0.0519,0.0528,0.058,0.1103,0.0553,0.0272,0.0418,0.0418,0.0365,0.0201,0.013,0.0194,0.0507,0.0259,0.0174,0.0447,0.0531,0.0416,0.0366,0.0714,0.0322,0.0342,0.031,0.1006,0.0473,0.0348,0.0125,0.0265,0.056,0.0447,0.0245,0.0754,0.0828,0.0465,0.0585,0.1342,0.049,0.0627,0.0329,0.1089,0.1035,0.0574,0.0206,0.0294,0.0623,0.0564,0.0554,0.0824,0.0948,0.0613,0.069,0.1621,0.0985,0.0928,0.0236,0.0591,0.1686,0.047,0.0399,0.0427,0.1132,0.0501,0.0355,0.0624,0.0577,0.0352,0.0499,0.1113,0.0801,0.0546,0.032,0.0351,0.0826,0.0273,0.0185,0.0306,0.0908,0.0383,0.0212,0.0281,0.0518,0.0461,0.0273,0.0749,0.0336,0.0285,0.0415,0.046,0.0264,0.016,0.0124,0.0192,0.0574,0.0299,0.0175,0.0395,0.0302,0.0547,0.0535,0.0964,0.0678,0.0336,0.0615,0.0466,0.038,0.0195,0.012,0.0168,0.0317,0.0272,0.0458,0.0675,0.0731,0.0849,0.0843,0.1395,0.127,0.0366,0.0554,0.0801,0.0686,0.0219,0.0344,0.0277,0.0492,0.0616,0.0211,0.0444,0.0484,0.066,0.0587,0.0934,0.0533,0.0243,0.0243,0.0389,0.045,0.0213,0.0134,0.0288,0.0519,0.0344,0.0304,0.0536,0.0572,0.044,0.062,0.1021,0.0391,0.0338,0.0362,0.1337,0.0373,0.0275,0.0156,0.0425,0.029,0.0214,0.0157,0.0638,0.0712,0.0437,0.0885,0.2152,0.062,0.0223,0.0546,0.1808,0.106,0.0594,0.0224,0.0359,0.0524,0.0572,0.0432,0.066,0.0862,0.0567,0.1092,0.2191,0.1108,0.0365,0.0441,0.0894,0.1544,0.0574,0.0288,0.0333,0.1362,0.0473,0.0286,0.0522,0.0555,0.0498,0.0801,0.1573,0.0778,0.0334,0.0317,0.0339,0.0807,0.0425,0.014,0.0191,0.0988,0.0441,0.0174,0.0291,0.0522,0.0303,0.0396,0.0752,0.0317,0.0336,0.0423,0.0573,0.023,0.0145,0.0122,0.0155,0.0402,0.0284,0.031,0.0506,0.0286,0.0453,0.0852,0.1073,0.0718,0.0451,0.0575,0.0549,0.0461,0.0262,0.0171,0.0157,0.0205,0.0373,0.0482,0.0719,0.0467,0.052,0.0383,0.0802,0.0241,0.0146,0.0166,0.0318,0.0238,0.0144,0.0383,0.0332,0.0324,0.0437,0.0199,0.0456,0.0597,0.034,0.0456,0.1084,0.0438,0.0239,0.0462,0.088,0.0294,0.0241,0.0225,0.0385,0.0457,0.0248,0.0294,0.078,0.1191,0.0557,0.0852,0.1542,0.1082,0.0515,0.0538,0.0913,0.0869,0.0267,0.015,0.0603,0.0984,0.0287,0.0227,0.0412,0.0477,0.0313,0.0385,0.0818,0.0464,0.0192,0.0183,0.0231,0.0333,0.0151,0.0178,0.0374,0.0358,0.0222,0.0363,0.0399,0.0572,0.0858,0.0686,0.0911,0.0985,0.0325,0.0622,0.0653,0.0418,0.0196,0.0168,0.0215,0.0445,0.0309,0.017,0.0302,0.0629,0.0669,0.0601,0.1099,0.0547,0.0337,0.0443,0.04,0.0359,0.023,0.0127,0.0172,0.0545,0.0272,0.0201,0.0461,0.0583,0.0464,0.0415,0.0737,0.0356,0.0382,0.0276,0.0909,0.0448,0.0384,0.0161,0.0243,0.0539,0.0456,0.0288,0.0782,0.0901,0.0519,0.0623,0.1409,0.0524,0.0725,0.0304,0.1066,0.1049,0.0634,0.0235,0.035,0.0673,0.0624,0.0622,0.091,0.1108,0.0777,0.0752,0.166,0.1094,0.1101,0.0289,0.0588,0.1796,0.049,0.0398,0.05,0.1249,0.0592,0.0402,0.0657,0.0702,0.0486,0.0515,0.1123,0.0833,0.0611,0.0328,0.0334,0.0874,0.0273,0.0167,0.0308,0.101,0.0415,0.0209,0.0289,0.0556,0.0507,0.0313,0.071,0.0304,0.0304,0.0413,0.0486,0.0231,0.0185,0.0157,0.0213,0.0566,0.0326,0.0211,0.0399,0.0332,0.0662,0.0575,0.0874,0.0649,0.0332,0.0627,0.0439,0.0341,0.0227,0.0144,0.0168,0.0304,0.028,0.0467,0.0709,0.0907,0.0974,0.0922,0.1468,0.1325,0.043,0.0544,0.0763,0.0707,0.0254,0.0296,0.0267,0.0612,0.0676,0.0207,0.0468,0.0595,0.0826,0.0605,0.0973,0.0542,0.0328,0.0237,0.0439,0.0431,0.0261,0.0129,0.0255,0.0589,0.0419,0.0304,0.0556,0.0626,0.0514,0.0629,0.1105,0.0436,0.0375,0.0364,0.135,0.0366,0.0314,0.0186,0.0427,0.0299,0.0236,0.0206,0.0634,0.0786,0.0473,0.0932,0.2228,0.0647,0.0249,0.054,0.1788,0.1082,0.0638,0.0276,0.0362,0.0571,0.0657,0.0542,0.0726,0.102,0.0686,0.1215,0.229,0.1334,0.0478,0.0549,0.0935,0.1767,0.0702,0.0371,0.0386,0.1481,0.0551,0.0276,0.0504,0.0686,0.0665,0.0866,0.1606,0.087,0.0404,0.035,0.0335,0.0947,0.0529,0.015,0.0226,0.1122,0.0553,0.0164,0.0296,0.0645,0.0438,0.0426,0.0801,0.0335,0.035,0.0438,0.0546,0.0216,0.0153,0.0136,0.0164,0.0499,0.0366,0.0345,0.0554,0.0354,0.0543,0.0912,0.1173,0.0724,0.0488,0.0624,0.0512,0.0406,0.0326,0.0157,0.0145,0.0242,0.0465,0.0456,0.0691,0.0475,0.053,0.0412,0.0854,0.0285,0.019,0.0219,0.0346,0.0224,0.0159,0.0365,0.0274,0.0277,0.041,0.021,0.05,0.0674,0.0369,0.0467,0.1111,0.049,0.0296,0.053,0.0885,0.0352,0.0254,0.026,0.0402,0.0529,0.0255,0.0341,0.0899,0.1371,0.0678,0.089,0.1635,0.1274,0.0629,0.0618,0.0946,0.1059,0.035,0.0181,0.0675,0.1153,0.0331,0.0214,0.0406,0.0542,0.036,0.0401,0.0856,0.0566,0.0233,0.0218,0.0245,0.0406,0.0187,0.0186,0.0386,0.0403,0.0222]'::vector))",), ('        Sort Method: top-N heapsort  Memory: 49kB',), ('        ->  Seq Scan on item_vector  (cost=0.00..3547.39 rows=497 width=12) (actual time=0.022..28.211 rows=1000 loops=1)',), ("              Filter: (mod((iv_id)::numeric, '100'::numeric) = '50'::numeric)",), ('              Rows Removed by Filter: 99000',), ('Planning Time: 0.035 ms',), ('Execution Time: 28.516 ms',)]
1 1000 640
1000 640
[(50750, 1.0108373624800482), (61350, 1.037131558915578), (63950, 1.0456548383962088), (450, 1.0478464430428878), (32450, 1.052887008444529), (93750, 1.077375510828517), (19750, 1.0838429401677236), (2450, 1.0840954422969562), (4150, 1.0858170696415559), (91850, 1.0880698256771075), (44050, 1.0893971611740918), (13950, 1.0997226040205603), (85250, 1.1034428125176339), (24750, 1.103532044955272), (34350, 1.1093827905515683), (52450, 1.1145397902685201), (7350, 1.1209961320332231), (98850, 1.1229482590873368), (15350, 1.1268726234178241), (27350, 1.1281925043848116), (37750, 1.12827840591535), (49950, 1.1350571591104728), (45150, 1.1376307653363398), (23450, 1.1382374270034012), (30950, 1.141818375960882), (35150, 1.1428118605242914), (61450, 1.142980938192635), (71750, 1.143201713261345), (90750, 1.1513545558971006), (45250, 1.1515842326997825), (96550, 1.1539262153897274), (93150, 1.1539736842323385), (5550, 1.1542318103093208), (22650, 1.1558973444728873), (74650, 1.1605730431943857), (43550, 1.161064845374622), (22050, 1.1641751433282115), (51550, 1.1686531026727294), (41550, 1.170629271557006), (49650, 1.1728885590803093), (84250, 1.1729883627155737), (52950, 1.1729952734472295), (17950, 1.1739499351022802), (43350, 1.1753086902056622), (29750, 1.1765571138175082), (97650, 1.1776350241994555), (8750, 1.1803053696760153), (3150, 1.1832524175693777), (93550, 1.1874594430522851), (47450, 1.1888977658503876), (5250, 1.1977710248343543), (74250, 1.1991431992182775), (88350, 1.1996211765296345), (12450, 1.2004480181255233), (46450, 1.2019423084187646), (6850, 1.2023674697965372), (21050, 1.203627939502527), (35250, 1.2045571856639044), (66350, 1.2062020030379959), (65850, 1.2063900130055845), (5050, 1.2084992503115342), (67450, 1.2108309791228757), (87550, 1.2116342816404169), (86550, 1.2173427869587055), (46750, 1.2195359165803723), (34650, 1.2283076609116), (92250, 1.2342094117171245), (11250, 1.2361110599151106), (54750, 1.237231269711608), (59350, 1.2379357851842503), (67950, 1.2383501773748002), (6450, 1.2384496628469406), (92750, 1.2385950021940764), (6650, 1.2404135266769247), (36450, 1.2415208767208383), (35550, 1.242010331864928), (55850, 1.2450376717103648), (93250, 1.2469123375830726), (14150, 1.2499629968888313), (84550, 1.251455318133373), (76350, 1.251864663746557), (77750, 1.2523928627288388), (2550, 1.252738432584733), (68850, 1.2567185092894018), (43950, 1.2587804919795271), (11150, 1.258972864811496), (76050, 1.259647996718852), (95050, 1.261507896543774), (65150, 1.2640356751791504), (61050, 1.2641072532926738), (89950, 1.2651196636550628), (28950, 1.2657741882556686), (4450, 1.266268719518783), (81650, 1.266736425603722), (46250, 1.2676259929629394), (37550, 1.2682202421758177), (38350, 1.268571132585621), (69850, 1.2707637027779928), (40150, 1.2708969517193942), (25150, 1.272118007680053), (64050, 1.2734416657362126), (24350, 1.2749946762422601), (28350, 1.2759368334415067), (84950, 1.2792772131420833), (29050, 1.2795028870085285), (60350, 1.2826998346363276), (69250, 1.2830855084867192), (87050, 1.2834887600366833), (94750, 1.2871717979101334), (9450, 1.2891463743723965), (8850, 1.2893172965957467), (58550, 1.2922756031265292), (5350, 1.2926063605988845), (87350, 1.2947322654857474), (15450, 1.2951645199464148), (32550, 1.2953637291288083), (9850, 1.296043405135648), (89250, 1.2961510165614014), (86250, 1.2971299621716506), (21650, 1.2978565224580731), (87750, 1.2984216957645323), (91650, 1.3004306171715618), (77550, 1.3037389630795053), (53050, 1.3048313998054826), (50250, 1.3048640605673696), (31050, 1.3059576556130732), (18950, 1.3061552186738221), (60250, 1.3065919510652284), (31750, 1.3098032358050076), (63850, 1.3106078177777911), (36150, 1.3111280809712313), (35750, 1.3112239083747965), (18450, 1.3113112288617466), (98250, 1.3123778785930513), (89050, 1.3126822753767404), (24150, 1.313295668160322), (83750, 1.3132991174575093), (34750, 1.3154285093895521), (80450, 1.3156961852181093), (88450, 1.3161658908094096), (7950, 1.3185500621643897), (10650, 1.3191016248202385), (97950, 1.3193352146556125), (62950, 1.3200197516032868), (38750, 1.3204927490711285), (4250, 1.3216911657034234), (9150, 1.3221666758264923), (54850, 1.3253285306623495), (99550, 1.3263177580786956), (63450, 1.3267102054819033), (98550, 1.3275162592034049), (31250, 1.3283220032831375), (92050, 1.3313182365587946), (60950, 1.3313186842701916), (29950, 1.3326326058770677), (83350, 1.3332900199212772), (97050, 1.3335469591349296), (17350, 1.333837721709742), (40650, 1.3349164217242953), (62150, 1.3351774674945651), (7750, 1.3356929800667188), (60050, 1.3376716824445518), (67650, 1.3385428739114307), (57750, 1.3392205304223104), (14050, 1.3395023633929652), (1150, 1.339716958144086), (21150, 1.3403153993446688), (73950, 1.3405194594448107), (49750, 1.3417606709800305), (55650, 1.3424745761161776), (99250, 1.342624459065093), (21950, 1.3439533168541609), (79550, 1.3439616546723854), (5750, 1.3450921032082825), (32150, 1.3452569363026567), (38950, 1.3454255591545898), (39450, 1.3528755733372815), (27050, 1.3534163181265415), (87950, 1.3534287814289108), (61550, 1.3536330223088837), (16450, 1.3537904754815335), (45950, 1.3538178165740498), (97350, 1.3548538176310214), (18350, 1.3568629589275745), (16950, 1.3569062275853478), (86450, 1.3588907541262396), (71850, 1.3590330811994138), (20250, 1.3591663595106074), (98950, 1.3596668149426352), (7550, 1.3601353590586298), (82750, 1.3602428077882), (97150, 1.3615810865280995), (96650, 1.3627624398956453), (33850, 1.3627739429683428), (32050, 1.3633543065998661), (20750, 1.3649541870226243), (10350, 1.3650840054327893), (40550, 1.3658012992138813), (63150, 1.3658453756984252), (75150, 1.367866391154594), (33450, 1.368192553989339), (99950, 1.3684067875006616), (52650, 1.3684862344291306), (79650, 1.3688574047711701), (62850, 1.3697043223025773), (55950, 1.3705558482484506), (8150, 1.371152132100931), (57950, 1.3713137023650677), (47150, 1.3720594955506666), (36850, 1.3733457671377272), (1850, 1.3742336825393886), (12350, 1.3757867729600377), (66450, 1.3783991153953312), (98650, 1.3788810057666196), (91250, 1.380761732563742), (6550, 1.3820699648612607), (89350, 1.3824105837086782), (4650, 1.3849723026797551), (12850, 1.3856076799617054), (9650, 1.3858893694686196), (45750, 1.386192716304129), (15750, 1.3866476551152587), (13250, 1.3870555629836074), (4550, 1.3882872830905462), (66150, 1.3885025801121247), (64450, 1.3890525414160297), (21450, 1.3913737220967344), (49550, 1.39345562481861), (84450, 1.3936390306575863), (65350, 1.3939350467200713), (87150, 1.3949403136142215), (48650, 1.395368992258856), (25450, 1.396132887775723), (35850, 1.3982167842308846), (50650, 1.3986887785985278), (58950, 1.3988566276673897), (77950, 1.3989070338512566), (67050, 1.3990652710506084), (83150, 1.400168046061911), (33650, 1.4021725350846634), (75250, 1.4032105128816592), (72550, 1.4048874930138475), (41250, 1.4049020876994733), (16250, 1.4049954222200691), (2150, 1.405094265202162), (9950, 1.4053624213107963), (32250, 1.406361723806239), (46850, 1.4065317083690805), (37950, 1.4069276660363517), (18550, 1.4072942459380229), (95250, 1.4076644565589918), (13450, 1.407709042963573), (93950, 1.408053153381252), (81750, 1.408428369885652), (92550, 1.4086504898872563), (96250, 1.4096703365822685), (73550, 1.4097973480418298), (82950, 1.4100680336873006), (98150, 1.4113650648919294), (47350, 1.413070246273886), (56250, 1.4144232695430334), (12750, 1.4150606289333079), (8650, 1.4151500081862542), (81150, 1.417253970907896), (99150, 1.4176769113900745), (50450, 1.4182579229070684), (93650, 1.418502412946583), (51750, 1.4186112390627725), (68250, 1.4192836749227913), (33750, 1.4215756614748325), (68750, 1.4230802688638609), (92950, 1.4260419215370919), (44950, 1.4261306125645112), (39350, 1.4268609961993408), (69150, 1.4271271506309426), (23150, 1.4315407003838447), (19850, 1.4317656874838847), (57250, 1.4323926670414067), (49450, 1.4336639303964596), (40350, 1.4337293680264687), (39150, 1.4356507555686102), (52250, 1.4359116279006374), (16350, 1.43837893608591), (4350, 1.4391226525010474), (96450, 1.4397543769209515), (75050, 1.4399250970009323), (98450, 1.4400811449341149), (25850, 1.4403190337529699), (81350, 1.4411262715837234), (83250, 1.4416454912662833), (42850, 1.441653677527212), (57050, 1.4428458945821954), (72250, 1.4438703610670423), (56750, 1.4441406448112488), (29850, 1.444191327699837), (11650, 1.4460078036149162), (45450, 1.446423902285405), (85750, 1.4469298515056708), (37850, 1.4504306383929362), (51050, 1.4514689699720162), (30250, 1.4522909416459953), (48250, 1.4534590142412347), (94650, 1.4538038575420769), (10450, 1.45387052054474), (69650, 1.4549026281016473), (46050, 1.4556953094130125), (47750, 1.4560145699432279), (89850, 1.4595849615173813), (10250, 1.4603635915271265), (38850, 1.4619043588156992), (67250, 1.4630948218321733), (250, 1.4646991302308467), (95750, 1.4648487141842967), (67850, 1.4649899015631913), (80350, 1.4662333903302822), (28450, 1.4681267735002441), (17750, 1.4712287601827319), (11950, 1.4714725503023611), (66550, 1.4724858435839219), (94950, 1.47336195168527), (70250, 1.4737985567048297), (750, 1.4743539753215673), (91450, 1.474716485788099), (550, 1.4753279596159907), (650, 1.4754603071778145), (77850, 1.4756953200792695), (42950, 1.4757258552748738), (68450, 1.4759772215535447), (56150, 1.4785540032791473), (88050, 1.478795457207386), (71650, 1.4814025832509945), (20650, 1.4819808122883111), (70950, 1.482423644133908), (72950, 1.483032744022373), (80850, 1.4863878756931), (58250, 1.4869166248038395), (23350, 1.487709556372175), (58450, 1.4885371431246828), (71050, 1.488842635519639), (39050, 1.490682911897511), (56650, 1.4907791921651175), (72350, 1.4911842368782635), (40950, 1.4923204292885208), (3750, 1.4932380692857823), (64550, 1.493481140201541), (96350, 1.4935963954716542), (49850, 1.49442638581689), (1550, 1.4948467107157166), (73450, 1.4951468476605687), (30650, 1.4953346019614207), (86850, 1.4956968891674332), (79150, 1.4965337599270658), (83650, 1.496597404463252), (76150, 1.496614848488069), (1450, 1.4983595779095), (44350, 1.4992860048444758), (91550, 1.5001419318125453), (19050, 1.5002592180703405), (41950, 1.5007070623327607), (1750, 1.5013500337202617), (14550, 1.5020764601607968), (6750, 1.5023368275880151), (86050, 1.5036276819419425), (15950, 1.5064391369608363), (95350, 1.5077581049935789), (22450, 1.508099938700968), (53650, 1.5083708050676545), (24450, 1.508812054208922), (17050, 1.5096789257427512), (60650, 1.5100646123893833), (70650, 1.510198888753978), (38150, 1.510848551422979), (88150, 1.5111082751739917), (59050, 1.5112327563340926), (31450, 1.511676797605057), (30150, 1.5116962756474988), (73350, 1.5120095458763774), (54650, 1.5120849165912973), (96150, 1.514133309203503), (39950, 1.514620339817359), (99350, 1.514859428934501), (55750, 1.5151251529076364), (15150, 1.5154672127615703), (30050, 1.5172232626600193), (74150, 1.5173591053142235), (88650, 1.5189315279256301), (22350, 1.5198315321269535), (24850, 1.5200147472469288), (57350, 1.524057428454404), (13150, 1.5240956767579361), (13750, 1.5244576193178718), (62550, 1.5259671068258653), (85150, 1.526693688712927), (26150, 1.5273761404363988), (48150, 1.5277545503334145), (28250, 1.5283055703911594), (41150, 1.5284299768462781), (41350, 1.5304866367169194), (26650, 1.533882525127369), (85850, 1.5342247541717857), (50050, 1.5389167213141786), (41650, 1.5391919231700537), (28850, 1.5396783051817238), (50550, 1.5403077949982982), (48750, 1.5405603855658196), (26450, 1.540911962312625), (87650, 1.5415323645714085), (95950, 1.542652570947483), (58650, 1.542854246888647), (96750, 1.5428865434983865), (21550, 1.5430075338776774), (81250, 1.5463283613327448), (82250, 1.5476277379081904), (11450, 1.5509199181351245), (89750, 1.5527731452756024), (92350, 1.5533881964156377), (38650, 1.553916931882788), (34950, 1.5559705491012386), (34550, 1.557674433215291), (47850, 1.5578606203045033), (350, 1.5593471761602515), (34050, 1.5594666601239302), (16050, 1.5596959703017093), (82650, 1.5626095542647849), (3250, 1.5655626417826465), (6950, 1.5672165446761), (86750, 1.5695041075011988), (57650, 1.5702739350247352), (62250, 1.5709077077134623), (48450, 1.5710348109680956), (52350, 1.5710382255405562), (77250, 1.5725553826069105), (17550, 1.5758627360300856), (32750, 1.576339315717002), (87850, 1.5775326665286027), (97450, 1.5796158801708533), (45050, 1.5797483196681243), (59950, 1.5811366436400132), (23850, 1.5819485866472678), (12950, 1.5819905593725418), (9050, 1.5821356844870156), (66250, 1.5828249600401103), (18750, 1.5831691840896378), (74950, 1.5844503862552834), (74450, 1.5851269985788317), (8550, 1.5852525857574353), (22150, 1.586518355111004), (72150, 1.586829474909067), (69550, 1.589495421545509), (80550, 1.590280983526931), (89450, 1.5906537965817182), (11550, 1.590766357855749), (10750, 1.5924729859652416), (73650, 1.5933128206111098), (43650, 1.5933986351299414), (56950, 1.594807591806238), (18150, 1.5952736546254658), (23950, 1.5957628890277047), (91750, 1.5957858975816306), (48850, 1.5967034294393094), (56450, 1.5972774588206469), (10950, 1.5974052250646875), (14750, 1.5975851402220098), (59750, 1.5988652288147114), (26350, 1.6024369248520431), (7050, 1.6026293666950597), (72650, 1.6027634002787028), (23050, 1.6037393801806565), (64850, 1.6047164750942275), (84150, 1.6048946050104127), (18250, 1.6050343169349428), (64750, 1.6057603854265659), (21750, 1.6063463174759984), (850, 1.6070583669463716), (34250, 1.6126626516709819), (76650, 1.6133742040128423), (8950, 1.6140089264330952), (17250, 1.6150340609900333), (950, 1.615788393594141), (79450, 1.615971647221579), (53550, 1.6165428166617133), (83550, 1.616615747193908), (58350, 1.6181731974885483), (35050, 1.6190844481216957), (85050, 1.619505322364289), (27950, 1.6205645697140323), (69050, 1.62126640411525), (76750, 1.6229125333381613), (44550, 1.6231561617087151), (68050, 1.6260553014437336), (65250, 1.627380974280214), (52850, 1.62788845987181), (37650, 1.6281182375015133), (11350, 1.6288351139480557), (79350, 1.6296191953716759), (51650, 1.6297211655443073), (26950, 1.629752837907591), (94550, 1.633105384075261), (85550, 1.634207389800082), (11850, 1.6346884724084132), (67150, 1.6366383389405963), (1950, 1.6373129701456075), (5450, 1.6381639459514752), (36350, 1.6384170934325613), (50150, 1.6384511442051062), (8250, 1.638774154799322), (73050, 1.6390044428431754), (32650, 1.64162777727154), (33350, 1.6418281140147521), (65050, 1.6434563320058009), (84650, 1.6470985217479366), (43150, 1.6481220974135344), (78950, 1.6486953605985935), (20450, 1.6489931589265752), (53350, 1.6489932312187412), (8450, 1.650039617467422), (60450, 1.6515327790183636), (90050, 1.652525114021546), (45550, 1.6526406745072095), (70050, 1.6530951917300898), (30350, 1.6535256489811032), (55050, 1.6563799825081977), (31550, 1.656482392327766), (81450, 1.6577412351774379), (23550, 1.6600703677234458), (91950, 1.6642714534899314), (31850, 1.6645986203799477), (69950, 1.6679550277538586), (61750, 1.670215032176362), (61950, 1.6713632531264313), (70550, 1.6714678116967523), (10050, 1.6715465472578555), (9550, 1.6741154000214893), (80650, 1.6741966456148054), (81050, 1.6764171612004304), (51950, 1.6783824019975915), (76450, 1.6796602468719306), (82550, 1.6816720283934476), (59550, 1.6824970966331065), (75950, 1.6825651137518485), (50, 1.6834671433145432), (37150, 1.6839718139717972), (36650, 1.68418983474996), (41450, 1.684333373282592), (33150, 1.6854115030644194), (11750, 1.68572056517459), (42550, 1.6862570105450065), (62750, 1.687980230310566), (1250, 1.6887869695743527), (94350, 1.6914523428964219), (22950, 1.691927646681688), (16750, 1.6926963766604957), (12250, 1.6969954052774676), (41050, 1.697005169619507), (78650, 1.6971295020122483), (65750, 1.6973277827953992), (51850, 1.6975298325806296), (25750, 1.6994381817727269), (14350, 1.6995843603616267), (64650, 1.7007942700358607), (78350, 1.701245451955441), (64350, 1.7016457949761632), (55250, 1.7032297084713313), (80950, 1.7072648994934079), (1650, 1.7073049784108991), (43050, 1.70738150278997), (1350, 1.7077392227353252), (58850, 1.7085119324653442), (64950, 1.7116985979726436), (79850, 1.712088976909774), (21250, 1.712342125513932), (78550, 1.7127941630745522), (88250, 1.712799591812021), (89550, 1.7128988372362288), (2350, 1.7135741937056546), (86150, 1.7154380098870903), (77450, 1.717301746903261), (79750, 1.7175829306269124), (82850, 1.7181642401173605), (66050, 1.7184442421572252), (82450, 1.7193485951588772), (55350, 1.721452149465436), (39650, 1.7215567126742044), (3950, 1.7231759392504569), (25250, 1.7237246567244164), (8050, 1.7243781447788058), (72050, 1.7268128364631972), (37350, 1.727875499408183), (35450, 1.7281385452263927), (63650, 1.7314364997308154), (24550, 1.7315969814907808), (82050, 1.7329649821164719), (22850, 1.7334717469092953), (22250, 1.7336618142779174), (83450, 1.7356836691347728), (35350, 1.7365405335752333), (9750, 1.7368641080785914), (70350, 1.738039424233999), (20150, 1.7385081625289567), (27850, 1.7398385262378782), (29550, 1.7400964752943755), (28550, 1.740642255769459), (87250, 1.7418886621197445), (99450, 1.7422620133002074), (19650, 1.742951366794409), (4950, 1.7435028858166401), (6050, 1.743992029163099), (26850, 1.7448761725007422), (26050, 1.7459432037790186), (45650, 1.747415814425238), (15550, 1.7484200702579138), (75550, 1.7490954104747538), (93450, 1.7501982849048174), (63350, 1.7510574415753153), (53250, 1.7533012315158678), (93350, 1.7588853063096392), (16150, 1.7591923024261114), (78450, 1.7611237935967705), (65450, 1.7620577264048023), (9350, 1.7624243023355677), (14250, 1.7638405754034159), (90950, 1.7671523788024694), (77150, 1.7672650982104823), (90450, 1.76792487858287), (13650, 1.768839787337401), (67550, 1.7704227046215688), (51350, 1.770959206389693), (88750, 1.7710991454242089), (82350, 1.7726525405434759), (97550, 1.773534024338366), (44650, 1.775384447613703), (97750, 1.7772415299416993), (40450, 1.77884176654235), (25550, 1.7799526643352541), (91350, 1.7809280639976792), (23250, 1.7829466653100794), (2650, 1.7829624443955627), (56050, 1.7853405479606357), (59250, 1.7860446447236886), (84850, 1.7861373509202867)]
[('Limit  (cost=3569.65..3570.89 rows=497 width=12) (actual time=28.614..28.676 rows=640 loops=1)',), ('  ->  Sort  (cost=3569.65..3570.89 rows=497 width=12) (actual time=28.613..28.643 rows=640 loops=1)',), ("        Sort Key: ((iv_v <-> '[0.0395,0.0384,0.0593,0.1022,0.0677,0.0688,0.0859,0.0352,0.0609,0.0466,0.0351,0.0229,0.0148,0.0209,0.0394,0.0269,0.018,0.031,0.0698,0.0888,0.0529,0.0463,0.0545,0.0361,0.0462,0.0412,0.0348,0.0268,0.0115,0.0175,0.0492,0.0297,0.0221,0.0506,0.0659,0.0586,0.0313,0.0712,0.0386,0.0387,0.0326,0.0364,0.0402,0.0368,0.017,0.0184,0.0543,0.0508,0.0391,0.0932,0.1039,0.0601,0.044,0.1264,0.0602,0.0749,0.019,0.0337,0.0961,0.0623,0.0227,0.0285,0.061,0.0647,0.0789,0.0985,0.1225,0.0831,0.0552,0.1415,0.1188,0.1061,0.0237,0.0452,0.183,0.0502,0.0408,0.0451,0.1173,0.0599,0.0501,0.0757,0.0752,0.0564,0.0347,0.1094,0.0892,0.06,0.0265,0.035,0.0853,0.0296,0.0172,0.0355,0.1018,0.0394,0.0274,0.0351,0.0667,0.0694,0.0251,0.0677,0.0353,0.0346,0.0428,0.044,0.0262,0.0223,0.0185,0.0205,0.0558,0.0397,0.0238,0.0433,0.0363,0.0745,0.0424,0.0732,0.0616,0.038,0.0559,0.0361,0.0279,0.0257,0.0151,0.0191,0.0301,0.0322,0.0667,0.0655,0.0902,0.1118,0.0764,0.1144,0.1063,0.0373,0.0508,0.039,0.0422,0.0241,0.0293,0.0292,0.0624,0.0651,0.025,0.0357,0.0631,0.1018,0.0374,0.0563,0.0391,0.03,0.0371,0.0461,0.0454,0.0226,0.0142,0.0219,0.0497,0.0443,0.0294,0.0465,0.0676,0.0555,0.0307,0.0872,0.0376,0.0421,0.0318,0.0466,0.0266,0.0296,0.0211,0.0324,0.0323,0.0238,0.0246,0.0651,0.087,0.049,0.0304,0.1311,0.0754,0.0291,0.0247,0.0456,0.0632,0.0679,0.0274,0.0239,0.0614,0.0673,0.046,0.0631,0.1073,0.0719,0.0473,0.1549,0.1314,0.0378,0.0302,0.0571,0.1423,0.0641,0.0328,0.0367,0.1366,0.0579,0.0224,0.0416,0.0768,0.0778,0.0335,0.1176,0.0794,0.038,0.0261,0.036,0.0864,0.0476,0.0144,0.0225,0.1065,0.0558,0.0238,0.0403,0.082,0.0548,0.0438,0.071,0.0378,0.0476,0.0346,0.0488,0.0197,0.0202,0.0178,0.0144,0.0514,0.0432,0.0375,0.0595,0.0348,0.0533,0.0505,0.0914,0.0668,0.0489,0.0521,0.033,0.0263,0.0327,0.0182,0.0183,0.0264,0.0438,0.0487,0.0515,0.0501,0.0654,0.016,0.0673,0.0375,0.0175,0.0215,0.042,0.0199,0.0181,0.0482,0.0253,0.0283,0.0509,0.0249,0.0566,0.0893,0.0414,0.0288,0.0584,0.0299,0.0254,0.0457,0.0586,0.0402,0.0198,0.029,0.0346,0.0537,0.0296,0.0328,0.0934,0.1517,0.0745,0.0566,0.0819,0.0833,0.056,0.0398,0.0306,0.0738,0.0281,0.0153,0.0739,0.1196,0.0319,0.0197,0.0403,0.0639,0.047,0.0347,0.0539,0.0443,0.0213,0.0203,0.0289,0.029,0.0159,0.0203,0.0364,0.0393,0.0246,0.0298,0.0373,0.0454,0.0655,0.0683,0.0874,0.098,0.0287,0.0635,0.0674,0.0419,0.0192,0.0193,0.0241,0.0388,0.0295,0.0141,0.0281,0.0519,0.0528,0.058,0.1103,0.0553,0.0272,0.0418,0.0418,0.0365,0.0201,0.013,0.0194,0.0507,0.0259,0.0174,0.0447,0.0531,0.0416,0.0366,0.0714,0.0322,0.0342,0.031,0.1006,0.0473,0.0348,0.0125,0.0265,0.056,0.0447,0.0245,0.0754,0.0828,0.0465,0.0585,0.1342,0.049,0.0627,0.0329,0.1089,0.1035,0.0574,0.0206,0.0294,0.0623,0.0564,0.0554,0.0824,0.0948,0.0613,0.069,0.1621,0.0985,0.0928,0.0236,0.0591,0.1686,0.047,0.0399,0.0427,0.1132,0.0501,0.0355,0.0624,0.0577,0.0352,0.0499,0.1113,0.0801,0.0546,0.032,0.0351,0.0826,0.0273,0.0185,0.0306,0.0908,0.0383,0.0212,0.0281,0.0518,0.0461,0.0273,0.0749,0.0336,0.0285,0.0415,0.046,0.0264,0.016,0.0124,0.0192,0.0574,0.0299,0.0175,0.0395,0.0302,0.0547,0.0535,0.0964,0.0678,0.0336,0.0615,0.0466,0.038,0.0195,0.012,0.0168,0.0317,0.0272,0.0458,0.0675,0.0731,0.0849,0.0843,0.1395,0.127,0.0366,0.0554,0.0801,0.0686,0.0219,0.0344,0.0277,0.0492,0.0616,0.0211,0.0444,0.0484,0.066,0.0587,0.0934,0.0533,0.0243,0.0243,0.0389,0.045,0.0213,0.0134,0.0288,0.0519,0.0344,0.0304,0.0536,0.0572,0.044,0.062,0.1021,0.0391,0.0338,0.0362,0.1337,0.0373,0.0275,0.0156,0.0425,0.029,0.0214,0.0157,0.0638,0.0712,0.0437,0.0885,0.2152,0.062,0.0223,0.0546,0.1808,0.106,0.0594,0.0224,0.0359,0.0524,0.0572,0.0432,0.066,0.0862,0.0567,0.1092,0.2191,0.1108,0.0365,0.0441,0.0894,0.1544,0.0574,0.0288,0.0333,0.1362,0.0473,0.0286,0.0522,0.0555,0.0498,0.0801,0.1573,0.0778,0.0334,0.0317,0.0339,0.0807,0.0425,0.014,0.0191,0.0988,0.0441,0.0174,0.0291,0.0522,0.0303,0.0396,0.0752,0.0317,0.0336,0.0423,0.0573,0.023,0.0145,0.0122,0.0155,0.0402,0.0284,0.031,0.0506,0.0286,0.0453,0.0852,0.1073,0.0718,0.0451,0.0575,0.0549,0.0461,0.0262,0.0171,0.0157,0.0205,0.0373,0.0482,0.0719,0.0467,0.052,0.0383,0.0802,0.0241,0.0146,0.0166,0.0318,0.0238,0.0144,0.0383,0.0332,0.0324,0.0437,0.0199,0.0456,0.0597,0.034,0.0456,0.1084,0.0438,0.0239,0.0462,0.088,0.0294,0.0241,0.0225,0.0385,0.0457,0.0248,0.0294,0.078,0.1191,0.0557,0.0852,0.1542,0.1082,0.0515,0.0538,0.0913,0.0869,0.0267,0.015,0.0603,0.0984,0.0287,0.0227,0.0412,0.0477,0.0313,0.0385,0.0818,0.0464,0.0192,0.0183,0.0231,0.0333,0.0151,0.0178,0.0374,0.0358,0.0222,0.0363,0.0399,0.0572,0.0858,0.0686,0.0911,0.0985,0.0325,0.0622,0.0653,0.0418,0.0196,0.0168,0.0215,0.0445,0.0309,0.017,0.0302,0.0629,0.0669,0.0601,0.1099,0.0547,0.0337,0.0443,0.04,0.0359,0.023,0.0127,0.0172,0.0545,0.0272,0.0201,0.0461,0.0583,0.0464,0.0415,0.0737,0.0356,0.0382,0.0276,0.0909,0.0448,0.0384,0.0161,0.0243,0.0539,0.0456,0.0288,0.0782,0.0901,0.0519,0.0623,0.1409,0.0524,0.0725,0.0304,0.1066,0.1049,0.0634,0.0235,0.035,0.0673,0.0624,0.0622,0.091,0.1108,0.0777,0.0752,0.166,0.1094,0.1101,0.0289,0.0588,0.1796,0.049,0.0398,0.05,0.1249,0.0592,0.0402,0.0657,0.0702,0.0486,0.0515,0.1123,0.0833,0.0611,0.0328,0.0334,0.0874,0.0273,0.0167,0.0308,0.101,0.0415,0.0209,0.0289,0.0556,0.0507,0.0313,0.071,0.0304,0.0304,0.0413,0.0486,0.0231,0.0185,0.0157,0.0213,0.0566,0.0326,0.0211,0.0399,0.0332,0.0662,0.0575,0.0874,0.0649,0.0332,0.0627,0.0439,0.0341,0.0227,0.0144,0.0168,0.0304,0.028,0.0467,0.0709,0.0907,0.0974,0.0922,0.1468,0.1325,0.043,0.0544,0.0763,0.0707,0.0254,0.0296,0.0267,0.0612,0.0676,0.0207,0.0468,0.0595,0.0826,0.0605,0.0973,0.0542,0.0328,0.0237,0.0439,0.0431,0.0261,0.0129,0.0255,0.0589,0.0419,0.0304,0.0556,0.0626,0.0514,0.0629,0.1105,0.0436,0.0375,0.0364,0.135,0.0366,0.0314,0.0186,0.0427,0.0299,0.0236,0.0206,0.0634,0.0786,0.0473,0.0932,0.2228,0.0647,0.0249,0.054,0.1788,0.1082,0.0638,0.0276,0.0362,0.0571,0.0657,0.0542,0.0726,0.102,0.0686,0.1215,0.229,0.1334,0.0478,0.0549,0.0935,0.1767,0.0702,0.0371,0.0386,0.1481,0.0551,0.0276,0.0504,0.0686,0.0665,0.0866,0.1606,0.087,0.0404,0.035,0.0335,0.0947,0.0529,0.015,0.0226,0.1122,0.0553,0.0164,0.0296,0.0645,0.0438,0.0426,0.0801,0.0335,0.035,0.0438,0.0546,0.0216,0.0153,0.0136,0.0164,0.0499,0.0366,0.0345,0.0554,0.0354,0.0543,0.0912,0.1173,0.0724,0.0488,0.0624,0.0512,0.0406,0.0326,0.0157,0.0145,0.0242,0.0465,0.0456,0.0691,0.0475,0.053,0.0412,0.0854,0.0285,0.019,0.0219,0.0346,0.0224,0.0159,0.0365,0.0274,0.0277,0.041,0.021,0.05,0.0674,0.0369,0.0467,0.1111,0.049,0.0296,0.053,0.0885,0.0352,0.0254,0.026,0.0402,0.0529,0.0255,0.0341,0.0899,0.1371,0.0678,0.089,0.1635,0.1274,0.0629,0.0618,0.0946,0.1059,0.035,0.0181,0.0675,0.1153,0.0331,0.0214,0.0406,0.0542,0.036,0.0401,0.0856,0.0566,0.0233,0.0218,0.0245,0.0406,0.0187,0.0186,0.0386,0.0403,0.0222]'::vector))",), ('        Sort Method: quicksort  Memory: 71kB',), ('        ->  Seq Scan on item_vector  (cost=0.00..3547.39 rows=497 width=12) (actual time=0.024..28.363 rows=1000 loops=1)',), ("              Filter: (mod((iv_id)::numeric, '100'::numeric) = '50'::numeric)",), ('              Rows Removed by Filter: 99000',), ('Planning Time: 0.038 ms',), ('Execution Time: 28.705 ms',)]
1 1000 1000
1000 1000
[(50750, 1.0108373624800482), (61350, 1.037131558915578), (63950, 1.0456548383962088), (450, 1.0478464430428878), (32450, 1.052887008444529), (93750, 1.077375510828517), (19750, 1.0838429401677236), (2450, 1.0840954422969562), (4150, 1.0858170696415559), (91850, 1.0880698256771075), (44050, 1.0893971611740918), (13950, 1.0997226040205603), (85250, 1.1034428125176339), (24750, 1.103532044955272), (34350, 1.1093827905515683), (52450, 1.1145397902685201), (7350, 1.1209961320332231), (98850, 1.1229482590873368), (15350, 1.1268726234178241), (27350, 1.1281925043848116), (37750, 1.12827840591535), (49950, 1.1350571591104728), (45150, 1.1376307653363398), (23450, 1.1382374270034012), (30950, 1.141818375960882), (35150, 1.1428118605242914), (61450, 1.142980938192635), (71750, 1.143201713261345), (90750, 1.1513545558971006), (45250, 1.1515842326997825), (96550, 1.1539262153897274), (93150, 1.1539736842323385), (5550, 1.1542318103093208), (22650, 1.1558973444728873), (74650, 1.1605730431943857), (43550, 1.161064845374622), (22050, 1.1641751433282115), (51550, 1.1686531026727294), (41550, 1.170629271557006), (49650, 1.1728885590803093), (84250, 1.1729883627155737), (52950, 1.1729952734472295), (17950, 1.1739499351022802), (43350, 1.1753086902056622), (29750, 1.1765571138175082), (97650, 1.1776350241994555), (8750, 1.1803053696760153), (3150, 1.1832524175693777), (93550, 1.1874594430522851), (47450, 1.1888977658503876), (5250, 1.1977710248343543), (74250, 1.1991431992182775), (88350, 1.1996211765296345), (12450, 1.2004480181255233), (46450, 1.2019423084187646), (6850, 1.2023674697965372), (21050, 1.203627939502527), (35250, 1.2045571856639044), (66350, 1.2062020030379959), (65850, 1.2063900130055845), (5050, 1.2084992503115342), (67450, 1.2108309791228757), (87550, 1.2116342816404169), (86550, 1.2173427869587055), (46750, 1.2195359165803723), (34650, 1.2283076609116), (92250, 1.2342094117171245), (11250, 1.2361110599151106), (54750, 1.237231269711608), (59350, 1.2379357851842503), (67950, 1.2383501773748002), (6450, 1.2384496628469406), (92750, 1.2385950021940764), (6650, 1.2404135266769247), (36450, 1.2415208767208383), (35550, 1.242010331864928), (55850, 1.2450376717103648), (93250, 1.2469123375830726), (14150, 1.2499629968888313), (84550, 1.251455318133373), (76350, 1.251864663746557), (77750, 1.2523928627288388), (2550, 1.252738432584733), (68850, 1.2567185092894018), (43950, 1.2587804919795271), (11150, 1.258972864811496), (76050, 1.259647996718852), (95050, 1.261507896543774), (65150, 1.2640356751791504), (61050, 1.2641072532926738), (89950, 1.2651196636550628), (28950, 1.2657741882556686), (4450, 1.266268719518783), (81650, 1.266736425603722), (46250, 1.2676259929629394), (37550, 1.2682202421758177), (38350, 1.268571132585621), (69850, 1.2707637027779928), (40150, 1.2708969517193942), (25150, 1.272118007680053), (64050, 1.2734416657362126), (24350, 1.2749946762422601), (28350, 1.2759368334415067), (84950, 1.2792772131420833), (29050, 1.2795028870085285), (60350, 1.2826998346363276), (69250, 1.2830855084867192), (87050, 1.2834887600366833), (94750, 1.2871717979101334), (9450, 1.2891463743723965), (8850, 1.2893172965957467), (58550, 1.2922756031265292), (5350, 1.2926063605988845), (87350, 1.2947322654857474), (15450, 1.2951645199464148), (32550, 1.2953637291288083), (9850, 1.296043405135648), (89250, 1.2961510165614014), (86250, 1.2971299621716506), (21650, 1.2978565224580731), (87750, 1.2984216957645323), (91650, 1.3004306171715618), (77550, 1.3037389630795053), (53050, 1.3048313998054826), (50250, 1.3048640605673696), (31050, 1.3059576556130732), (18950, 1.3061552186738221), (60250, 1.3065919510652284), (31750, 1.3098032358050076), (63850, 1.3106078177777911), (36150, 1.3111280809712313), (35750, 1.3112239083747965), (18450, 1.3113112288617466), (98250, 1.3123778785930513), (89050, 1.3126822753767404), (24150, 1.313295668160322), (83750, 1.3132991174575093), (34750, 1.3154285093895521), (80450, 1.3156961852181093), (88450, 1.3161658908094096), (7950, 1.3185500621643897), (10650, 1.3191016248202385), (97950, 1.3193352146556125), (62950, 1.3200197516032868), (38750, 1.3204927490711285), (4250, 1.3216911657034234), (9150, 1.3221666758264923), (54850, 1.3253285306623495), (99550, 1.3263177580786956), (63450, 1.3267102054819033), (98550, 1.3275162592034049), (31250, 1.3283220032831375), (92050, 1.3313182365587946), (60950, 1.3313186842701916), (29950, 1.3326326058770677), (83350, 1.3332900199212772), (97050, 1.3335469591349296), (17350, 1.333837721709742), (40650, 1.3349164217242953), (62150, 1.3351774674945651), (7750, 1.3356929800667188), (60050, 1.3376716824445518), (67650, 1.3385428739114307), (57750, 1.3392205304223104), (14050, 1.3395023633929652), (1150, 1.339716958144086), (21150, 1.3403153993446688), (73950, 1.3405194594448107), (49750, 1.3417606709800305), (55650, 1.3424745761161776), (99250, 1.342624459065093), (21950, 1.3439533168541609), (79550, 1.3439616546723854), (5750, 1.3450921032082825), (32150, 1.3452569363026567), (38950, 1.3454255591545898), (39450, 1.3528755733372815), (27050, 1.3534163181265415), (87950, 1.3534287814289108), (61550, 1.3536330223088837), (16450, 1.3537904754815335), (45950, 1.3538178165740498), (97350, 1.3548538176310214), (18350, 1.3568629589275745), (16950, 1.3569062275853478), (86450, 1.3588907541262396), (71850, 1.3590330811994138), (20250, 1.3591663595106074), (98950, 1.3596668149426352), (7550, 1.3601353590586298), (82750, 1.3602428077882), (97150, 1.3615810865280995), (96650, 1.3627624398956453), (33850, 1.3627739429683428), (32050, 1.3633543065998661), (20750, 1.3649541870226243), (10350, 1.3650840054327893), (40550, 1.3658012992138813), (63150, 1.3658453756984252), (75150, 1.367866391154594), (33450, 1.368192553989339), (99950, 1.3684067875006616), (52650, 1.3684862344291306), (79650, 1.3688574047711701), (62850, 1.3697043223025773), (55950, 1.3705558482484506), (8150, 1.371152132100931), (57950, 1.3713137023650677), (47150, 1.3720594955506666), (36850, 1.3733457671377272), (1850, 1.3742336825393886), (12350, 1.3757867729600377), (66450, 1.3783991153953312), (98650, 1.3788810057666196), (91250, 1.380761732563742), (6550, 1.3820699648612607), (89350, 1.3824105837086782), (4650, 1.3849723026797551), (12850, 1.3856076799617054), (9650, 1.3858893694686196), (45750, 1.386192716304129), (15750, 1.3866476551152587), (13250, 1.3870555629836074), (4550, 1.3882872830905462), (66150, 1.3885025801121247), (64450, 1.3890525414160297), (21450, 1.3913737220967344), (49550, 1.39345562481861), (84450, 1.3936390306575863), (65350, 1.3939350467200713), (87150, 1.3949403136142215), (48650, 1.395368992258856), (25450, 1.396132887775723), (35850, 1.3982167842308846), (50650, 1.3986887785985278), (58950, 1.3988566276673897), (77950, 1.3989070338512566), (67050, 1.3990652710506084), (83150, 1.400168046061911), (33650, 1.4021725350846634), (75250, 1.4032105128816592), (72550, 1.4048874930138475), (41250, 1.4049020876994733), (16250, 1.4049954222200691), (2150, 1.405094265202162), (9950, 1.4053624213107963), (32250, 1.406361723806239), (46850, 1.4065317083690805), (37950, 1.4069276660363517), (18550, 1.4072942459380229), (95250, 1.4076644565589918), (13450, 1.407709042963573), (93950, 1.408053153381252), (81750, 1.408428369885652), (92550, 1.4086504898872563), (96250, 1.4096703365822685), (73550, 1.4097973480418298), (82950, 1.4100680336873006), (98150, 1.4113650648919294), (47350, 1.413070246273886), (56250, 1.4144232695430334), (12750, 1.4150606289333079), (8650, 1.4151500081862542), (81150, 1.417253970907896), (99150, 1.4176769113900745), (50450, 1.4182579229070684), (93650, 1.418502412946583), (51750, 1.4186112390627725), (68250, 1.4192836749227913), (33750, 1.4215756614748325), (68750, 1.4230802688638609), (92950, 1.4260419215370919), (44950, 1.4261306125645112), (39350, 1.4268609961993408), (69150, 1.4271271506309426), (23150, 1.4315407003838447), (19850, 1.4317656874838847), (57250, 1.4323926670414067), (49450, 1.4336639303964596), (40350, 1.4337293680264687), (39150, 1.4356507555686102), (52250, 1.4359116279006374), (16350, 1.43837893608591), (4350, 1.4391226525010474), (96450, 1.4397543769209515), (75050, 1.4399250970009323), (98450, 1.4400811449341149), (25850, 1.4403190337529699), (81350, 1.4411262715837234), (83250, 1.4416454912662833), (42850, 1.441653677527212), (57050, 1.4428458945821954), (72250, 1.4438703610670423), (56750, 1.4441406448112488), (29850, 1.444191327699837), (11650, 1.4460078036149162), (45450, 1.446423902285405), (85750, 1.4469298515056708), (37850, 1.4504306383929362), (51050, 1.4514689699720162), (30250, 1.4522909416459953), (48250, 1.4534590142412347), (94650, 1.4538038575420769), (10450, 1.45387052054474), (69650, 1.4549026281016473), (46050, 1.4556953094130125), (47750, 1.4560145699432279), (89850, 1.4595849615173813), (10250, 1.4603635915271265), (38850, 1.4619043588156992), (67250, 1.4630948218321733), (250, 1.4646991302308467), (95750, 1.4648487141842967), (67850, 1.4649899015631913), (80350, 1.4662333903302822), (28450, 1.4681267735002441), (17750, 1.4712287601827319), (11950, 1.4714725503023611), (66550, 1.4724858435839219), (94950, 1.47336195168527), (70250, 1.4737985567048297), (750, 1.4743539753215673), (91450, 1.474716485788099), (550, 1.4753279596159907), (650, 1.4754603071778145), (77850, 1.4756953200792695), (42950, 1.4757258552748738), (68450, 1.4759772215535447), (56150, 1.4785540032791473), (88050, 1.478795457207386), (71650, 1.4814025832509945), (20650, 1.4819808122883111), (70950, 1.482423644133908), (72950, 1.483032744022373), (80850, 1.4863878756931), (58250, 1.4869166248038395), (23350, 1.487709556372175), (58450, 1.4885371431246828), (71050, 1.488842635519639), (39050, 1.490682911897511), (56650, 1.4907791921651175), (72350, 1.4911842368782635), (40950, 1.4923204292885208), (3750, 1.4932380692857823), (64550, 1.493481140201541), (96350, 1.4935963954716542), (49850, 1.49442638581689), (1550, 1.4948467107157166), (73450, 1.4951468476605687), (30650, 1.4953346019614207), (86850, 1.4956968891674332), (79150, 1.4965337599270658), (83650, 1.496597404463252), (76150, 1.496614848488069), (1450, 1.4983595779095), (44350, 1.4992860048444758), (91550, 1.5001419318125453), (19050, 1.5002592180703405), (41950, 1.5007070623327607), (1750, 1.5013500337202617), (14550, 1.5020764601607968), (6750, 1.5023368275880151), (86050, 1.5036276819419425), (15950, 1.5064391369608363), (95350, 1.5077581049935789), (22450, 1.508099938700968), (53650, 1.5083708050676545), (24450, 1.508812054208922), (17050, 1.5096789257427512), (60650, 1.5100646123893833), (70650, 1.510198888753978), (38150, 1.510848551422979), (88150, 1.5111082751739917), (59050, 1.5112327563340926), (31450, 1.511676797605057), (30150, 1.5116962756474988), (73350, 1.5120095458763774), (54650, 1.5120849165912973), (96150, 1.514133309203503), (39950, 1.514620339817359), (99350, 1.514859428934501), (55750, 1.5151251529076364), (15150, 1.5154672127615703), (30050, 1.5172232626600193), (74150, 1.5173591053142235), (88650, 1.5189315279256301), (22350, 1.5198315321269535), (24850, 1.5200147472469288), (57350, 1.524057428454404), (13150, 1.5240956767579361), (13750, 1.5244576193178718), (62550, 1.5259671068258653), (85150, 1.526693688712927), (26150, 1.5273761404363988), (48150, 1.5277545503334145), (28250, 1.5283055703911594), (41150, 1.5284299768462781), (41350, 1.5304866367169194), (26650, 1.533882525127369), (85850, 1.5342247541717857), (50050, 1.5389167213141786), (41650, 1.5391919231700537), (28850, 1.5396783051817238), (50550, 1.5403077949982982), (48750, 1.5405603855658196), (26450, 1.540911962312625), (87650, 1.5415323645714085), (95950, 1.542652570947483), (58650, 1.542854246888647), (96750, 1.5428865434983865), (21550, 1.5430075338776774), (81250, 1.5463283613327448), (82250, 1.5476277379081904), (11450, 1.5509199181351245), (89750, 1.5527731452756024), (92350, 1.5533881964156377), (38650, 1.553916931882788), (34950, 1.5559705491012386), (34550, 1.557674433215291), (47850, 1.5578606203045033), (350, 1.5593471761602515), (34050, 1.5594666601239302), (16050, 1.5596959703017093), (82650, 1.5626095542647849), (3250, 1.5655626417826465), (6950, 1.5672165446761), (86750, 1.5695041075011988), (57650, 1.5702739350247352), (62250, 1.5709077077134623), (48450, 1.5710348109680956), (52350, 1.5710382255405562), (77250, 1.5725553826069105), (17550, 1.5758627360300856), (32750, 1.576339315717002), (87850, 1.5775326665286027), (97450, 1.5796158801708533), (45050, 1.5797483196681243), (59950, 1.5811366436400132), (23850, 1.5819485866472678), (12950, 1.5819905593725418), (9050, 1.5821356844870156), (66250, 1.5828249600401103), (18750, 1.5831691840896378), (74950, 1.5844503862552834), (74450, 1.5851269985788317), (8550, 1.5852525857574353), (22150, 1.586518355111004), (72150, 1.586829474909067), (69550, 1.589495421545509), (80550, 1.590280983526931), (89450, 1.5906537965817182), (11550, 1.590766357855749), (10750, 1.5924729859652416), (73650, 1.5933128206111098), (43650, 1.5933986351299414), (56950, 1.594807591806238), (18150, 1.5952736546254658), (23950, 1.5957628890277047), (91750, 1.5957858975816306), (48850, 1.5967034294393094), (56450, 1.5972774588206469), (10950, 1.5974052250646875), (14750, 1.5975851402220098), (59750, 1.5988652288147114), (26350, 1.6024369248520431), (7050, 1.6026293666950597), (72650, 1.6027634002787028), (23050, 1.6037393801806565), (64850, 1.6047164750942275), (84150, 1.6048946050104127), (18250, 1.6050343169349428), (64750, 1.6057603854265659), (21750, 1.6063463174759984), (850, 1.6070583669463716), (34250, 1.6126626516709819), (76650, 1.6133742040128423), (8950, 1.6140089264330952), (17250, 1.6150340609900333), (950, 1.615788393594141), (79450, 1.615971647221579), (53550, 1.6165428166617133), (83550, 1.616615747193908), (58350, 1.6181731974885483), (35050, 1.6190844481216957), (85050, 1.619505322364289), (27950, 1.6205645697140323), (69050, 1.62126640411525), (76750, 1.6229125333381613), (44550, 1.6231561617087151), (68050, 1.6260553014437336), (65250, 1.627380974280214), (52850, 1.62788845987181), (37650, 1.6281182375015133), (11350, 1.6288351139480557), (79350, 1.6296191953716759), (51650, 1.6297211655443073), (26950, 1.629752837907591), (94550, 1.633105384075261), (85550, 1.634207389800082), (11850, 1.6346884724084132), (67150, 1.6366383389405963), (1950, 1.6373129701456075), (5450, 1.6381639459514752), (36350, 1.6384170934325613), (50150, 1.6384511442051062), (8250, 1.638774154799322), (73050, 1.6390044428431754), (32650, 1.64162777727154), (33350, 1.6418281140147521), (65050, 1.6434563320058009), (84650, 1.6470985217479366), (43150, 1.6481220974135344), (78950, 1.6486953605985935), (20450, 1.6489931589265752), (53350, 1.6489932312187412), (8450, 1.650039617467422), (60450, 1.6515327790183636), (90050, 1.652525114021546), (45550, 1.6526406745072095), (70050, 1.6530951917300898), (30350, 1.6535256489811032), (55050, 1.6563799825081977), (31550, 1.656482392327766), (81450, 1.6577412351774379), (23550, 1.6600703677234458), (91950, 1.6642714534899314), (31850, 1.6645986203799477), (69950, 1.6679550277538586), (61750, 1.670215032176362), (61950, 1.6713632531264313), (70550, 1.6714678116967523), (10050, 1.6715465472578555), (9550, 1.6741154000214893), (80650, 1.6741966456148054), (81050, 1.6764171612004304), (51950, 1.6783824019975915), (76450, 1.6796602468719306), (82550, 1.6816720283934476), (59550, 1.6824970966331065), (75950, 1.6825651137518485), (50, 1.6834671433145432), (37150, 1.6839718139717972), (36650, 1.68418983474996), (41450, 1.684333373282592), (33150, 1.6854115030644194), (11750, 1.68572056517459), (42550, 1.6862570105450065), (62750, 1.687980230310566), (1250, 1.6887869695743527), (94350, 1.6914523428964219), (22950, 1.691927646681688), (16750, 1.6926963766604957), (12250, 1.6969954052774676), (41050, 1.697005169619507), (78650, 1.6971295020122483), (65750, 1.6973277827953992), (51850, 1.6975298325806296), (25750, 1.6994381817727269), (14350, 1.6995843603616267), (64650, 1.7007942700358607), (78350, 1.701245451955441), (64350, 1.7016457949761632), (55250, 1.7032297084713313), (80950, 1.7072648994934079), (1650, 1.7073049784108991), (43050, 1.70738150278997), (1350, 1.7077392227353252), (58850, 1.7085119324653442), (64950, 1.7116985979726436), (79850, 1.712088976909774), (21250, 1.712342125513932), (78550, 1.7127941630745522), (88250, 1.712799591812021), (89550, 1.7128988372362288), (2350, 1.7135741937056546), (86150, 1.7154380098870903), (77450, 1.717301746903261), (79750, 1.7175829306269124), (82850, 1.7181642401173605), (66050, 1.7184442421572252), (82450, 1.7193485951588772), (55350, 1.721452149465436), (39650, 1.7215567126742044), (3950, 1.7231759392504569), (25250, 1.7237246567244164), (8050, 1.7243781447788058), (72050, 1.7268128364631972), (37350, 1.727875499408183), (35450, 1.7281385452263927), (63650, 1.7314364997308154), (24550, 1.7315969814907808), (82050, 1.7329649821164719), (22850, 1.7334717469092953), (22250, 1.7336618142779174), (83450, 1.7356836691347728), (35350, 1.7365405335752333), (9750, 1.7368641080785914), (70350, 1.738039424233999), (20150, 1.7385081625289567), (27850, 1.7398385262378782), (29550, 1.7400964752943755), (28550, 1.740642255769459), (87250, 1.7418886621197445), (99450, 1.7422620133002074), (19650, 1.742951366794409), (4950, 1.7435028858166401), (6050, 1.743992029163099), (26850, 1.7448761725007422), (26050, 1.7459432037790186), (45650, 1.747415814425238), (15550, 1.7484200702579138), (75550, 1.7490954104747538), (93450, 1.7501982849048174), (63350, 1.7510574415753153), (53250, 1.7533012315158678), (93350, 1.7588853063096392), (16150, 1.7591923024261114), (78450, 1.7611237935967705), (65450, 1.7620577264048023), (9350, 1.7624243023355677), (14250, 1.7638405754034159), (90950, 1.7671523788024694), (77150, 1.7672650982104823), (90450, 1.76792487858287), (13650, 1.768839787337401), (67550, 1.7704227046215688), (51350, 1.770959206389693), (88750, 1.7710991454242089), (82350, 1.7726525405434759), (97550, 1.773534024338366), (44650, 1.775384447613703), (97750, 1.7772415299416993), (40450, 1.77884176654235), (25550, 1.7799526643352541), (91350, 1.7809280639976792), (23250, 1.7829466653100794), (2650, 1.7829624443955627), (56050, 1.7853405479606357), (59250, 1.7860446447236886), (84850, 1.7861373509202867), (75650, 1.7877534299872773), (30550, 1.788582083486667), (73850, 1.7929452134127135), (40750, 1.793748075371218), (90150, 1.7940686411404485), (58750, 1.7963058233645703), (19250, 1.7973882854269658), (15850, 1.7996408819541898), (21850, 1.8001701327559168), (3050, 1.8004238742200604), (15650, 1.8013787261053995), (81950, 1.8023400169833266), (19150, 1.8035298387191687), (61250, 1.80372950901122), (16850, 1.803950568010374), (41750, 1.8043264052556791), (55550, 1.8053685344117265), (59650, 1.8057558274664256), (15050, 1.8069954518533795), (71550, 1.8097290694070707), (17150, 1.810067353022878), (42750, 1.8127352463218247), (38050, 1.815435728624295), (52050, 1.8167401406831774), (30750, 1.8183505245530114), (42050, 1.8216757847010099), (4750, 1.82401825090948), (54150, 1.8248548031882197), (26750, 1.8260657947757457), (70750, 1.82771348804753), (66850, 1.8285806202231725), (31950, 1.830882283550273), (42250, 1.8309795557502655), (25350, 1.8315037209829428), (92450, 1.8346053464621366), (25950, 1.83641520027778), (61150, 1.83974590972765), (57450, 1.84091557021023), (49350, 1.8421898399383463), (2050, 1.84537977181603), (74350, 1.8458733697112804), (42150, 1.8487432721926702), (3550, 1.8498907469373018), (3650, 1.8567038190036358), (34850, 1.8567524856010411), (58050, 1.8581821237579783), (95650, 1.8630002367692142), (51250, 1.8634962681599132), (56850, 1.866193243289188), (70850, 1.8672427883501792), (57150, 1.869019953899297), (40850, 1.8733169631423756), (49250, 1.8759344315650726), (99750, 1.8775890277423302), (80750, 1.8780886324441448), (17650, 1.8781329365846633), (52550, 1.8797398104091523), (96050, 1.8798029736495847), (95450, 1.8837846327789416), (11050, 1.8854158376899148), (73750, 1.885677958836269), (56550, 1.8864059662848318), (29250, 1.8886340037891287), (12150, 1.8897860218202513), (66750, 1.8902264639997712), (63050, 1.890775312012926), (59150, 1.8908430872206483), (19450, 1.8954273739412608), (150, 1.8987865990432033), (27450, 1.9013123271690389), (48550, 1.9030463391914836), (50950, 1.907013411948335), (37050, 1.907911108469429), (40050, 1.9089511432100839), (54450, 1.9096855098393763), (29350, 1.9111698012556517), (13350, 1.9124332266725872), (98350, 1.9138862995867785), (8350, 1.9203500047191917), (87450, 1.92092574332397), (24050, 1.9229109538424993), (64150, 1.9260730947843143), (28050, 1.9267816943289964), (77650, 1.9273443784121265), (90250, 1.92745762532284), (94450, 1.927545138175651), (72750, 1.9329339645323314), (62450, 1.9334379499455556), (45850, 1.9358602783959677), (86350, 1.9411843247858225), (93050, 1.9444703266903804), (76250, 1.9447212393100604), (18650, 1.9447931416006545), (46150, 1.9473771624823384), (40250, 1.9485107848603356), (5150, 1.948845653718899), (27250, 1.9492993538804702), (20050, 1.9502728198011872), (27150, 1.9506521210500805), (36250, 1.9516434199932888), (83050, 1.9540935098690901), (99050, 1.9551926311606915), (16550, 1.9578626012822957), (34150, 1.9578761182527455), (27550, 1.9615604581361905), (67750, 1.966262153738283), (47950, 1.9665199850091608), (1050, 1.9676193139083922), (85650, 1.9691284663622035), (56350, 1.969167695316278), (44850, 1.973811228830996), (71450, 1.9776183915415726), (68650, 1.9781737262817234), (47050, 1.9795250685247017), (33050, 1.9831387130498823), (61650, 1.984934930575656), (37450, 1.9876072308865405), (43850, 1.9947403053729869), (6250, 1.9949262754542285), (71950, 1.9973402218659557), (43250, 1.9987551868364264), (77350, 2.001295266339405), (4850, 2.0022177321317463), (44150, 2.0059418628821684), (57850, 2.006123704589334), (19950, 2.0067148733632525), (37250, 2.0074510063378086), (89150, 2.0080182753031446), (76950, 2.010161573074593), (7850, 2.014816595207365), (10150, 2.0151875339069476), (94250, 2.0173123416342142), (68950, 2.0188645935602882), (99850, 2.0194401084063944), (68150, 2.0220001889463615), (16650, 2.0224983068206828), (69750, 2.022644123086715), (15250, 2.027224263398435), (12050, 2.0282680043733614), (68350, 2.0291652838710745), (25650, 2.029891513500066), (54550, 2.032255657378225), (33950, 2.032516084914708), (89650, 2.03298348038356), (35650, 2.036429506636075), (95850, 2.0373073931502264), (33550, 2.0393400624515334), (26550, 2.0396387447925757), (49050, 2.041378883268893), (22550, 2.041997908625713), (7150, 2.04250609080645), (47650, 2.043812798051476), (78150, 2.0457247931232634), (19350, 2.048377497512227), (54050, 2.0486489100300673), (65650, 2.0490378098878748), (14850, 2.0502168587214484), (3850, 2.0504438431516374), (2250, 2.0508435630414037), (71250, 2.0536423262210564), (9250, 2.0567811227829114), (84050, 2.0573232012557114), (35950, 2.0574779055997783), (79050, 2.0577532157960876), (86650, 2.0598341156546787), (86950, 2.060006686449773), (53150, 2.060959789974053), (63250, 2.063050398935364), (36750, 2.0649084420954504), (92850, 2.0657265596339816), (62050, 2.066502819436857), (84750, 2.0699818473056832), (49150, 2.074742367848195), (88850, 2.0756904280681714), (7250, 2.079562500278825), (90350, 2.085128798863303), (26250, 2.0856680821080724), (83950, 2.08645063510896), (60150, 2.0882206112741293), (5650, 2.091018033110887), (48050, 2.0911516606751257), (21350, 2.093281935569068), (18050, 2.0952012455680555), (51150, 2.1006880859054577), (38550, 2.1038357943506583), (72850, 2.104829539013947), (90650, 2.1065064316585063), (54350, 2.106801476430584), (14950, 2.107744844452285), (54950, 2.1128805912433344), (42350, 2.1155305692032433), (95150, 2.119268654326635), (48350, 2.119323103822538), (23750, 2.1199627806437302), (44450, 2.1243766543591516), (13550, 2.128208879114569), (17450, 2.1332313210217118), (77050, 2.1372375416380853), (39550, 2.1410398429359754), (44250, 2.1418039458493987), (39750, 2.142731235983226), (28650, 2.146137907270338), (63750, 2.147478479137655), (88950, 2.1475897208712595), (78250, 2.148545363059394), (5950, 2.148745760910708), (85950, 2.1518078810223358), (20950, 2.1528802608037445), (20550, 2.1535824847485463), (74550, 2.155857990400613), (46550, 2.1576071628376696), (24650, 2.1587759509180677), (74050, 2.1597254290732413), (31150, 2.1614094801441337), (60750, 2.161830591218228), (43450, 2.162896789134141), (2750, 2.1695898095518946), (34450, 2.1711253237684804), (44750, 2.1746697317593364), (50350, 2.1756522724269054), (70450, 2.1781016497680756), (33250, 2.1789668816425745), (83850, 2.1846110204144713), (92650, 2.186117116598594), (96850, 2.1884351638766226), (24950, 2.1898344390159483), (24250, 2.192040880211868), (93850, 2.192918116545906), (29150, 2.1936868642215224), (31650, 2.194842196551094), (70150, 2.197939675257389), (71150, 2.2013895761493476), (10850, 2.2025167288345164), (92150, 2.204635535154278), (18850, 2.2069448268477396), (53950, 2.207906309862881), (36050, 2.2120483627137033), (23650, 2.21364812856727), (2950, 2.2205330574720503), (32950, 2.2245942635228078), (30850, 2.2258349919952685), (74850, 2.2273495002707144), (99650, 2.2371883153933902), (27650, 2.2375253729207434), (12550, 2.242722929183398), (6150, 2.249935255178766), (52750, 2.25369002496743), (39250, 2.2580056289386445), (80250, 2.2611044146568537), (85450, 2.261320247033479), (17850, 2.2640991334340566), (65550, 2.264574004443295), (41850, 2.265168663633468), (66650, 2.266826442622302), (59850, 2.2672589953958435), (81550, 2.2677953387700933), (76550, 2.267811634220727), (72450, 2.2687068630352623), (28150, 2.270755509842426), (53850, 2.2771337291263127), (12650, 2.2802469844223108), (29450, 2.287313997804946), (36950, 2.2881436635777264), (71350, 2.2903873918853175), (84350, 2.29339169398429), (7650, 2.299019363992122), (62650, 2.3089080957995347), (42650, 2.3189897973616302), (55450, 2.321331378453173), (94050, 2.325442208516248), (10550, 2.3277966568615485), (46350, 2.331491072311832), (75850, 2.3331222665782483), (31350, 2.3346249774643444), (38450, 2.3481300624846653), (22750, 2.3608840259729487), (69450, 2.3671779317630985), (43750, 2.367409472240265), (82150, 2.370408488613949), (61850, 2.3752734378212006), (78750, 2.376092659418264), (20850, 2.3787623269527964), (13850, 2.392706071196303), (36550, 2.398096613314562), (3450, 2.3982295340670143), (6350, 2.404359545537803), (46650, 2.405293460318101), (75750, 2.4058321305119894), (66950, 2.4071846670099175), (98050, 2.415500644577152), (27750, 2.4202769267630675), (91050, 2.441600968797424), (85350, 2.449548726463279), (13050, 2.451629960619292), (73150, 2.454222901179829), (14450, 2.4568029155069215), (20350, 2.4612694894804616), (53750, 2.4675683199343643), (79950, 2.4717296533496635), (64250, 2.472800107510533), (45350, 2.490565426830764), (63550, 2.5112386811278076), (98750, 2.511583766602778), (80150, 2.5259829694607236), (4050, 2.5311855731818222), (48950, 2.5394500906092468), (78850, 2.5517527671089617), (2850, 2.553316734333051), (94850, 2.5593642610690264), (79250, 2.5615553626668075), (60550, 2.571567959262209), (19550, 2.573512812649064), (62350, 2.590157928512277), (5850, 2.590680247639182), (90850, 2.59432958538803), (68550, 2.6000878906066607), (67350, 2.6219775647004457), (80050, 2.6453183691744915), (81850, 2.648413733991818), (73250, 2.649142731251144), (60850, 2.655330364126349), (65950, 2.660072538204231), (95550, 2.6644937384373097), (38250, 2.677806138204585), (96950, 2.6898547657329166), (39850, 2.698384002703044), (52150, 2.6994217218028593), (55150, 2.7203301408908906), (29650, 2.73635382847827), (78050, 2.750343648072931), (88550, 2.7564194054130438), (76850, 2.772667318511737), (14650, 2.778535697110474), (94150, 2.7802051767612648), (32350, 2.786762560817397), (50850, 2.80334644612418), (54250, 2.8141300987584135), (28750, 2.826723794884661), (90550, 2.8398763242844653), (47550, 2.8718685843278786), (74750, 2.881849009045668), (25050, 2.8924168986761005), (7450, 2.90893725780544), (69350, 2.9180801962695186), (97250, 2.9396831435127373), (57550, 2.9486861196392744), (3350, 3.0314035278452804), (53450, 3.041395532377003), (58150, 3.087878271243473), (91150, 3.092897239835433), (42450, 3.169291078016474), (75450, 3.170764296419667), (75350, 3.1771385980187437), (32850, 3.208850637239037), (46950, 3.3109265315120346), (51450, 3.3349965396617227), (47250, 3.459594190316246), (30450, 3.4620186040721106), (59450, 3.5594624737179967), (97850, 3.8076124286646333)]
[('Limit  (cost=3569.65..3570.89 rows=497 width=12) (actual time=28.630..28.722 rows=1000 loops=1)',), ('  ->  Sort  (cost=3569.65..3570.89 rows=497 width=12) (actual time=28.630..28.670 rows=1000 loops=1)',), ("        Sort Key: ((iv_v <-> '[0.0395,0.0384,0.0593,0.1022,0.0677,0.0688,0.0859,0.0352,0.0609,0.0466,0.0351,0.0229,0.0148,0.0209,0.0394,0.0269,0.018,0.031,0.0698,0.0888,0.0529,0.0463,0.0545,0.0361,0.0462,0.0412,0.0348,0.0268,0.0115,0.0175,0.0492,0.0297,0.0221,0.0506,0.0659,0.0586,0.0313,0.0712,0.0386,0.0387,0.0326,0.0364,0.0402,0.0368,0.017,0.0184,0.0543,0.0508,0.0391,0.0932,0.1039,0.0601,0.044,0.1264,0.0602,0.0749,0.019,0.0337,0.0961,0.0623,0.0227,0.0285,0.061,0.0647,0.0789,0.0985,0.1225,0.0831,0.0552,0.1415,0.1188,0.1061,0.0237,0.0452,0.183,0.0502,0.0408,0.0451,0.1173,0.0599,0.0501,0.0757,0.0752,0.0564,0.0347,0.1094,0.0892,0.06,0.0265,0.035,0.0853,0.0296,0.0172,0.0355,0.1018,0.0394,0.0274,0.0351,0.0667,0.0694,0.0251,0.0677,0.0353,0.0346,0.0428,0.044,0.0262,0.0223,0.0185,0.0205,0.0558,0.0397,0.0238,0.0433,0.0363,0.0745,0.0424,0.0732,0.0616,0.038,0.0559,0.0361,0.0279,0.0257,0.0151,0.0191,0.0301,0.0322,0.0667,0.0655,0.0902,0.1118,0.0764,0.1144,0.1063,0.0373,0.0508,0.039,0.0422,0.0241,0.0293,0.0292,0.0624,0.0651,0.025,0.0357,0.0631,0.1018,0.0374,0.0563,0.0391,0.03,0.0371,0.0461,0.0454,0.0226,0.0142,0.0219,0.0497,0.0443,0.0294,0.0465,0.0676,0.0555,0.0307,0.0872,0.0376,0.0421,0.0318,0.0466,0.0266,0.0296,0.0211,0.0324,0.0323,0.0238,0.0246,0.0651,0.087,0.049,0.0304,0.1311,0.0754,0.0291,0.0247,0.0456,0.0632,0.0679,0.0274,0.0239,0.0614,0.0673,0.046,0.0631,0.1073,0.0719,0.0473,0.1549,0.1314,0.0378,0.0302,0.0571,0.1423,0.0641,0.0328,0.0367,0.1366,0.0579,0.0224,0.0416,0.0768,0.0778,0.0335,0.1176,0.0794,0.038,0.0261,0.036,0.0864,0.0476,0.0144,0.0225,0.1065,0.0558,0.0238,0.0403,0.082,0.0548,0.0438,0.071,0.0378,0.0476,0.0346,0.0488,0.0197,0.0202,0.0178,0.0144,0.0514,0.0432,0.0375,0.0595,0.0348,0.0533,0.0505,0.0914,0.0668,0.0489,0.0521,0.033,0.0263,0.0327,0.0182,0.0183,0.0264,0.0438,0.0487,0.0515,0.0501,0.0654,0.016,0.0673,0.0375,0.0175,0.0215,0.042,0.0199,0.0181,0.0482,0.0253,0.0283,0.0509,0.0249,0.0566,0.0893,0.0414,0.0288,0.0584,0.0299,0.0254,0.0457,0.0586,0.0402,0.0198,0.029,0.0346,0.0537,0.0296,0.0328,0.0934,0.1517,0.0745,0.0566,0.0819,0.0833,0.056,0.0398,0.0306,0.0738,0.0281,0.0153,0.0739,0.1196,0.0319,0.0197,0.0403,0.0639,0.047,0.0347,0.0539,0.0443,0.0213,0.0203,0.0289,0.029,0.0159,0.0203,0.0364,0.0393,0.0246,0.0298,0.0373,0.0454,0.0655,0.0683,0.0874,0.098,0.0287,0.0635,0.0674,0.0419,0.0192,0.0193,0.0241,0.0388,0.0295,0.0141,0.0281,0.0519,0.0528,0.058,0.1103,0.0553,0.0272,0.0418,0.0418,0.0365,0.0201,0.013,0.0194,0.0507,0.0259,0.0174,0.0447,0.0531,0.0416,0.0366,0.0714,0.0322,0.0342,0.031,0.1006,0.0473,0.0348,0.0125,0.0265,0.056,0.0447,0.0245,0.0754,0.0828,0.0465,0.0585,0.1342,0.049,0.0627,0.0329,0.1089,0.1035,0.0574,0.0206,0.0294,0.0623,0.0564,0.0554,0.0824,0.0948,0.0613,0.069,0.1621,0.0985,0.0928,0.0236,0.0591,0.1686,0.047,0.0399,0.0427,0.1132,0.0501,0.0355,0.0624,0.0577,0.0352,0.0499,0.1113,0.0801,0.0546,0.032,0.0351,0.0826,0.0273,0.0185,0.0306,0.0908,0.0383,0.0212,0.0281,0.0518,0.0461,0.0273,0.0749,0.0336,0.0285,0.0415,0.046,0.0264,0.016,0.0124,0.0192,0.0574,0.0299,0.0175,0.0395,0.0302,0.0547,0.0535,0.0964,0.0678,0.0336,0.0615,0.0466,0.038,0.0195,0.012,0.0168,0.0317,0.0272,0.0458,0.0675,0.0731,0.0849,0.0843,0.1395,0.127,0.0366,0.0554,0.0801,0.0686,0.0219,0.0344,0.0277,0.0492,0.0616,0.0211,0.0444,0.0484,0.066,0.0587,0.0934,0.0533,0.0243,0.0243,0.0389,0.045,0.0213,0.0134,0.0288,0.0519,0.0344,0.0304,0.0536,0.0572,0.044,0.062,0.1021,0.0391,0.0338,0.0362,0.1337,0.0373,0.0275,0.0156,0.0425,0.029,0.0214,0.0157,0.0638,0.0712,0.0437,0.0885,0.2152,0.062,0.0223,0.0546,0.1808,0.106,0.0594,0.0224,0.0359,0.0524,0.0572,0.0432,0.066,0.0862,0.0567,0.1092,0.2191,0.1108,0.0365,0.0441,0.0894,0.1544,0.0574,0.0288,0.0333,0.1362,0.0473,0.0286,0.0522,0.0555,0.0498,0.0801,0.1573,0.0778,0.0334,0.0317,0.0339,0.0807,0.0425,0.014,0.0191,0.0988,0.0441,0.0174,0.0291,0.0522,0.0303,0.0396,0.0752,0.0317,0.0336,0.0423,0.0573,0.023,0.0145,0.0122,0.0155,0.0402,0.0284,0.031,0.0506,0.0286,0.0453,0.0852,0.1073,0.0718,0.0451,0.0575,0.0549,0.0461,0.0262,0.0171,0.0157,0.0205,0.0373,0.0482,0.0719,0.0467,0.052,0.0383,0.0802,0.0241,0.0146,0.0166,0.0318,0.0238,0.0144,0.0383,0.0332,0.0324,0.0437,0.0199,0.0456,0.0597,0.034,0.0456,0.1084,0.0438,0.0239,0.0462,0.088,0.0294,0.0241,0.0225,0.0385,0.0457,0.0248,0.0294,0.078,0.1191,0.0557,0.0852,0.1542,0.1082,0.0515,0.0538,0.0913,0.0869,0.0267,0.015,0.0603,0.0984,0.0287,0.0227,0.0412,0.0477,0.0313,0.0385,0.0818,0.0464,0.0192,0.0183,0.0231,0.0333,0.0151,0.0178,0.0374,0.0358,0.0222,0.0363,0.0399,0.0572,0.0858,0.0686,0.0911,0.0985,0.0325,0.0622,0.0653,0.0418,0.0196,0.0168,0.0215,0.0445,0.0309,0.017,0.0302,0.0629,0.0669,0.0601,0.1099,0.0547,0.0337,0.0443,0.04,0.0359,0.023,0.0127,0.0172,0.0545,0.0272,0.0201,0.0461,0.0583,0.0464,0.0415,0.0737,0.0356,0.0382,0.0276,0.0909,0.0448,0.0384,0.0161,0.0243,0.0539,0.0456,0.0288,0.0782,0.0901,0.0519,0.0623,0.1409,0.0524,0.0725,0.0304,0.1066,0.1049,0.0634,0.0235,0.035,0.0673,0.0624,0.0622,0.091,0.1108,0.0777,0.0752,0.166,0.1094,0.1101,0.0289,0.0588,0.1796,0.049,0.0398,0.05,0.1249,0.0592,0.0402,0.0657,0.0702,0.0486,0.0515,0.1123,0.0833,0.0611,0.0328,0.0334,0.0874,0.0273,0.0167,0.0308,0.101,0.0415,0.0209,0.0289,0.0556,0.0507,0.0313,0.071,0.0304,0.0304,0.0413,0.0486,0.0231,0.0185,0.0157,0.0213,0.0566,0.0326,0.0211,0.0399,0.0332,0.0662,0.0575,0.0874,0.0649,0.0332,0.0627,0.0439,0.0341,0.0227,0.0144,0.0168,0.0304,0.028,0.0467,0.0709,0.0907,0.0974,0.0922,0.1468,0.1325,0.043,0.0544,0.0763,0.0707,0.0254,0.0296,0.0267,0.0612,0.0676,0.0207,0.0468,0.0595,0.0826,0.0605,0.0973,0.0542,0.0328,0.0237,0.0439,0.0431,0.0261,0.0129,0.0255,0.0589,0.0419,0.0304,0.0556,0.0626,0.0514,0.0629,0.1105,0.0436,0.0375,0.0364,0.135,0.0366,0.0314,0.0186,0.0427,0.0299,0.0236,0.0206,0.0634,0.0786,0.0473,0.0932,0.2228,0.0647,0.0249,0.054,0.1788,0.1082,0.0638,0.0276,0.0362,0.0571,0.0657,0.0542,0.0726,0.102,0.0686,0.1215,0.229,0.1334,0.0478,0.0549,0.0935,0.1767,0.0702,0.0371,0.0386,0.1481,0.0551,0.0276,0.0504,0.0686,0.0665,0.0866,0.1606,0.087,0.0404,0.035,0.0335,0.0947,0.0529,0.015,0.0226,0.1122,0.0553,0.0164,0.0296,0.0645,0.0438,0.0426,0.0801,0.0335,0.035,0.0438,0.0546,0.0216,0.0153,0.0136,0.0164,0.0499,0.0366,0.0345,0.0554,0.0354,0.0543,0.0912,0.1173,0.0724,0.0488,0.0624,0.0512,0.0406,0.0326,0.0157,0.0145,0.0242,0.0465,0.0456,0.0691,0.0475,0.053,0.0412,0.0854,0.0285,0.019,0.0219,0.0346,0.0224,0.0159,0.0365,0.0274,0.0277,0.041,0.021,0.05,0.0674,0.0369,0.0467,0.1111,0.049,0.0296,0.053,0.0885,0.0352,0.0254,0.026,0.0402,0.0529,0.0255,0.0341,0.0899,0.1371,0.0678,0.089,0.1635,0.1274,0.0629,0.0618,0.0946,0.1059,0.035,0.0181,0.0675,0.1153,0.0331,0.0214,0.0406,0.0542,0.036,0.0401,0.0856,0.0566,0.0233,0.0218,0.0245,0.0406,0.0187,0.0186,0.0386,0.0403,0.0222]'::vector))",), ('        Sort Method: quicksort  Memory: 71kB',), ('        ->  Seq Scan on item_vector  (cost=0.00..3547.39 rows=497 width=12) (actual time=0.021..28.383 rows=1000 loops=1)',), ("              Filter: (mod((iv_id)::numeric, '100'::numeric) = '50'::numeric)",), ('              Rows Removed by Filter: 99000',), ('Planning Time: 0.034 ms',), ('Execution Time: 28.760 ms',)]
1 10000 1
10000 1
[(8305, 0.8939738306785324)]
[('Limit  (cost=3549.88..3549.88 rows=1 width=12) (actual time=59.111..59.112 rows=1 loops=1)',), ('  ->  Sort  (cost=3549.88..3551.12 rows=497 width=12) (actual time=59.110..59.111 rows=1 loops=1)',), ("        Sort Key: ((iv_v <-> '[0.0395,0.0384,0.0593,0.1022,0.0677,0.0688,0.0859,0.0352,0.0609,0.0466,0.0351,0.0229,0.0148,0.0209,0.0394,0.0269,0.018,0.031,0.0698,0.0888,0.0529,0.0463,0.0545,0.0361,0.0462,0.0412,0.0348,0.0268,0.0115,0.0175,0.0492,0.0297,0.0221,0.0506,0.0659,0.0586,0.0313,0.0712,0.0386,0.0387,0.0326,0.0364,0.0402,0.0368,0.017,0.0184,0.0543,0.0508,0.0391,0.0932,0.1039,0.0601,0.044,0.1264,0.0602,0.0749,0.019,0.0337,0.0961,0.0623,0.0227,0.0285,0.061,0.0647,0.0789,0.0985,0.1225,0.0831,0.0552,0.1415,0.1188,0.1061,0.0237,0.0452,0.183,0.0502,0.0408,0.0451,0.1173,0.0599,0.0501,0.0757,0.0752,0.0564,0.0347,0.1094,0.0892,0.06,0.0265,0.035,0.0853,0.0296,0.0172,0.0355,0.1018,0.0394,0.0274,0.0351,0.0667,0.0694,0.0251,0.0677,0.0353,0.0346,0.0428,0.044,0.0262,0.0223,0.0185,0.0205,0.0558,0.0397,0.0238,0.0433,0.0363,0.0745,0.0424,0.0732,0.0616,0.038,0.0559,0.0361,0.0279,0.0257,0.0151,0.0191,0.0301,0.0322,0.0667,0.0655,0.0902,0.1118,0.0764,0.1144,0.1063,0.0373,0.0508,0.039,0.0422,0.0241,0.0293,0.0292,0.0624,0.0651,0.025,0.0357,0.0631,0.1018,0.0374,0.0563,0.0391,0.03,0.0371,0.0461,0.0454,0.0226,0.0142,0.0219,0.0497,0.0443,0.0294,0.0465,0.0676,0.0555,0.0307,0.0872,0.0376,0.0421,0.0318,0.0466,0.0266,0.0296,0.0211,0.0324,0.0323,0.0238,0.0246,0.0651,0.087,0.049,0.0304,0.1311,0.0754,0.0291,0.0247,0.0456,0.0632,0.0679,0.0274,0.0239,0.0614,0.0673,0.046,0.0631,0.1073,0.0719,0.0473,0.1549,0.1314,0.0378,0.0302,0.0571,0.1423,0.0641,0.0328,0.0367,0.1366,0.0579,0.0224,0.0416,0.0768,0.0778,0.0335,0.1176,0.0794,0.038,0.0261,0.036,0.0864,0.0476,0.0144,0.0225,0.1065,0.0558,0.0238,0.0403,0.082,0.0548,0.0438,0.071,0.0378,0.0476,0.0346,0.0488,0.0197,0.0202,0.0178,0.0144,0.0514,0.0432,0.0375,0.0595,0.0348,0.0533,0.0505,0.0914,0.0668,0.0489,0.0521,0.033,0.0263,0.0327,0.0182,0.0183,0.0264,0.0438,0.0487,0.0515,0.0501,0.0654,0.016,0.0673,0.0375,0.0175,0.0215,0.042,0.0199,0.0181,0.0482,0.0253,0.0283,0.0509,0.0249,0.0566,0.0893,0.0414,0.0288,0.0584,0.0299,0.0254,0.0457,0.0586,0.0402,0.0198,0.029,0.0346,0.0537,0.0296,0.0328,0.0934,0.1517,0.0745,0.0566,0.0819,0.0833,0.056,0.0398,0.0306,0.0738,0.0281,0.0153,0.0739,0.1196,0.0319,0.0197,0.0403,0.0639,0.047,0.0347,0.0539,0.0443,0.0213,0.0203,0.0289,0.029,0.0159,0.0203,0.0364,0.0393,0.0246,0.0298,0.0373,0.0454,0.0655,0.0683,0.0874,0.098,0.0287,0.0635,0.0674,0.0419,0.0192,0.0193,0.0241,0.0388,0.0295,0.0141,0.0281,0.0519,0.0528,0.058,0.1103,0.0553,0.0272,0.0418,0.0418,0.0365,0.0201,0.013,0.0194,0.0507,0.0259,0.0174,0.0447,0.0531,0.0416,0.0366,0.0714,0.0322,0.0342,0.031,0.1006,0.0473,0.0348,0.0125,0.0265,0.056,0.0447,0.0245,0.0754,0.0828,0.0465,0.0585,0.1342,0.049,0.0627,0.0329,0.1089,0.1035,0.0574,0.0206,0.0294,0.0623,0.0564,0.0554,0.0824,0.0948,0.0613,0.069,0.1621,0.0985,0.0928,0.0236,0.0591,0.1686,0.047,0.0399,0.0427,0.1132,0.0501,0.0355,0.0624,0.0577,0.0352,0.0499,0.1113,0.0801,0.0546,0.032,0.0351,0.0826,0.0273,0.0185,0.0306,0.0908,0.0383,0.0212,0.0281,0.0518,0.0461,0.0273,0.0749,0.0336,0.0285,0.0415,0.046,0.0264,0.016,0.0124,0.0192,0.0574,0.0299,0.0175,0.0395,0.0302,0.0547,0.0535,0.0964,0.0678,0.0336,0.0615,0.0466,0.038,0.0195,0.012,0.0168,0.0317,0.0272,0.0458,0.0675,0.0731,0.0849,0.0843,0.1395,0.127,0.0366,0.0554,0.0801,0.0686,0.0219,0.0344,0.0277,0.0492,0.0616,0.0211,0.0444,0.0484,0.066,0.0587,0.0934,0.0533,0.0243,0.0243,0.0389,0.045,0.0213,0.0134,0.0288,0.0519,0.0344,0.0304,0.0536,0.0572,0.044,0.062,0.1021,0.0391,0.0338,0.0362,0.1337,0.0373,0.0275,0.0156,0.0425,0.029,0.0214,0.0157,0.0638,0.0712,0.0437,0.0885,0.2152,0.062,0.0223,0.0546,0.1808,0.106,0.0594,0.0224,0.0359,0.0524,0.0572,0.0432,0.066,0.0862,0.0567,0.1092,0.2191,0.1108,0.0365,0.0441,0.0894,0.1544,0.0574,0.0288,0.0333,0.1362,0.0473,0.0286,0.0522,0.0555,0.0498,0.0801,0.1573,0.0778,0.0334,0.0317,0.0339,0.0807,0.0425,0.014,0.0191,0.0988,0.0441,0.0174,0.0291,0.0522,0.0303,0.0396,0.0752,0.0317,0.0336,0.0423,0.0573,0.023,0.0145,0.0122,0.0155,0.0402,0.0284,0.031,0.0506,0.0286,0.0453,0.0852,0.1073,0.0718,0.0451,0.0575,0.0549,0.0461,0.0262,0.0171,0.0157,0.0205,0.0373,0.0482,0.0719,0.0467,0.052,0.0383,0.0802,0.0241,0.0146,0.0166,0.0318,0.0238,0.0144,0.0383,0.0332,0.0324,0.0437,0.0199,0.0456,0.0597,0.034,0.0456,0.1084,0.0438,0.0239,0.0462,0.088,0.0294,0.0241,0.0225,0.0385,0.0457,0.0248,0.0294,0.078,0.1191,0.0557,0.0852,0.1542,0.1082,0.0515,0.0538,0.0913,0.0869,0.0267,0.015,0.0603,0.0984,0.0287,0.0227,0.0412,0.0477,0.0313,0.0385,0.0818,0.0464,0.0192,0.0183,0.0231,0.0333,0.0151,0.0178,0.0374,0.0358,0.0222,0.0363,0.0399,0.0572,0.0858,0.0686,0.0911,0.0985,0.0325,0.0622,0.0653,0.0418,0.0196,0.0168,0.0215,0.0445,0.0309,0.017,0.0302,0.0629,0.0669,0.0601,0.1099,0.0547,0.0337,0.0443,0.04,0.0359,0.023,0.0127,0.0172,0.0545,0.0272,0.0201,0.0461,0.0583,0.0464,0.0415,0.0737,0.0356,0.0382,0.0276,0.0909,0.0448,0.0384,0.0161,0.0243,0.0539,0.0456,0.0288,0.0782,0.0901,0.0519,0.0623,0.1409,0.0524,0.0725,0.0304,0.1066,0.1049,0.0634,0.0235,0.035,0.0673,0.0624,0.0622,0.091,0.1108,0.0777,0.0752,0.166,0.1094,0.1101,0.0289,0.0588,0.1796,0.049,0.0398,0.05,0.1249,0.0592,0.0402,0.0657,0.0702,0.0486,0.0515,0.1123,0.0833,0.0611,0.0328,0.0334,0.0874,0.0273,0.0167,0.0308,0.101,0.0415,0.0209,0.0289,0.0556,0.0507,0.0313,0.071,0.0304,0.0304,0.0413,0.0486,0.0231,0.0185,0.0157,0.0213,0.0566,0.0326,0.0211,0.0399,0.0332,0.0662,0.0575,0.0874,0.0649,0.0332,0.0627,0.0439,0.0341,0.0227,0.0144,0.0168,0.0304,0.028,0.0467,0.0709,0.0907,0.0974,0.0922,0.1468,0.1325,0.043,0.0544,0.0763,0.0707,0.0254,0.0296,0.0267,0.0612,0.0676,0.0207,0.0468,0.0595,0.0826,0.0605,0.0973,0.0542,0.0328,0.0237,0.0439,0.0431,0.0261,0.0129,0.0255,0.0589,0.0419,0.0304,0.0556,0.0626,0.0514,0.0629,0.1105,0.0436,0.0375,0.0364,0.135,0.0366,0.0314,0.0186,0.0427,0.0299,0.0236,0.0206,0.0634,0.0786,0.0473,0.0932,0.2228,0.0647,0.0249,0.054,0.1788,0.1082,0.0638,0.0276,0.0362,0.0571,0.0657,0.0542,0.0726,0.102,0.0686,0.1215,0.229,0.1334,0.0478,0.0549,0.0935,0.1767,0.0702,0.0371,0.0386,0.1481,0.0551,0.0276,0.0504,0.0686,0.0665,0.0866,0.1606,0.087,0.0404,0.035,0.0335,0.0947,0.0529,0.015,0.0226,0.1122,0.0553,0.0164,0.0296,0.0645,0.0438,0.0426,0.0801,0.0335,0.035,0.0438,0.0546,0.0216,0.0153,0.0136,0.0164,0.0499,0.0366,0.0345,0.0554,0.0354,0.0543,0.0912,0.1173,0.0724,0.0488,0.0624,0.0512,0.0406,0.0326,0.0157,0.0145,0.0242,0.0465,0.0456,0.0691,0.0475,0.053,0.0412,0.0854,0.0285,0.019,0.0219,0.0346,0.0224,0.0159,0.0365,0.0274,0.0277,0.041,0.021,0.05,0.0674,0.0369,0.0467,0.1111,0.049,0.0296,0.053,0.0885,0.0352,0.0254,0.026,0.0402,0.0529,0.0255,0.0341,0.0899,0.1371,0.0678,0.089,0.1635,0.1274,0.0629,0.0618,0.0946,0.1059,0.035,0.0181,0.0675,0.1153,0.0331,0.0214,0.0406,0.0542,0.036,0.0401,0.0856,0.0566,0.0233,0.0218,0.0245,0.0406,0.0187,0.0186,0.0386,0.0403,0.0222]'::vector))",), ('        Sort Method: top-N heapsort  Memory: 25kB',), ('        ->  Seq Scan on item_vector  (cost=0.00..3547.39 rows=497 width=12) (actual time=0.009..57.816 rows=10000 loops=1)',), ("              Filter: (mod((iv_id)::numeric, '10'::numeric) = '5'::numeric)",), ('              Rows Removed by Filter: 90000',), ('Planning Time: 0.050 ms',), ('Execution Time: 59.125 ms',)]
1 10000 10
10000 10
[(8305, 0.8939738306785324), (98965, 0.948271227469524), (50425, 0.9708830822052874), (61015, 0.9901329756065053), (17065, 0.993702640244634), (2225, 0.9998681756392481), (28375, 1.001237699359291), (3845, 1.0025578211521857), (26045, 1.011983711571467), (7415, 1.0127020222249392)]
[('Limit  (cost=3558.13..3558.16 rows=10 width=12) (actual time=59.636..59.638 rows=10 loops=1)',), ('  ->  Sort  (cost=3558.13..3559.37 rows=497 width=12) (actual time=59.634..59.635 rows=10 loops=1)',), ("        Sort Key: ((iv_v <-> '[0.0395,0.0384,0.0593,0.1022,0.0677,0.0688,0.0859,0.0352,0.0609,0.0466,0.0351,0.0229,0.0148,0.0209,0.0394,0.0269,0.018,0.031,0.0698,0.0888,0.0529,0.0463,0.0545,0.0361,0.0462,0.0412,0.0348,0.0268,0.0115,0.0175,0.0492,0.0297,0.0221,0.0506,0.0659,0.0586,0.0313,0.0712,0.0386,0.0387,0.0326,0.0364,0.0402,0.0368,0.017,0.0184,0.0543,0.0508,0.0391,0.0932,0.1039,0.0601,0.044,0.1264,0.0602,0.0749,0.019,0.0337,0.0961,0.0623,0.0227,0.0285,0.061,0.0647,0.0789,0.0985,0.1225,0.0831,0.0552,0.1415,0.1188,0.1061,0.0237,0.0452,0.183,0.0502,0.0408,0.0451,0.1173,0.0599,0.0501,0.0757,0.0752,0.0564,0.0347,0.1094,0.0892,0.06,0.0265,0.035,0.0853,0.0296,0.0172,0.0355,0.1018,0.0394,0.0274,0.0351,0.0667,0.0694,0.0251,0.0677,0.0353,0.0346,0.0428,0.044,0.0262,0.0223,0.0185,0.0205,0.0558,0.0397,0.0238,0.0433,0.0363,0.0745,0.0424,0.0732,0.0616,0.038,0.0559,0.0361,0.0279,0.0257,0.0151,0.0191,0.0301,0.0322,0.0667,0.0655,0.0902,0.1118,0.0764,0.1144,0.1063,0.0373,0.0508,0.039,0.0422,0.0241,0.0293,0.0292,0.0624,0.0651,0.025,0.0357,0.0631,0.1018,0.0374,0.0563,0.0391,0.03,0.0371,0.0461,0.0454,0.0226,0.0142,0.0219,0.0497,0.0443,0.0294,0.0465,0.0676,0.0555,0.0307,0.0872,0.0376,0.0421,0.0318,0.0466,0.0266,0.0296,0.0211,0.0324,0.0323,0.0238,0.0246,0.0651,0.087,0.049,0.0304,0.1311,0.0754,0.0291,0.0247,0.0456,0.0632,0.0679,0.0274,0.0239,0.0614,0.0673,0.046,0.0631,0.1073,0.0719,0.0473,0.1549,0.1314,0.0378,0.0302,0.0571,0.1423,0.0641,0.0328,0.0367,0.1366,0.0579,0.0224,0.0416,0.0768,0.0778,0.0335,0.1176,0.0794,0.038,0.0261,0.036,0.0864,0.0476,0.0144,0.0225,0.1065,0.0558,0.0238,0.0403,0.082,0.0548,0.0438,0.071,0.0378,0.0476,0.0346,0.0488,0.0197,0.0202,0.0178,0.0144,0.0514,0.0432,0.0375,0.0595,0.0348,0.0533,0.0505,0.0914,0.0668,0.0489,0.0521,0.033,0.0263,0.0327,0.0182,0.0183,0.0264,0.0438,0.0487,0.0515,0.0501,0.0654,0.016,0.0673,0.0375,0.0175,0.0215,0.042,0.0199,0.0181,0.0482,0.0253,0.0283,0.0509,0.0249,0.0566,0.0893,0.0414,0.0288,0.0584,0.0299,0.0254,0.0457,0.0586,0.0402,0.0198,0.029,0.0346,0.0537,0.0296,0.0328,0.0934,0.1517,0.0745,0.0566,0.0819,0.0833,0.056,0.0398,0.0306,0.0738,0.0281,0.0153,0.0739,0.1196,0.0319,0.0197,0.0403,0.0639,0.047,0.0347,0.0539,0.0443,0.0213,0.0203,0.0289,0.029,0.0159,0.0203,0.0364,0.0393,0.0246,0.0298,0.0373,0.0454,0.0655,0.0683,0.0874,0.098,0.0287,0.0635,0.0674,0.0419,0.0192,0.0193,0.0241,0.0388,0.0295,0.0141,0.0281,0.0519,0.0528,0.058,0.1103,0.0553,0.0272,0.0418,0.0418,0.0365,0.0201,0.013,0.0194,0.0507,0.0259,0.0174,0.0447,0.0531,0.0416,0.0366,0.0714,0.0322,0.0342,0.031,0.1006,0.0473,0.0348,0.0125,0.0265,0.056,0.0447,0.0245,0.0754,0.0828,0.0465,0.0585,0.1342,0.049,0.0627,0.0329,0.1089,0.1035,0.0574,0.0206,0.0294,0.0623,0.0564,0.0554,0.0824,0.0948,0.0613,0.069,0.1621,0.0985,0.0928,0.0236,0.0591,0.1686,0.047,0.0399,0.0427,0.1132,0.0501,0.0355,0.0624,0.0577,0.0352,0.0499,0.1113,0.0801,0.0546,0.032,0.0351,0.0826,0.0273,0.0185,0.0306,0.0908,0.0383,0.0212,0.0281,0.0518,0.0461,0.0273,0.0749,0.0336,0.0285,0.0415,0.046,0.0264,0.016,0.0124,0.0192,0.0574,0.0299,0.0175,0.0395,0.0302,0.0547,0.0535,0.0964,0.0678,0.0336,0.0615,0.0466,0.038,0.0195,0.012,0.0168,0.0317,0.0272,0.0458,0.0675,0.0731,0.0849,0.0843,0.1395,0.127,0.0366,0.0554,0.0801,0.0686,0.0219,0.0344,0.0277,0.0492,0.0616,0.0211,0.0444,0.0484,0.066,0.0587,0.0934,0.0533,0.0243,0.0243,0.0389,0.045,0.0213,0.0134,0.0288,0.0519,0.0344,0.0304,0.0536,0.0572,0.044,0.062,0.1021,0.0391,0.0338,0.0362,0.1337,0.0373,0.0275,0.0156,0.0425,0.029,0.0214,0.0157,0.0638,0.0712,0.0437,0.0885,0.2152,0.062,0.0223,0.0546,0.1808,0.106,0.0594,0.0224,0.0359,0.0524,0.0572,0.0432,0.066,0.0862,0.0567,0.1092,0.2191,0.1108,0.0365,0.0441,0.0894,0.1544,0.0574,0.0288,0.0333,0.1362,0.0473,0.0286,0.0522,0.0555,0.0498,0.0801,0.1573,0.0778,0.0334,0.0317,0.0339,0.0807,0.0425,0.014,0.0191,0.0988,0.0441,0.0174,0.0291,0.0522,0.0303,0.0396,0.0752,0.0317,0.0336,0.0423,0.0573,0.023,0.0145,0.0122,0.0155,0.0402,0.0284,0.031,0.0506,0.0286,0.0453,0.0852,0.1073,0.0718,0.0451,0.0575,0.0549,0.0461,0.0262,0.0171,0.0157,0.0205,0.0373,0.0482,0.0719,0.0467,0.052,0.0383,0.0802,0.0241,0.0146,0.0166,0.0318,0.0238,0.0144,0.0383,0.0332,0.0324,0.0437,0.0199,0.0456,0.0597,0.034,0.0456,0.1084,0.0438,0.0239,0.0462,0.088,0.0294,0.0241,0.0225,0.0385,0.0457,0.0248,0.0294,0.078,0.1191,0.0557,0.0852,0.1542,0.1082,0.0515,0.0538,0.0913,0.0869,0.0267,0.015,0.0603,0.0984,0.0287,0.0227,0.0412,0.0477,0.0313,0.0385,0.0818,0.0464,0.0192,0.0183,0.0231,0.0333,0.0151,0.0178,0.0374,0.0358,0.0222,0.0363,0.0399,0.0572,0.0858,0.0686,0.0911,0.0985,0.0325,0.0622,0.0653,0.0418,0.0196,0.0168,0.0215,0.0445,0.0309,0.017,0.0302,0.0629,0.0669,0.0601,0.1099,0.0547,0.0337,0.0443,0.04,0.0359,0.023,0.0127,0.0172,0.0545,0.0272,0.0201,0.0461,0.0583,0.0464,0.0415,0.0737,0.0356,0.0382,0.0276,0.0909,0.0448,0.0384,0.0161,0.0243,0.0539,0.0456,0.0288,0.0782,0.0901,0.0519,0.0623,0.1409,0.0524,0.0725,0.0304,0.1066,0.1049,0.0634,0.0235,0.035,0.0673,0.0624,0.0622,0.091,0.1108,0.0777,0.0752,0.166,0.1094,0.1101,0.0289,0.0588,0.1796,0.049,0.0398,0.05,0.1249,0.0592,0.0402,0.0657,0.0702,0.0486,0.0515,0.1123,0.0833,0.0611,0.0328,0.0334,0.0874,0.0273,0.0167,0.0308,0.101,0.0415,0.0209,0.0289,0.0556,0.0507,0.0313,0.071,0.0304,0.0304,0.0413,0.0486,0.0231,0.0185,0.0157,0.0213,0.0566,0.0326,0.0211,0.0399,0.0332,0.0662,0.0575,0.0874,0.0649,0.0332,0.0627,0.0439,0.0341,0.0227,0.0144,0.0168,0.0304,0.028,0.0467,0.0709,0.0907,0.0974,0.0922,0.1468,0.1325,0.043,0.0544,0.0763,0.0707,0.0254,0.0296,0.0267,0.0612,0.0676,0.0207,0.0468,0.0595,0.0826,0.0605,0.0973,0.0542,0.0328,0.0237,0.0439,0.0431,0.0261,0.0129,0.0255,0.0589,0.0419,0.0304,0.0556,0.0626,0.0514,0.0629,0.1105,0.0436,0.0375,0.0364,0.135,0.0366,0.0314,0.0186,0.0427,0.0299,0.0236,0.0206,0.0634,0.0786,0.0473,0.0932,0.2228,0.0647,0.0249,0.054,0.1788,0.1082,0.0638,0.0276,0.0362,0.0571,0.0657,0.0542,0.0726,0.102,0.0686,0.1215,0.229,0.1334,0.0478,0.0549,0.0935,0.1767,0.0702,0.0371,0.0386,0.1481,0.0551,0.0276,0.0504,0.0686,0.0665,0.0866,0.1606,0.087,0.0404,0.035,0.0335,0.0947,0.0529,0.015,0.0226,0.1122,0.0553,0.0164,0.0296,0.0645,0.0438,0.0426,0.0801,0.0335,0.035,0.0438,0.0546,0.0216,0.0153,0.0136,0.0164,0.0499,0.0366,0.0345,0.0554,0.0354,0.0543,0.0912,0.1173,0.0724,0.0488,0.0624,0.0512,0.0406,0.0326,0.0157,0.0145,0.0242,0.0465,0.0456,0.0691,0.0475,0.053,0.0412,0.0854,0.0285,0.019,0.0219,0.0346,0.0224,0.0159,0.0365,0.0274,0.0277,0.041,0.021,0.05,0.0674,0.0369,0.0467,0.1111,0.049,0.0296,0.053,0.0885,0.0352,0.0254,0.026,0.0402,0.0529,0.0255,0.0341,0.0899,0.1371,0.0678,0.089,0.1635,0.1274,0.0629,0.0618,0.0946,0.1059,0.035,0.0181,0.0675,0.1153,0.0331,0.0214,0.0406,0.0542,0.036,0.0401,0.0856,0.0566,0.0233,0.0218,0.0245,0.0406,0.0187,0.0186,0.0386,0.0403,0.0222]'::vector))",), ('        Sort Method: top-N heapsort  Memory: 25kB',), ('        ->  Seq Scan on item_vector  (cost=0.00..3547.39 rows=497 width=12) (actual time=0.010..58.288 rows=10000 loops=1)',), ("              Filter: (mod((iv_id)::numeric, '10'::numeric) = '5'::numeric)",), ('              Rows Removed by Filter: 90000',), ('Planning Time: 0.056 ms',), ('Execution Time: 59.654 ms',)]
1 10000 20
10000 20
[(8305, 0.8939738306785324), (98965, 0.948271227469524), (50425, 0.9708830822052874), (61015, 0.9901329756065053), (17065, 0.993702640244634), (2225, 0.9998681756392481), (28375, 1.001237699359291), (3845, 1.0025578211521857), (26045, 1.011983711571467), (7415, 1.0127020222249392), (2995, 1.0137819439879834), (2725, 1.0154808529016504), (34435, 1.017448431671822), (33175, 1.0213429223582398), (54875, 1.0231525519499853), (61645, 1.0262641600957314), (53915, 1.0268503607071002), (70465, 1.0285290744364302), (67555, 1.0292245452194175), (52445, 1.0295636810275581)]
[('Limit  (cost=3560.62..3560.67 rows=20 width=12) (actual time=60.463..60.466 rows=20 loops=1)',), ('  ->  Sort  (cost=3560.62..3561.86 rows=497 width=12) (actual time=60.462..60.463 rows=20 loops=1)',), ("        Sort Key: ((iv_v <-> '[0.0395,0.0384,0.0593,0.1022,0.0677,0.0688,0.0859,0.0352,0.0609,0.0466,0.0351,0.0229,0.0148,0.0209,0.0394,0.0269,0.018,0.031,0.0698,0.0888,0.0529,0.0463,0.0545,0.0361,0.0462,0.0412,0.0348,0.0268,0.0115,0.0175,0.0492,0.0297,0.0221,0.0506,0.0659,0.0586,0.0313,0.0712,0.0386,0.0387,0.0326,0.0364,0.0402,0.0368,0.017,0.0184,0.0543,0.0508,0.0391,0.0932,0.1039,0.0601,0.044,0.1264,0.0602,0.0749,0.019,0.0337,0.0961,0.0623,0.0227,0.0285,0.061,0.0647,0.0789,0.0985,0.1225,0.0831,0.0552,0.1415,0.1188,0.1061,0.0237,0.0452,0.183,0.0502,0.0408,0.0451,0.1173,0.0599,0.0501,0.0757,0.0752,0.0564,0.0347,0.1094,0.0892,0.06,0.0265,0.035,0.0853,0.0296,0.0172,0.0355,0.1018,0.0394,0.0274,0.0351,0.0667,0.0694,0.0251,0.0677,0.0353,0.0346,0.0428,0.044,0.0262,0.0223,0.0185,0.0205,0.0558,0.0397,0.0238,0.0433,0.0363,0.0745,0.0424,0.0732,0.0616,0.038,0.0559,0.0361,0.0279,0.0257,0.0151,0.0191,0.0301,0.0322,0.0667,0.0655,0.0902,0.1118,0.0764,0.1144,0.1063,0.0373,0.0508,0.039,0.0422,0.0241,0.0293,0.0292,0.0624,0.0651,0.025,0.0357,0.0631,0.1018,0.0374,0.0563,0.0391,0.03,0.0371,0.0461,0.0454,0.0226,0.0142,0.0219,0.0497,0.0443,0.0294,0.0465,0.0676,0.0555,0.0307,0.0872,0.0376,0.0421,0.0318,0.0466,0.0266,0.0296,0.0211,0.0324,0.0323,0.0238,0.0246,0.0651,0.087,0.049,0.0304,0.1311,0.0754,0.0291,0.0247,0.0456,0.0632,0.0679,0.0274,0.0239,0.0614,0.0673,0.046,0.0631,0.1073,0.0719,0.0473,0.1549,0.1314,0.0378,0.0302,0.0571,0.1423,0.0641,0.0328,0.0367,0.1366,0.0579,0.0224,0.0416,0.0768,0.0778,0.0335,0.1176,0.0794,0.038,0.0261,0.036,0.0864,0.0476,0.0144,0.0225,0.1065,0.0558,0.0238,0.0403,0.082,0.0548,0.0438,0.071,0.0378,0.0476,0.0346,0.0488,0.0197,0.0202,0.0178,0.0144,0.0514,0.0432,0.0375,0.0595,0.0348,0.0533,0.0505,0.0914,0.0668,0.0489,0.0521,0.033,0.0263,0.0327,0.0182,0.0183,0.0264,0.0438,0.0487,0.0515,0.0501,0.0654,0.016,0.0673,0.0375,0.0175,0.0215,0.042,0.0199,0.0181,0.0482,0.0253,0.0283,0.0509,0.0249,0.0566,0.0893,0.0414,0.0288,0.0584,0.0299,0.0254,0.0457,0.0586,0.0402,0.0198,0.029,0.0346,0.0537,0.0296,0.0328,0.0934,0.1517,0.0745,0.0566,0.0819,0.0833,0.056,0.0398,0.0306,0.0738,0.0281,0.0153,0.0739,0.1196,0.0319,0.0197,0.0403,0.0639,0.047,0.0347,0.0539,0.0443,0.0213,0.0203,0.0289,0.029,0.0159,0.0203,0.0364,0.0393,0.0246,0.0298,0.0373,0.0454,0.0655,0.0683,0.0874,0.098,0.0287,0.0635,0.0674,0.0419,0.0192,0.0193,0.0241,0.0388,0.0295,0.0141,0.0281,0.0519,0.0528,0.058,0.1103,0.0553,0.0272,0.0418,0.0418,0.0365,0.0201,0.013,0.0194,0.0507,0.0259,0.0174,0.0447,0.0531,0.0416,0.0366,0.0714,0.0322,0.0342,0.031,0.1006,0.0473,0.0348,0.0125,0.0265,0.056,0.0447,0.0245,0.0754,0.0828,0.0465,0.0585,0.1342,0.049,0.0627,0.0329,0.1089,0.1035,0.0574,0.0206,0.0294,0.0623,0.0564,0.0554,0.0824,0.0948,0.0613,0.069,0.1621,0.0985,0.0928,0.0236,0.0591,0.1686,0.047,0.0399,0.0427,0.1132,0.0501,0.0355,0.0624,0.0577,0.0352,0.0499,0.1113,0.0801,0.0546,0.032,0.0351,0.0826,0.0273,0.0185,0.0306,0.0908,0.0383,0.0212,0.0281,0.0518,0.0461,0.0273,0.0749,0.0336,0.0285,0.0415,0.046,0.0264,0.016,0.0124,0.0192,0.0574,0.0299,0.0175,0.0395,0.0302,0.0547,0.0535,0.0964,0.0678,0.0336,0.0615,0.0466,0.038,0.0195,0.012,0.0168,0.0317,0.0272,0.0458,0.0675,0.0731,0.0849,0.0843,0.1395,0.127,0.0366,0.0554,0.0801,0.0686,0.0219,0.0344,0.0277,0.0492,0.0616,0.0211,0.0444,0.0484,0.066,0.0587,0.0934,0.0533,0.0243,0.0243,0.0389,0.045,0.0213,0.0134,0.0288,0.0519,0.0344,0.0304,0.0536,0.0572,0.044,0.062,0.1021,0.0391,0.0338,0.0362,0.1337,0.0373,0.0275,0.0156,0.0425,0.029,0.0214,0.0157,0.0638,0.0712,0.0437,0.0885,0.2152,0.062,0.0223,0.0546,0.1808,0.106,0.0594,0.0224,0.0359,0.0524,0.0572,0.0432,0.066,0.0862,0.0567,0.1092,0.2191,0.1108,0.0365,0.0441,0.0894,0.1544,0.0574,0.0288,0.0333,0.1362,0.0473,0.0286,0.0522,0.0555,0.0498,0.0801,0.1573,0.0778,0.0334,0.0317,0.0339,0.0807,0.0425,0.014,0.0191,0.0988,0.0441,0.0174,0.0291,0.0522,0.0303,0.0396,0.0752,0.0317,0.0336,0.0423,0.0573,0.023,0.0145,0.0122,0.0155,0.0402,0.0284,0.031,0.0506,0.0286,0.0453,0.0852,0.1073,0.0718,0.0451,0.0575,0.0549,0.0461,0.0262,0.0171,0.0157,0.0205,0.0373,0.0482,0.0719,0.0467,0.052,0.0383,0.0802,0.0241,0.0146,0.0166,0.0318,0.0238,0.0144,0.0383,0.0332,0.0324,0.0437,0.0199,0.0456,0.0597,0.034,0.0456,0.1084,0.0438,0.0239,0.0462,0.088,0.0294,0.0241,0.0225,0.0385,0.0457,0.0248,0.0294,0.078,0.1191,0.0557,0.0852,0.1542,0.1082,0.0515,0.0538,0.0913,0.0869,0.0267,0.015,0.0603,0.0984,0.0287,0.0227,0.0412,0.0477,0.0313,0.0385,0.0818,0.0464,0.0192,0.0183,0.0231,0.0333,0.0151,0.0178,0.0374,0.0358,0.0222,0.0363,0.0399,0.0572,0.0858,0.0686,0.0911,0.0985,0.0325,0.0622,0.0653,0.0418,0.0196,0.0168,0.0215,0.0445,0.0309,0.017,0.0302,0.0629,0.0669,0.0601,0.1099,0.0547,0.0337,0.0443,0.04,0.0359,0.023,0.0127,0.0172,0.0545,0.0272,0.0201,0.0461,0.0583,0.0464,0.0415,0.0737,0.0356,0.0382,0.0276,0.0909,0.0448,0.0384,0.0161,0.0243,0.0539,0.0456,0.0288,0.0782,0.0901,0.0519,0.0623,0.1409,0.0524,0.0725,0.0304,0.1066,0.1049,0.0634,0.0235,0.035,0.0673,0.0624,0.0622,0.091,0.1108,0.0777,0.0752,0.166,0.1094,0.1101,0.0289,0.0588,0.1796,0.049,0.0398,0.05,0.1249,0.0592,0.0402,0.0657,0.0702,0.0486,0.0515,0.1123,0.0833,0.0611,0.0328,0.0334,0.0874,0.0273,0.0167,0.0308,0.101,0.0415,0.0209,0.0289,0.0556,0.0507,0.0313,0.071,0.0304,0.0304,0.0413,0.0486,0.0231,0.0185,0.0157,0.0213,0.0566,0.0326,0.0211,0.0399,0.0332,0.0662,0.0575,0.0874,0.0649,0.0332,0.0627,0.0439,0.0341,0.0227,0.0144,0.0168,0.0304,0.028,0.0467,0.0709,0.0907,0.0974,0.0922,0.1468,0.1325,0.043,0.0544,0.0763,0.0707,0.0254,0.0296,0.0267,0.0612,0.0676,0.0207,0.0468,0.0595,0.0826,0.0605,0.0973,0.0542,0.0328,0.0237,0.0439,0.0431,0.0261,0.0129,0.0255,0.0589,0.0419,0.0304,0.0556,0.0626,0.0514,0.0629,0.1105,0.0436,0.0375,0.0364,0.135,0.0366,0.0314,0.0186,0.0427,0.0299,0.0236,0.0206,0.0634,0.0786,0.0473,0.0932,0.2228,0.0647,0.0249,0.054,0.1788,0.1082,0.0638,0.0276,0.0362,0.0571,0.0657,0.0542,0.0726,0.102,0.0686,0.1215,0.229,0.1334,0.0478,0.0549,0.0935,0.1767,0.0702,0.0371,0.0386,0.1481,0.0551,0.0276,0.0504,0.0686,0.0665,0.0866,0.1606,0.087,0.0404,0.035,0.0335,0.0947,0.0529,0.015,0.0226,0.1122,0.0553,0.0164,0.0296,0.0645,0.0438,0.0426,0.0801,0.0335,0.035,0.0438,0.0546,0.0216,0.0153,0.0136,0.0164,0.0499,0.0366,0.0345,0.0554,0.0354,0.0543,0.0912,0.1173,0.0724,0.0488,0.0624,0.0512,0.0406,0.0326,0.0157,0.0145,0.0242,0.0465,0.0456,0.0691,0.0475,0.053,0.0412,0.0854,0.0285,0.019,0.0219,0.0346,0.0224,0.0159,0.0365,0.0274,0.0277,0.041,0.021,0.05,0.0674,0.0369,0.0467,0.1111,0.049,0.0296,0.053,0.0885,0.0352,0.0254,0.026,0.0402,0.0529,0.0255,0.0341,0.0899,0.1371,0.0678,0.089,0.1635,0.1274,0.0629,0.0618,0.0946,0.1059,0.035,0.0181,0.0675,0.1153,0.0331,0.0214,0.0406,0.0542,0.036,0.0401,0.0856,0.0566,0.0233,0.0218,0.0245,0.0406,0.0187,0.0186,0.0386,0.0403,0.0222]'::vector))",), ('        Sort Method: top-N heapsort  Memory: 26kB',), ('        ->  Seq Scan on item_vector  (cost=0.00..3547.39 rows=497 width=12) (actual time=0.010..59.172 rows=10000 loops=1)',), ("              Filter: (mod((iv_id)::numeric, '10'::numeric) = '5'::numeric)",), ('              Rows Removed by Filter: 90000',), ('Planning Time: 0.066 ms',), ('Execution Time: 60.482 ms',)]
1 10000 40
10000 40
[(8305, 0.8939738306785324), (98965, 0.948271227469524), (50425, 0.9708830822052874), (61015, 0.9901329756065053), (17065, 0.993702640244634), (2225, 0.9998681756392481), (28375, 1.001237699359291), (3845, 1.0025578211521857), (26045, 1.011983711571467), (7415, 1.0127020222249392), (2995, 1.0137819439879834), (2725, 1.0154808529016504), (34435, 1.017448431671822), (33175, 1.0213429223582398), (54875, 1.0231525519499853), (61645, 1.0262641600957314), (53915, 1.0268503607071002), (70465, 1.0285290744364302), (67555, 1.0292245452194175), (52445, 1.0295636810275581), (60225, 1.0307749607784238), (39435, 1.0374462780199882), (15515, 1.037932850269858), (27745, 1.0389621657494683), (87375, 1.0424425033338567), (52495, 1.0426572413063224), (98345, 1.0427789408239718), (68855, 1.0437505413670762), (195, 1.044289541988578), (89845, 1.045337458884198), (92255, 1.0475182905398372), (90435, 1.0480687182151733), (75005, 1.0485998150271103), (55735, 1.0489416647037804), (56495, 1.0499893664775284), (87155, 1.0502525048683478), (3905, 1.050495945653486), (15015, 1.051379462490605), (20105, 1.0514086583870006), (31465, 1.0523451614653616)]
[('Limit  (cost=3563.10..3563.20 rows=40 width=12) (actual time=60.401..60.406 rows=40 loops=1)',), ('  ->  Sort  (cost=3563.10..3564.34 rows=497 width=12) (actual time=60.400..60.402 rows=40 loops=1)',), ("        Sort Key: ((iv_v <-> '[0.0395,0.0384,0.0593,0.1022,0.0677,0.0688,0.0859,0.0352,0.0609,0.0466,0.0351,0.0229,0.0148,0.0209,0.0394,0.0269,0.018,0.031,0.0698,0.0888,0.0529,0.0463,0.0545,0.0361,0.0462,0.0412,0.0348,0.0268,0.0115,0.0175,0.0492,0.0297,0.0221,0.0506,0.0659,0.0586,0.0313,0.0712,0.0386,0.0387,0.0326,0.0364,0.0402,0.0368,0.017,0.0184,0.0543,0.0508,0.0391,0.0932,0.1039,0.0601,0.044,0.1264,0.0602,0.0749,0.019,0.0337,0.0961,0.0623,0.0227,0.0285,0.061,0.0647,0.0789,0.0985,0.1225,0.0831,0.0552,0.1415,0.1188,0.1061,0.0237,0.0452,0.183,0.0502,0.0408,0.0451,0.1173,0.0599,0.0501,0.0757,0.0752,0.0564,0.0347,0.1094,0.0892,0.06,0.0265,0.035,0.0853,0.0296,0.0172,0.0355,0.1018,0.0394,0.0274,0.0351,0.0667,0.0694,0.0251,0.0677,0.0353,0.0346,0.0428,0.044,0.0262,0.0223,0.0185,0.0205,0.0558,0.0397,0.0238,0.0433,0.0363,0.0745,0.0424,0.0732,0.0616,0.038,0.0559,0.0361,0.0279,0.0257,0.0151,0.0191,0.0301,0.0322,0.0667,0.0655,0.0902,0.1118,0.0764,0.1144,0.1063,0.0373,0.0508,0.039,0.0422,0.0241,0.0293,0.0292,0.0624,0.0651,0.025,0.0357,0.0631,0.1018,0.0374,0.0563,0.0391,0.03,0.0371,0.0461,0.0454,0.0226,0.0142,0.0219,0.0497,0.0443,0.0294,0.0465,0.0676,0.0555,0.0307,0.0872,0.0376,0.0421,0.0318,0.0466,0.0266,0.0296,0.0211,0.0324,0.0323,0.0238,0.0246,0.0651,0.087,0.049,0.0304,0.1311,0.0754,0.0291,0.0247,0.0456,0.0632,0.0679,0.0274,0.0239,0.0614,0.0673,0.046,0.0631,0.1073,0.0719,0.0473,0.1549,0.1314,0.0378,0.0302,0.0571,0.1423,0.0641,0.0328,0.0367,0.1366,0.0579,0.0224,0.0416,0.0768,0.0778,0.0335,0.1176,0.0794,0.038,0.0261,0.036,0.0864,0.0476,0.0144,0.0225,0.1065,0.0558,0.0238,0.0403,0.082,0.0548,0.0438,0.071,0.0378,0.0476,0.0346,0.0488,0.0197,0.0202,0.0178,0.0144,0.0514,0.0432,0.0375,0.0595,0.0348,0.0533,0.0505,0.0914,0.0668,0.0489,0.0521,0.033,0.0263,0.0327,0.0182,0.0183,0.0264,0.0438,0.0487,0.0515,0.0501,0.0654,0.016,0.0673,0.0375,0.0175,0.0215,0.042,0.0199,0.0181,0.0482,0.0253,0.0283,0.0509,0.0249,0.0566,0.0893,0.0414,0.0288,0.0584,0.0299,0.0254,0.0457,0.0586,0.0402,0.0198,0.029,0.0346,0.0537,0.0296,0.0328,0.0934,0.1517,0.0745,0.0566,0.0819,0.0833,0.056,0.0398,0.0306,0.0738,0.0281,0.0153,0.0739,0.1196,0.0319,0.0197,0.0403,0.0639,0.047,0.0347,0.0539,0.0443,0.0213,0.0203,0.0289,0.029,0.0159,0.0203,0.0364,0.0393,0.0246,0.0298,0.0373,0.0454,0.0655,0.0683,0.0874,0.098,0.0287,0.0635,0.0674,0.0419,0.0192,0.0193,0.0241,0.0388,0.0295,0.0141,0.0281,0.0519,0.0528,0.058,0.1103,0.0553,0.0272,0.0418,0.0418,0.0365,0.0201,0.013,0.0194,0.0507,0.0259,0.0174,0.0447,0.0531,0.0416,0.0366,0.0714,0.0322,0.0342,0.031,0.1006,0.0473,0.0348,0.0125,0.0265,0.056,0.0447,0.0245,0.0754,0.0828,0.0465,0.0585,0.1342,0.049,0.0627,0.0329,0.1089,0.1035,0.0574,0.0206,0.0294,0.0623,0.0564,0.0554,0.0824,0.0948,0.0613,0.069,0.1621,0.0985,0.0928,0.0236,0.0591,0.1686,0.047,0.0399,0.0427,0.1132,0.0501,0.0355,0.0624,0.0577,0.0352,0.0499,0.1113,0.0801,0.0546,0.032,0.0351,0.0826,0.0273,0.0185,0.0306,0.0908,0.0383,0.0212,0.0281,0.0518,0.0461,0.0273,0.0749,0.0336,0.0285,0.0415,0.046,0.0264,0.016,0.0124,0.0192,0.0574,0.0299,0.0175,0.0395,0.0302,0.0547,0.0535,0.0964,0.0678,0.0336,0.0615,0.0466,0.038,0.0195,0.012,0.0168,0.0317,0.0272,0.0458,0.0675,0.0731,0.0849,0.0843,0.1395,0.127,0.0366,0.0554,0.0801,0.0686,0.0219,0.0344,0.0277,0.0492,0.0616,0.0211,0.0444,0.0484,0.066,0.0587,0.0934,0.0533,0.0243,0.0243,0.0389,0.045,0.0213,0.0134,0.0288,0.0519,0.0344,0.0304,0.0536,0.0572,0.044,0.062,0.1021,0.0391,0.0338,0.0362,0.1337,0.0373,0.0275,0.0156,0.0425,0.029,0.0214,0.0157,0.0638,0.0712,0.0437,0.0885,0.2152,0.062,0.0223,0.0546,0.1808,0.106,0.0594,0.0224,0.0359,0.0524,0.0572,0.0432,0.066,0.0862,0.0567,0.1092,0.2191,0.1108,0.0365,0.0441,0.0894,0.1544,0.0574,0.0288,0.0333,0.1362,0.0473,0.0286,0.0522,0.0555,0.0498,0.0801,0.1573,0.0778,0.0334,0.0317,0.0339,0.0807,0.0425,0.014,0.0191,0.0988,0.0441,0.0174,0.0291,0.0522,0.0303,0.0396,0.0752,0.0317,0.0336,0.0423,0.0573,0.023,0.0145,0.0122,0.0155,0.0402,0.0284,0.031,0.0506,0.0286,0.0453,0.0852,0.1073,0.0718,0.0451,0.0575,0.0549,0.0461,0.0262,0.0171,0.0157,0.0205,0.0373,0.0482,0.0719,0.0467,0.052,0.0383,0.0802,0.0241,0.0146,0.0166,0.0318,0.0238,0.0144,0.0383,0.0332,0.0324,0.0437,0.0199,0.0456,0.0597,0.034,0.0456,0.1084,0.0438,0.0239,0.0462,0.088,0.0294,0.0241,0.0225,0.0385,0.0457,0.0248,0.0294,0.078,0.1191,0.0557,0.0852,0.1542,0.1082,0.0515,0.0538,0.0913,0.0869,0.0267,0.015,0.0603,0.0984,0.0287,0.0227,0.0412,0.0477,0.0313,0.0385,0.0818,0.0464,0.0192,0.0183,0.0231,0.0333,0.0151,0.0178,0.0374,0.0358,0.0222,0.0363,0.0399,0.0572,0.0858,0.0686,0.0911,0.0985,0.0325,0.0622,0.0653,0.0418,0.0196,0.0168,0.0215,0.0445,0.0309,0.017,0.0302,0.0629,0.0669,0.0601,0.1099,0.0547,0.0337,0.0443,0.04,0.0359,0.023,0.0127,0.0172,0.0545,0.0272,0.0201,0.0461,0.0583,0.0464,0.0415,0.0737,0.0356,0.0382,0.0276,0.0909,0.0448,0.0384,0.0161,0.0243,0.0539,0.0456,0.0288,0.0782,0.0901,0.0519,0.0623,0.1409,0.0524,0.0725,0.0304,0.1066,0.1049,0.0634,0.0235,0.035,0.0673,0.0624,0.0622,0.091,0.1108,0.0777,0.0752,0.166,0.1094,0.1101,0.0289,0.0588,0.1796,0.049,0.0398,0.05,0.1249,0.0592,0.0402,0.0657,0.0702,0.0486,0.0515,0.1123,0.0833,0.0611,0.0328,0.0334,0.0874,0.0273,0.0167,0.0308,0.101,0.0415,0.0209,0.0289,0.0556,0.0507,0.0313,0.071,0.0304,0.0304,0.0413,0.0486,0.0231,0.0185,0.0157,0.0213,0.0566,0.0326,0.0211,0.0399,0.0332,0.0662,0.0575,0.0874,0.0649,0.0332,0.0627,0.0439,0.0341,0.0227,0.0144,0.0168,0.0304,0.028,0.0467,0.0709,0.0907,0.0974,0.0922,0.1468,0.1325,0.043,0.0544,0.0763,0.0707,0.0254,0.0296,0.0267,0.0612,0.0676,0.0207,0.0468,0.0595,0.0826,0.0605,0.0973,0.0542,0.0328,0.0237,0.0439,0.0431,0.0261,0.0129,0.0255,0.0589,0.0419,0.0304,0.0556,0.0626,0.0514,0.0629,0.1105,0.0436,0.0375,0.0364,0.135,0.0366,0.0314,0.0186,0.0427,0.0299,0.0236,0.0206,0.0634,0.0786,0.0473,0.0932,0.2228,0.0647,0.0249,0.054,0.1788,0.1082,0.0638,0.0276,0.0362,0.0571,0.0657,0.0542,0.0726,0.102,0.0686,0.1215,0.229,0.1334,0.0478,0.0549,0.0935,0.1767,0.0702,0.0371,0.0386,0.1481,0.0551,0.0276,0.0504,0.0686,0.0665,0.0866,0.1606,0.087,0.0404,0.035,0.0335,0.0947,0.0529,0.015,0.0226,0.1122,0.0553,0.0164,0.0296,0.0645,0.0438,0.0426,0.0801,0.0335,0.035,0.0438,0.0546,0.0216,0.0153,0.0136,0.0164,0.0499,0.0366,0.0345,0.0554,0.0354,0.0543,0.0912,0.1173,0.0724,0.0488,0.0624,0.0512,0.0406,0.0326,0.0157,0.0145,0.0242,0.0465,0.0456,0.0691,0.0475,0.053,0.0412,0.0854,0.0285,0.019,0.0219,0.0346,0.0224,0.0159,0.0365,0.0274,0.0277,0.041,0.021,0.05,0.0674,0.0369,0.0467,0.1111,0.049,0.0296,0.053,0.0885,0.0352,0.0254,0.026,0.0402,0.0529,0.0255,0.0341,0.0899,0.1371,0.0678,0.089,0.1635,0.1274,0.0629,0.0618,0.0946,0.1059,0.035,0.0181,0.0675,0.1153,0.0331,0.0214,0.0406,0.0542,0.036,0.0401,0.0856,0.0566,0.0233,0.0218,0.0245,0.0406,0.0187,0.0186,0.0386,0.0403,0.0222]'::vector))",), ('        Sort Method: top-N heapsort  Memory: 28kB',), ('        ->  Seq Scan on item_vector  (cost=0.00..3547.39 rows=497 width=12) (actual time=0.010..59.057 rows=10000 loops=1)',), ("              Filter: (mod((iv_id)::numeric, '10'::numeric) = '5'::numeric)",), ('              Rows Removed by Filter: 90000',), ('Planning Time: 0.056 ms',), ('Execution Time: 60.421 ms',)]
1 10000 80
10000 80
[(8305, 0.8939738306785324), (98965, 0.948271227469524), (50425, 0.9708830822052874), (61015, 0.9901329756065053), (17065, 0.993702640244634), (2225, 0.9998681756392481), (28375, 1.001237699359291), (3845, 1.0025578211521857), (26045, 1.011983711571467), (7415, 1.0127020222249392), (2995, 1.0137819439879834), (2725, 1.0154808529016504), (34435, 1.017448431671822), (33175, 1.0213429223582398), (54875, 1.0231525519499853), (61645, 1.0262641600957314), (53915, 1.0268503607071002), (70465, 1.0285290744364302), (67555, 1.0292245452194175), (52445, 1.0295636810275581), (60225, 1.0307749607784238), (39435, 1.0374462780199882), (15515, 1.037932850269858), (27745, 1.0389621657494683), (87375, 1.0424425033338567), (52495, 1.0426572413063224), (98345, 1.0427789408239718), (68855, 1.0437505413670762), (195, 1.044289541988578), (89845, 1.045337458884198), (92255, 1.0475182905398372), (90435, 1.0480687182151733), (75005, 1.0485998150271103), (55735, 1.0489416647037804), (56495, 1.0499893664775284), (87155, 1.0502525048683478), (3905, 1.050495945653486), (15015, 1.051379462490605), (20105, 1.0514086583870006), (31465, 1.0523451614653616), (30065, 1.0529515426368667), (51565, 1.0548127276639652), (78745, 1.0550268686859554), (35955, 1.0551813170478919), (72315, 1.0556286039228788), (94765, 1.0573650704195072), (73215, 1.0593062251899572), (9055, 1.0607924484401283), (87415, 1.0621067329084863), (19265, 1.0625833590849578), (7095, 1.0635134407704214), (94085, 1.0647470610865322), (97795, 1.0652822642513022), (87135, 1.0690322235646272), (28475, 1.0694979052922162), (73245, 1.070817925506849), (93355, 1.0710790075265573), (59485, 1.072141601949879), (16825, 1.072425093891579), (76635, 1.0737213092741147), (57615, 1.0751336103399904), (17385, 1.0766656923043612), (11135, 1.076928068636759), (41165, 1.0773061323894482), (15065, 1.0776014300619376), (15625, 1.0789460635452803), (71525, 1.0794601466043083), (7815, 1.0801728191564464), (74405, 1.0805828439709406), (10545, 1.0807727973434282), (94585, 1.0824585219050646), (17995, 1.0826870690120127), (52435, 1.0838157178935395), (34795, 1.0838534439331362), (81695, 1.084816003659166), (43445, 1.0849114929524357), (69925, 1.0857329690551834), (43585, 1.0865059880856598), (89885, 1.0867976891527822), (20565, 1.0876725969701397)]
[('Limit  (cost=3565.59..3565.79 rows=80 width=12) (actual time=59.675..59.684 rows=80 loops=1)',), ('  ->  Sort  (cost=3565.59..3566.83 rows=497 width=12) (actual time=59.675..59.678 rows=80 loops=1)',), ("        Sort Key: ((iv_v <-> '[0.0395,0.0384,0.0593,0.1022,0.0677,0.0688,0.0859,0.0352,0.0609,0.0466,0.0351,0.0229,0.0148,0.0209,0.0394,0.0269,0.018,0.031,0.0698,0.0888,0.0529,0.0463,0.0545,0.0361,0.0462,0.0412,0.0348,0.0268,0.0115,0.0175,0.0492,0.0297,0.0221,0.0506,0.0659,0.0586,0.0313,0.0712,0.0386,0.0387,0.0326,0.0364,0.0402,0.0368,0.017,0.0184,0.0543,0.0508,0.0391,0.0932,0.1039,0.0601,0.044,0.1264,0.0602,0.0749,0.019,0.0337,0.0961,0.0623,0.0227,0.0285,0.061,0.0647,0.0789,0.0985,0.1225,0.0831,0.0552,0.1415,0.1188,0.1061,0.0237,0.0452,0.183,0.0502,0.0408,0.0451,0.1173,0.0599,0.0501,0.0757,0.0752,0.0564,0.0347,0.1094,0.0892,0.06,0.0265,0.035,0.0853,0.0296,0.0172,0.0355,0.1018,0.0394,0.0274,0.0351,0.0667,0.0694,0.0251,0.0677,0.0353,0.0346,0.0428,0.044,0.0262,0.0223,0.0185,0.0205,0.0558,0.0397,0.0238,0.0433,0.0363,0.0745,0.0424,0.0732,0.0616,0.038,0.0559,0.0361,0.0279,0.0257,0.0151,0.0191,0.0301,0.0322,0.0667,0.0655,0.0902,0.1118,0.0764,0.1144,0.1063,0.0373,0.0508,0.039,0.0422,0.0241,0.0293,0.0292,0.0624,0.0651,0.025,0.0357,0.0631,0.1018,0.0374,0.0563,0.0391,0.03,0.0371,0.0461,0.0454,0.0226,0.0142,0.0219,0.0497,0.0443,0.0294,0.0465,0.0676,0.0555,0.0307,0.0872,0.0376,0.0421,0.0318,0.0466,0.0266,0.0296,0.0211,0.0324,0.0323,0.0238,0.0246,0.0651,0.087,0.049,0.0304,0.1311,0.0754,0.0291,0.0247,0.0456,0.0632,0.0679,0.0274,0.0239,0.0614,0.0673,0.046,0.0631,0.1073,0.0719,0.0473,0.1549,0.1314,0.0378,0.0302,0.0571,0.1423,0.0641,0.0328,0.0367,0.1366,0.0579,0.0224,0.0416,0.0768,0.0778,0.0335,0.1176,0.0794,0.038,0.0261,0.036,0.0864,0.0476,0.0144,0.0225,0.1065,0.0558,0.0238,0.0403,0.082,0.0548,0.0438,0.071,0.0378,0.0476,0.0346,0.0488,0.0197,0.0202,0.0178,0.0144,0.0514,0.0432,0.0375,0.0595,0.0348,0.0533,0.0505,0.0914,0.0668,0.0489,0.0521,0.033,0.0263,0.0327,0.0182,0.0183,0.0264,0.0438,0.0487,0.0515,0.0501,0.0654,0.016,0.0673,0.0375,0.0175,0.0215,0.042,0.0199,0.0181,0.0482,0.0253,0.0283,0.0509,0.0249,0.0566,0.0893,0.0414,0.0288,0.0584,0.0299,0.0254,0.0457,0.0586,0.0402,0.0198,0.029,0.0346,0.0537,0.0296,0.0328,0.0934,0.1517,0.0745,0.0566,0.0819,0.0833,0.056,0.0398,0.0306,0.0738,0.0281,0.0153,0.0739,0.1196,0.0319,0.0197,0.0403,0.0639,0.047,0.0347,0.0539,0.0443,0.0213,0.0203,0.0289,0.029,0.0159,0.0203,0.0364,0.0393,0.0246,0.0298,0.0373,0.0454,0.0655,0.0683,0.0874,0.098,0.0287,0.0635,0.0674,0.0419,0.0192,0.0193,0.0241,0.0388,0.0295,0.0141,0.0281,0.0519,0.0528,0.058,0.1103,0.0553,0.0272,0.0418,0.0418,0.0365,0.0201,0.013,0.0194,0.0507,0.0259,0.0174,0.0447,0.0531,0.0416,0.0366,0.0714,0.0322,0.0342,0.031,0.1006,0.0473,0.0348,0.0125,0.0265,0.056,0.0447,0.0245,0.0754,0.0828,0.0465,0.0585,0.1342,0.049,0.0627,0.0329,0.1089,0.1035,0.0574,0.0206,0.0294,0.0623,0.0564,0.0554,0.0824,0.0948,0.0613,0.069,0.1621,0.0985,0.0928,0.0236,0.0591,0.1686,0.047,0.0399,0.0427,0.1132,0.0501,0.0355,0.0624,0.0577,0.0352,0.0499,0.1113,0.0801,0.0546,0.032,0.0351,0.0826,0.0273,0.0185,0.0306,0.0908,0.0383,0.0212,0.0281,0.0518,0.0461,0.0273,0.0749,0.0336,0.0285,0.0415,0.046,0.0264,0.016,0.0124,0.0192,0.0574,0.0299,0.0175,0.0395,0.0302,0.0547,0.0535,0.0964,0.0678,0.0336,0.0615,0.0466,0.038,0.0195,0.012,0.0168,0.0317,0.0272,0.0458,0.0675,0.0731,0.0849,0.0843,0.1395,0.127,0.0366,0.0554,0.0801,0.0686,0.0219,0.0344,0.0277,0.0492,0.0616,0.0211,0.0444,0.0484,0.066,0.0587,0.0934,0.0533,0.0243,0.0243,0.0389,0.045,0.0213,0.0134,0.0288,0.0519,0.0344,0.0304,0.0536,0.0572,0.044,0.062,0.1021,0.0391,0.0338,0.0362,0.1337,0.0373,0.0275,0.0156,0.0425,0.029,0.0214,0.0157,0.0638,0.0712,0.0437,0.0885,0.2152,0.062,0.0223,0.0546,0.1808,0.106,0.0594,0.0224,0.0359,0.0524,0.0572,0.0432,0.066,0.0862,0.0567,0.1092,0.2191,0.1108,0.0365,0.0441,0.0894,0.1544,0.0574,0.0288,0.0333,0.1362,0.0473,0.0286,0.0522,0.0555,0.0498,0.0801,0.1573,0.0778,0.0334,0.0317,0.0339,0.0807,0.0425,0.014,0.0191,0.0988,0.0441,0.0174,0.0291,0.0522,0.0303,0.0396,0.0752,0.0317,0.0336,0.0423,0.0573,0.023,0.0145,0.0122,0.0155,0.0402,0.0284,0.031,0.0506,0.0286,0.0453,0.0852,0.1073,0.0718,0.0451,0.0575,0.0549,0.0461,0.0262,0.0171,0.0157,0.0205,0.0373,0.0482,0.0719,0.0467,0.052,0.0383,0.0802,0.0241,0.0146,0.0166,0.0318,0.0238,0.0144,0.0383,0.0332,0.0324,0.0437,0.0199,0.0456,0.0597,0.034,0.0456,0.1084,0.0438,0.0239,0.0462,0.088,0.0294,0.0241,0.0225,0.0385,0.0457,0.0248,0.0294,0.078,0.1191,0.0557,0.0852,0.1542,0.1082,0.0515,0.0538,0.0913,0.0869,0.0267,0.015,0.0603,0.0984,0.0287,0.0227,0.0412,0.0477,0.0313,0.0385,0.0818,0.0464,0.0192,0.0183,0.0231,0.0333,0.0151,0.0178,0.0374,0.0358,0.0222,0.0363,0.0399,0.0572,0.0858,0.0686,0.0911,0.0985,0.0325,0.0622,0.0653,0.0418,0.0196,0.0168,0.0215,0.0445,0.0309,0.017,0.0302,0.0629,0.0669,0.0601,0.1099,0.0547,0.0337,0.0443,0.04,0.0359,0.023,0.0127,0.0172,0.0545,0.0272,0.0201,0.0461,0.0583,0.0464,0.0415,0.0737,0.0356,0.0382,0.0276,0.0909,0.0448,0.0384,0.0161,0.0243,0.0539,0.0456,0.0288,0.0782,0.0901,0.0519,0.0623,0.1409,0.0524,0.0725,0.0304,0.1066,0.1049,0.0634,0.0235,0.035,0.0673,0.0624,0.0622,0.091,0.1108,0.0777,0.0752,0.166,0.1094,0.1101,0.0289,0.0588,0.1796,0.049,0.0398,0.05,0.1249,0.0592,0.0402,0.0657,0.0702,0.0486,0.0515,0.1123,0.0833,0.0611,0.0328,0.0334,0.0874,0.0273,0.0167,0.0308,0.101,0.0415,0.0209,0.0289,0.0556,0.0507,0.0313,0.071,0.0304,0.0304,0.0413,0.0486,0.0231,0.0185,0.0157,0.0213,0.0566,0.0326,0.0211,0.0399,0.0332,0.0662,0.0575,0.0874,0.0649,0.0332,0.0627,0.0439,0.0341,0.0227,0.0144,0.0168,0.0304,0.028,0.0467,0.0709,0.0907,0.0974,0.0922,0.1468,0.1325,0.043,0.0544,0.0763,0.0707,0.0254,0.0296,0.0267,0.0612,0.0676,0.0207,0.0468,0.0595,0.0826,0.0605,0.0973,0.0542,0.0328,0.0237,0.0439,0.0431,0.0261,0.0129,0.0255,0.0589,0.0419,0.0304,0.0556,0.0626,0.0514,0.0629,0.1105,0.0436,0.0375,0.0364,0.135,0.0366,0.0314,0.0186,0.0427,0.0299,0.0236,0.0206,0.0634,0.0786,0.0473,0.0932,0.2228,0.0647,0.0249,0.054,0.1788,0.1082,0.0638,0.0276,0.0362,0.0571,0.0657,0.0542,0.0726,0.102,0.0686,0.1215,0.229,0.1334,0.0478,0.0549,0.0935,0.1767,0.0702,0.0371,0.0386,0.1481,0.0551,0.0276,0.0504,0.0686,0.0665,0.0866,0.1606,0.087,0.0404,0.035,0.0335,0.0947,0.0529,0.015,0.0226,0.1122,0.0553,0.0164,0.0296,0.0645,0.0438,0.0426,0.0801,0.0335,0.035,0.0438,0.0546,0.0216,0.0153,0.0136,0.0164,0.0499,0.0366,0.0345,0.0554,0.0354,0.0543,0.0912,0.1173,0.0724,0.0488,0.0624,0.0512,0.0406,0.0326,0.0157,0.0145,0.0242,0.0465,0.0456,0.0691,0.0475,0.053,0.0412,0.0854,0.0285,0.019,0.0219,0.0346,0.0224,0.0159,0.0365,0.0274,0.0277,0.041,0.021,0.05,0.0674,0.0369,0.0467,0.1111,0.049,0.0296,0.053,0.0885,0.0352,0.0254,0.026,0.0402,0.0529,0.0255,0.0341,0.0899,0.1371,0.0678,0.089,0.1635,0.1274,0.0629,0.0618,0.0946,0.1059,0.035,0.0181,0.0675,0.1153,0.0331,0.0214,0.0406,0.0542,0.036,0.0401,0.0856,0.0566,0.0233,0.0218,0.0245,0.0406,0.0187,0.0186,0.0386,0.0403,0.0222]'::vector))",), ('        Sort Method: top-N heapsort  Memory: 31kB',), ('        ->  Seq Scan on item_vector  (cost=0.00..3547.39 rows=497 width=12) (actual time=0.009..58.313 rows=10000 loops=1)',), ("              Filter: (mod((iv_id)::numeric, '10'::numeric) = '5'::numeric)",), ('              Rows Removed by Filter: 90000',), ('Planning Time: 0.054 ms',), ('Execution Time: 59.699 ms',)]
1 10000 160
10000 160
[(8305, 0.8939738306785324), (98965, 0.948271227469524), (50425, 0.9708830822052874), (61015, 0.9901329756065053), (17065, 0.993702640244634), (2225, 0.9998681756392481), (28375, 1.001237699359291), (3845, 1.0025578211521857), (26045, 1.011983711571467), (7415, 1.0127020222249392), (2995, 1.0137819439879834), (2725, 1.0154808529016504), (34435, 1.017448431671822), (33175, 1.0213429223582398), (54875, 1.0231525519499853), (61645, 1.0262641600957314), (53915, 1.0268503607071002), (70465, 1.0285290744364302), (67555, 1.0292245452194175), (52445, 1.0295636810275581), (60225, 1.0307749607784238), (39435, 1.0374462780199882), (15515, 1.037932850269858), (27745, 1.0389621657494683), (87375, 1.0424425033338567), (52495, 1.0426572413063224), (98345, 1.0427789408239718), (68855, 1.0437505413670762), (195, 1.044289541988578), (89845, 1.045337458884198), (92255, 1.0475182905398372), (90435, 1.0480687182151733), (75005, 1.0485998150271103), (55735, 1.0489416647037804), (56495, 1.0499893664775284), (87155, 1.0502525048683478), (3905, 1.050495945653486), (15015, 1.051379462490605), (20105, 1.0514086583870006), (31465, 1.0523451614653616), (30065, 1.0529515426368667), (51565, 1.0548127276639652), (78745, 1.0550268686859554), (35955, 1.0551813170478919), (72315, 1.0556286039228788), (94765, 1.0573650704195072), (73215, 1.0593062251899572), (9055, 1.0607924484401283), (87415, 1.0621067329084863), (19265, 1.0625833590849578), (7095, 1.0635134407704214), (94085, 1.0647470610865322), (97795, 1.0652822642513022), (87135, 1.0690322235646272), (28475, 1.0694979052922162), (73245, 1.070817925506849), (93355, 1.0710790075265573), (59485, 1.072141601949879), (16825, 1.072425093891579), (76635, 1.0737213092741147), (57615, 1.0751336103399904), (17385, 1.0766656923043612), (11135, 1.076928068636759), (41165, 1.0773061323894482), (15065, 1.0776014300619376), (15625, 1.0789460635452803), (71525, 1.0794601466043083), (7815, 1.0801728191564464), (74405, 1.0805828439709406), (10545, 1.0807727973434282), (94585, 1.0824585219050646), (17995, 1.0826870690120127), (52435, 1.0838157178935395), (34795, 1.0838534439331362), (81695, 1.084816003659166), (43445, 1.0849114929524357), (69925, 1.0857329690551834), (43585, 1.0865059880856598), (89885, 1.0867976891527822), (20565, 1.0876725969701397), (22875, 1.0887098532281185), (2335, 1.0887527747836048), (28585, 1.0894715688846401), (40645, 1.0902207245582087), (75455, 1.0903573415494634), (5505, 1.0919041452956084), (31335, 1.092401599773631), (55215, 1.0925819154141045), (4795, 1.0931368607869432), (18875, 1.0932234450298528), (14655, 1.0937848766760823), (3135, 1.094035846959771), (94625, 1.0949692605986179), (61375, 1.0950548290652198), (55095, 1.0953334790015128), (29815, 1.0955643455485038), (38125, 1.0966329454225257), (46225, 1.0970984293856116), (89585, 1.0975583395952138), (57335, 1.0977163603807658), (34845, 1.0983369827402834), (84465, 1.1001727488726762), (30045, 1.1005747810617443), (99665, 1.1005798718776953), (98985, 1.100679733761032), (55395, 1.1008034654464345), (44695, 1.1009760167890479), (64915, 1.1015366355078005), (64785, 1.1021056763680284), (90425, 1.102142289621288), (43085, 1.1022483908800929), (6095, 1.1026167998433332), (90665, 1.1026242597452276), (62655, 1.102639936186188), (22885, 1.102960173312377), (62855, 1.102981411069136), (82365, 1.104145727618827), (81265, 1.1061292097451492), (90575, 1.1063240435977353), (75975, 1.1072353091511002), (87015, 1.1075721383119663), (62245, 1.1079732608770585), (21405, 1.108308198591247), (50065, 1.109303109432035), (32585, 1.109616750246669), (3835, 1.1108021220415318), (99805, 1.111438336798782), (40565, 1.11160012186605), (92115, 1.111711057313319), (92135, 1.111711057313319), (31255, 1.111778878511361), (91555, 1.1124018893752914), (41605, 1.112638267754267), (93485, 1.1128512974408393), (77955, 1.1133665888686917), (49945, 1.1133784736878052), (68285, 1.1137632163277245), (42895, 1.1140139661492188), (52325, 1.114024024930319), (29905, 1.1144732602156033), (59265, 1.114690537808158), (1315, 1.1152102706629154), (47135, 1.1153445748900626), (92425, 1.1153925100472126), (97625, 1.115772498288386), (87885, 1.1159135717744497), (44985, 1.1161859464475976), (96085, 1.1164939701756287), (75065, 1.1170279649053076), (38415, 1.1171155786372042), (63865, 1.1172115083262202), (55415, 1.1176973259992065), (51355, 1.1184626950935186), (8445, 1.1186193080837854), (17755, 1.1192986874363684), (38625, 1.1193582745894117), (52885, 1.1194340985158997), (60835, 1.1203201761873909), (64305, 1.1204834981790082), (74695, 1.120961038530039)]
[('Limit  (cost=3568.07..3568.47 rows=160 width=12) (actual time=59.053..59.074 rows=160 loops=1)',), ('  ->  Sort  (cost=3568.07..3569.31 rows=497 width=12) (actual time=59.052..59.064 rows=160 loops=1)',), ("        Sort Key: ((iv_v <-> '[0.0395,0.0384,0.0593,0.1022,0.0677,0.0688,0.0859,0.0352,0.0609,0.0466,0.0351,0.0229,0.0148,0.0209,0.0394,0.0269,0.018,0.031,0.0698,0.0888,0.0529,0.0463,0.0545,0.0361,0.0462,0.0412,0.0348,0.0268,0.0115,0.0175,0.0492,0.0297,0.0221,0.0506,0.0659,0.0586,0.0313,0.0712,0.0386,0.0387,0.0326,0.0364,0.0402,0.0368,0.017,0.0184,0.0543,0.0508,0.0391,0.0932,0.1039,0.0601,0.044,0.1264,0.0602,0.0749,0.019,0.0337,0.0961,0.0623,0.0227,0.0285,0.061,0.0647,0.0789,0.0985,0.1225,0.0831,0.0552,0.1415,0.1188,0.1061,0.0237,0.0452,0.183,0.0502,0.0408,0.0451,0.1173,0.0599,0.0501,0.0757,0.0752,0.0564,0.0347,0.1094,0.0892,0.06,0.0265,0.035,0.0853,0.0296,0.0172,0.0355,0.1018,0.0394,0.0274,0.0351,0.0667,0.0694,0.0251,0.0677,0.0353,0.0346,0.0428,0.044,0.0262,0.0223,0.0185,0.0205,0.0558,0.0397,0.0238,0.0433,0.0363,0.0745,0.0424,0.0732,0.0616,0.038,0.0559,0.0361,0.0279,0.0257,0.0151,0.0191,0.0301,0.0322,0.0667,0.0655,0.0902,0.1118,0.0764,0.1144,0.1063,0.0373,0.0508,0.039,0.0422,0.0241,0.0293,0.0292,0.0624,0.0651,0.025,0.0357,0.0631,0.1018,0.0374,0.0563,0.0391,0.03,0.0371,0.0461,0.0454,0.0226,0.0142,0.0219,0.0497,0.0443,0.0294,0.0465,0.0676,0.0555,0.0307,0.0872,0.0376,0.0421,0.0318,0.0466,0.0266,0.0296,0.0211,0.0324,0.0323,0.0238,0.0246,0.0651,0.087,0.049,0.0304,0.1311,0.0754,0.0291,0.0247,0.0456,0.0632,0.0679,0.0274,0.0239,0.0614,0.0673,0.046,0.0631,0.1073,0.0719,0.0473,0.1549,0.1314,0.0378,0.0302,0.0571,0.1423,0.0641,0.0328,0.0367,0.1366,0.0579,0.0224,0.0416,0.0768,0.0778,0.0335,0.1176,0.0794,0.038,0.0261,0.036,0.0864,0.0476,0.0144,0.0225,0.1065,0.0558,0.0238,0.0403,0.082,0.0548,0.0438,0.071,0.0378,0.0476,0.0346,0.0488,0.0197,0.0202,0.0178,0.0144,0.0514,0.0432,0.0375,0.0595,0.0348,0.0533,0.0505,0.0914,0.0668,0.0489,0.0521,0.033,0.0263,0.0327,0.0182,0.0183,0.0264,0.0438,0.0487,0.0515,0.0501,0.0654,0.016,0.0673,0.0375,0.0175,0.0215,0.042,0.0199,0.0181,0.0482,0.0253,0.0283,0.0509,0.0249,0.0566,0.0893,0.0414,0.0288,0.0584,0.0299,0.0254,0.0457,0.0586,0.0402,0.0198,0.029,0.0346,0.0537,0.0296,0.0328,0.0934,0.1517,0.0745,0.0566,0.0819,0.0833,0.056,0.0398,0.0306,0.0738,0.0281,0.0153,0.0739,0.1196,0.0319,0.0197,0.0403,0.0639,0.047,0.0347,0.0539,0.0443,0.0213,0.0203,0.0289,0.029,0.0159,0.0203,0.0364,0.0393,0.0246,0.0298,0.0373,0.0454,0.0655,0.0683,0.0874,0.098,0.0287,0.0635,0.0674,0.0419,0.0192,0.0193,0.0241,0.0388,0.0295,0.0141,0.0281,0.0519,0.0528,0.058,0.1103,0.0553,0.0272,0.0418,0.0418,0.0365,0.0201,0.013,0.0194,0.0507,0.0259,0.0174,0.0447,0.0531,0.0416,0.0366,0.0714,0.0322,0.0342,0.031,0.1006,0.0473,0.0348,0.0125,0.0265,0.056,0.0447,0.0245,0.0754,0.0828,0.0465,0.0585,0.1342,0.049,0.0627,0.0329,0.1089,0.1035,0.0574,0.0206,0.0294,0.0623,0.0564,0.0554,0.0824,0.0948,0.0613,0.069,0.1621,0.0985,0.0928,0.0236,0.0591,0.1686,0.047,0.0399,0.0427,0.1132,0.0501,0.0355,0.0624,0.0577,0.0352,0.0499,0.1113,0.0801,0.0546,0.032,0.0351,0.0826,0.0273,0.0185,0.0306,0.0908,0.0383,0.0212,0.0281,0.0518,0.0461,0.0273,0.0749,0.0336,0.0285,0.0415,0.046,0.0264,0.016,0.0124,0.0192,0.0574,0.0299,0.0175,0.0395,0.0302,0.0547,0.0535,0.0964,0.0678,0.0336,0.0615,0.0466,0.038,0.0195,0.012,0.0168,0.0317,0.0272,0.0458,0.0675,0.0731,0.0849,0.0843,0.1395,0.127,0.0366,0.0554,0.0801,0.0686,0.0219,0.0344,0.0277,0.0492,0.0616,0.0211,0.0444,0.0484,0.066,0.0587,0.0934,0.0533,0.0243,0.0243,0.0389,0.045,0.0213,0.0134,0.0288,0.0519,0.0344,0.0304,0.0536,0.0572,0.044,0.062,0.1021,0.0391,0.0338,0.0362,0.1337,0.0373,0.0275,0.0156,0.0425,0.029,0.0214,0.0157,0.0638,0.0712,0.0437,0.0885,0.2152,0.062,0.0223,0.0546,0.1808,0.106,0.0594,0.0224,0.0359,0.0524,0.0572,0.0432,0.066,0.0862,0.0567,0.1092,0.2191,0.1108,0.0365,0.0441,0.0894,0.1544,0.0574,0.0288,0.0333,0.1362,0.0473,0.0286,0.0522,0.0555,0.0498,0.0801,0.1573,0.0778,0.0334,0.0317,0.0339,0.0807,0.0425,0.014,0.0191,0.0988,0.0441,0.0174,0.0291,0.0522,0.0303,0.0396,0.0752,0.0317,0.0336,0.0423,0.0573,0.023,0.0145,0.0122,0.0155,0.0402,0.0284,0.031,0.0506,0.0286,0.0453,0.0852,0.1073,0.0718,0.0451,0.0575,0.0549,0.0461,0.0262,0.0171,0.0157,0.0205,0.0373,0.0482,0.0719,0.0467,0.052,0.0383,0.0802,0.0241,0.0146,0.0166,0.0318,0.0238,0.0144,0.0383,0.0332,0.0324,0.0437,0.0199,0.0456,0.0597,0.034,0.0456,0.1084,0.0438,0.0239,0.0462,0.088,0.0294,0.0241,0.0225,0.0385,0.0457,0.0248,0.0294,0.078,0.1191,0.0557,0.0852,0.1542,0.1082,0.0515,0.0538,0.0913,0.0869,0.0267,0.015,0.0603,0.0984,0.0287,0.0227,0.0412,0.0477,0.0313,0.0385,0.0818,0.0464,0.0192,0.0183,0.0231,0.0333,0.0151,0.0178,0.0374,0.0358,0.0222,0.0363,0.0399,0.0572,0.0858,0.0686,0.0911,0.0985,0.0325,0.0622,0.0653,0.0418,0.0196,0.0168,0.0215,0.0445,0.0309,0.017,0.0302,0.0629,0.0669,0.0601,0.1099,0.0547,0.0337,0.0443,0.04,0.0359,0.023,0.0127,0.0172,0.0545,0.0272,0.0201,0.0461,0.0583,0.0464,0.0415,0.0737,0.0356,0.0382,0.0276,0.0909,0.0448,0.0384,0.0161,0.0243,0.0539,0.0456,0.0288,0.0782,0.0901,0.0519,0.0623,0.1409,0.0524,0.0725,0.0304,0.1066,0.1049,0.0634,0.0235,0.035,0.0673,0.0624,0.0622,0.091,0.1108,0.0777,0.0752,0.166,0.1094,0.1101,0.0289,0.0588,0.1796,0.049,0.0398,0.05,0.1249,0.0592,0.0402,0.0657,0.0702,0.0486,0.0515,0.1123,0.0833,0.0611,0.0328,0.0334,0.0874,0.0273,0.0167,0.0308,0.101,0.0415,0.0209,0.0289,0.0556,0.0507,0.0313,0.071,0.0304,0.0304,0.0413,0.0486,0.0231,0.0185,0.0157,0.0213,0.0566,0.0326,0.0211,0.0399,0.0332,0.0662,0.0575,0.0874,0.0649,0.0332,0.0627,0.0439,0.0341,0.0227,0.0144,0.0168,0.0304,0.028,0.0467,0.0709,0.0907,0.0974,0.0922,0.1468,0.1325,0.043,0.0544,0.0763,0.0707,0.0254,0.0296,0.0267,0.0612,0.0676,0.0207,0.0468,0.0595,0.0826,0.0605,0.0973,0.0542,0.0328,0.0237,0.0439,0.0431,0.0261,0.0129,0.0255,0.0589,0.0419,0.0304,0.0556,0.0626,0.0514,0.0629,0.1105,0.0436,0.0375,0.0364,0.135,0.0366,0.0314,0.0186,0.0427,0.0299,0.0236,0.0206,0.0634,0.0786,0.0473,0.0932,0.2228,0.0647,0.0249,0.054,0.1788,0.1082,0.0638,0.0276,0.0362,0.0571,0.0657,0.0542,0.0726,0.102,0.0686,0.1215,0.229,0.1334,0.0478,0.0549,0.0935,0.1767,0.0702,0.0371,0.0386,0.1481,0.0551,0.0276,0.0504,0.0686,0.0665,0.0866,0.1606,0.087,0.0404,0.035,0.0335,0.0947,0.0529,0.015,0.0226,0.1122,0.0553,0.0164,0.0296,0.0645,0.0438,0.0426,0.0801,0.0335,0.035,0.0438,0.0546,0.0216,0.0153,0.0136,0.0164,0.0499,0.0366,0.0345,0.0554,0.0354,0.0543,0.0912,0.1173,0.0724,0.0488,0.0624,0.0512,0.0406,0.0326,0.0157,0.0145,0.0242,0.0465,0.0456,0.0691,0.0475,0.053,0.0412,0.0854,0.0285,0.019,0.0219,0.0346,0.0224,0.0159,0.0365,0.0274,0.0277,0.041,0.021,0.05,0.0674,0.0369,0.0467,0.1111,0.049,0.0296,0.053,0.0885,0.0352,0.0254,0.026,0.0402,0.0529,0.0255,0.0341,0.0899,0.1371,0.0678,0.089,0.1635,0.1274,0.0629,0.0618,0.0946,0.1059,0.035,0.0181,0.0675,0.1153,0.0331,0.0214,0.0406,0.0542,0.036,0.0401,0.0856,0.0566,0.0233,0.0218,0.0245,0.0406,0.0187,0.0186,0.0386,0.0403,0.0222]'::vector))",), ('        Sort Method: top-N heapsort  Memory: 37kB',), ('        ->  Seq Scan on item_vector  (cost=0.00..3547.39 rows=497 width=12) (actual time=0.010..57.581 rows=10000 loops=1)',), ("              Filter: (mod((iv_id)::numeric, '10'::numeric) = '5'::numeric)",), ('              Rows Removed by Filter: 90000',), ('Planning Time: 0.054 ms',), ('Execution Time: 59.093 ms',)]
1 10000 183
10000 183
[(8305, 0.8939738306785324), (98965, 0.948271227469524), (50425, 0.9708830822052874), (61015, 0.9901329756065053), (17065, 0.993702640244634), (2225, 0.9998681756392481), (28375, 1.001237699359291), (3845, 1.0025578211521857), (26045, 1.011983711571467), (7415, 1.0127020222249392), (2995, 1.0137819439879834), (2725, 1.0154808529016504), (34435, 1.017448431671822), (33175, 1.0213429223582398), (54875, 1.0231525519499853), (61645, 1.0262641600957314), (53915, 1.0268503607071002), (70465, 1.0285290744364302), (67555, 1.0292245452194175), (52445, 1.0295636810275581), (60225, 1.0307749607784238), (39435, 1.0374462780199882), (15515, 1.037932850269858), (27745, 1.0389621657494683), (87375, 1.0424425033338567), (52495, 1.0426572413063224), (98345, 1.0427789408239718), (68855, 1.0437505413670762), (195, 1.044289541988578), (89845, 1.045337458884198), (92255, 1.0475182905398372), (90435, 1.0480687182151733), (75005, 1.0485998150271103), (55735, 1.0489416647037804), (56495, 1.0499893664775284), (87155, 1.0502525048683478), (3905, 1.050495945653486), (15015, 1.051379462490605), (20105, 1.0514086583870006), (31465, 1.0523451614653616), (30065, 1.0529515426368667), (51565, 1.0548127276639652), (78745, 1.0550268686859554), (35955, 1.0551813170478919), (72315, 1.0556286039228788), (94765, 1.0573650704195072), (73215, 1.0593062251899572), (9055, 1.0607924484401283), (87415, 1.0621067329084863), (19265, 1.0625833590849578), (7095, 1.0635134407704214), (94085, 1.0647470610865322), (97795, 1.0652822642513022), (87135, 1.0690322235646272), (28475, 1.0694979052922162), (73245, 1.070817925506849), (93355, 1.0710790075265573), (59485, 1.072141601949879), (16825, 1.072425093891579), (76635, 1.0737213092741147), (57615, 1.0751336103399904), (17385, 1.0766656923043612), (11135, 1.076928068636759), (41165, 1.0773061323894482), (15065, 1.0776014300619376), (15625, 1.0789460635452803), (71525, 1.0794601466043083), (7815, 1.0801728191564464), (74405, 1.0805828439709406), (10545, 1.0807727973434282), (94585, 1.0824585219050646), (17995, 1.0826870690120127), (52435, 1.0838157178935395), (34795, 1.0838534439331362), (81695, 1.084816003659166), (43445, 1.0849114929524357), (69925, 1.0857329690551834), (43585, 1.0865059880856598), (89885, 1.0867976891527822), (20565, 1.0876725969701397), (22875, 1.0887098532281185), (2335, 1.0887527747836048), (28585, 1.0894715688846401), (40645, 1.0902207245582087), (75455, 1.0903573415494634), (5505, 1.0919041452956084), (31335, 1.092401599773631), (55215, 1.0925819154141045), (4795, 1.0931368607869432), (18875, 1.0932234450298528), (14655, 1.0937848766760823), (3135, 1.094035846959771), (94625, 1.0949692605986179), (61375, 1.0950548290652198), (55095, 1.0953334790015128), (29815, 1.0955643455485038), (38125, 1.0966329454225257), (46225, 1.0970984293856116), (89585, 1.0975583395952138), (57335, 1.0977163603807658), (34845, 1.0983369827402834), (84465, 1.1001727488726762), (30045, 1.1005747810617443), (99665, 1.1005798718776953), (98985, 1.100679733761032), (55395, 1.1008034654464345), (44695, 1.1009760167890479), (64915, 1.1015366355078005), (64785, 1.1021056763680284), (90425, 1.102142289621288), (43085, 1.1022483908800929), (6095, 1.1026167998433332), (90665, 1.1026242597452276), (62655, 1.102639936186188), (22885, 1.102960173312377), (62855, 1.102981411069136), (82365, 1.104145727618827), (81265, 1.1061292097451492), (90575, 1.1063240435977353), (75975, 1.1072353091511002), (87015, 1.1075721383119663), (62245, 1.1079732608770585), (21405, 1.108308198591247), (50065, 1.109303109432035), (32585, 1.109616750246669), (3835, 1.1108021220415318), (99805, 1.111438336798782), (40565, 1.11160012186605), (92135, 1.111711057313319), (92115, 1.111711057313319), (31255, 1.111778878511361), (91555, 1.1124018893752914), (41605, 1.112638267754267), (93485, 1.1128512974408393), (77955, 1.1133665888686917), (49945, 1.1133784736878052), (68285, 1.1137632163277245), (42895, 1.1140139661492188), (52325, 1.114024024930319), (29905, 1.1144732602156033), (59265, 1.114690537808158), (1315, 1.1152102706629154), (47135, 1.1153445748900626), (92425, 1.1153925100472126), (97625, 1.115772498288386), (87885, 1.1159135717744497), (44985, 1.1161859464475976), (96085, 1.1164939701756287), (75065, 1.1170279649053076), (38415, 1.1171155786372042), (63865, 1.1172115083262202), (55415, 1.1176973259992065), (51355, 1.1184626950935186), (8445, 1.1186193080837854), (17755, 1.1192986874363684), (38625, 1.1193582745894117), (52885, 1.1194340985158997), (60835, 1.1203201761873909), (64305, 1.1204834981790082), (74695, 1.120961038530039), (62335, 1.1212197475541081), (55695, 1.1212884288653824), (21275, 1.1218309271610993), (88335, 1.1224038049307108), (50015, 1.1226498109212089), (53775, 1.1228547305057284), (82915, 1.123014340136746), (20365, 1.1230415675825676), (71755, 1.1231289244823637), (62845, 1.1232134090180175), (51875, 1.1232286919738415), (42565, 1.1232916258437404), (25815, 1.1234186502501453), (52945, 1.1238932994073587), (36005, 1.1239295741312316), (43655, 1.12398774913139), (65235, 1.1240824030200351), (98045, 1.124512884857461), (87505, 1.1247674913676386), (65795, 1.125050384664777), (41595, 1.1252925280552162), (25385, 1.126445689077771), (35275, 1.1265003478197424)]
[('Limit  (cost=3568.55..3569.01 rows=183 width=12) (actual time=62.163..62.180 rows=183 loops=1)',), ('  ->  Sort  (cost=3568.55..3569.80 rows=497 width=12) (actual time=62.162..62.169 rows=183 loops=1)',), ("        Sort Key: ((iv_v <-> '[0.0395,0.0384,0.0593,0.1022,0.0677,0.0688,0.0859,0.0352,0.0609,0.0466,0.0351,0.0229,0.0148,0.0209,0.0394,0.0269,0.018,0.031,0.0698,0.0888,0.0529,0.0463,0.0545,0.0361,0.0462,0.0412,0.0348,0.0268,0.0115,0.0175,0.0492,0.0297,0.0221,0.0506,0.0659,0.0586,0.0313,0.0712,0.0386,0.0387,0.0326,0.0364,0.0402,0.0368,0.017,0.0184,0.0543,0.0508,0.0391,0.0932,0.1039,0.0601,0.044,0.1264,0.0602,0.0749,0.019,0.0337,0.0961,0.0623,0.0227,0.0285,0.061,0.0647,0.0789,0.0985,0.1225,0.0831,0.0552,0.1415,0.1188,0.1061,0.0237,0.0452,0.183,0.0502,0.0408,0.0451,0.1173,0.0599,0.0501,0.0757,0.0752,0.0564,0.0347,0.1094,0.0892,0.06,0.0265,0.035,0.0853,0.0296,0.0172,0.0355,0.1018,0.0394,0.0274,0.0351,0.0667,0.0694,0.0251,0.0677,0.0353,0.0346,0.0428,0.044,0.0262,0.0223,0.0185,0.0205,0.0558,0.0397,0.0238,0.0433,0.0363,0.0745,0.0424,0.0732,0.0616,0.038,0.0559,0.0361,0.0279,0.0257,0.0151,0.0191,0.0301,0.0322,0.0667,0.0655,0.0902,0.1118,0.0764,0.1144,0.1063,0.0373,0.0508,0.039,0.0422,0.0241,0.0293,0.0292,0.0624,0.0651,0.025,0.0357,0.0631,0.1018,0.0374,0.0563,0.0391,0.03,0.0371,0.0461,0.0454,0.0226,0.0142,0.0219,0.0497,0.0443,0.0294,0.0465,0.0676,0.0555,0.0307,0.0872,0.0376,0.0421,0.0318,0.0466,0.0266,0.0296,0.0211,0.0324,0.0323,0.0238,0.0246,0.0651,0.087,0.049,0.0304,0.1311,0.0754,0.0291,0.0247,0.0456,0.0632,0.0679,0.0274,0.0239,0.0614,0.0673,0.046,0.0631,0.1073,0.0719,0.0473,0.1549,0.1314,0.0378,0.0302,0.0571,0.1423,0.0641,0.0328,0.0367,0.1366,0.0579,0.0224,0.0416,0.0768,0.0778,0.0335,0.1176,0.0794,0.038,0.0261,0.036,0.0864,0.0476,0.0144,0.0225,0.1065,0.0558,0.0238,0.0403,0.082,0.0548,0.0438,0.071,0.0378,0.0476,0.0346,0.0488,0.0197,0.0202,0.0178,0.0144,0.0514,0.0432,0.0375,0.0595,0.0348,0.0533,0.0505,0.0914,0.0668,0.0489,0.0521,0.033,0.0263,0.0327,0.0182,0.0183,0.0264,0.0438,0.0487,0.0515,0.0501,0.0654,0.016,0.0673,0.0375,0.0175,0.0215,0.042,0.0199,0.0181,0.0482,0.0253,0.0283,0.0509,0.0249,0.0566,0.0893,0.0414,0.0288,0.0584,0.0299,0.0254,0.0457,0.0586,0.0402,0.0198,0.029,0.0346,0.0537,0.0296,0.0328,0.0934,0.1517,0.0745,0.0566,0.0819,0.0833,0.056,0.0398,0.0306,0.0738,0.0281,0.0153,0.0739,0.1196,0.0319,0.0197,0.0403,0.0639,0.047,0.0347,0.0539,0.0443,0.0213,0.0203,0.0289,0.029,0.0159,0.0203,0.0364,0.0393,0.0246,0.0298,0.0373,0.0454,0.0655,0.0683,0.0874,0.098,0.0287,0.0635,0.0674,0.0419,0.0192,0.0193,0.0241,0.0388,0.0295,0.0141,0.0281,0.0519,0.0528,0.058,0.1103,0.0553,0.0272,0.0418,0.0418,0.0365,0.0201,0.013,0.0194,0.0507,0.0259,0.0174,0.0447,0.0531,0.0416,0.0366,0.0714,0.0322,0.0342,0.031,0.1006,0.0473,0.0348,0.0125,0.0265,0.056,0.0447,0.0245,0.0754,0.0828,0.0465,0.0585,0.1342,0.049,0.0627,0.0329,0.1089,0.1035,0.0574,0.0206,0.0294,0.0623,0.0564,0.0554,0.0824,0.0948,0.0613,0.069,0.1621,0.0985,0.0928,0.0236,0.0591,0.1686,0.047,0.0399,0.0427,0.1132,0.0501,0.0355,0.0624,0.0577,0.0352,0.0499,0.1113,0.0801,0.0546,0.032,0.0351,0.0826,0.0273,0.0185,0.0306,0.0908,0.0383,0.0212,0.0281,0.0518,0.0461,0.0273,0.0749,0.0336,0.0285,0.0415,0.046,0.0264,0.016,0.0124,0.0192,0.0574,0.0299,0.0175,0.0395,0.0302,0.0547,0.0535,0.0964,0.0678,0.0336,0.0615,0.0466,0.038,0.0195,0.012,0.0168,0.0317,0.0272,0.0458,0.0675,0.0731,0.0849,0.0843,0.1395,0.127,0.0366,0.0554,0.0801,0.0686,0.0219,0.0344,0.0277,0.0492,0.0616,0.0211,0.0444,0.0484,0.066,0.0587,0.0934,0.0533,0.0243,0.0243,0.0389,0.045,0.0213,0.0134,0.0288,0.0519,0.0344,0.0304,0.0536,0.0572,0.044,0.062,0.1021,0.0391,0.0338,0.0362,0.1337,0.0373,0.0275,0.0156,0.0425,0.029,0.0214,0.0157,0.0638,0.0712,0.0437,0.0885,0.2152,0.062,0.0223,0.0546,0.1808,0.106,0.0594,0.0224,0.0359,0.0524,0.0572,0.0432,0.066,0.0862,0.0567,0.1092,0.2191,0.1108,0.0365,0.0441,0.0894,0.1544,0.0574,0.0288,0.0333,0.1362,0.0473,0.0286,0.0522,0.0555,0.0498,0.0801,0.1573,0.0778,0.0334,0.0317,0.0339,0.0807,0.0425,0.014,0.0191,0.0988,0.0441,0.0174,0.0291,0.0522,0.0303,0.0396,0.0752,0.0317,0.0336,0.0423,0.0573,0.023,0.0145,0.0122,0.0155,0.0402,0.0284,0.031,0.0506,0.0286,0.0453,0.0852,0.1073,0.0718,0.0451,0.0575,0.0549,0.0461,0.0262,0.0171,0.0157,0.0205,0.0373,0.0482,0.0719,0.0467,0.052,0.0383,0.0802,0.0241,0.0146,0.0166,0.0318,0.0238,0.0144,0.0383,0.0332,0.0324,0.0437,0.0199,0.0456,0.0597,0.034,0.0456,0.1084,0.0438,0.0239,0.0462,0.088,0.0294,0.0241,0.0225,0.0385,0.0457,0.0248,0.0294,0.078,0.1191,0.0557,0.0852,0.1542,0.1082,0.0515,0.0538,0.0913,0.0869,0.0267,0.015,0.0603,0.0984,0.0287,0.0227,0.0412,0.0477,0.0313,0.0385,0.0818,0.0464,0.0192,0.0183,0.0231,0.0333,0.0151,0.0178,0.0374,0.0358,0.0222,0.0363,0.0399,0.0572,0.0858,0.0686,0.0911,0.0985,0.0325,0.0622,0.0653,0.0418,0.0196,0.0168,0.0215,0.0445,0.0309,0.017,0.0302,0.0629,0.0669,0.0601,0.1099,0.0547,0.0337,0.0443,0.04,0.0359,0.023,0.0127,0.0172,0.0545,0.0272,0.0201,0.0461,0.0583,0.0464,0.0415,0.0737,0.0356,0.0382,0.0276,0.0909,0.0448,0.0384,0.0161,0.0243,0.0539,0.0456,0.0288,0.0782,0.0901,0.0519,0.0623,0.1409,0.0524,0.0725,0.0304,0.1066,0.1049,0.0634,0.0235,0.035,0.0673,0.0624,0.0622,0.091,0.1108,0.0777,0.0752,0.166,0.1094,0.1101,0.0289,0.0588,0.1796,0.049,0.0398,0.05,0.1249,0.0592,0.0402,0.0657,0.0702,0.0486,0.0515,0.1123,0.0833,0.0611,0.0328,0.0334,0.0874,0.0273,0.0167,0.0308,0.101,0.0415,0.0209,0.0289,0.0556,0.0507,0.0313,0.071,0.0304,0.0304,0.0413,0.0486,0.0231,0.0185,0.0157,0.0213,0.0566,0.0326,0.0211,0.0399,0.0332,0.0662,0.0575,0.0874,0.0649,0.0332,0.0627,0.0439,0.0341,0.0227,0.0144,0.0168,0.0304,0.028,0.0467,0.0709,0.0907,0.0974,0.0922,0.1468,0.1325,0.043,0.0544,0.0763,0.0707,0.0254,0.0296,0.0267,0.0612,0.0676,0.0207,0.0468,0.0595,0.0826,0.0605,0.0973,0.0542,0.0328,0.0237,0.0439,0.0431,0.0261,0.0129,0.0255,0.0589,0.0419,0.0304,0.0556,0.0626,0.0514,0.0629,0.1105,0.0436,0.0375,0.0364,0.135,0.0366,0.0314,0.0186,0.0427,0.0299,0.0236,0.0206,0.0634,0.0786,0.0473,0.0932,0.2228,0.0647,0.0249,0.054,0.1788,0.1082,0.0638,0.0276,0.0362,0.0571,0.0657,0.0542,0.0726,0.102,0.0686,0.1215,0.229,0.1334,0.0478,0.0549,0.0935,0.1767,0.0702,0.0371,0.0386,0.1481,0.0551,0.0276,0.0504,0.0686,0.0665,0.0866,0.1606,0.087,0.0404,0.035,0.0335,0.0947,0.0529,0.015,0.0226,0.1122,0.0553,0.0164,0.0296,0.0645,0.0438,0.0426,0.0801,0.0335,0.035,0.0438,0.0546,0.0216,0.0153,0.0136,0.0164,0.0499,0.0366,0.0345,0.0554,0.0354,0.0543,0.0912,0.1173,0.0724,0.0488,0.0624,0.0512,0.0406,0.0326,0.0157,0.0145,0.0242,0.0465,0.0456,0.0691,0.0475,0.053,0.0412,0.0854,0.0285,0.019,0.0219,0.0346,0.0224,0.0159,0.0365,0.0274,0.0277,0.041,0.021,0.05,0.0674,0.0369,0.0467,0.1111,0.049,0.0296,0.053,0.0885,0.0352,0.0254,0.026,0.0402,0.0529,0.0255,0.0341,0.0899,0.1371,0.0678,0.089,0.1635,0.1274,0.0629,0.0618,0.0946,0.1059,0.035,0.0181,0.0675,0.1153,0.0331,0.0214,0.0406,0.0542,0.036,0.0401,0.0856,0.0566,0.0233,0.0218,0.0245,0.0406,0.0187,0.0186,0.0386,0.0403,0.0222]'::vector))",), ('        Sort Method: top-N heapsort  Memory: 39kB',), ('        ->  Seq Scan on item_vector  (cost=0.00..3547.39 rows=497 width=12) (actual time=0.010..60.641 rows=10000 loops=1)',), ("              Filter: (mod((iv_id)::numeric, '10'::numeric) = '5'::numeric)",), ('              Rows Removed by Filter: 90000',), ('Planning Time: 0.055 ms',), ('Execution Time: 62.210 ms',)]
1 10000 184
10000 184
[(8305, 0.8939738306785324), (98965, 0.948271227469524), (50425, 0.9708830822052874), (61015, 0.9901329756065053), (17065, 0.993702640244634), (2225, 0.9998681756392481), (28375, 1.001237699359291), (3845, 1.0025578211521857), (26045, 1.011983711571467), (7415, 1.0127020222249392), (2995, 1.0137819439879834), (2725, 1.0154808529016504), (34435, 1.017448431671822), (33175, 1.0213429223582398), (54875, 1.0231525519499853), (61645, 1.0262641600957314), (53915, 1.0268503607071002), (70465, 1.0285290744364302), (67555, 1.0292245452194175), (52445, 1.0295636810275581), (60225, 1.0307749607784238), (39435, 1.0374462780199882), (15515, 1.037932850269858), (27745, 1.0389621657494683), (87375, 1.0424425033338567), (52495, 1.0426572413063224), (98345, 1.0427789408239718), (68855, 1.0437505413670762), (195, 1.044289541988578), (89845, 1.045337458884198), (92255, 1.0475182905398372), (90435, 1.0480687182151733), (75005, 1.0485998150271103), (55735, 1.0489416647037804), (56495, 1.0499893664775284), (87155, 1.0502525048683478), (3905, 1.050495945653486), (15015, 1.051379462490605), (20105, 1.0514086583870006), (31465, 1.0523451614653616), (30065, 1.0529515426368667), (51565, 1.0548127276639652), (78745, 1.0550268686859554), (35955, 1.0551813170478919), (72315, 1.0556286039228788), (94765, 1.0573650704195072), (73215, 1.0593062251899572), (9055, 1.0607924484401283), (87415, 1.0621067329084863), (19265, 1.0625833590849578), (7095, 1.0635134407704214), (94085, 1.0647470610865322), (97795, 1.0652822642513022), (87135, 1.0690322235646272), (28475, 1.0694979052922162), (73245, 1.070817925506849), (93355, 1.0710790075265573), (59485, 1.072141601949879), (16825, 1.072425093891579), (76635, 1.0737213092741147), (57615, 1.0751336103399904), (17385, 1.0766656923043612), (11135, 1.076928068636759), (41165, 1.0773061323894482), (15065, 1.0776014300619376), (15625, 1.0789460635452803), (71525, 1.0794601466043083), (7815, 1.0801728191564464), (74405, 1.0805828439709406), (10545, 1.0807727973434282), (94585, 1.0824585219050646), (17995, 1.0826870690120127), (52435, 1.0838157178935395), (34795, 1.0838534439331362), (81695, 1.084816003659166), (43445, 1.0849114929524357), (69925, 1.0857329690551834), (43585, 1.0865059880856598), (89885, 1.0867976891527822), (20565, 1.0876725969701397), (22875, 1.0887098532281185), (2335, 1.0887527747836048), (28585, 1.0894715688846401), (40645, 1.0902207245582087), (75455, 1.0903573415494634), (5505, 1.0919041452956084), (31335, 1.092401599773631), (55215, 1.0925819154141045), (4795, 1.0931368607869432), (18875, 1.0932234450298528), (14655, 1.0937848766760823), (3135, 1.094035846959771), (94625, 1.0949692605986179), (61375, 1.0950548290652198), (55095, 1.0953334790015128), (29815, 1.0955643455485038), (38125, 1.0966329454225257), (46225, 1.0970984293856116), (89585, 1.0975583395952138), (57335, 1.0977163603807658), (34845, 1.0983369827402834), (84465, 1.1001727488726762), (30045, 1.1005747810617443), (99665, 1.1005798718776953), (98985, 1.100679733761032), (55395, 1.1008034654464345), (44695, 1.1009760167890479), (64915, 1.1015366355078005), (64785, 1.1021056763680284), (90425, 1.102142289621288), (43085, 1.1022483908800929), (6095, 1.1026167998433332), (90665, 1.1026242597452276), (62655, 1.102639936186188), (22885, 1.102960173312377), (62855, 1.102981411069136), (82365, 1.104145727618827), (81265, 1.1061292097451492), (90575, 1.1063240435977353), (75975, 1.1072353091511002), (87015, 1.1075721383119663), (62245, 1.1079732608770585), (21405, 1.108308198591247), (50065, 1.109303109432035), (32585, 1.109616750246669), (3835, 1.1108021220415318), (99805, 1.111438336798782), (40565, 1.11160012186605), (92115, 1.111711057313319), (92135, 1.111711057313319), (31255, 1.111778878511361), (91555, 1.1124018893752914), (41605, 1.112638267754267), (93485, 1.1128512974408393), (77955, 1.1133665888686917), (49945, 1.1133784736878052), (68285, 1.1137632163277245), (42895, 1.1140139661492188), (52325, 1.114024024930319), (29905, 1.1144732602156033), (59265, 1.114690537808158), (1315, 1.1152102706629154), (47135, 1.1153445748900626), (92425, 1.1153925100472126), (97625, 1.115772498288386), (87885, 1.1159135717744497), (44985, 1.1161859464475976), (96085, 1.1164939701756287), (75065, 1.1170279649053076), (38415, 1.1171155786372042), (63865, 1.1172115083262202), (55415, 1.1176973259992065), (51355, 1.1184626950935186), (8445, 1.1186193080837854), (17755, 1.1192986874363684), (38625, 1.1193582745894117), (52885, 1.1194340985158997), (60835, 1.1203201761873909), (64305, 1.1204834981790082), (74695, 1.120961038530039), (62335, 1.1212197475541081), (55695, 1.1212884288653824), (21275, 1.1218309271610993), (88335, 1.1224038049307108), (50015, 1.1226498109212089), (53775, 1.1228547305057284), (82915, 1.123014340136746), (20365, 1.1230415675825676), (71755, 1.1231289244823637), (62845, 1.1232134090180175), (51875, 1.1232286919738415), (42565, 1.1232916258437404), (25815, 1.1234186502501453), (52945, 1.1238932994073587), (36005, 1.1239295741312316), (43655, 1.12398774913139), (65235, 1.1240824030200351), (98045, 1.124512884857461), (87505, 1.1247674913676386), (65795, 1.125050384664777), (41595, 1.1252925280552162), (25385, 1.126445689077771), (35275, 1.1265003478197424), (5825, 1.1266150008625204)]
[('Limit  (cost=3568.57..3569.03 rows=184 width=12) (actual time=59.687..59.705 rows=184 loops=1)',), ('  ->  Sort  (cost=3568.57..3569.82 rows=497 width=12) (actual time=59.686..59.695 rows=184 loops=1)',), ("        Sort Key: ((iv_v <-> '[0.0395,0.0384,0.0593,0.1022,0.0677,0.0688,0.0859,0.0352,0.0609,0.0466,0.0351,0.0229,0.0148,0.0209,0.0394,0.0269,0.018,0.031,0.0698,0.0888,0.0529,0.0463,0.0545,0.0361,0.0462,0.0412,0.0348,0.0268,0.0115,0.0175,0.0492,0.0297,0.0221,0.0506,0.0659,0.0586,0.0313,0.0712,0.0386,0.0387,0.0326,0.0364,0.0402,0.0368,0.017,0.0184,0.0543,0.0508,0.0391,0.0932,0.1039,0.0601,0.044,0.1264,0.0602,0.0749,0.019,0.0337,0.0961,0.0623,0.0227,0.0285,0.061,0.0647,0.0789,0.0985,0.1225,0.0831,0.0552,0.1415,0.1188,0.1061,0.0237,0.0452,0.183,0.0502,0.0408,0.0451,0.1173,0.0599,0.0501,0.0757,0.0752,0.0564,0.0347,0.1094,0.0892,0.06,0.0265,0.035,0.0853,0.0296,0.0172,0.0355,0.1018,0.0394,0.0274,0.0351,0.0667,0.0694,0.0251,0.0677,0.0353,0.0346,0.0428,0.044,0.0262,0.0223,0.0185,0.0205,0.0558,0.0397,0.0238,0.0433,0.0363,0.0745,0.0424,0.0732,0.0616,0.038,0.0559,0.0361,0.0279,0.0257,0.0151,0.0191,0.0301,0.0322,0.0667,0.0655,0.0902,0.1118,0.0764,0.1144,0.1063,0.0373,0.0508,0.039,0.0422,0.0241,0.0293,0.0292,0.0624,0.0651,0.025,0.0357,0.0631,0.1018,0.0374,0.0563,0.0391,0.03,0.0371,0.0461,0.0454,0.0226,0.0142,0.0219,0.0497,0.0443,0.0294,0.0465,0.0676,0.0555,0.0307,0.0872,0.0376,0.0421,0.0318,0.0466,0.0266,0.0296,0.0211,0.0324,0.0323,0.0238,0.0246,0.0651,0.087,0.049,0.0304,0.1311,0.0754,0.0291,0.0247,0.0456,0.0632,0.0679,0.0274,0.0239,0.0614,0.0673,0.046,0.0631,0.1073,0.0719,0.0473,0.1549,0.1314,0.0378,0.0302,0.0571,0.1423,0.0641,0.0328,0.0367,0.1366,0.0579,0.0224,0.0416,0.0768,0.0778,0.0335,0.1176,0.0794,0.038,0.0261,0.036,0.0864,0.0476,0.0144,0.0225,0.1065,0.0558,0.0238,0.0403,0.082,0.0548,0.0438,0.071,0.0378,0.0476,0.0346,0.0488,0.0197,0.0202,0.0178,0.0144,0.0514,0.0432,0.0375,0.0595,0.0348,0.0533,0.0505,0.0914,0.0668,0.0489,0.0521,0.033,0.0263,0.0327,0.0182,0.0183,0.0264,0.0438,0.0487,0.0515,0.0501,0.0654,0.016,0.0673,0.0375,0.0175,0.0215,0.042,0.0199,0.0181,0.0482,0.0253,0.0283,0.0509,0.0249,0.0566,0.0893,0.0414,0.0288,0.0584,0.0299,0.0254,0.0457,0.0586,0.0402,0.0198,0.029,0.0346,0.0537,0.0296,0.0328,0.0934,0.1517,0.0745,0.0566,0.0819,0.0833,0.056,0.0398,0.0306,0.0738,0.0281,0.0153,0.0739,0.1196,0.0319,0.0197,0.0403,0.0639,0.047,0.0347,0.0539,0.0443,0.0213,0.0203,0.0289,0.029,0.0159,0.0203,0.0364,0.0393,0.0246,0.0298,0.0373,0.0454,0.0655,0.0683,0.0874,0.098,0.0287,0.0635,0.0674,0.0419,0.0192,0.0193,0.0241,0.0388,0.0295,0.0141,0.0281,0.0519,0.0528,0.058,0.1103,0.0553,0.0272,0.0418,0.0418,0.0365,0.0201,0.013,0.0194,0.0507,0.0259,0.0174,0.0447,0.0531,0.0416,0.0366,0.0714,0.0322,0.0342,0.031,0.1006,0.0473,0.0348,0.0125,0.0265,0.056,0.0447,0.0245,0.0754,0.0828,0.0465,0.0585,0.1342,0.049,0.0627,0.0329,0.1089,0.1035,0.0574,0.0206,0.0294,0.0623,0.0564,0.0554,0.0824,0.0948,0.0613,0.069,0.1621,0.0985,0.0928,0.0236,0.0591,0.1686,0.047,0.0399,0.0427,0.1132,0.0501,0.0355,0.0624,0.0577,0.0352,0.0499,0.1113,0.0801,0.0546,0.032,0.0351,0.0826,0.0273,0.0185,0.0306,0.0908,0.0383,0.0212,0.0281,0.0518,0.0461,0.0273,0.0749,0.0336,0.0285,0.0415,0.046,0.0264,0.016,0.0124,0.0192,0.0574,0.0299,0.0175,0.0395,0.0302,0.0547,0.0535,0.0964,0.0678,0.0336,0.0615,0.0466,0.038,0.0195,0.012,0.0168,0.0317,0.0272,0.0458,0.0675,0.0731,0.0849,0.0843,0.1395,0.127,0.0366,0.0554,0.0801,0.0686,0.0219,0.0344,0.0277,0.0492,0.0616,0.0211,0.0444,0.0484,0.066,0.0587,0.0934,0.0533,0.0243,0.0243,0.0389,0.045,0.0213,0.0134,0.0288,0.0519,0.0344,0.0304,0.0536,0.0572,0.044,0.062,0.1021,0.0391,0.0338,0.0362,0.1337,0.0373,0.0275,0.0156,0.0425,0.029,0.0214,0.0157,0.0638,0.0712,0.0437,0.0885,0.2152,0.062,0.0223,0.0546,0.1808,0.106,0.0594,0.0224,0.0359,0.0524,0.0572,0.0432,0.066,0.0862,0.0567,0.1092,0.2191,0.1108,0.0365,0.0441,0.0894,0.1544,0.0574,0.0288,0.0333,0.1362,0.0473,0.0286,0.0522,0.0555,0.0498,0.0801,0.1573,0.0778,0.0334,0.0317,0.0339,0.0807,0.0425,0.014,0.0191,0.0988,0.0441,0.0174,0.0291,0.0522,0.0303,0.0396,0.0752,0.0317,0.0336,0.0423,0.0573,0.023,0.0145,0.0122,0.0155,0.0402,0.0284,0.031,0.0506,0.0286,0.0453,0.0852,0.1073,0.0718,0.0451,0.0575,0.0549,0.0461,0.0262,0.0171,0.0157,0.0205,0.0373,0.0482,0.0719,0.0467,0.052,0.0383,0.0802,0.0241,0.0146,0.0166,0.0318,0.0238,0.0144,0.0383,0.0332,0.0324,0.0437,0.0199,0.0456,0.0597,0.034,0.0456,0.1084,0.0438,0.0239,0.0462,0.088,0.0294,0.0241,0.0225,0.0385,0.0457,0.0248,0.0294,0.078,0.1191,0.0557,0.0852,0.1542,0.1082,0.0515,0.0538,0.0913,0.0869,0.0267,0.015,0.0603,0.0984,0.0287,0.0227,0.0412,0.0477,0.0313,0.0385,0.0818,0.0464,0.0192,0.0183,0.0231,0.0333,0.0151,0.0178,0.0374,0.0358,0.0222,0.0363,0.0399,0.0572,0.0858,0.0686,0.0911,0.0985,0.0325,0.0622,0.0653,0.0418,0.0196,0.0168,0.0215,0.0445,0.0309,0.017,0.0302,0.0629,0.0669,0.0601,0.1099,0.0547,0.0337,0.0443,0.04,0.0359,0.023,0.0127,0.0172,0.0545,0.0272,0.0201,0.0461,0.0583,0.0464,0.0415,0.0737,0.0356,0.0382,0.0276,0.0909,0.0448,0.0384,0.0161,0.0243,0.0539,0.0456,0.0288,0.0782,0.0901,0.0519,0.0623,0.1409,0.0524,0.0725,0.0304,0.1066,0.1049,0.0634,0.0235,0.035,0.0673,0.0624,0.0622,0.091,0.1108,0.0777,0.0752,0.166,0.1094,0.1101,0.0289,0.0588,0.1796,0.049,0.0398,0.05,0.1249,0.0592,0.0402,0.0657,0.0702,0.0486,0.0515,0.1123,0.0833,0.0611,0.0328,0.0334,0.0874,0.0273,0.0167,0.0308,0.101,0.0415,0.0209,0.0289,0.0556,0.0507,0.0313,0.071,0.0304,0.0304,0.0413,0.0486,0.0231,0.0185,0.0157,0.0213,0.0566,0.0326,0.0211,0.0399,0.0332,0.0662,0.0575,0.0874,0.0649,0.0332,0.0627,0.0439,0.0341,0.0227,0.0144,0.0168,0.0304,0.028,0.0467,0.0709,0.0907,0.0974,0.0922,0.1468,0.1325,0.043,0.0544,0.0763,0.0707,0.0254,0.0296,0.0267,0.0612,0.0676,0.0207,0.0468,0.0595,0.0826,0.0605,0.0973,0.0542,0.0328,0.0237,0.0439,0.0431,0.0261,0.0129,0.0255,0.0589,0.0419,0.0304,0.0556,0.0626,0.0514,0.0629,0.1105,0.0436,0.0375,0.0364,0.135,0.0366,0.0314,0.0186,0.0427,0.0299,0.0236,0.0206,0.0634,0.0786,0.0473,0.0932,0.2228,0.0647,0.0249,0.054,0.1788,0.1082,0.0638,0.0276,0.0362,0.0571,0.0657,0.0542,0.0726,0.102,0.0686,0.1215,0.229,0.1334,0.0478,0.0549,0.0935,0.1767,0.0702,0.0371,0.0386,0.1481,0.0551,0.0276,0.0504,0.0686,0.0665,0.0866,0.1606,0.087,0.0404,0.035,0.0335,0.0947,0.0529,0.015,0.0226,0.1122,0.0553,0.0164,0.0296,0.0645,0.0438,0.0426,0.0801,0.0335,0.035,0.0438,0.0546,0.0216,0.0153,0.0136,0.0164,0.0499,0.0366,0.0345,0.0554,0.0354,0.0543,0.0912,0.1173,0.0724,0.0488,0.0624,0.0512,0.0406,0.0326,0.0157,0.0145,0.0242,0.0465,0.0456,0.0691,0.0475,0.053,0.0412,0.0854,0.0285,0.019,0.0219,0.0346,0.0224,0.0159,0.0365,0.0274,0.0277,0.041,0.021,0.05,0.0674,0.0369,0.0467,0.1111,0.049,0.0296,0.053,0.0885,0.0352,0.0254,0.026,0.0402,0.0529,0.0255,0.0341,0.0899,0.1371,0.0678,0.089,0.1635,0.1274,0.0629,0.0618,0.0946,0.1059,0.035,0.0181,0.0675,0.1153,0.0331,0.0214,0.0406,0.0542,0.036,0.0401,0.0856,0.0566,0.0233,0.0218,0.0245,0.0406,0.0187,0.0186,0.0386,0.0403,0.0222]'::vector))",), ('        Sort Method: top-N heapsort  Memory: 39kB',), ('        ->  Seq Scan on item_vector  (cost=0.00..3547.39 rows=497 width=12) (actual time=0.010..58.223 rows=10000 loops=1)',), ("              Filter: (mod((iv_id)::numeric, '10'::numeric) = '5'::numeric)",), ('              Rows Removed by Filter: 90000',), ('Planning Time: 0.054 ms',), ('Execution Time: 59.722 ms',)]
1 10000 320
10000 320
[(8305, 0.8939738306785324), (98965, 0.948271227469524), (50425, 0.9708830822052874), (61015, 0.9901329756065053), (17065, 0.993702640244634), (2225, 0.9998681756392481), (28375, 1.001237699359291), (3845, 1.0025578211521857), (26045, 1.011983711571467), (7415, 1.0127020222249392), (2995, 1.0137819439879834), (2725, 1.0154808529016504), (34435, 1.017448431671822), (33175, 1.0213429223582398), (54875, 1.0231525519499853), (61645, 1.0262641600957314), (53915, 1.0268503607071002), (70465, 1.0285290744364302), (67555, 1.0292245452194175), (52445, 1.0295636810275581), (60225, 1.0307749607784238), (39435, 1.0374462780199882), (15515, 1.037932850269858), (27745, 1.0389621657494683), (87375, 1.0424425033338567), (52495, 1.0426572413063224), (98345, 1.0427789408239718), (68855, 1.0437505413670762), (195, 1.044289541988578), (89845, 1.045337458884198), (92255, 1.0475182905398372), (90435, 1.0480687182151733), (75005, 1.0485998150271103), (55735, 1.0489416647037804), (56495, 1.0499893664775284), (87155, 1.0502525048683478), (3905, 1.050495945653486), (15015, 1.051379462490605), (20105, 1.0514086583870006), (31465, 1.0523451614653616), (30065, 1.0529515426368667), (51565, 1.0548127276639652), (78745, 1.0550268686859554), (35955, 1.0551813170478919), (72315, 1.0556286039228788), (94765, 1.0573650704195072), (73215, 1.0593062251899572), (9055, 1.0607924484401283), (87415, 1.0621067329084863), (19265, 1.0625833590849578), (7095, 1.0635134407704214), (94085, 1.0647470610865322), (97795, 1.0652822642513022), (87135, 1.0690322235646272), (28475, 1.0694979052922162), (73245, 1.070817925506849), (93355, 1.0710790075265573), (59485, 1.072141601949879), (16825, 1.072425093891579), (76635, 1.0737213092741147), (57615, 1.0751336103399904), (17385, 1.0766656923043612), (11135, 1.076928068636759), (41165, 1.0773061323894482), (15065, 1.0776014300619376), (15625, 1.0789460635452803), (71525, 1.0794601466043083), (7815, 1.0801728191564464), (74405, 1.0805828439709406), (10545, 1.0807727973434282), (94585, 1.0824585219050646), (17995, 1.0826870690120127), (52435, 1.0838157178935395), (34795, 1.0838534439331362), (81695, 1.084816003659166), (43445, 1.0849114929524357), (69925, 1.0857329690551834), (43585, 1.0865059880856598), (89885, 1.0867976891527822), (20565, 1.0876725969701397), (22875, 1.0887098532281185), (2335, 1.0887527747836048), (28585, 1.0894715688846401), (40645, 1.0902207245582087), (75455, 1.0903573415494634), (5505, 1.0919041452956084), (31335, 1.092401599773631), (55215, 1.0925819154141045), (4795, 1.0931368607869432), (18875, 1.0932234450298528), (14655, 1.0937848766760823), (3135, 1.094035846959771), (94625, 1.0949692605986179), (61375, 1.0950548290652198), (55095, 1.0953334790015128), (29815, 1.0955643455485038), (38125, 1.0966329454225257), (46225, 1.0970984293856116), (89585, 1.0975583395952138), (57335, 1.0977163603807658), (34845, 1.0983369827402834), (84465, 1.1001727488726762), (30045, 1.1005747810617443), (99665, 1.1005798718776953), (98985, 1.100679733761032), (55395, 1.1008034654464345), (44695, 1.1009760167890479), (64915, 1.1015366355078005), (64785, 1.1021056763680284), (90425, 1.102142289621288), (43085, 1.1022483908800929), (6095, 1.1026167998433332), (90665, 1.1026242597452276), (62655, 1.102639936186188), (22885, 1.102960173312377), (62855, 1.102981411069136), (82365, 1.104145727618827), (81265, 1.1061292097451492), (90575, 1.1063240435977353), (75975, 1.1072353091511002), (87015, 1.1075721383119663), (62245, 1.1079732608770585), (21405, 1.108308198591247), (50065, 1.109303109432035), (32585, 1.109616750246669), (3835, 1.1108021220415318), (99805, 1.111438336798782), (40565, 1.11160012186605), (92135, 1.111711057313319), (92115, 1.111711057313319), (31255, 1.111778878511361), (91555, 1.1124018893752914), (41605, 1.112638267754267), (93485, 1.1128512974408393), (77955, 1.1133665888686917), (49945, 1.1133784736878052), (68285, 1.1137632163277245), (42895, 1.1140139661492188), (52325, 1.114024024930319), (29905, 1.1144732602156033), (59265, 1.114690537808158), (1315, 1.1152102706629154), (47135, 1.1153445748900626), (92425, 1.1153925100472126), (97625, 1.115772498288386), (87885, 1.1159135717744497), (44985, 1.1161859464475976), (96085, 1.1164939701756287), (75065, 1.1170279649053076), (38415, 1.1171155786372042), (63865, 1.1172115083262202), (55415, 1.1176973259992065), (51355, 1.1184626950935186), (8445, 1.1186193080837854), (17755, 1.1192986874363684), (38625, 1.1193582745894117), (52885, 1.1194340985158997), (60835, 1.1203201761873909), (64305, 1.1204834981790082), (74695, 1.120961038530039), (62335, 1.1212197475541081), (55695, 1.1212884288653824), (21275, 1.1218309271610993), (88335, 1.1224038049307108), (50015, 1.1226498109212089), (53775, 1.1228547305057284), (82915, 1.123014340136746), (20365, 1.1230415675825676), (71755, 1.1231289244823637), (62845, 1.1232134090180175), (51875, 1.1232286919738415), (42565, 1.1232916258437404), (25815, 1.1234186502501453), (52945, 1.1238932994073587), (36005, 1.1239295741312316), (43655, 1.12398774913139), (65235, 1.1240824030200351), (98045, 1.124512884857461), (87505, 1.1247674913676386), (65795, 1.125050384664777), (41595, 1.1252925280552162), (25385, 1.126445689077771), (35275, 1.1265003478197424), (5825, 1.1266150008625204), (7835, 1.1269939554047301), (97455, 1.1271279660528881), (97535, 1.1271687372442354), (38185, 1.127667020788841), (61185, 1.1277164934813182), (90115, 1.127859930878671), (90925, 1.1278752037199509), (94755, 1.1279652511472662), (9385, 1.1283107361627327), (72325, 1.1285274622511916), (23505, 1.1286717999682003), (19115, 1.1290794688453416), (9595, 1.1292615813074616), (55515, 1.129777090654015), (25185, 1.1298820212055625), (40455, 1.1299100326912397), (32735, 1.1299346147035452), (55025, 1.1302486476944948), (78635, 1.130976168542483), (71245, 1.1312436519887283), (10715, 1.131636594607807), (96775, 1.1317973883237904), (97915, 1.1324559143782393), (26395, 1.133211420785598), (60925, 1.1333307593447308), (82445, 1.1333807210738929), (10005, 1.1334121169494524), (24995, 1.133597897522672), (47845, 1.1341603646160519), (31325, 1.1345071678826233), (39295, 1.1346727027863257), (5245, 1.1352783725522189), (59385, 1.135320846060734), (86175, 1.1354120878541414), (30895, 1.1358074717237452), (90315, 1.135818806865791), (43815, 1.136240750517511), (4355, 1.1369736637967294), (55205, 1.1372003223422757), (86805, 1.1375242964277197), (53365, 1.1377289992162694), (60015, 1.1378261245376997), (4735, 1.138621517265271), (4995, 1.138722230507758), (87525, 1.1390470276083933), (10245, 1.1390472369224527), (86525, 1.1398451242314422), (64225, 1.1399534678582899), (5565, 1.1400083155077774), (4025, 1.1402620234442038), (26975, 1.141384342304515), (52425, 1.1416332021853206), (93205, 1.1423595773724609), (22495, 1.1426074423655936), (11815, 1.1427253302275346), (63205, 1.1430742279006743), (81035, 1.143355198244234), (73335, 1.1433845478150073), (63925, 1.1433977366307777), (70915, 1.1434457468057073), (14885, 1.1440321318975648), (82455, 1.1452163884947903), (57255, 1.145273846524365), (73875, 1.145363879124725), (27125, 1.1455009440730786), (3185, 1.1456699890693065), (45645, 1.1458331310387635), (61475, 1.1460728077187532), (52465, 1.1462345403462806), (92655, 1.1463105104005995), (28025, 1.1465783673672936), (22225, 1.1470587102536107), (95205, 1.147278233044203), (55825, 1.1474173549735274), (23435, 1.147565030185496), (1305, 1.1479839545235138), (41885, 1.1484033488690835), (38255, 1.1488557430243491), (80445, 1.1488790895739756), (32485, 1.1489515127404377), (69725, 1.149228919714892), (93195, 1.1501394104421205), (28525, 1.150261086390396), (39695, 1.1502698954781165), (16095, 1.1503136290088969), (39065, 1.1507758384520377), (34595, 1.1514160042363952), (55555, 1.151769462631324), (87075, 1.1520409137626286), (3525, 1.152367801738535), (95925, 1.1525002583402066), (47315, 1.1525002583402066), (63755, 1.152513911728047), (61685, 1.1533205192236267), (14775, 1.1534257367406804), (97135, 1.1537789927401347), (50025, 1.153956639061973), (25455, 1.1541608546325286), (28735, 1.154258249737112), (43895, 1.1545973126985276), (47295, 1.154897310968179), (2915, 1.1552158060798157), (49805, 1.155242171392474), (82245, 1.155390961603328), (3095, 1.1554432709459463), (72995, 1.155678066357713), (17865, 1.1557815221291357), (58695, 1.1559291085018302), (3025, 1.1560328511648845), (46765, 1.1562497938001295), (53435, 1.1563296934964722), (64315, 1.1563614456492437), (84995, 1.1564173190738203), (2945, 1.1564798899814024), (44895, 1.156581985651686), (92765, 1.15686931004869), (33015, 1.1569417997474765), (64585, 1.1569929571209383), (2755, 1.1574317975476682), (6355, 1.15791396958974), (6575, 1.1584134867720806), (40655, 1.1586351280514646), (9515, 1.1594694525810094), (62495, 1.159731289389692), (83885, 1.160267371818824), (54725, 1.1604196782418328), (85635, 1.1604600502182165), (78545, 1.1606760626567243), (88895, 1.1607057958858336), (69765, 1.1607350148456455), (19815, 1.1610019568394772), (71355, 1.161035634715421), (265, 1.1610765499668023), (24745, 1.161709448976616), (91885, 1.1621960519474464), (35965, 1.1622071297186118)]
[('Limit  (cost=3569.65..3570.45 rows=320 width=12) (actual time=59.317..59.347 rows=320 loops=1)',), ('  ->  Sort  (cost=3569.65..3570.89 rows=497 width=12) (actual time=59.317..59.330 rows=320 loops=1)',), ("        Sort Key: ((iv_v <-> '[0.0395,0.0384,0.0593,0.1022,0.0677,0.0688,0.0859,0.0352,0.0609,0.0466,0.0351,0.0229,0.0148,0.0209,0.0394,0.0269,0.018,0.031,0.0698,0.0888,0.0529,0.0463,0.0545,0.0361,0.0462,0.0412,0.0348,0.0268,0.0115,0.0175,0.0492,0.0297,0.0221,0.0506,0.0659,0.0586,0.0313,0.0712,0.0386,0.0387,0.0326,0.0364,0.0402,0.0368,0.017,0.0184,0.0543,0.0508,0.0391,0.0932,0.1039,0.0601,0.044,0.1264,0.0602,0.0749,0.019,0.0337,0.0961,0.0623,0.0227,0.0285,0.061,0.0647,0.0789,0.0985,0.1225,0.0831,0.0552,0.1415,0.1188,0.1061,0.0237,0.0452,0.183,0.0502,0.0408,0.0451,0.1173,0.0599,0.0501,0.0757,0.0752,0.0564,0.0347,0.1094,0.0892,0.06,0.0265,0.035,0.0853,0.0296,0.0172,0.0355,0.1018,0.0394,0.0274,0.0351,0.0667,0.0694,0.0251,0.0677,0.0353,0.0346,0.0428,0.044,0.0262,0.0223,0.0185,0.0205,0.0558,0.0397,0.0238,0.0433,0.0363,0.0745,0.0424,0.0732,0.0616,0.038,0.0559,0.0361,0.0279,0.0257,0.0151,0.0191,0.0301,0.0322,0.0667,0.0655,0.0902,0.1118,0.0764,0.1144,0.1063,0.0373,0.0508,0.039,0.0422,0.0241,0.0293,0.0292,0.0624,0.0651,0.025,0.0357,0.0631,0.1018,0.0374,0.0563,0.0391,0.03,0.0371,0.0461,0.0454,0.0226,0.0142,0.0219,0.0497,0.0443,0.0294,0.0465,0.0676,0.0555,0.0307,0.0872,0.0376,0.0421,0.0318,0.0466,0.0266,0.0296,0.0211,0.0324,0.0323,0.0238,0.0246,0.0651,0.087,0.049,0.0304,0.1311,0.0754,0.0291,0.0247,0.0456,0.0632,0.0679,0.0274,0.0239,0.0614,0.0673,0.046,0.0631,0.1073,0.0719,0.0473,0.1549,0.1314,0.0378,0.0302,0.0571,0.1423,0.0641,0.0328,0.0367,0.1366,0.0579,0.0224,0.0416,0.0768,0.0778,0.0335,0.1176,0.0794,0.038,0.0261,0.036,0.0864,0.0476,0.0144,0.0225,0.1065,0.0558,0.0238,0.0403,0.082,0.0548,0.0438,0.071,0.0378,0.0476,0.0346,0.0488,0.0197,0.0202,0.0178,0.0144,0.0514,0.0432,0.0375,0.0595,0.0348,0.0533,0.0505,0.0914,0.0668,0.0489,0.0521,0.033,0.0263,0.0327,0.0182,0.0183,0.0264,0.0438,0.0487,0.0515,0.0501,0.0654,0.016,0.0673,0.0375,0.0175,0.0215,0.042,0.0199,0.0181,0.0482,0.0253,0.0283,0.0509,0.0249,0.0566,0.0893,0.0414,0.0288,0.0584,0.0299,0.0254,0.0457,0.0586,0.0402,0.0198,0.029,0.0346,0.0537,0.0296,0.0328,0.0934,0.1517,0.0745,0.0566,0.0819,0.0833,0.056,0.0398,0.0306,0.0738,0.0281,0.0153,0.0739,0.1196,0.0319,0.0197,0.0403,0.0639,0.047,0.0347,0.0539,0.0443,0.0213,0.0203,0.0289,0.029,0.0159,0.0203,0.0364,0.0393,0.0246,0.0298,0.0373,0.0454,0.0655,0.0683,0.0874,0.098,0.0287,0.0635,0.0674,0.0419,0.0192,0.0193,0.0241,0.0388,0.0295,0.0141,0.0281,0.0519,0.0528,0.058,0.1103,0.0553,0.0272,0.0418,0.0418,0.0365,0.0201,0.013,0.0194,0.0507,0.0259,0.0174,0.0447,0.0531,0.0416,0.0366,0.0714,0.0322,0.0342,0.031,0.1006,0.0473,0.0348,0.0125,0.0265,0.056,0.0447,0.0245,0.0754,0.0828,0.0465,0.0585,0.1342,0.049,0.0627,0.0329,0.1089,0.1035,0.0574,0.0206,0.0294,0.0623,0.0564,0.0554,0.0824,0.0948,0.0613,0.069,0.1621,0.0985,0.0928,0.0236,0.0591,0.1686,0.047,0.0399,0.0427,0.1132,0.0501,0.0355,0.0624,0.0577,0.0352,0.0499,0.1113,0.0801,0.0546,0.032,0.0351,0.0826,0.0273,0.0185,0.0306,0.0908,0.0383,0.0212,0.0281,0.0518,0.0461,0.0273,0.0749,0.0336,0.0285,0.0415,0.046,0.0264,0.016,0.0124,0.0192,0.0574,0.0299,0.0175,0.0395,0.0302,0.0547,0.0535,0.0964,0.0678,0.0336,0.0615,0.0466,0.038,0.0195,0.012,0.0168,0.0317,0.0272,0.0458,0.0675,0.0731,0.0849,0.0843,0.1395,0.127,0.0366,0.0554,0.0801,0.0686,0.0219,0.0344,0.0277,0.0492,0.0616,0.0211,0.0444,0.0484,0.066,0.0587,0.0934,0.0533,0.0243,0.0243,0.0389,0.045,0.0213,0.0134,0.0288,0.0519,0.0344,0.0304,0.0536,0.0572,0.044,0.062,0.1021,0.0391,0.0338,0.0362,0.1337,0.0373,0.0275,0.0156,0.0425,0.029,0.0214,0.0157,0.0638,0.0712,0.0437,0.0885,0.2152,0.062,0.0223,0.0546,0.1808,0.106,0.0594,0.0224,0.0359,0.0524,0.0572,0.0432,0.066,0.0862,0.0567,0.1092,0.2191,0.1108,0.0365,0.0441,0.0894,0.1544,0.0574,0.0288,0.0333,0.1362,0.0473,0.0286,0.0522,0.0555,0.0498,0.0801,0.1573,0.0778,0.0334,0.0317,0.0339,0.0807,0.0425,0.014,0.0191,0.0988,0.0441,0.0174,0.0291,0.0522,0.0303,0.0396,0.0752,0.0317,0.0336,0.0423,0.0573,0.023,0.0145,0.0122,0.0155,0.0402,0.0284,0.031,0.0506,0.0286,0.0453,0.0852,0.1073,0.0718,0.0451,0.0575,0.0549,0.0461,0.0262,0.0171,0.0157,0.0205,0.0373,0.0482,0.0719,0.0467,0.052,0.0383,0.0802,0.0241,0.0146,0.0166,0.0318,0.0238,0.0144,0.0383,0.0332,0.0324,0.0437,0.0199,0.0456,0.0597,0.034,0.0456,0.1084,0.0438,0.0239,0.0462,0.088,0.0294,0.0241,0.0225,0.0385,0.0457,0.0248,0.0294,0.078,0.1191,0.0557,0.0852,0.1542,0.1082,0.0515,0.0538,0.0913,0.0869,0.0267,0.015,0.0603,0.0984,0.0287,0.0227,0.0412,0.0477,0.0313,0.0385,0.0818,0.0464,0.0192,0.0183,0.0231,0.0333,0.0151,0.0178,0.0374,0.0358,0.0222,0.0363,0.0399,0.0572,0.0858,0.0686,0.0911,0.0985,0.0325,0.0622,0.0653,0.0418,0.0196,0.0168,0.0215,0.0445,0.0309,0.017,0.0302,0.0629,0.0669,0.0601,0.1099,0.0547,0.0337,0.0443,0.04,0.0359,0.023,0.0127,0.0172,0.0545,0.0272,0.0201,0.0461,0.0583,0.0464,0.0415,0.0737,0.0356,0.0382,0.0276,0.0909,0.0448,0.0384,0.0161,0.0243,0.0539,0.0456,0.0288,0.0782,0.0901,0.0519,0.0623,0.1409,0.0524,0.0725,0.0304,0.1066,0.1049,0.0634,0.0235,0.035,0.0673,0.0624,0.0622,0.091,0.1108,0.0777,0.0752,0.166,0.1094,0.1101,0.0289,0.0588,0.1796,0.049,0.0398,0.05,0.1249,0.0592,0.0402,0.0657,0.0702,0.0486,0.0515,0.1123,0.0833,0.0611,0.0328,0.0334,0.0874,0.0273,0.0167,0.0308,0.101,0.0415,0.0209,0.0289,0.0556,0.0507,0.0313,0.071,0.0304,0.0304,0.0413,0.0486,0.0231,0.0185,0.0157,0.0213,0.0566,0.0326,0.0211,0.0399,0.0332,0.0662,0.0575,0.0874,0.0649,0.0332,0.0627,0.0439,0.0341,0.0227,0.0144,0.0168,0.0304,0.028,0.0467,0.0709,0.0907,0.0974,0.0922,0.1468,0.1325,0.043,0.0544,0.0763,0.0707,0.0254,0.0296,0.0267,0.0612,0.0676,0.0207,0.0468,0.0595,0.0826,0.0605,0.0973,0.0542,0.0328,0.0237,0.0439,0.0431,0.0261,0.0129,0.0255,0.0589,0.0419,0.0304,0.0556,0.0626,0.0514,0.0629,0.1105,0.0436,0.0375,0.0364,0.135,0.0366,0.0314,0.0186,0.0427,0.0299,0.0236,0.0206,0.0634,0.0786,0.0473,0.0932,0.2228,0.0647,0.0249,0.054,0.1788,0.1082,0.0638,0.0276,0.0362,0.0571,0.0657,0.0542,0.0726,0.102,0.0686,0.1215,0.229,0.1334,0.0478,0.0549,0.0935,0.1767,0.0702,0.0371,0.0386,0.1481,0.0551,0.0276,0.0504,0.0686,0.0665,0.0866,0.1606,0.087,0.0404,0.035,0.0335,0.0947,0.0529,0.015,0.0226,0.1122,0.0553,0.0164,0.0296,0.0645,0.0438,0.0426,0.0801,0.0335,0.035,0.0438,0.0546,0.0216,0.0153,0.0136,0.0164,0.0499,0.0366,0.0345,0.0554,0.0354,0.0543,0.0912,0.1173,0.0724,0.0488,0.0624,0.0512,0.0406,0.0326,0.0157,0.0145,0.0242,0.0465,0.0456,0.0691,0.0475,0.053,0.0412,0.0854,0.0285,0.019,0.0219,0.0346,0.0224,0.0159,0.0365,0.0274,0.0277,0.041,0.021,0.05,0.0674,0.0369,0.0467,0.1111,0.049,0.0296,0.053,0.0885,0.0352,0.0254,0.026,0.0402,0.0529,0.0255,0.0341,0.0899,0.1371,0.0678,0.089,0.1635,0.1274,0.0629,0.0618,0.0946,0.1059,0.035,0.0181,0.0675,0.1153,0.0331,0.0214,0.0406,0.0542,0.036,0.0401,0.0856,0.0566,0.0233,0.0218,0.0245,0.0406,0.0187,0.0186,0.0386,0.0403,0.0222]'::vector))",), ('        Sort Method: top-N heapsort  Memory: 50kB',), ('        ->  Seq Scan on item_vector  (cost=0.00..3547.39 rows=497 width=12) (actual time=0.009..57.755 rows=10000 loops=1)',), ("              Filter: (mod((iv_id)::numeric, '10'::numeric) = '5'::numeric)",), ('              Rows Removed by Filter: 90000',), ('Planning Time: 0.055 ms',), ('Execution Time: 59.368 ms',)]
1 10000 640
10000 640
[(8305, 0.8939738306785324), (98965, 0.948271227469524), (50425, 0.9708830822052874), (61015, 0.9901329756065053), (17065, 0.993702640244634), (2225, 0.9998681756392481), (28375, 1.001237699359291), (3845, 1.0025578211521857), (26045, 1.011983711571467), (7415, 1.0127020222249392), (2995, 1.0137819439879834), (2725, 1.0154808529016504), (34435, 1.017448431671822), (33175, 1.0213429223582398), (54875, 1.0231525519499853), (61645, 1.0262641600957314), (53915, 1.0268503607071002), (70465, 1.0285290744364302), (67555, 1.0292245452194175), (52445, 1.0295636810275581), (60225, 1.0307749607784238), (39435, 1.0374462780199882), (15515, 1.037932850269858), (27745, 1.0389621657494683), (87375, 1.0424425033338567), (52495, 1.0426572413063224), (98345, 1.0427789408239718), (68855, 1.0437505413670762), (195, 1.044289541988578), (89845, 1.045337458884198), (92255, 1.0475182905398372), (90435, 1.0480687182151733), (75005, 1.0485998150271103), (55735, 1.0489416647037804), (56495, 1.0499893664775284), (87155, 1.0502525048683478), (3905, 1.050495945653486), (15015, 1.051379462490605), (20105, 1.0514086583870006), (31465, 1.0523451614653616), (30065, 1.0529515426368667), (51565, 1.0548127276639652), (78745, 1.0550268686859554), (35955, 1.0551813170478919), (72315, 1.0556286039228788), (94765, 1.0573650704195072), (73215, 1.0593062251899572), (9055, 1.0607924484401283), (87415, 1.0621067329084863), (19265, 1.0625833590849578), (7095, 1.0635134407704214), (94085, 1.0647470610865322), (97795, 1.0652822642513022), (87135, 1.0690322235646272), (28475, 1.0694979052922162), (73245, 1.070817925506849), (93355, 1.0710790075265573), (59485, 1.072141601949879), (16825, 1.072425093891579), (76635, 1.0737213092741147), (57615, 1.0751336103399904), (17385, 1.0766656923043612), (11135, 1.076928068636759), (41165, 1.0773061323894482), (15065, 1.0776014300619376), (15625, 1.0789460635452803), (71525, 1.0794601466043083), (7815, 1.0801728191564464), (74405, 1.0805828439709406), (10545, 1.0807727973434282), (94585, 1.0824585219050646), (17995, 1.0826870690120127), (52435, 1.0838157178935395), (34795, 1.0838534439331362), (81695, 1.084816003659166), (43445, 1.0849114929524357), (69925, 1.0857329690551834), (43585, 1.0865059880856598), (89885, 1.0867976891527822), (20565, 1.0876725969701397), (22875, 1.0887098532281185), (2335, 1.0887527747836048), (28585, 1.0894715688846401), (40645, 1.0902207245582087), (75455, 1.0903573415494634), (5505, 1.0919041452956084), (31335, 1.092401599773631), (55215, 1.0925819154141045), (4795, 1.0931368607869432), (18875, 1.0932234450298528), (14655, 1.0937848766760823), (3135, 1.094035846959771), (94625, 1.0949692605986179), (61375, 1.0950548290652198), (55095, 1.0953334790015128), (29815, 1.0955643455485038), (38125, 1.0966329454225257), (46225, 1.0970984293856116), (89585, 1.0975583395952138), (57335, 1.0977163603807658), (34845, 1.0983369827402834), (84465, 1.1001727488726762), (30045, 1.1005747810617443), (99665, 1.1005798718776953), (98985, 1.100679733761032), (55395, 1.1008034654464345), (44695, 1.1009760167890479), (64915, 1.1015366355078005), (64785, 1.1021056763680284), (90425, 1.102142289621288), (43085, 1.1022483908800929), (6095, 1.1026167998433332), (90665, 1.1026242597452276), (62655, 1.102639936186188), (22885, 1.102960173312377), (62855, 1.102981411069136), (82365, 1.104145727618827), (81265, 1.1061292097451492), (90575, 1.1063240435977353), (75975, 1.1072353091511002), (87015, 1.1075721383119663), (62245, 1.1079732608770585), (21405, 1.108308198591247), (50065, 1.109303109432035), (32585, 1.109616750246669), (3835, 1.1108021220415318), (99805, 1.111438336798782), (40565, 1.11160012186605), (92115, 1.111711057313319), (92135, 1.111711057313319), (31255, 1.111778878511361), (91555, 1.1124018893752914), (41605, 1.112638267754267), (93485, 1.1128512974408393), (77955, 1.1133665888686917), (49945, 1.1133784736878052), (68285, 1.1137632163277245), (42895, 1.1140139661492188), (52325, 1.114024024930319), (29905, 1.1144732602156033), (59265, 1.114690537808158), (1315, 1.1152102706629154), (47135, 1.1153445748900626), (92425, 1.1153925100472126), (97625, 1.115772498288386), (87885, 1.1159135717744497), (44985, 1.1161859464475976), (96085, 1.1164939701756287), (75065, 1.1170279649053076), (38415, 1.1171155786372042), (63865, 1.1172115083262202), (55415, 1.1176973259992065), (51355, 1.1184626950935186), (8445, 1.1186193080837854), (17755, 1.1192986874363684), (38625, 1.1193582745894117), (52885, 1.1194340985158997), (60835, 1.1203201761873909), (64305, 1.1204834981790082), (74695, 1.120961038530039), (62335, 1.1212197475541081), (55695, 1.1212884288653824), (21275, 1.1218309271610993), (88335, 1.1224038049307108), (50015, 1.1226498109212089), (53775, 1.1228547305057284), (82915, 1.123014340136746), (20365, 1.1230415675825676), (71755, 1.1231289244823637), (62845, 1.1232134090180175), (51875, 1.1232286919738415), (42565, 1.1232916258437404), (25815, 1.1234186502501453), (52945, 1.1238932994073587), (36005, 1.1239295741312316), (43655, 1.12398774913139), (65235, 1.1240824030200351), (98045, 1.124512884857461), (87505, 1.1247674913676386), (65795, 1.125050384664777), (41595, 1.1252925280552162), (25385, 1.126445689077771), (35275, 1.1265003478197424), (5825, 1.1266150008625204), (7835, 1.1269939554047301), (97455, 1.1271279660528881), (97535, 1.1271687372442354), (38185, 1.127667020788841), (61185, 1.1277164934813182), (90115, 1.127859930878671), (90925, 1.1278752037199509), (94755, 1.1279652511472662), (9385, 1.1283107361627327), (72325, 1.1285274622511916), (23505, 1.1286717999682003), (19115, 1.1290794688453416), (9595, 1.1292615813074616), (55515, 1.129777090654015), (25185, 1.1298820212055625), (40455, 1.1299100326912397), (32735, 1.1299346147035452), (55025, 1.1302486476944948), (78635, 1.130976168542483), (71245, 1.1312436519887283), (10715, 1.131636594607807), (96775, 1.1317973883237904), (97915, 1.1324559143782393), (26395, 1.133211420785598), (60925, 1.1333307593447308), (82445, 1.1333807210738929), (10005, 1.1334121169494524), (24995, 1.133597897522672), (47845, 1.1341603646160519), (31325, 1.1345071678826233), (39295, 1.1346727027863257), (5245, 1.1352783725522189), (59385, 1.135320846060734), (86175, 1.1354120878541414), (30895, 1.1358074717237452), (90315, 1.135818806865791), (43815, 1.136240750517511), (4355, 1.1369736637967294), (55205, 1.1372003223422757), (86805, 1.1375242964277197), (53365, 1.1377289992162694), (60015, 1.1378261245376997), (4735, 1.138621517265271), (4995, 1.138722230507758), (87525, 1.1390470276083933), (10245, 1.1390472369224527), (86525, 1.1398451242314422), (64225, 1.1399534678582899), (5565, 1.1400083155077774), (4025, 1.1402620234442038), (26975, 1.141384342304515), (52425, 1.1416332021853206), (93205, 1.1423595773724609), (22495, 1.1426074423655936), (11815, 1.1427253302275346), (63205, 1.1430742279006743), (81035, 1.143355198244234), (73335, 1.1433845478150073), (63925, 1.1433977366307777), (70915, 1.1434457468057073), (14885, 1.1440321318975648), (82455, 1.1452163884947903), (57255, 1.145273846524365), (73875, 1.145363879124725), (27125, 1.1455009440730786), (3185, 1.1456699890693065), (45645, 1.1458331310387635), (61475, 1.1460728077187532), (52465, 1.1462345403462806), (92655, 1.1463105104005995), (28025, 1.1465783673672936), (22225, 1.1470587102536107), (95205, 1.147278233044203), (55825, 1.1474173549735274), (23435, 1.147565030185496), (1305, 1.1479839545235138), (41885, 1.1484033488690835), (38255, 1.1488557430243491), (80445, 1.1488790895739756), (32485, 1.1489515127404377), (69725, 1.149228919714892), (93195, 1.1501394104421205), (28525, 1.150261086390396), (39695, 1.1502698954781165), (16095, 1.1503136290088969), (39065, 1.1507758384520377), (34595, 1.1514160042363952), (55555, 1.151769462631324), (87075, 1.1520409137626286), (3525, 1.152367801738535), (95925, 1.1525002583402066), (47315, 1.1525002583402066), (63755, 1.152513911728047), (61685, 1.1533205192236267), (14775, 1.1534257367406804), (97135, 1.1537789927401347), (50025, 1.153956639061973), (25455, 1.1541608546325286), (28735, 1.154258249737112), (43895, 1.1545973126985276), (47295, 1.154897310968179), (2915, 1.1552158060798157), (49805, 1.155242171392474), (82245, 1.155390961603328), (3095, 1.1554432709459463), (72995, 1.155678066357713), (17865, 1.1557815221291357), (58695, 1.1559291085018302), (3025, 1.1560328511648845), (46765, 1.1562497938001295), (53435, 1.1563296934964722), (64315, 1.1563614456492437), (84995, 1.1564173190738203), (2945, 1.1564798899814024), (44895, 1.156581985651686), (92765, 1.15686931004869), (33015, 1.1569417997474765), (64585, 1.1569929571209383), (2755, 1.1574317975476682), (6355, 1.15791396958974), (6575, 1.1584134867720806), (40655, 1.1586351280514646), (9515, 1.1594694525810094), (62495, 1.159731289389692), (83885, 1.160267371818824), (54725, 1.1604196782418328), (85635, 1.1604600502182165), (78545, 1.1606760626567243), (88895, 1.1607057958858336), (69765, 1.1607350148456455), (19815, 1.1610019568394772), (71355, 1.161035634715421), (265, 1.1610765499668023), (24745, 1.161709448976616), (91885, 1.1621960519474464), (35965, 1.1622071297186118), (92535, 1.162254414202734), (85355, 1.1624605561814707), (58655, 1.1625568458030389), (35855, 1.1625665358504156), (5765, 1.162707980840033), (64595, 1.1630535489560478), (24885, 1.1633013598649), (85455, 1.163791496938325), (81255, 1.1638261183809562), (56775, 1.1640206143824934), (99005, 1.1641140612761396), (72185, 1.1642555230394471), (91545, 1.1643346685938292), (50795, 1.1645079406919607), (5515, 1.1647391688720792), (46855, 1.1651062862062622), (86365, 1.1653408737185993), (91195, 1.1653427661863878), (27885, 1.1653877753253405), (61945, 1.1654002036790225), (41245, 1.1655433503463353), (9335, 1.1656948651604755), (70255, 1.1658712582058317), (99685, 1.1659812219295271), (90415, 1.165990679041149), (85995, 1.1664112129284696), (40005, 1.1665374252849559), (52475, 1.1667588515418974), (83915, 1.1672805238394235), (88375, 1.167600184436743), (37215, 1.1676064634282097), (15815, 1.1677286673189606), (58165, 1.167782465645765), (94115, 1.16780640357317), (9825, 1.1680867827620058), (36025, 1.1681153068324002), (34505, 1.1683350055771495), (12135, 1.1686259688388563), (43775, 1.1689062534266497), (88685, 1.1689918655393128), (87395, 1.1690888918192224), (17805, 1.1692481544974336), (53045, 1.169251671898156), (45655, 1.169302290710643), (63855, 1.1694956721192742), (42905, 1.1694965895088898), (60275, 1.1699032280507393), (99945, 1.1705776917470159), (48835, 1.170868403134659), (25875, 1.1708919216353313), (43075, 1.1709221590135153), (55055, 1.1710077764446727), (31715, 1.1710540947998038), (9275, 1.171108910969528), (92525, 1.1714438090180714), (33085, 1.1715212478762236), (41235, 1.1715391567913493), (39565, 1.1720233060452894), (86495, 1.1722062723501925), (87425, 1.1728360113912297), (68435, 1.1729195072462648), (85415, 1.1730914096972032), (31565, 1.1734053727995262), (31415, 1.173561814957615), (30465, 1.1735839081921522), (73255, 1.173644141886702), (11475, 1.1738154812098525), (27895, 1.1738841825736812), (77675, 1.1739257162595649), (34055, 1.1739871001534041), (17235, 1.1743632539219586), (36435, 1.174470341798005), (41745, 1.1745910703998068), (6435, 1.174694890118019), (30915, 1.1748791652800015), (12565, 1.174893319583024), (14955, 1.1749165038615053), (98905, 1.1752065477029108), (58005, 1.1752128367728538), (7205, 1.1754906380758026), (55065, 1.1758893238978254), (61325, 1.17599318105641), (12225, 1.176108178599726), (61115, 1.1762653760888109), (45995, 1.1764995623975623), (515, 1.1766287958482484), (38865, 1.1767914446698051), (73385, 1.1773030011390817), (8875, 1.1775923559492738), (9755, 1.177729364640695), (125, 1.1779918484106224), (5125, 1.178140497485158), (6035, 1.1782562466072766), (54835, 1.1785209900933356), (99185, 1.1785697441584453), (19615, 1.1785710590741787), (2545, 1.1790056089440928), (69695, 1.1792438001083552), (5795, 1.1794712803227818), (59805, 1.179974098002101), (8725, 1.179988696318974), (83735, 1.179997081429703), (93255, 1.180361119633182), (46365, 1.1804092927471939), (7545, 1.18074104809038), (36265, 1.1809116100855985), (76715, 1.1813698198210763), (71015, 1.1818793946199095), (40665, 1.182179124940131), (53735, 1.182449391917259), (67165, 1.182609476179313), (61875, 1.1827494313446916), (5555, 1.1828155477225017), (80925, 1.1828417009707424), (80245, 1.1829501375571467), (3535, 1.183167434310252), (52205, 1.1834675435175432), (70385, 1.1836198356951653), (67715, 1.1838339382490348), (52595, 1.183862838120372), (94245, 1.184157485917377), (6285, 1.1843130613854447), (55115, 1.184331431128487), (75515, 1.1843775303795994), (43705, 1.1844062660136563), (44665, 1.184607194670701), (50875, 1.1846098614134253), (91245, 1.184630792619535), (93305, 1.1846379373215699), (72465, 1.1848038634214704), (82765, 1.1851850331381417), (22595, 1.185278420635993), (10735, 1.1852860140185897), (80265, 1.1856408875345543), (90185, 1.1858266283561927), (10055, 1.1858428635865466), (22845, 1.1858981521773473), (71545, 1.1859395666694978), (22655, 1.1860502327674942), (35995, 1.18617606395883), (67145, 1.1862757545947447), (58645, 1.1866156648184076), (62145, 1.1867314913720524), (23575, 1.187056408397482), (89365, 1.1870947698540104), (13465, 1.187354129063678), (78335, 1.1879227538250017), (72385, 1.1882134352374716), (68945, 1.1884239015846947), (14215, 1.1889637408554947), (48145, 1.1891504663719679), (50685, 1.1893795097133275), (80895, 1.1894922610203922), (92725, 1.189518067038716), (13715, 1.1896473392474614), (49585, 1.1903061587524555), (52985, 1.1903191781952054), (65035, 1.1905399862861508), (75425, 1.190550499935653), (34905, 1.1905904008939454), (5185, 1.1907969433238785), (71395, 1.190861511769111), (78375, 1.1910239685106654), (4915, 1.1910627526567592), (14765, 1.191180748782928), (13505, 1.1913902907006149), (73275, 1.191530114911071), (89705, 1.1917247409052278), (49455, 1.1917428963739365), (85505, 1.1917753054487108), (69995, 1.1920114449713253), (9845, 1.1921112976118715), (88885, 1.1921405468015285), (45625, 1.1922809829157703), (1805, 1.1923534692751323), (32875, 1.1927527651222045), (28685, 1.1927622098567636), (92565, 1.1928292703186685), (59615, 1.1928297200407831), (20495, 1.1928585518713626), (34755, 1.1929680265313274), (61525, 1.1933427925019113), (46785, 1.1933603739383094), (78025, 1.193450175075941), (27975, 1.1935437648437581), (29805, 1.1936566720799942), (62965, 1.1938027714753858), (6155, 1.1939747623734827), (27015, 1.194294514721422), (91025, 1.194359293324883), (64565, 1.1948945555193624), (69585, 1.1950233458788304), (41955, 1.1950766137435185), (42525, 1.1951810477785338), (90165, 1.1956295016932352), (56705, 1.1957138983245212), (90895, 1.195836170649513), (21235, 1.1959887816690824), (90825, 1.1960936343880066), (5725, 1.1962114332274243), (84575, 1.1967594140716284), (42765, 1.1968633028658997), (46665, 1.1970804142786364), (91315, 1.1972522828197243), (15745, 1.197288923674712), (82045, 1.1974308466206554), (33285, 1.1974701698904255), (86045, 1.1979626964626606), (39675, 1.1980524511366097), (31285, 1.1982074661012085), (48855, 1.1987671638668134), (62265, 1.1990290687479752), (87605, 1.1991958864499033), (24235, 1.1995248807653784), (79805, 1.1995471417734753), (85195, 1.1999267575641321), (4655, 1.1999732014524747), (66155, 1.2000453721846598), (24205, 1.2000929041503074), (80225, 1.200315539279974), (2525, 1.2004081469075372), (29055, 1.20043322173839), (78435, 1.200528203427192), (86245, 1.2007341285052149), (52615, 1.2009302904288335), (67775, 1.2010059769360215), (73305, 1.2010192277879475), (47225, 1.201237672073666), (90625, 1.2013374028477417), (425, 1.2014138575013003), (65425, 1.2015243385316772), (89405, 1.2016554936609563), (30765, 1.201792586065447), (83455, 1.2018846831425096), (30425, 1.2019465731745027), (65685, 1.202122357207197), (45795, 1.2021313812508538), (8895, 1.2021454625902468), (76165, 1.202242143389152), (55375, 1.202242738323845), (58525, 1.2027937197687155), (68825, 1.203057621642127), (92905, 1.2031526438522127), (55425, 1.203580349051878), (99245, 1.2035855489325398), (40355, 1.2035894612088949), (89085, 1.203672061746092), (97585, 1.2039139377910466), (60145, 1.2040798312142051), (68105, 1.2043660686262714), (39415, 1.2044750912008024), (96675, 1.204718339775158), (35425, 1.20479111677317), (68915, 1.204947936013593), (77585, 1.2051583484427126), (18445, 1.2054853199619133), (48895, 1.2056311724768283), (89265, 1.2059293488767997), (21215, 1.2059445226602732), (65635, 1.2061733913307089), (42595, 1.2064801288142937), (40015, 1.2065405480898168), (58235, 1.2069790529489346), (32525, 1.2072757609090055), (54785, 1.207385261249549), (68355, 1.207399182583082), (70085, 1.2076038372814044), (43675, 1.2077288047148313), (34425, 1.207973470484972), (67255, 1.208135007608627), (36185, 1.2084529368083194), (54365, 1.2085687912162082), (17275, 1.208746176381262), (88435, 1.209010405868793), (44605, 1.2090422534800318), (53505, 1.2092987785666929), (42225, 1.2093849812571347), (63085, 1.2096704560766487), (48595, 1.2096959794579276), (46905, 1.2098003339361183), (32335, 1.2100517725311635), (53645, 1.2100681260532158), (28775, 1.2101258049343486), (62005, 1.2102827209228901), (42095, 1.210286119066683), (64575, 1.2106380953890399), (26785, 1.2106431664879729), (34135, 1.210647449826834), (86145, 1.2112751151710202), (69255, 1.2113248636201208), (34745, 1.2115639327589078), (83635, 1.2116514992759395), (90585, 1.2117268604471982), (72885, 1.212044978544129), (35165, 1.2123637997925727), (8735, 1.2123705844045554), (46345, 1.2124956996094254), (65355, 1.2126249799517033), (11875, 1.2126859777911185), (5955, 1.2127388630396727), (61905, 1.2128748009673773), (38985, 1.2132237663333358), (28635, 1.2132349677263932), (54005, 1.213291611783793), (79435, 1.2135312758015893), (55795, 1.2135481718268288), (15535, 1.2136218436063866), (20205, 1.2136712503078635), (25365, 1.2137663746445246), (43915, 1.2139407417188481), (1535, 1.2142171439676999), (5665, 1.2144258522463396), (36155, 1.2146168585851176), (94895, 1.2150104567780295), (10985, 1.215160561615617), (29585, 1.2153936778917422), (80935, 1.2156497452676287), (55245, 1.2157580011172366), (92445, 1.2158705122668687), (64495, 1.2158803656887043)]
[('Limit  (cost=3569.65..3570.89 rows=497 width=12) (actual time=60.402..60.467 rows=640 loops=1)',), ('  ->  Sort  (cost=3569.65..3570.89 rows=497 width=12) (actual time=60.401..60.433 rows=640 loops=1)',), ("        Sort Key: ((iv_v <-> '[0.0395,0.0384,0.0593,0.1022,0.0677,0.0688,0.0859,0.0352,0.0609,0.0466,0.0351,0.0229,0.0148,0.0209,0.0394,0.0269,0.018,0.031,0.0698,0.0888,0.0529,0.0463,0.0545,0.0361,0.0462,0.0412,0.0348,0.0268,0.0115,0.0175,0.0492,0.0297,0.0221,0.0506,0.0659,0.0586,0.0313,0.0712,0.0386,0.0387,0.0326,0.0364,0.0402,0.0368,0.017,0.0184,0.0543,0.0508,0.0391,0.0932,0.1039,0.0601,0.044,0.1264,0.0602,0.0749,0.019,0.0337,0.0961,0.0623,0.0227,0.0285,0.061,0.0647,0.0789,0.0985,0.1225,0.0831,0.0552,0.1415,0.1188,0.1061,0.0237,0.0452,0.183,0.0502,0.0408,0.0451,0.1173,0.0599,0.0501,0.0757,0.0752,0.0564,0.0347,0.1094,0.0892,0.06,0.0265,0.035,0.0853,0.0296,0.0172,0.0355,0.1018,0.0394,0.0274,0.0351,0.0667,0.0694,0.0251,0.0677,0.0353,0.0346,0.0428,0.044,0.0262,0.0223,0.0185,0.0205,0.0558,0.0397,0.0238,0.0433,0.0363,0.0745,0.0424,0.0732,0.0616,0.038,0.0559,0.0361,0.0279,0.0257,0.0151,0.0191,0.0301,0.0322,0.0667,0.0655,0.0902,0.1118,0.0764,0.1144,0.1063,0.0373,0.0508,0.039,0.0422,0.0241,0.0293,0.0292,0.0624,0.0651,0.025,0.0357,0.0631,0.1018,0.0374,0.0563,0.0391,0.03,0.0371,0.0461,0.0454,0.0226,0.0142,0.0219,0.0497,0.0443,0.0294,0.0465,0.0676,0.0555,0.0307,0.0872,0.0376,0.0421,0.0318,0.0466,0.0266,0.0296,0.0211,0.0324,0.0323,0.0238,0.0246,0.0651,0.087,0.049,0.0304,0.1311,0.0754,0.0291,0.0247,0.0456,0.0632,0.0679,0.0274,0.0239,0.0614,0.0673,0.046,0.0631,0.1073,0.0719,0.0473,0.1549,0.1314,0.0378,0.0302,0.0571,0.1423,0.0641,0.0328,0.0367,0.1366,0.0579,0.0224,0.0416,0.0768,0.0778,0.0335,0.1176,0.0794,0.038,0.0261,0.036,0.0864,0.0476,0.0144,0.0225,0.1065,0.0558,0.0238,0.0403,0.082,0.0548,0.0438,0.071,0.0378,0.0476,0.0346,0.0488,0.0197,0.0202,0.0178,0.0144,0.0514,0.0432,0.0375,0.0595,0.0348,0.0533,0.0505,0.0914,0.0668,0.0489,0.0521,0.033,0.0263,0.0327,0.0182,0.0183,0.0264,0.0438,0.0487,0.0515,0.0501,0.0654,0.016,0.0673,0.0375,0.0175,0.0215,0.042,0.0199,0.0181,0.0482,0.0253,0.0283,0.0509,0.0249,0.0566,0.0893,0.0414,0.0288,0.0584,0.0299,0.0254,0.0457,0.0586,0.0402,0.0198,0.029,0.0346,0.0537,0.0296,0.0328,0.0934,0.1517,0.0745,0.0566,0.0819,0.0833,0.056,0.0398,0.0306,0.0738,0.0281,0.0153,0.0739,0.1196,0.0319,0.0197,0.0403,0.0639,0.047,0.0347,0.0539,0.0443,0.0213,0.0203,0.0289,0.029,0.0159,0.0203,0.0364,0.0393,0.0246,0.0298,0.0373,0.0454,0.0655,0.0683,0.0874,0.098,0.0287,0.0635,0.0674,0.0419,0.0192,0.0193,0.0241,0.0388,0.0295,0.0141,0.0281,0.0519,0.0528,0.058,0.1103,0.0553,0.0272,0.0418,0.0418,0.0365,0.0201,0.013,0.0194,0.0507,0.0259,0.0174,0.0447,0.0531,0.0416,0.0366,0.0714,0.0322,0.0342,0.031,0.1006,0.0473,0.0348,0.0125,0.0265,0.056,0.0447,0.0245,0.0754,0.0828,0.0465,0.0585,0.1342,0.049,0.0627,0.0329,0.1089,0.1035,0.0574,0.0206,0.0294,0.0623,0.0564,0.0554,0.0824,0.0948,0.0613,0.069,0.1621,0.0985,0.0928,0.0236,0.0591,0.1686,0.047,0.0399,0.0427,0.1132,0.0501,0.0355,0.0624,0.0577,0.0352,0.0499,0.1113,0.0801,0.0546,0.032,0.0351,0.0826,0.0273,0.0185,0.0306,0.0908,0.0383,0.0212,0.0281,0.0518,0.0461,0.0273,0.0749,0.0336,0.0285,0.0415,0.046,0.0264,0.016,0.0124,0.0192,0.0574,0.0299,0.0175,0.0395,0.0302,0.0547,0.0535,0.0964,0.0678,0.0336,0.0615,0.0466,0.038,0.0195,0.012,0.0168,0.0317,0.0272,0.0458,0.0675,0.0731,0.0849,0.0843,0.1395,0.127,0.0366,0.0554,0.0801,0.0686,0.0219,0.0344,0.0277,0.0492,0.0616,0.0211,0.0444,0.0484,0.066,0.0587,0.0934,0.0533,0.0243,0.0243,0.0389,0.045,0.0213,0.0134,0.0288,0.0519,0.0344,0.0304,0.0536,0.0572,0.044,0.062,0.1021,0.0391,0.0338,0.0362,0.1337,0.0373,0.0275,0.0156,0.0425,0.029,0.0214,0.0157,0.0638,0.0712,0.0437,0.0885,0.2152,0.062,0.0223,0.0546,0.1808,0.106,0.0594,0.0224,0.0359,0.0524,0.0572,0.0432,0.066,0.0862,0.0567,0.1092,0.2191,0.1108,0.0365,0.0441,0.0894,0.1544,0.0574,0.0288,0.0333,0.1362,0.0473,0.0286,0.0522,0.0555,0.0498,0.0801,0.1573,0.0778,0.0334,0.0317,0.0339,0.0807,0.0425,0.014,0.0191,0.0988,0.0441,0.0174,0.0291,0.0522,0.0303,0.0396,0.0752,0.0317,0.0336,0.0423,0.0573,0.023,0.0145,0.0122,0.0155,0.0402,0.0284,0.031,0.0506,0.0286,0.0453,0.0852,0.1073,0.0718,0.0451,0.0575,0.0549,0.0461,0.0262,0.0171,0.0157,0.0205,0.0373,0.0482,0.0719,0.0467,0.052,0.0383,0.0802,0.0241,0.0146,0.0166,0.0318,0.0238,0.0144,0.0383,0.0332,0.0324,0.0437,0.0199,0.0456,0.0597,0.034,0.0456,0.1084,0.0438,0.0239,0.0462,0.088,0.0294,0.0241,0.0225,0.0385,0.0457,0.0248,0.0294,0.078,0.1191,0.0557,0.0852,0.1542,0.1082,0.0515,0.0538,0.0913,0.0869,0.0267,0.015,0.0603,0.0984,0.0287,0.0227,0.0412,0.0477,0.0313,0.0385,0.0818,0.0464,0.0192,0.0183,0.0231,0.0333,0.0151,0.0178,0.0374,0.0358,0.0222,0.0363,0.0399,0.0572,0.0858,0.0686,0.0911,0.0985,0.0325,0.0622,0.0653,0.0418,0.0196,0.0168,0.0215,0.0445,0.0309,0.017,0.0302,0.0629,0.0669,0.0601,0.1099,0.0547,0.0337,0.0443,0.04,0.0359,0.023,0.0127,0.0172,0.0545,0.0272,0.0201,0.0461,0.0583,0.0464,0.0415,0.0737,0.0356,0.0382,0.0276,0.0909,0.0448,0.0384,0.0161,0.0243,0.0539,0.0456,0.0288,0.0782,0.0901,0.0519,0.0623,0.1409,0.0524,0.0725,0.0304,0.1066,0.1049,0.0634,0.0235,0.035,0.0673,0.0624,0.0622,0.091,0.1108,0.0777,0.0752,0.166,0.1094,0.1101,0.0289,0.0588,0.1796,0.049,0.0398,0.05,0.1249,0.0592,0.0402,0.0657,0.0702,0.0486,0.0515,0.1123,0.0833,0.0611,0.0328,0.0334,0.0874,0.0273,0.0167,0.0308,0.101,0.0415,0.0209,0.0289,0.0556,0.0507,0.0313,0.071,0.0304,0.0304,0.0413,0.0486,0.0231,0.0185,0.0157,0.0213,0.0566,0.0326,0.0211,0.0399,0.0332,0.0662,0.0575,0.0874,0.0649,0.0332,0.0627,0.0439,0.0341,0.0227,0.0144,0.0168,0.0304,0.028,0.0467,0.0709,0.0907,0.0974,0.0922,0.1468,0.1325,0.043,0.0544,0.0763,0.0707,0.0254,0.0296,0.0267,0.0612,0.0676,0.0207,0.0468,0.0595,0.0826,0.0605,0.0973,0.0542,0.0328,0.0237,0.0439,0.0431,0.0261,0.0129,0.0255,0.0589,0.0419,0.0304,0.0556,0.0626,0.0514,0.0629,0.1105,0.0436,0.0375,0.0364,0.135,0.0366,0.0314,0.0186,0.0427,0.0299,0.0236,0.0206,0.0634,0.0786,0.0473,0.0932,0.2228,0.0647,0.0249,0.054,0.1788,0.1082,0.0638,0.0276,0.0362,0.0571,0.0657,0.0542,0.0726,0.102,0.0686,0.1215,0.229,0.1334,0.0478,0.0549,0.0935,0.1767,0.0702,0.0371,0.0386,0.1481,0.0551,0.0276,0.0504,0.0686,0.0665,0.0866,0.1606,0.087,0.0404,0.035,0.0335,0.0947,0.0529,0.015,0.0226,0.1122,0.0553,0.0164,0.0296,0.0645,0.0438,0.0426,0.0801,0.0335,0.035,0.0438,0.0546,0.0216,0.0153,0.0136,0.0164,0.0499,0.0366,0.0345,0.0554,0.0354,0.0543,0.0912,0.1173,0.0724,0.0488,0.0624,0.0512,0.0406,0.0326,0.0157,0.0145,0.0242,0.0465,0.0456,0.0691,0.0475,0.053,0.0412,0.0854,0.0285,0.019,0.0219,0.0346,0.0224,0.0159,0.0365,0.0274,0.0277,0.041,0.021,0.05,0.0674,0.0369,0.0467,0.1111,0.049,0.0296,0.053,0.0885,0.0352,0.0254,0.026,0.0402,0.0529,0.0255,0.0341,0.0899,0.1371,0.0678,0.089,0.1635,0.1274,0.0629,0.0618,0.0946,0.1059,0.035,0.0181,0.0675,0.1153,0.0331,0.0214,0.0406,0.0542,0.036,0.0401,0.0856,0.0566,0.0233,0.0218,0.0245,0.0406,0.0187,0.0186,0.0386,0.0403,0.0222]'::vector))",), ('        Sort Method: top-N heapsort  Memory: 99kB',), ('        ->  Seq Scan on item_vector  (cost=0.00..3547.39 rows=497 width=12) (actual time=0.010..58.513 rows=10000 loops=1)',), ("              Filter: (mod((iv_id)::numeric, '10'::numeric) = '5'::numeric)",), ('              Rows Removed by Filter: 90000',), ('Planning Time: 0.058 ms',), ('Execution Time: 60.500 ms',)]
1 10000 1000
10000 1000
[(8305, 0.8939738306785324), (98965, 0.948271227469524), (50425, 0.9708830822052874), (61015, 0.9901329756065053), (17065, 0.993702640244634), (2225, 0.9998681756392481), (28375, 1.001237699359291), (3845, 1.0025578211521857), (26045, 1.011983711571467), (7415, 1.0127020222249392), (2995, 1.0137819439879834), (2725, 1.0154808529016504), (34435, 1.017448431671822), (33175, 1.0213429223582398), (54875, 1.0231525519499853), (61645, 1.0262641600957314), (53915, 1.0268503607071002), (70465, 1.0285290744364302), (67555, 1.0292245452194175), (52445, 1.0295636810275581), (60225, 1.0307749607784238), (39435, 1.0374462780199882), (15515, 1.037932850269858), (27745, 1.0389621657494683), (87375, 1.0424425033338567), (52495, 1.0426572413063224), (98345, 1.0427789408239718), (68855, 1.0437505413670762), (195, 1.044289541988578), (89845, 1.045337458884198), (92255, 1.0475182905398372), (90435, 1.0480687182151733), (75005, 1.0485998150271103), (55735, 1.0489416647037804), (56495, 1.0499893664775284), (87155, 1.0502525048683478), (3905, 1.050495945653486), (15015, 1.051379462490605), (20105, 1.0514086583870006), (31465, 1.0523451614653616), (30065, 1.0529515426368667), (51565, 1.0548127276639652), (78745, 1.0550268686859554), (35955, 1.0551813170478919), (72315, 1.0556286039228788), (94765, 1.0573650704195072), (73215, 1.0593062251899572), (9055, 1.0607924484401283), (87415, 1.0621067329084863), (19265, 1.0625833590849578), (7095, 1.0635134407704214), (94085, 1.0647470610865322), (97795, 1.0652822642513022), (87135, 1.0690322235646272), (28475, 1.0694979052922162), (73245, 1.070817925506849), (93355, 1.0710790075265573), (59485, 1.072141601949879), (16825, 1.072425093891579), (76635, 1.0737213092741147), (57615, 1.0751336103399904), (17385, 1.0766656923043612), (11135, 1.076928068636759), (41165, 1.0773061323894482), (15065, 1.0776014300619376), (15625, 1.0789460635452803), (71525, 1.0794601466043083), (7815, 1.0801728191564464), (74405, 1.0805828439709406), (10545, 1.0807727973434282), (94585, 1.0824585219050646), (17995, 1.0826870690120127), (52435, 1.0838157178935395), (34795, 1.0838534439331362), (81695, 1.084816003659166), (43445, 1.0849114929524357), (69925, 1.0857329690551834), (43585, 1.0865059880856598), (89885, 1.0867976891527822), (20565, 1.0876725969701397), (22875, 1.0887098532281185), (2335, 1.0887527747836048), (28585, 1.0894715688846401), (40645, 1.0902207245582087), (75455, 1.0903573415494634), (5505, 1.0919041452956084), (31335, 1.092401599773631), (55215, 1.0925819154141045), (4795, 1.0931368607869432), (18875, 1.0932234450298528), (14655, 1.0937848766760823), (3135, 1.094035846959771), (94625, 1.0949692605986179), (61375, 1.0950548290652198), (55095, 1.0953334790015128), (29815, 1.0955643455485038), (38125, 1.0966329454225257), (46225, 1.0970984293856116), (89585, 1.0975583395952138), (57335, 1.0977163603807658), (34845, 1.0983369827402834), (84465, 1.1001727488726762), (30045, 1.1005747810617443), (99665, 1.1005798718776953), (98985, 1.100679733761032), (55395, 1.1008034654464345), (44695, 1.1009760167890479), (64915, 1.1015366355078005), (64785, 1.1021056763680284), (90425, 1.102142289621288), (43085, 1.1022483908800929), (6095, 1.1026167998433332), (90665, 1.1026242597452276), (62655, 1.102639936186188), (22885, 1.102960173312377), (62855, 1.102981411069136), (82365, 1.104145727618827), (81265, 1.1061292097451492), (90575, 1.1063240435977353), (75975, 1.1072353091511002), (87015, 1.1075721383119663), (62245, 1.1079732608770585), (21405, 1.108308198591247), (50065, 1.109303109432035), (32585, 1.109616750246669), (3835, 1.1108021220415318), (99805, 1.111438336798782), (40565, 1.11160012186605), (92115, 1.111711057313319), (92135, 1.111711057313319), (31255, 1.111778878511361), (91555, 1.1124018893752914), (41605, 1.112638267754267), (93485, 1.1128512974408393), (77955, 1.1133665888686917), (49945, 1.1133784736878052), (68285, 1.1137632163277245), (42895, 1.1140139661492188), (52325, 1.114024024930319), (29905, 1.1144732602156033), (59265, 1.114690537808158), (1315, 1.1152102706629154), (47135, 1.1153445748900626), (92425, 1.1153925100472126), (97625, 1.115772498288386), (87885, 1.1159135717744497), (44985, 1.1161859464475976), (96085, 1.1164939701756287), (75065, 1.1170279649053076), (38415, 1.1171155786372042), (63865, 1.1172115083262202), (55415, 1.1176973259992065), (51355, 1.1184626950935186), (8445, 1.1186193080837854), (17755, 1.1192986874363684), (38625, 1.1193582745894117), (52885, 1.1194340985158997), (60835, 1.1203201761873909), (64305, 1.1204834981790082), (74695, 1.120961038530039), (62335, 1.1212197475541081), (55695, 1.1212884288653824), (21275, 1.1218309271610993), (88335, 1.1224038049307108), (50015, 1.1226498109212089), (53775, 1.1228547305057284), (82915, 1.123014340136746), (20365, 1.1230415675825676), (71755, 1.1231289244823637), (62845, 1.1232134090180175), (51875, 1.1232286919738415), (42565, 1.1232916258437404), (25815, 1.1234186502501453), (52945, 1.1238932994073587), (36005, 1.1239295741312316), (43655, 1.12398774913139), (65235, 1.1240824030200351), (98045, 1.124512884857461), (87505, 1.1247674913676386), (65795, 1.125050384664777), (41595, 1.1252925280552162), (25385, 1.126445689077771), (35275, 1.1265003478197424), (5825, 1.1266150008625204), (7835, 1.1269939554047301), (97455, 1.1271279660528881), (97535, 1.1271687372442354), (38185, 1.127667020788841), (61185, 1.1277164934813182), (90115, 1.127859930878671), (90925, 1.1278752037199509), (94755, 1.1279652511472662), (9385, 1.1283107361627327), (72325, 1.1285274622511916), (23505, 1.1286717999682003), (19115, 1.1290794688453416), (9595, 1.1292615813074616), (55515, 1.129777090654015), (25185, 1.1298820212055625), (40455, 1.1299100326912397), (32735, 1.1299346147035452), (55025, 1.1302486476944948), (78635, 1.130976168542483), (71245, 1.1312436519887283), (10715, 1.131636594607807), (96775, 1.1317973883237904), (97915, 1.1324559143782393), (26395, 1.133211420785598), (60925, 1.1333307593447308), (82445, 1.1333807210738929), (10005, 1.1334121169494524), (24995, 1.133597897522672), (47845, 1.1341603646160519), (31325, 1.1345071678826233), (39295, 1.1346727027863257), (5245, 1.1352783725522189), (59385, 1.135320846060734), (86175, 1.1354120878541414), (30895, 1.1358074717237452), (90315, 1.135818806865791), (43815, 1.136240750517511), (4355, 1.1369736637967294), (55205, 1.1372003223422757), (86805, 1.1375242964277197), (53365, 1.1377289992162694), (60015, 1.1378261245376997), (4735, 1.138621517265271), (4995, 1.138722230507758), (87525, 1.1390470276083933), (10245, 1.1390472369224527), (86525, 1.1398451242314422), (64225, 1.1399534678582899), (5565, 1.1400083155077774), (4025, 1.1402620234442038), (26975, 1.141384342304515), (52425, 1.1416332021853206), (93205, 1.1423595773724609), (22495, 1.1426074423655936), (11815, 1.1427253302275346), (63205, 1.1430742279006743), (81035, 1.143355198244234), (73335, 1.1433845478150073), (63925, 1.1433977366307777), (70915, 1.1434457468057073), (14885, 1.1440321318975648), (82455, 1.1452163884947903), (57255, 1.145273846524365), (73875, 1.145363879124725), (27125, 1.1455009440730786), (3185, 1.1456699890693065), (45645, 1.1458331310387635), (61475, 1.1460728077187532), (52465, 1.1462345403462806), (92655, 1.1463105104005995), (28025, 1.1465783673672936), (22225, 1.1470587102536107), (95205, 1.147278233044203), (55825, 1.1474173549735274), (23435, 1.147565030185496), (1305, 1.1479839545235138), (41885, 1.1484033488690835), (38255, 1.1488557430243491), (80445, 1.1488790895739756), (32485, 1.1489515127404377), (69725, 1.149228919714892), (93195, 1.1501394104421205), (28525, 1.150261086390396), (39695, 1.1502698954781165), (16095, 1.1503136290088969), (39065, 1.1507758384520377), (34595, 1.1514160042363952), (55555, 1.151769462631324), (87075, 1.1520409137626286), (3525, 1.152367801738535), (47315, 1.1525002583402066), (95925, 1.1525002583402066), (63755, 1.152513911728047), (61685, 1.1533205192236267), (14775, 1.1534257367406804), (97135, 1.1537789927401347), (50025, 1.153956639061973), (25455, 1.1541608546325286), (28735, 1.154258249737112), (43895, 1.1545973126985276), (47295, 1.154897310968179), (2915, 1.1552158060798157), (49805, 1.155242171392474), (82245, 1.155390961603328), (3095, 1.1554432709459463), (72995, 1.155678066357713), (17865, 1.1557815221291357), (58695, 1.1559291085018302), (3025, 1.1560328511648845), (46765, 1.1562497938001295), (53435, 1.1563296934964722), (64315, 1.1563614456492437), (84995, 1.1564173190738203), (2945, 1.1564798899814024), (44895, 1.156581985651686), (92765, 1.15686931004869), (33015, 1.1569417997474765), (64585, 1.1569929571209383), (2755, 1.1574317975476682), (6355, 1.15791396958974), (6575, 1.1584134867720806), (40655, 1.1586351280514646), (9515, 1.1594694525810094), (62495, 1.159731289389692), (83885, 1.160267371818824), (54725, 1.1604196782418328), (85635, 1.1604600502182165), (78545, 1.1606760626567243), (88895, 1.1607057958858336), (69765, 1.1607350148456455), (19815, 1.1610019568394772), (71355, 1.161035634715421), (265, 1.1610765499668023), (24745, 1.161709448976616), (91885, 1.1621960519474464), (35965, 1.1622071297186118), (92535, 1.162254414202734), (85355, 1.1624605561814707), (58655, 1.1625568458030389), (35855, 1.1625665358504156), (5765, 1.162707980840033), (64595, 1.1630535489560478), (24885, 1.1633013598649), (85455, 1.163791496938325), (81255, 1.1638261183809562), (56775, 1.1640206143824934), (99005, 1.1641140612761396), (72185, 1.1642555230394471), (91545, 1.1643346685938292), (50795, 1.1645079406919607), (5515, 1.1647391688720792), (46855, 1.1651062862062622), (86365, 1.1653408737185993), (91195, 1.1653427661863878), (27885, 1.1653877753253405), (61945, 1.1654002036790225), (41245, 1.1655433503463353), (9335, 1.1656948651604755), (70255, 1.1658712582058317), (99685, 1.1659812219295271), (90415, 1.165990679041149), (85995, 1.1664112129284696), (40005, 1.1665374252849559), (52475, 1.1667588515418974), (83915, 1.1672805238394235), (88375, 1.167600184436743), (37215, 1.1676064634282097), (15815, 1.1677286673189606), (58165, 1.167782465645765), (94115, 1.16780640357317), (9825, 1.1680867827620058), (36025, 1.1681153068324002), (34505, 1.1683350055771495), (12135, 1.1686259688388563), (43775, 1.1689062534266497), (88685, 1.1689918655393128), (87395, 1.1690888918192224), (17805, 1.1692481544974336), (53045, 1.169251671898156), (45655, 1.169302290710643), (63855, 1.1694956721192742), (42905, 1.1694965895088898), (60275, 1.1699032280507393), (99945, 1.1705776917470159), (48835, 1.170868403134659), (25875, 1.1708919216353313), (43075, 1.1709221590135153), (55055, 1.1710077764446727), (31715, 1.1710540947998038), (9275, 1.171108910969528), (92525, 1.1714438090180714), (33085, 1.1715212478762236), (41235, 1.1715391567913493), (39565, 1.1720233060452894), (86495, 1.1722062723501925), (87425, 1.1728360113912297), (68435, 1.1729195072462648), (85415, 1.1730914096972032), (31565, 1.1734053727995262), (31415, 1.173561814957615), (30465, 1.1735839081921522), (73255, 1.173644141886702), (11475, 1.1738154812098525), (27895, 1.1738841825736812), (77675, 1.1739257162595649), (34055, 1.1739871001534041), (17235, 1.1743632539219586), (36435, 1.174470341798005), (41745, 1.1745910703998068), (6435, 1.174694890118019), (30915, 1.1748791652800015), (12565, 1.174893319583024), (14955, 1.1749165038615053), (98905, 1.1752065477029108), (58005, 1.1752128367728538), (7205, 1.1754906380758026), (55065, 1.1758893238978254), (61325, 1.17599318105641), (12225, 1.176108178599726), (61115, 1.1762653760888109), (45995, 1.1764995623975623), (515, 1.1766287958482484), (38865, 1.1767914446698051), (73385, 1.1773030011390817), (8875, 1.1775923559492738), (9755, 1.177729364640695), (125, 1.1779918484106224), (5125, 1.178140497485158), (6035, 1.1782562466072766), (54835, 1.1785209900933356), (99185, 1.1785697441584453), (19615, 1.1785710590741787), (2545, 1.1790056089440928), (69695, 1.1792438001083552), (5795, 1.1794712803227818), (59805, 1.179974098002101), (8725, 1.179988696318974), (83735, 1.179997081429703), (93255, 1.180361119633182), (46365, 1.1804092927471939), (7545, 1.18074104809038), (36265, 1.1809116100855985), (76715, 1.1813698198210763), (71015, 1.1818793946199095), (40665, 1.182179124940131), (53735, 1.182449391917259), (67165, 1.182609476179313), (61875, 1.1827494313446916), (5555, 1.1828155477225017), (80925, 1.1828417009707424), (80245, 1.1829501375571467), (3535, 1.183167434310252), (52205, 1.1834675435175432), (70385, 1.1836198356951653), (67715, 1.1838339382490348), (52595, 1.183862838120372), (94245, 1.184157485917377), (6285, 1.1843130613854447), (55115, 1.184331431128487), (75515, 1.1843775303795994), (43705, 1.1844062660136563), (44665, 1.184607194670701), (50875, 1.1846098614134253), (91245, 1.184630792619535), (93305, 1.1846379373215699), (72465, 1.1848038634214704), (82765, 1.1851850331381417), (22595, 1.185278420635993), (10735, 1.1852860140185897), (80265, 1.1856408875345543), (90185, 1.1858266283561927), (10055, 1.1858428635865466), (22845, 1.1858981521773473), (71545, 1.1859395666694978), (22655, 1.1860502327674942), (35995, 1.18617606395883), (67145, 1.1862757545947447), (58645, 1.1866156648184076), (62145, 1.1867314913720524), (23575, 1.187056408397482), (89365, 1.1870947698540104), (13465, 1.187354129063678), (78335, 1.1879227538250017), (72385, 1.1882134352374716), (68945, 1.1884239015846947), (14215, 1.1889637408554947), (48145, 1.1891504663719679), (50685, 1.1893795097133275), (80895, 1.1894922610203922), (92725, 1.189518067038716), (13715, 1.1896473392474614), (49585, 1.1903061587524555), (52985, 1.1903191781952054), (65035, 1.1905399862861508), (75425, 1.190550499935653), (34905, 1.1905904008939454), (5185, 1.1907969433238785), (71395, 1.190861511769111), (78375, 1.1910239685106654), (4915, 1.1910627526567592), (14765, 1.191180748782928), (13505, 1.1913902907006149), (73275, 1.191530114911071), (89705, 1.1917247409052278), (49455, 1.1917428963739365), (85505, 1.1917753054487108), (69995, 1.1920114449713253), (9845, 1.1921112976118715), (88885, 1.1921405468015285), (45625, 1.1922809829157703), (1805, 1.1923534692751323), (32875, 1.1927527651222045), (28685, 1.1927622098567636), (92565, 1.1928292703186685), (59615, 1.1928297200407831), (20495, 1.1928585518713626), (34755, 1.1929680265313274), (61525, 1.1933427925019113), (46785, 1.1933603739383094), (78025, 1.193450175075941), (27975, 1.1935437648437581), (29805, 1.1936566720799942), (62965, 1.1938027714753858), (6155, 1.1939747623734827), (27015, 1.194294514721422), (91025, 1.194359293324883), (64565, 1.1948945555193624), (69585, 1.1950233458788304), (41955, 1.1950766137435185), (42525, 1.1951810477785338), (90165, 1.1956295016932352), (56705, 1.1957138983245212), (90895, 1.195836170649513), (21235, 1.1959887816690824), (90825, 1.1960936343880066), (5725, 1.1962114332274243), (84575, 1.1967594140716284), (42765, 1.1968633028658997), (46665, 1.1970804142786364), (91315, 1.1972522828197243), (15745, 1.197288923674712), (82045, 1.1974308466206554), (33285, 1.1974701698904255), (86045, 1.1979626964626606), (39675, 1.1980524511366097), (31285, 1.1982074661012085), (48855, 1.1987671638668134), (62265, 1.1990290687479752), (87605, 1.1991958864499033), (24235, 1.1995248807653784), (79805, 1.1995471417734753), (85195, 1.1999267575641321), (4655, 1.1999732014524747), (66155, 1.2000453721846598), (24205, 1.2000929041503074), (80225, 1.200315539279974), (2525, 1.2004081469075372), (29055, 1.20043322173839), (78435, 1.200528203427192), (86245, 1.2007341285052149), (52615, 1.2009302904288335), (67775, 1.2010059769360215), (73305, 1.2010192277879475), (47225, 1.201237672073666), (90625, 1.2013374028477417), (425, 1.2014138575013003), (65425, 1.2015243385316772), (89405, 1.2016554936609563), (30765, 1.201792586065447), (83455, 1.2018846831425096), (30425, 1.2019465731745027), (65685, 1.202122357207197), (45795, 1.2021313812508538), (8895, 1.2021454625902468), (76165, 1.202242143389152), (55375, 1.202242738323845), (58525, 1.2027937197687155), (68825, 1.203057621642127), (92905, 1.2031526438522127), (55425, 1.203580349051878), (99245, 1.2035855489325398), (40355, 1.2035894612088949), (89085, 1.203672061746092), (97585, 1.2039139377910466), (60145, 1.2040798312142051), (68105, 1.2043660686262714), (39415, 1.2044750912008024), (96675, 1.204718339775158), (35425, 1.20479111677317), (68915, 1.204947936013593), (77585, 1.2051583484427126), (18445, 1.2054853199619133), (48895, 1.2056311724768283), (89265, 1.2059293488767997), (21215, 1.2059445226602732), (65635, 1.2061733913307089), (42595, 1.2064801288142937), (40015, 1.2065405480898168), (58235, 1.2069790529489346), (32525, 1.2072757609090055), (54785, 1.207385261249549), (68355, 1.207399182583082), (70085, 1.2076038372814044), (43675, 1.2077288047148313), (34425, 1.207973470484972), (67255, 1.208135007608627), (36185, 1.2084529368083194), (54365, 1.2085687912162082), (17275, 1.208746176381262), (88435, 1.209010405868793), (44605, 1.2090422534800318), (53505, 1.2092987785666929), (42225, 1.2093849812571347), (63085, 1.2096704560766487), (48595, 1.2096959794579276), (46905, 1.2098003339361183), (32335, 1.2100517725311635), (53645, 1.2100681260532158), (28775, 1.2101258049343486), (62005, 1.2102827209228901), (42095, 1.210286119066683), (64575, 1.2106380953890399), (26785, 1.2106431664879729), (34135, 1.210647449826834), (86145, 1.2112751151710202), (69255, 1.2113248636201208), (34745, 1.2115639327589078), (83635, 1.2116514992759395), (90585, 1.2117268604471982), (72885, 1.212044978544129), (35165, 1.2123637997925727), (8735, 1.2123705844045554), (46345, 1.2124956996094254), (65355, 1.2126249799517033), (11875, 1.2126859777911185), (5955, 1.2127388630396727), (61905, 1.2128748009673773), (38985, 1.2132237663333358), (28635, 1.2132349677263932), (54005, 1.213291611783793), (79435, 1.2135312758015893), (55795, 1.2135481718268288), (15535, 1.2136218436063866), (20205, 1.2136712503078635), (25365, 1.2137663746445246), (43915, 1.2139407417188481), (1535, 1.2142171439676999), (5665, 1.2144258522463396), (36155, 1.2146168585851176), (94895, 1.2150104567780295), (10985, 1.215160561615617), (29585, 1.2153936778917422), (80935, 1.2156497452676287), (55245, 1.2157580011172366), (92445, 1.2158705122668687), (64495, 1.2158803656887043), (57025, 1.2159191413146402), (68875, 1.215948062910652), (57725, 1.2160036982837705), (65375, 1.2161317725120924), (23845, 1.216314278263513), (97565, 1.2163296165165591), (51645, 1.2169178616303387), (19605, 1.2169478370251376), (27835, 1.2170164054134736), (36095, 1.2170437827121878), (98205, 1.217100298479354), (74225, 1.2171246376503269), (68265, 1.2176891013204767), (12635, 1.21788997138452), (75905, 1.2179037237028838), (35715, 1.218128730686008), (33165, 1.2185483423316377), (37255, 1.218597353643652), (85335, 1.218860914611959), (43105, 1.2189829677052177), (6525, 1.219080855625705), (86115, 1.2192149131408494), (85225, 1.2194966694378544), (52335, 1.2195388001935865), (42605, 1.219747477490318), (49405, 1.2198601581598187), (20035, 1.2198968040096103), (27185, 1.219909214487868), (14865, 1.2199945208942387), (97375, 1.2202590989311122), (29075, 1.2205199569608276), (45475, 1.2207709942070384), (64725, 1.22078940124798), (24455, 1.2208517975870157), (64735, 1.2209094063988195), (43615, 1.2209407971749895), (6145, 1.220944751476803), (51445, 1.2211717850345434), (20775, 1.2211759826345072), (31455, 1.221314251321359), (57665, 1.2214522115671214), (24365, 1.2215016431231382), (92165, 1.2217123269676897), (54235, 1.2217144736285754), (10225, 1.2218169722961347), (41335, 1.221901169908867), (10155, 1.2222391702941144), (17625, 1.2222556045818826), (72865, 1.2222748670414507), (23495, 1.2223591793997497), (84485, 1.2226971506705966), (65955, 1.2229851715985567), (96445, 1.2231731845446245), (25325, 1.2232496875019558), (4605, 1.2232503696724095), (42235, 1.2235956939888366), (11345, 1.223692871957942), (46055, 1.223724970654146), (50785, 1.223730328472879), (63595, 1.2238884709758124), (28995, 1.2240544815716297), (68515, 1.2240781468396176), (64075, 1.224283859576146), (59025, 1.2243728044148456), (15555, 1.2244803864172675), (40605, 1.2245574891507665), (24655, 1.2246926992685152), (76065, 1.2248624451927468), (16395, 1.2248878953202165), (60455, 1.225229401420545), (94545, 1.2252826208953245), (63795, 1.2253909499241231), (51215, 1.2254929951841513), (74595, 1.2255358438779), (11285, 1.2255602586951289), (33005, 1.2256780946894061), (61435, 1.2258172170347654), (96845, 1.2259464052972275), (52915, 1.2260946851668202), (13695, 1.226138873961072), (93345, 1.226247662027757), (65105, 1.2263261603795153), (71055, 1.2266074494307804), (94435, 1.2266515225705739), (98545, 1.2266659055237552), (79985, 1.2267275170768628), (1265, 1.227208835852494), (64465, 1.2272823675335736), (28425, 1.2275630490334974), (9125, 1.2275972800155392), (5375, 1.2276908398300097), (20535, 1.2277129299755951), (72175, 1.2278588120563212), (17505, 1.2278913358145171), (29785, 1.2280198690441004), (61935, 1.2280487483379365), (14515, 1.2281822637743662), (28125, 1.2281876992098384), (13075, 1.2282072083426134), (76945, 1.2282724306561277), (17605, 1.2290051672060973), (58295, 1.2290940128557066), (77545, 1.2291746570305895), (12645, 1.2292632479897365), (69515, 1.229329626412571), (84615, 1.2293653112125706), (20425, 1.2295101731055171), (42175, 1.2296689295063274), (54735, 1.2296949102815855), (46215, 1.2300305751939118), (74895, 1.230083683857815), (60945, 1.230093665704714), (72375, 1.2301187653307495), (45665, 1.2301332531057045), (37765, 1.2302069491454801), (55545, 1.2305716335336063), (76595, 1.2306321292978732), (59875, 1.2307518043109655), (29525, 1.2309511722484274), (60405, 1.2309698628502423), (94935, 1.2311599485510893), (70165, 1.2313482138872756), (90195, 1.231511815307537), (78785, 1.2316387608420567), (89235, 1.2316481977496738), (35085, 1.2317415466483068), (37025, 1.23175756381457), (57035, 1.2318303400979733), (63575, 1.2319440928165624), (29835, 1.2319705578085083), (22435, 1.2320593347535387), (63655, 1.232060640960562), (64955, 1.23210263235961), (21065, 1.232275904309847), (14525, 1.232418102615314), (63835, 1.2325480497793802), (16985, 1.2326203441866568), (93665, 1.2326255666284485), (28175, 1.2326755655530368), (18805, 1.2327039973058231), (69315, 1.2327742518691214), (79255, 1.2327921895915368), (26165, 1.2327974596544464), (6545, 1.232905756876433), (28605, 1.2329172145528158), (23345, 1.2329674917051976), (52905, 1.232994853217033), (62075, 1.233038359671056), (54635, 1.2331295248838952), (53035, 1.2331683864781726), (82895, 1.2333234823108445), (29555, 1.2333839397529773), (78275, 1.2337574440094794), (53985, 1.2338797142998408), (6395, 1.2338841102007942), (79545, 1.2341344574857909), (41345, 1.234194295669649), (42155, 1.234595846386746), (45465, 1.234624909803668), (49935, 1.2346441241122708), (56465, 1.234936453694066), (77735, 1.2353615500306494), (98365, 1.2355659630525417), (43525, 1.2356447859450066), (32085, 1.2356860284779654), (35885, 1.2357329612883117), (8965, 1.2357883329594854), (77195, 1.2359205782536078), (49135, 1.2360609588497709), (90765, 1.2361204144607558), (88665, 1.236222924070014), (5635, 1.2363404669605136), (9195, 1.2364552991401876), (49345, 1.236800117249872), (40025, 1.2371689286154572), (21625, 1.2371874289284974), (18915, 1.2372817569525731), (67825, 1.23731104631604), (31695, 1.237493366647532), (41015, 1.2378418440640275), (91785, 1.2379990505837295), (58195, 1.2380257712995786), (49065, 1.2380281303981362), (30265, 1.2382497693220849), (81755, 1.2383989344369262), (43995, 1.2385688231207133), (20905, 1.2388798563437395), (49735, 1.2389406199600477), (15675, 1.2391513210561573), (39545, 1.2396004566110543), (6965, 1.239654645818608), (38525, 1.239662819672705), (75095, 1.2396813789295411), (23515, 1.2397805171963714), (19555, 1.2397858056299695), (4865, 1.2398182088123686), (8765, 1.239850130407289), (39015, 1.2400289530604116), (8565, 1.24006432997051), (63545, 1.2402168813357783), (12555, 1.2402349997691586), (93655, 1.2404488926191983), (87595, 1.24057593260621), (18895, 1.2407280367479754), (78595, 1.2407390378721033), (35465, 1.2407948586669153), (96735, 1.240849091784393), (54195, 1.240996359488583), (47775, 1.2411648361324374), (41535, 1.2411803475128766), (88775, 1.2412016213200239), (71865, 1.2412145390972285), (91805, 1.2412932433925188), (50665, 1.2417865321954709), (57505, 1.2418298746328007), (88835, 1.2419610926788929), (53205, 1.2419819691803518), (29515, 1.2420284721256105), (98755, 1.2420598570302661), (53955, 1.2422127391242426), (61995, 1.2422154261490914), (86315, 1.2425081331075132), (12715, 1.2426295423617495), (24775, 1.242692856587008), (82675, 1.2427271504455057), (51235, 1.2429886639508532), (18935, 1.2431552404194042), (1395, 1.243234157459015), (72875, 1.2432427872080924), (85965, 1.2432554920074463), (20055, 1.2435040484747117), (45085, 1.2435249470047804), (27765, 1.2436522478958052), (95955, 1.243689103289063), (4125, 1.2438005255016413), (95935, 1.2439728388688331), (25395, 1.2440412592470003), (36215, 1.244198688487625), (79065, 1.244346709377671), (15695, 1.2446439434593293), (39585, 1.2446819187875287), (9695, 1.2449775408055723), (39745, 1.2450357088843254), (15, 1.2450854009423002), (19475, 1.2451214479859707), (28555, 1.2451315965005727), (95775, 1.2452168503312002), (82775, 1.2452290563256185), (2035, 1.2452383423745685), (49595, 1.2452410707366135), (56205, 1.245245857322249), (64535, 1.2454833924554205), (56375, 1.2456359500662106), (26645, 1.2457444708952363), (31645, 1.245978945044474), (13745, 1.2460454853719851), (58365, 1.2460838963229623), (24115, 1.246212514162419), (28265, 1.2463992231710606), (13945, 1.2464388665403774), (35305, 1.2464505823731644), (1835, 1.2465358416273757), (71695, 1.2466501171795141), (51435, 1.2466504040505637), (74505, 1.246686644895546), (52555, 1.2467616094213556), (235, 1.246988483513435), (50305, 1.2470793936569806), (40575, 1.247191325434871), (65495, 1.2471969647718668), (81325, 1.2473085992794837), (32065, 1.2473412848898253), (23645, 1.2473669453609428), (57205, 1.24744301575986), (91675, 1.2475106246893324), (94875, 1.2475297360899213), (74065, 1.2475787554938838), (89965, 1.2476213234137423), (87195, 1.2476599724892614), (74765, 1.2478174228509007), (24095, 1.247850620557806), (80635, 1.2479193537220925), (64055, 1.2480037007154714), (52455, 1.2480940593462264), (4475, 1.2484144168099542), (91295, 1.2484163743238108), (48945, 1.248537161314141), (65885, 1.2487082482614276), (76185, 1.2487843324143952), (89715, 1.2489021248321577), (57355, 1.248982492212714), (74685, 1.2490862367544384), (40675, 1.2491428297303606), (30845, 1.2492519047424684), (92835, 1.2492803409320334), (38155, 1.2495217839052164), (34935, 1.2495774031588802), (17845, 1.2495833656249127), (18785, 1.2496461367409308), (13795, 1.2496472814736495), (54885, 1.2497203991034809), (84295, 1.2497305579660114), (15485, 1.2497326565000926), (58185, 1.2497785372054226), (81155, 1.2497860725448477), (76525, 1.249787980218508), (71665, 1.2500089168230546), (89775, 1.2506407049394972), (69525, 1.2506948447181239), (28925, 1.2508388565588753), (73565, 1.250897276224752), (26385, 1.2510552720286399), (40685, 1.2512163919514143), (10785, 1.2512213938641386), (61145, 1.2513691080053937), (46735, 1.2514422679208836), (73355, 1.2516091955953506), (56005, 1.2518372385364238), (22095, 1.2518791855329305), (27045, 1.2519107519825705), (89545, 1.2520551000237503), (63815, 1.2521093690590974), (87055, 1.2523443173260276), (2685, 1.2525309688676014), (49325, 1.2526471242326012), (74535, 1.2527073627981824), (91255, 1.2527688830826562), (17825, 1.25304980159408), (24325, 1.2531336605695504), (38355, 1.2531720920761036), (86445, 1.2533209079184002), (83435, 1.2533486335578026), (55035, 1.2534884888828377), (18725, 1.253516115715713), (10025, 1.2537407216178498), (57195, 1.2539159471368608), (54075, 1.2539594407252852), (79925, 1.2539818286400517), (66605, 1.254116813116614), (85575, 1.2541326395701504), (26775, 1.2542220338954495), (33915, 1.2543835073352692), (77275, 1.254479488170143), (44885, 1.2545346975807732), (32045, 1.2547376496778293), (94725, 1.2548258133942134), (32635, 1.2548760202424398), (60565, 1.2548923120992574), (7775, 1.2549108361109744), (81715, 1.25496403175272), (43765, 1.255232825244743), (55275, 1.2552810215249786), (47095, 1.2552844877871034), (29885, 1.2556115079376091), (90845, 1.2556707973302579), (54435, 1.2556822371550802), (75565, 1.2560358234994495), (99545, 1.2562280947165607), (96915, 1.2563014461174697), (48915, 1.2564162092190108)]
[('Limit  (cost=3569.65..3570.89 rows=497 width=12) (actual time=60.554..60.647 rows=1000 loops=1)',), ('  ->  Sort  (cost=3569.65..3570.89 rows=497 width=12) (actual time=60.553..60.595 rows=1000 loops=1)',), ("        Sort Key: ((iv_v <-> '[0.0395,0.0384,0.0593,0.1022,0.0677,0.0688,0.0859,0.0352,0.0609,0.0466,0.0351,0.0229,0.0148,0.0209,0.0394,0.0269,0.018,0.031,0.0698,0.0888,0.0529,0.0463,0.0545,0.0361,0.0462,0.0412,0.0348,0.0268,0.0115,0.0175,0.0492,0.0297,0.0221,0.0506,0.0659,0.0586,0.0313,0.0712,0.0386,0.0387,0.0326,0.0364,0.0402,0.0368,0.017,0.0184,0.0543,0.0508,0.0391,0.0932,0.1039,0.0601,0.044,0.1264,0.0602,0.0749,0.019,0.0337,0.0961,0.0623,0.0227,0.0285,0.061,0.0647,0.0789,0.0985,0.1225,0.0831,0.0552,0.1415,0.1188,0.1061,0.0237,0.0452,0.183,0.0502,0.0408,0.0451,0.1173,0.0599,0.0501,0.0757,0.0752,0.0564,0.0347,0.1094,0.0892,0.06,0.0265,0.035,0.0853,0.0296,0.0172,0.0355,0.1018,0.0394,0.0274,0.0351,0.0667,0.0694,0.0251,0.0677,0.0353,0.0346,0.0428,0.044,0.0262,0.0223,0.0185,0.0205,0.0558,0.0397,0.0238,0.0433,0.0363,0.0745,0.0424,0.0732,0.0616,0.038,0.0559,0.0361,0.0279,0.0257,0.0151,0.0191,0.0301,0.0322,0.0667,0.0655,0.0902,0.1118,0.0764,0.1144,0.1063,0.0373,0.0508,0.039,0.0422,0.0241,0.0293,0.0292,0.0624,0.0651,0.025,0.0357,0.0631,0.1018,0.0374,0.0563,0.0391,0.03,0.0371,0.0461,0.0454,0.0226,0.0142,0.0219,0.0497,0.0443,0.0294,0.0465,0.0676,0.0555,0.0307,0.0872,0.0376,0.0421,0.0318,0.0466,0.0266,0.0296,0.0211,0.0324,0.0323,0.0238,0.0246,0.0651,0.087,0.049,0.0304,0.1311,0.0754,0.0291,0.0247,0.0456,0.0632,0.0679,0.0274,0.0239,0.0614,0.0673,0.046,0.0631,0.1073,0.0719,0.0473,0.1549,0.1314,0.0378,0.0302,0.0571,0.1423,0.0641,0.0328,0.0367,0.1366,0.0579,0.0224,0.0416,0.0768,0.0778,0.0335,0.1176,0.0794,0.038,0.0261,0.036,0.0864,0.0476,0.0144,0.0225,0.1065,0.0558,0.0238,0.0403,0.082,0.0548,0.0438,0.071,0.0378,0.0476,0.0346,0.0488,0.0197,0.0202,0.0178,0.0144,0.0514,0.0432,0.0375,0.0595,0.0348,0.0533,0.0505,0.0914,0.0668,0.0489,0.0521,0.033,0.0263,0.0327,0.0182,0.0183,0.0264,0.0438,0.0487,0.0515,0.0501,0.0654,0.016,0.0673,0.0375,0.0175,0.0215,0.042,0.0199,0.0181,0.0482,0.0253,0.0283,0.0509,0.0249,0.0566,0.0893,0.0414,0.0288,0.0584,0.0299,0.0254,0.0457,0.0586,0.0402,0.0198,0.029,0.0346,0.0537,0.0296,0.0328,0.0934,0.1517,0.0745,0.0566,0.0819,0.0833,0.056,0.0398,0.0306,0.0738,0.0281,0.0153,0.0739,0.1196,0.0319,0.0197,0.0403,0.0639,0.047,0.0347,0.0539,0.0443,0.0213,0.0203,0.0289,0.029,0.0159,0.0203,0.0364,0.0393,0.0246,0.0298,0.0373,0.0454,0.0655,0.0683,0.0874,0.098,0.0287,0.0635,0.0674,0.0419,0.0192,0.0193,0.0241,0.0388,0.0295,0.0141,0.0281,0.0519,0.0528,0.058,0.1103,0.0553,0.0272,0.0418,0.0418,0.0365,0.0201,0.013,0.0194,0.0507,0.0259,0.0174,0.0447,0.0531,0.0416,0.0366,0.0714,0.0322,0.0342,0.031,0.1006,0.0473,0.0348,0.0125,0.0265,0.056,0.0447,0.0245,0.0754,0.0828,0.0465,0.0585,0.1342,0.049,0.0627,0.0329,0.1089,0.1035,0.0574,0.0206,0.0294,0.0623,0.0564,0.0554,0.0824,0.0948,0.0613,0.069,0.1621,0.0985,0.0928,0.0236,0.0591,0.1686,0.047,0.0399,0.0427,0.1132,0.0501,0.0355,0.0624,0.0577,0.0352,0.0499,0.1113,0.0801,0.0546,0.032,0.0351,0.0826,0.0273,0.0185,0.0306,0.0908,0.0383,0.0212,0.0281,0.0518,0.0461,0.0273,0.0749,0.0336,0.0285,0.0415,0.046,0.0264,0.016,0.0124,0.0192,0.0574,0.0299,0.0175,0.0395,0.0302,0.0547,0.0535,0.0964,0.0678,0.0336,0.0615,0.0466,0.038,0.0195,0.012,0.0168,0.0317,0.0272,0.0458,0.0675,0.0731,0.0849,0.0843,0.1395,0.127,0.0366,0.0554,0.0801,0.0686,0.0219,0.0344,0.0277,0.0492,0.0616,0.0211,0.0444,0.0484,0.066,0.0587,0.0934,0.0533,0.0243,0.0243,0.0389,0.045,0.0213,0.0134,0.0288,0.0519,0.0344,0.0304,0.0536,0.0572,0.044,0.062,0.1021,0.0391,0.0338,0.0362,0.1337,0.0373,0.0275,0.0156,0.0425,0.029,0.0214,0.0157,0.0638,0.0712,0.0437,0.0885,0.2152,0.062,0.0223,0.0546,0.1808,0.106,0.0594,0.0224,0.0359,0.0524,0.0572,0.0432,0.066,0.0862,0.0567,0.1092,0.2191,0.1108,0.0365,0.0441,0.0894,0.1544,0.0574,0.0288,0.0333,0.1362,0.0473,0.0286,0.0522,0.0555,0.0498,0.0801,0.1573,0.0778,0.0334,0.0317,0.0339,0.0807,0.0425,0.014,0.0191,0.0988,0.0441,0.0174,0.0291,0.0522,0.0303,0.0396,0.0752,0.0317,0.0336,0.0423,0.0573,0.023,0.0145,0.0122,0.0155,0.0402,0.0284,0.031,0.0506,0.0286,0.0453,0.0852,0.1073,0.0718,0.0451,0.0575,0.0549,0.0461,0.0262,0.0171,0.0157,0.0205,0.0373,0.0482,0.0719,0.0467,0.052,0.0383,0.0802,0.0241,0.0146,0.0166,0.0318,0.0238,0.0144,0.0383,0.0332,0.0324,0.0437,0.0199,0.0456,0.0597,0.034,0.0456,0.1084,0.0438,0.0239,0.0462,0.088,0.0294,0.0241,0.0225,0.0385,0.0457,0.0248,0.0294,0.078,0.1191,0.0557,0.0852,0.1542,0.1082,0.0515,0.0538,0.0913,0.0869,0.0267,0.015,0.0603,0.0984,0.0287,0.0227,0.0412,0.0477,0.0313,0.0385,0.0818,0.0464,0.0192,0.0183,0.0231,0.0333,0.0151,0.0178,0.0374,0.0358,0.0222,0.0363,0.0399,0.0572,0.0858,0.0686,0.0911,0.0985,0.0325,0.0622,0.0653,0.0418,0.0196,0.0168,0.0215,0.0445,0.0309,0.017,0.0302,0.0629,0.0669,0.0601,0.1099,0.0547,0.0337,0.0443,0.04,0.0359,0.023,0.0127,0.0172,0.0545,0.0272,0.0201,0.0461,0.0583,0.0464,0.0415,0.0737,0.0356,0.0382,0.0276,0.0909,0.0448,0.0384,0.0161,0.0243,0.0539,0.0456,0.0288,0.0782,0.0901,0.0519,0.0623,0.1409,0.0524,0.0725,0.0304,0.1066,0.1049,0.0634,0.0235,0.035,0.0673,0.0624,0.0622,0.091,0.1108,0.0777,0.0752,0.166,0.1094,0.1101,0.0289,0.0588,0.1796,0.049,0.0398,0.05,0.1249,0.0592,0.0402,0.0657,0.0702,0.0486,0.0515,0.1123,0.0833,0.0611,0.0328,0.0334,0.0874,0.0273,0.0167,0.0308,0.101,0.0415,0.0209,0.0289,0.0556,0.0507,0.0313,0.071,0.0304,0.0304,0.0413,0.0486,0.0231,0.0185,0.0157,0.0213,0.0566,0.0326,0.0211,0.0399,0.0332,0.0662,0.0575,0.0874,0.0649,0.0332,0.0627,0.0439,0.0341,0.0227,0.0144,0.0168,0.0304,0.028,0.0467,0.0709,0.0907,0.0974,0.0922,0.1468,0.1325,0.043,0.0544,0.0763,0.0707,0.0254,0.0296,0.0267,0.0612,0.0676,0.0207,0.0468,0.0595,0.0826,0.0605,0.0973,0.0542,0.0328,0.0237,0.0439,0.0431,0.0261,0.0129,0.0255,0.0589,0.0419,0.0304,0.0556,0.0626,0.0514,0.0629,0.1105,0.0436,0.0375,0.0364,0.135,0.0366,0.0314,0.0186,0.0427,0.0299,0.0236,0.0206,0.0634,0.0786,0.0473,0.0932,0.2228,0.0647,0.0249,0.054,0.1788,0.1082,0.0638,0.0276,0.0362,0.0571,0.0657,0.0542,0.0726,0.102,0.0686,0.1215,0.229,0.1334,0.0478,0.0549,0.0935,0.1767,0.0702,0.0371,0.0386,0.1481,0.0551,0.0276,0.0504,0.0686,0.0665,0.0866,0.1606,0.087,0.0404,0.035,0.0335,0.0947,0.0529,0.015,0.0226,0.1122,0.0553,0.0164,0.0296,0.0645,0.0438,0.0426,0.0801,0.0335,0.035,0.0438,0.0546,0.0216,0.0153,0.0136,0.0164,0.0499,0.0366,0.0345,0.0554,0.0354,0.0543,0.0912,0.1173,0.0724,0.0488,0.0624,0.0512,0.0406,0.0326,0.0157,0.0145,0.0242,0.0465,0.0456,0.0691,0.0475,0.053,0.0412,0.0854,0.0285,0.019,0.0219,0.0346,0.0224,0.0159,0.0365,0.0274,0.0277,0.041,0.021,0.05,0.0674,0.0369,0.0467,0.1111,0.049,0.0296,0.053,0.0885,0.0352,0.0254,0.026,0.0402,0.0529,0.0255,0.0341,0.0899,0.1371,0.0678,0.089,0.1635,0.1274,0.0629,0.0618,0.0946,0.1059,0.035,0.0181,0.0675,0.1153,0.0331,0.0214,0.0406,0.0542,0.036,0.0401,0.0856,0.0566,0.0233,0.0218,0.0245,0.0406,0.0187,0.0186,0.0386,0.0403,0.0222]'::vector))",), ('        Sort Method: top-N heapsort  Memory: 128kB',), ('        ->  Seq Scan on item_vector  (cost=0.00..3547.39 rows=497 width=12) (actual time=0.010..58.460 rows=10000 loops=1)',), ("              Filter: (mod((iv_id)::numeric, '10'::numeric) = '5'::numeric)",), ('              Rows Removed by Filter: 90000',), ('Planning Time: 0.059 ms',), ('Execution Time: 60.691 ms',)]
1 100000 1
100000 1
[(21551, 0.8882644893302999)]
[('Limit  (cost=3549.88..3549.88 rows=1 width=12) (actual time=324.485..324.486 rows=1 loops=1)',), ('  ->  Sort  (cost=3549.88..3551.12 rows=497 width=12) (actual time=324.484..324.484 rows=1 loops=1)',), ("        Sort Key: ((iv_v <-> '[0.0395,0.0384,0.0593,0.1022,0.0677,0.0688,0.0859,0.0352,0.0609,0.0466,0.0351,0.0229,0.0148,0.0209,0.0394,0.0269,0.018,0.031,0.0698,0.0888,0.0529,0.0463,0.0545,0.0361,0.0462,0.0412,0.0348,0.0268,0.0115,0.0175,0.0492,0.0297,0.0221,0.0506,0.0659,0.0586,0.0313,0.0712,0.0386,0.0387,0.0326,0.0364,0.0402,0.0368,0.017,0.0184,0.0543,0.0508,0.0391,0.0932,0.1039,0.0601,0.044,0.1264,0.0602,0.0749,0.019,0.0337,0.0961,0.0623,0.0227,0.0285,0.061,0.0647,0.0789,0.0985,0.1225,0.0831,0.0552,0.1415,0.1188,0.1061,0.0237,0.0452,0.183,0.0502,0.0408,0.0451,0.1173,0.0599,0.0501,0.0757,0.0752,0.0564,0.0347,0.1094,0.0892,0.06,0.0265,0.035,0.0853,0.0296,0.0172,0.0355,0.1018,0.0394,0.0274,0.0351,0.0667,0.0694,0.0251,0.0677,0.0353,0.0346,0.0428,0.044,0.0262,0.0223,0.0185,0.0205,0.0558,0.0397,0.0238,0.0433,0.0363,0.0745,0.0424,0.0732,0.0616,0.038,0.0559,0.0361,0.0279,0.0257,0.0151,0.0191,0.0301,0.0322,0.0667,0.0655,0.0902,0.1118,0.0764,0.1144,0.1063,0.0373,0.0508,0.039,0.0422,0.0241,0.0293,0.0292,0.0624,0.0651,0.025,0.0357,0.0631,0.1018,0.0374,0.0563,0.0391,0.03,0.0371,0.0461,0.0454,0.0226,0.0142,0.0219,0.0497,0.0443,0.0294,0.0465,0.0676,0.0555,0.0307,0.0872,0.0376,0.0421,0.0318,0.0466,0.0266,0.0296,0.0211,0.0324,0.0323,0.0238,0.0246,0.0651,0.087,0.049,0.0304,0.1311,0.0754,0.0291,0.0247,0.0456,0.0632,0.0679,0.0274,0.0239,0.0614,0.0673,0.046,0.0631,0.1073,0.0719,0.0473,0.1549,0.1314,0.0378,0.0302,0.0571,0.1423,0.0641,0.0328,0.0367,0.1366,0.0579,0.0224,0.0416,0.0768,0.0778,0.0335,0.1176,0.0794,0.038,0.0261,0.036,0.0864,0.0476,0.0144,0.0225,0.1065,0.0558,0.0238,0.0403,0.082,0.0548,0.0438,0.071,0.0378,0.0476,0.0346,0.0488,0.0197,0.0202,0.0178,0.0144,0.0514,0.0432,0.0375,0.0595,0.0348,0.0533,0.0505,0.0914,0.0668,0.0489,0.0521,0.033,0.0263,0.0327,0.0182,0.0183,0.0264,0.0438,0.0487,0.0515,0.0501,0.0654,0.016,0.0673,0.0375,0.0175,0.0215,0.042,0.0199,0.0181,0.0482,0.0253,0.0283,0.0509,0.0249,0.0566,0.0893,0.0414,0.0288,0.0584,0.0299,0.0254,0.0457,0.0586,0.0402,0.0198,0.029,0.0346,0.0537,0.0296,0.0328,0.0934,0.1517,0.0745,0.0566,0.0819,0.0833,0.056,0.0398,0.0306,0.0738,0.0281,0.0153,0.0739,0.1196,0.0319,0.0197,0.0403,0.0639,0.047,0.0347,0.0539,0.0443,0.0213,0.0203,0.0289,0.029,0.0159,0.0203,0.0364,0.0393,0.0246,0.0298,0.0373,0.0454,0.0655,0.0683,0.0874,0.098,0.0287,0.0635,0.0674,0.0419,0.0192,0.0193,0.0241,0.0388,0.0295,0.0141,0.0281,0.0519,0.0528,0.058,0.1103,0.0553,0.0272,0.0418,0.0418,0.0365,0.0201,0.013,0.0194,0.0507,0.0259,0.0174,0.0447,0.0531,0.0416,0.0366,0.0714,0.0322,0.0342,0.031,0.1006,0.0473,0.0348,0.0125,0.0265,0.056,0.0447,0.0245,0.0754,0.0828,0.0465,0.0585,0.1342,0.049,0.0627,0.0329,0.1089,0.1035,0.0574,0.0206,0.0294,0.0623,0.0564,0.0554,0.0824,0.0948,0.0613,0.069,0.1621,0.0985,0.0928,0.0236,0.0591,0.1686,0.047,0.0399,0.0427,0.1132,0.0501,0.0355,0.0624,0.0577,0.0352,0.0499,0.1113,0.0801,0.0546,0.032,0.0351,0.0826,0.0273,0.0185,0.0306,0.0908,0.0383,0.0212,0.0281,0.0518,0.0461,0.0273,0.0749,0.0336,0.0285,0.0415,0.046,0.0264,0.016,0.0124,0.0192,0.0574,0.0299,0.0175,0.0395,0.0302,0.0547,0.0535,0.0964,0.0678,0.0336,0.0615,0.0466,0.038,0.0195,0.012,0.0168,0.0317,0.0272,0.0458,0.0675,0.0731,0.0849,0.0843,0.1395,0.127,0.0366,0.0554,0.0801,0.0686,0.0219,0.0344,0.0277,0.0492,0.0616,0.0211,0.0444,0.0484,0.066,0.0587,0.0934,0.0533,0.0243,0.0243,0.0389,0.045,0.0213,0.0134,0.0288,0.0519,0.0344,0.0304,0.0536,0.0572,0.044,0.062,0.1021,0.0391,0.0338,0.0362,0.1337,0.0373,0.0275,0.0156,0.0425,0.029,0.0214,0.0157,0.0638,0.0712,0.0437,0.0885,0.2152,0.062,0.0223,0.0546,0.1808,0.106,0.0594,0.0224,0.0359,0.0524,0.0572,0.0432,0.066,0.0862,0.0567,0.1092,0.2191,0.1108,0.0365,0.0441,0.0894,0.1544,0.0574,0.0288,0.0333,0.1362,0.0473,0.0286,0.0522,0.0555,0.0498,0.0801,0.1573,0.0778,0.0334,0.0317,0.0339,0.0807,0.0425,0.014,0.0191,0.0988,0.0441,0.0174,0.0291,0.0522,0.0303,0.0396,0.0752,0.0317,0.0336,0.0423,0.0573,0.023,0.0145,0.0122,0.0155,0.0402,0.0284,0.031,0.0506,0.0286,0.0453,0.0852,0.1073,0.0718,0.0451,0.0575,0.0549,0.0461,0.0262,0.0171,0.0157,0.0205,0.0373,0.0482,0.0719,0.0467,0.052,0.0383,0.0802,0.0241,0.0146,0.0166,0.0318,0.0238,0.0144,0.0383,0.0332,0.0324,0.0437,0.0199,0.0456,0.0597,0.034,0.0456,0.1084,0.0438,0.0239,0.0462,0.088,0.0294,0.0241,0.0225,0.0385,0.0457,0.0248,0.0294,0.078,0.1191,0.0557,0.0852,0.1542,0.1082,0.0515,0.0538,0.0913,0.0869,0.0267,0.015,0.0603,0.0984,0.0287,0.0227,0.0412,0.0477,0.0313,0.0385,0.0818,0.0464,0.0192,0.0183,0.0231,0.0333,0.0151,0.0178,0.0374,0.0358,0.0222,0.0363,0.0399,0.0572,0.0858,0.0686,0.0911,0.0985,0.0325,0.0622,0.0653,0.0418,0.0196,0.0168,0.0215,0.0445,0.0309,0.017,0.0302,0.0629,0.0669,0.0601,0.1099,0.0547,0.0337,0.0443,0.04,0.0359,0.023,0.0127,0.0172,0.0545,0.0272,0.0201,0.0461,0.0583,0.0464,0.0415,0.0737,0.0356,0.0382,0.0276,0.0909,0.0448,0.0384,0.0161,0.0243,0.0539,0.0456,0.0288,0.0782,0.0901,0.0519,0.0623,0.1409,0.0524,0.0725,0.0304,0.1066,0.1049,0.0634,0.0235,0.035,0.0673,0.0624,0.0622,0.091,0.1108,0.0777,0.0752,0.166,0.1094,0.1101,0.0289,0.0588,0.1796,0.049,0.0398,0.05,0.1249,0.0592,0.0402,0.0657,0.0702,0.0486,0.0515,0.1123,0.0833,0.0611,0.0328,0.0334,0.0874,0.0273,0.0167,0.0308,0.101,0.0415,0.0209,0.0289,0.0556,0.0507,0.0313,0.071,0.0304,0.0304,0.0413,0.0486,0.0231,0.0185,0.0157,0.0213,0.0566,0.0326,0.0211,0.0399,0.0332,0.0662,0.0575,0.0874,0.0649,0.0332,0.0627,0.0439,0.0341,0.0227,0.0144,0.0168,0.0304,0.028,0.0467,0.0709,0.0907,0.0974,0.0922,0.1468,0.1325,0.043,0.0544,0.0763,0.0707,0.0254,0.0296,0.0267,0.0612,0.0676,0.0207,0.0468,0.0595,0.0826,0.0605,0.0973,0.0542,0.0328,0.0237,0.0439,0.0431,0.0261,0.0129,0.0255,0.0589,0.0419,0.0304,0.0556,0.0626,0.0514,0.0629,0.1105,0.0436,0.0375,0.0364,0.135,0.0366,0.0314,0.0186,0.0427,0.0299,0.0236,0.0206,0.0634,0.0786,0.0473,0.0932,0.2228,0.0647,0.0249,0.054,0.1788,0.1082,0.0638,0.0276,0.0362,0.0571,0.0657,0.0542,0.0726,0.102,0.0686,0.1215,0.229,0.1334,0.0478,0.0549,0.0935,0.1767,0.0702,0.0371,0.0386,0.1481,0.0551,0.0276,0.0504,0.0686,0.0665,0.0866,0.1606,0.087,0.0404,0.035,0.0335,0.0947,0.0529,0.015,0.0226,0.1122,0.0553,0.0164,0.0296,0.0645,0.0438,0.0426,0.0801,0.0335,0.035,0.0438,0.0546,0.0216,0.0153,0.0136,0.0164,0.0499,0.0366,0.0345,0.0554,0.0354,0.0543,0.0912,0.1173,0.0724,0.0488,0.0624,0.0512,0.0406,0.0326,0.0157,0.0145,0.0242,0.0465,0.0456,0.0691,0.0475,0.053,0.0412,0.0854,0.0285,0.019,0.0219,0.0346,0.0224,0.0159,0.0365,0.0274,0.0277,0.041,0.021,0.05,0.0674,0.0369,0.0467,0.1111,0.049,0.0296,0.053,0.0885,0.0352,0.0254,0.026,0.0402,0.0529,0.0255,0.0341,0.0899,0.1371,0.0678,0.089,0.1635,0.1274,0.0629,0.0618,0.0946,0.1059,0.035,0.0181,0.0675,0.1153,0.0331,0.0214,0.0406,0.0542,0.036,0.0401,0.0856,0.0566,0.0233,0.0218,0.0245,0.0406,0.0187,0.0186,0.0386,0.0403,0.0222]'::vector))",), ('        Sort Method: top-N heapsort  Memory: 25kB',), ('        ->  Seq Scan on item_vector  (cost=0.00..3547.39 rows=497 width=12) (actual time=0.017..311.925 rows=100000 loops=1)',), ("              Filter: (mod((iv_id)::numeric, '1'::numeric) = '0'::numeric)",), ('Planning Time: 0.063 ms',), ('Execution Time: 324.502 ms',)]
1 100000 10
100000 10
[(21551, 0.8882644893302999), (8305, 0.8939738306785324), (28123, 0.9019538400282903), (57363, 0.906300641979776), (42140, 0.9104190823474205), (7909, 0.9201504368727164), (15432, 0.9256672527449661), (92232, 0.9338932275271034), (8700, 0.9349296301609904), (8720, 0.9408254137429496)]
[('Limit  (cost=3558.13..3558.16 rows=10 width=12) (actual time=332.126..332.128 rows=10 loops=1)',), ('  ->  Sort  (cost=3558.13..3559.37 rows=497 width=12) (actual time=332.124..332.126 rows=10 loops=1)',), ("        Sort Key: ((iv_v <-> '[0.0395,0.0384,0.0593,0.1022,0.0677,0.0688,0.0859,0.0352,0.0609,0.0466,0.0351,0.0229,0.0148,0.0209,0.0394,0.0269,0.018,0.031,0.0698,0.0888,0.0529,0.0463,0.0545,0.0361,0.0462,0.0412,0.0348,0.0268,0.0115,0.0175,0.0492,0.0297,0.0221,0.0506,0.0659,0.0586,0.0313,0.0712,0.0386,0.0387,0.0326,0.0364,0.0402,0.0368,0.017,0.0184,0.0543,0.0508,0.0391,0.0932,0.1039,0.0601,0.044,0.1264,0.0602,0.0749,0.019,0.0337,0.0961,0.0623,0.0227,0.0285,0.061,0.0647,0.0789,0.0985,0.1225,0.0831,0.0552,0.1415,0.1188,0.1061,0.0237,0.0452,0.183,0.0502,0.0408,0.0451,0.1173,0.0599,0.0501,0.0757,0.0752,0.0564,0.0347,0.1094,0.0892,0.06,0.0265,0.035,0.0853,0.0296,0.0172,0.0355,0.1018,0.0394,0.0274,0.0351,0.0667,0.0694,0.0251,0.0677,0.0353,0.0346,0.0428,0.044,0.0262,0.0223,0.0185,0.0205,0.0558,0.0397,0.0238,0.0433,0.0363,0.0745,0.0424,0.0732,0.0616,0.038,0.0559,0.0361,0.0279,0.0257,0.0151,0.0191,0.0301,0.0322,0.0667,0.0655,0.0902,0.1118,0.0764,0.1144,0.1063,0.0373,0.0508,0.039,0.0422,0.0241,0.0293,0.0292,0.0624,0.0651,0.025,0.0357,0.0631,0.1018,0.0374,0.0563,0.0391,0.03,0.0371,0.0461,0.0454,0.0226,0.0142,0.0219,0.0497,0.0443,0.0294,0.0465,0.0676,0.0555,0.0307,0.0872,0.0376,0.0421,0.0318,0.0466,0.0266,0.0296,0.0211,0.0324,0.0323,0.0238,0.0246,0.0651,0.087,0.049,0.0304,0.1311,0.0754,0.0291,0.0247,0.0456,0.0632,0.0679,0.0274,0.0239,0.0614,0.0673,0.046,0.0631,0.1073,0.0719,0.0473,0.1549,0.1314,0.0378,0.0302,0.0571,0.1423,0.0641,0.0328,0.0367,0.1366,0.0579,0.0224,0.0416,0.0768,0.0778,0.0335,0.1176,0.0794,0.038,0.0261,0.036,0.0864,0.0476,0.0144,0.0225,0.1065,0.0558,0.0238,0.0403,0.082,0.0548,0.0438,0.071,0.0378,0.0476,0.0346,0.0488,0.0197,0.0202,0.0178,0.0144,0.0514,0.0432,0.0375,0.0595,0.0348,0.0533,0.0505,0.0914,0.0668,0.0489,0.0521,0.033,0.0263,0.0327,0.0182,0.0183,0.0264,0.0438,0.0487,0.0515,0.0501,0.0654,0.016,0.0673,0.0375,0.0175,0.0215,0.042,0.0199,0.0181,0.0482,0.0253,0.0283,0.0509,0.0249,0.0566,0.0893,0.0414,0.0288,0.0584,0.0299,0.0254,0.0457,0.0586,0.0402,0.0198,0.029,0.0346,0.0537,0.0296,0.0328,0.0934,0.1517,0.0745,0.0566,0.0819,0.0833,0.056,0.0398,0.0306,0.0738,0.0281,0.0153,0.0739,0.1196,0.0319,0.0197,0.0403,0.0639,0.047,0.0347,0.0539,0.0443,0.0213,0.0203,0.0289,0.029,0.0159,0.0203,0.0364,0.0393,0.0246,0.0298,0.0373,0.0454,0.0655,0.0683,0.0874,0.098,0.0287,0.0635,0.0674,0.0419,0.0192,0.0193,0.0241,0.0388,0.0295,0.0141,0.0281,0.0519,0.0528,0.058,0.1103,0.0553,0.0272,0.0418,0.0418,0.0365,0.0201,0.013,0.0194,0.0507,0.0259,0.0174,0.0447,0.0531,0.0416,0.0366,0.0714,0.0322,0.0342,0.031,0.1006,0.0473,0.0348,0.0125,0.0265,0.056,0.0447,0.0245,0.0754,0.0828,0.0465,0.0585,0.1342,0.049,0.0627,0.0329,0.1089,0.1035,0.0574,0.0206,0.0294,0.0623,0.0564,0.0554,0.0824,0.0948,0.0613,0.069,0.1621,0.0985,0.0928,0.0236,0.0591,0.1686,0.047,0.0399,0.0427,0.1132,0.0501,0.0355,0.0624,0.0577,0.0352,0.0499,0.1113,0.0801,0.0546,0.032,0.0351,0.0826,0.0273,0.0185,0.0306,0.0908,0.0383,0.0212,0.0281,0.0518,0.0461,0.0273,0.0749,0.0336,0.0285,0.0415,0.046,0.0264,0.016,0.0124,0.0192,0.0574,0.0299,0.0175,0.0395,0.0302,0.0547,0.0535,0.0964,0.0678,0.0336,0.0615,0.0466,0.038,0.0195,0.012,0.0168,0.0317,0.0272,0.0458,0.0675,0.0731,0.0849,0.0843,0.1395,0.127,0.0366,0.0554,0.0801,0.0686,0.0219,0.0344,0.0277,0.0492,0.0616,0.0211,0.0444,0.0484,0.066,0.0587,0.0934,0.0533,0.0243,0.0243,0.0389,0.045,0.0213,0.0134,0.0288,0.0519,0.0344,0.0304,0.0536,0.0572,0.044,0.062,0.1021,0.0391,0.0338,0.0362,0.1337,0.0373,0.0275,0.0156,0.0425,0.029,0.0214,0.0157,0.0638,0.0712,0.0437,0.0885,0.2152,0.062,0.0223,0.0546,0.1808,0.106,0.0594,0.0224,0.0359,0.0524,0.0572,0.0432,0.066,0.0862,0.0567,0.1092,0.2191,0.1108,0.0365,0.0441,0.0894,0.1544,0.0574,0.0288,0.0333,0.1362,0.0473,0.0286,0.0522,0.0555,0.0498,0.0801,0.1573,0.0778,0.0334,0.0317,0.0339,0.0807,0.0425,0.014,0.0191,0.0988,0.0441,0.0174,0.0291,0.0522,0.0303,0.0396,0.0752,0.0317,0.0336,0.0423,0.0573,0.023,0.0145,0.0122,0.0155,0.0402,0.0284,0.031,0.0506,0.0286,0.0453,0.0852,0.1073,0.0718,0.0451,0.0575,0.0549,0.0461,0.0262,0.0171,0.0157,0.0205,0.0373,0.0482,0.0719,0.0467,0.052,0.0383,0.0802,0.0241,0.0146,0.0166,0.0318,0.0238,0.0144,0.0383,0.0332,0.0324,0.0437,0.0199,0.0456,0.0597,0.034,0.0456,0.1084,0.0438,0.0239,0.0462,0.088,0.0294,0.0241,0.0225,0.0385,0.0457,0.0248,0.0294,0.078,0.1191,0.0557,0.0852,0.1542,0.1082,0.0515,0.0538,0.0913,0.0869,0.0267,0.015,0.0603,0.0984,0.0287,0.0227,0.0412,0.0477,0.0313,0.0385,0.0818,0.0464,0.0192,0.0183,0.0231,0.0333,0.0151,0.0178,0.0374,0.0358,0.0222,0.0363,0.0399,0.0572,0.0858,0.0686,0.0911,0.0985,0.0325,0.0622,0.0653,0.0418,0.0196,0.0168,0.0215,0.0445,0.0309,0.017,0.0302,0.0629,0.0669,0.0601,0.1099,0.0547,0.0337,0.0443,0.04,0.0359,0.023,0.0127,0.0172,0.0545,0.0272,0.0201,0.0461,0.0583,0.0464,0.0415,0.0737,0.0356,0.0382,0.0276,0.0909,0.0448,0.0384,0.0161,0.0243,0.0539,0.0456,0.0288,0.0782,0.0901,0.0519,0.0623,0.1409,0.0524,0.0725,0.0304,0.1066,0.1049,0.0634,0.0235,0.035,0.0673,0.0624,0.0622,0.091,0.1108,0.0777,0.0752,0.166,0.1094,0.1101,0.0289,0.0588,0.1796,0.049,0.0398,0.05,0.1249,0.0592,0.0402,0.0657,0.0702,0.0486,0.0515,0.1123,0.0833,0.0611,0.0328,0.0334,0.0874,0.0273,0.0167,0.0308,0.101,0.0415,0.0209,0.0289,0.0556,0.0507,0.0313,0.071,0.0304,0.0304,0.0413,0.0486,0.0231,0.0185,0.0157,0.0213,0.0566,0.0326,0.0211,0.0399,0.0332,0.0662,0.0575,0.0874,0.0649,0.0332,0.0627,0.0439,0.0341,0.0227,0.0144,0.0168,0.0304,0.028,0.0467,0.0709,0.0907,0.0974,0.0922,0.1468,0.1325,0.043,0.0544,0.0763,0.0707,0.0254,0.0296,0.0267,0.0612,0.0676,0.0207,0.0468,0.0595,0.0826,0.0605,0.0973,0.0542,0.0328,0.0237,0.0439,0.0431,0.0261,0.0129,0.0255,0.0589,0.0419,0.0304,0.0556,0.0626,0.0514,0.0629,0.1105,0.0436,0.0375,0.0364,0.135,0.0366,0.0314,0.0186,0.0427,0.0299,0.0236,0.0206,0.0634,0.0786,0.0473,0.0932,0.2228,0.0647,0.0249,0.054,0.1788,0.1082,0.0638,0.0276,0.0362,0.0571,0.0657,0.0542,0.0726,0.102,0.0686,0.1215,0.229,0.1334,0.0478,0.0549,0.0935,0.1767,0.0702,0.0371,0.0386,0.1481,0.0551,0.0276,0.0504,0.0686,0.0665,0.0866,0.1606,0.087,0.0404,0.035,0.0335,0.0947,0.0529,0.015,0.0226,0.1122,0.0553,0.0164,0.0296,0.0645,0.0438,0.0426,0.0801,0.0335,0.035,0.0438,0.0546,0.0216,0.0153,0.0136,0.0164,0.0499,0.0366,0.0345,0.0554,0.0354,0.0543,0.0912,0.1173,0.0724,0.0488,0.0624,0.0512,0.0406,0.0326,0.0157,0.0145,0.0242,0.0465,0.0456,0.0691,0.0475,0.053,0.0412,0.0854,0.0285,0.019,0.0219,0.0346,0.0224,0.0159,0.0365,0.0274,0.0277,0.041,0.021,0.05,0.0674,0.0369,0.0467,0.1111,0.049,0.0296,0.053,0.0885,0.0352,0.0254,0.026,0.0402,0.0529,0.0255,0.0341,0.0899,0.1371,0.0678,0.089,0.1635,0.1274,0.0629,0.0618,0.0946,0.1059,0.035,0.0181,0.0675,0.1153,0.0331,0.0214,0.0406,0.0542,0.036,0.0401,0.0856,0.0566,0.0233,0.0218,0.0245,0.0406,0.0187,0.0186,0.0386,0.0403,0.0222]'::vector))",), ('        Sort Method: top-N heapsort  Memory: 25kB',), ('        ->  Seq Scan on item_vector  (cost=0.00..3547.39 rows=497 width=12) (actual time=0.019..319.481 rows=100000 loops=1)',), ("              Filter: (mod((iv_id)::numeric, '1'::numeric) = '0'::numeric)",), ('Planning Time: 0.059 ms',), ('Execution Time: 332.147 ms',)]
1 100000 20
100000 20
[(21551, 0.8882644893302999), (8305, 0.8939738306785324), (28123, 0.9019538400282903), (57363, 0.906300641979776), (42140, 0.9104190823474205), (7909, 0.9201504368727164), (15432, 0.9256672527449661), (92232, 0.9338932275271034), (8700, 0.9349296301609904), (8720, 0.9408254137429496), (17198, 0.941044084839877), (91127, 0.9452928273069199), (153, 0.9477220202687767), (98965, 0.948271227469524), (14788, 0.9511547047908026), (52603, 0.95167005209869), (88677, 0.9519871658293554), (27904, 0.9533511034325264), (80779, 0.9538594839768471), (27883, 0.958317697784473)]
[('Limit  (cost=3560.62..3560.67 rows=20 width=12) (actual time=323.397..323.400 rows=20 loops=1)',), ('  ->  Sort  (cost=3560.62..3561.86 rows=497 width=12) (actual time=323.396..323.397 rows=20 loops=1)',), ("        Sort Key: ((iv_v <-> '[0.0395,0.0384,0.0593,0.1022,0.0677,0.0688,0.0859,0.0352,0.0609,0.0466,0.0351,0.0229,0.0148,0.0209,0.0394,0.0269,0.018,0.031,0.0698,0.0888,0.0529,0.0463,0.0545,0.0361,0.0462,0.0412,0.0348,0.0268,0.0115,0.0175,0.0492,0.0297,0.0221,0.0506,0.0659,0.0586,0.0313,0.0712,0.0386,0.0387,0.0326,0.0364,0.0402,0.0368,0.017,0.0184,0.0543,0.0508,0.0391,0.0932,0.1039,0.0601,0.044,0.1264,0.0602,0.0749,0.019,0.0337,0.0961,0.0623,0.0227,0.0285,0.061,0.0647,0.0789,0.0985,0.1225,0.0831,0.0552,0.1415,0.1188,0.1061,0.0237,0.0452,0.183,0.0502,0.0408,0.0451,0.1173,0.0599,0.0501,0.0757,0.0752,0.0564,0.0347,0.1094,0.0892,0.06,0.0265,0.035,0.0853,0.0296,0.0172,0.0355,0.1018,0.0394,0.0274,0.0351,0.0667,0.0694,0.0251,0.0677,0.0353,0.0346,0.0428,0.044,0.0262,0.0223,0.0185,0.0205,0.0558,0.0397,0.0238,0.0433,0.0363,0.0745,0.0424,0.0732,0.0616,0.038,0.0559,0.0361,0.0279,0.0257,0.0151,0.0191,0.0301,0.0322,0.0667,0.0655,0.0902,0.1118,0.0764,0.1144,0.1063,0.0373,0.0508,0.039,0.0422,0.0241,0.0293,0.0292,0.0624,0.0651,0.025,0.0357,0.0631,0.1018,0.0374,0.0563,0.0391,0.03,0.0371,0.0461,0.0454,0.0226,0.0142,0.0219,0.0497,0.0443,0.0294,0.0465,0.0676,0.0555,0.0307,0.0872,0.0376,0.0421,0.0318,0.0466,0.0266,0.0296,0.0211,0.0324,0.0323,0.0238,0.0246,0.0651,0.087,0.049,0.0304,0.1311,0.0754,0.0291,0.0247,0.0456,0.0632,0.0679,0.0274,0.0239,0.0614,0.0673,0.046,0.0631,0.1073,0.0719,0.0473,0.1549,0.1314,0.0378,0.0302,0.0571,0.1423,0.0641,0.0328,0.0367,0.1366,0.0579,0.0224,0.0416,0.0768,0.0778,0.0335,0.1176,0.0794,0.038,0.0261,0.036,0.0864,0.0476,0.0144,0.0225,0.1065,0.0558,0.0238,0.0403,0.082,0.0548,0.0438,0.071,0.0378,0.0476,0.0346,0.0488,0.0197,0.0202,0.0178,0.0144,0.0514,0.0432,0.0375,0.0595,0.0348,0.0533,0.0505,0.0914,0.0668,0.0489,0.0521,0.033,0.0263,0.0327,0.0182,0.0183,0.0264,0.0438,0.0487,0.0515,0.0501,0.0654,0.016,0.0673,0.0375,0.0175,0.0215,0.042,0.0199,0.0181,0.0482,0.0253,0.0283,0.0509,0.0249,0.0566,0.0893,0.0414,0.0288,0.0584,0.0299,0.0254,0.0457,0.0586,0.0402,0.0198,0.029,0.0346,0.0537,0.0296,0.0328,0.0934,0.1517,0.0745,0.0566,0.0819,0.0833,0.056,0.0398,0.0306,0.0738,0.0281,0.0153,0.0739,0.1196,0.0319,0.0197,0.0403,0.0639,0.047,0.0347,0.0539,0.0443,0.0213,0.0203,0.0289,0.029,0.0159,0.0203,0.0364,0.0393,0.0246,0.0298,0.0373,0.0454,0.0655,0.0683,0.0874,0.098,0.0287,0.0635,0.0674,0.0419,0.0192,0.0193,0.0241,0.0388,0.0295,0.0141,0.0281,0.0519,0.0528,0.058,0.1103,0.0553,0.0272,0.0418,0.0418,0.0365,0.0201,0.013,0.0194,0.0507,0.0259,0.0174,0.0447,0.0531,0.0416,0.0366,0.0714,0.0322,0.0342,0.031,0.1006,0.0473,0.0348,0.0125,0.0265,0.056,0.0447,0.0245,0.0754,0.0828,0.0465,0.0585,0.1342,0.049,0.0627,0.0329,0.1089,0.1035,0.0574,0.0206,0.0294,0.0623,0.0564,0.0554,0.0824,0.0948,0.0613,0.069,0.1621,0.0985,0.0928,0.0236,0.0591,0.1686,0.047,0.0399,0.0427,0.1132,0.0501,0.0355,0.0624,0.0577,0.0352,0.0499,0.1113,0.0801,0.0546,0.032,0.0351,0.0826,0.0273,0.0185,0.0306,0.0908,0.0383,0.0212,0.0281,0.0518,0.0461,0.0273,0.0749,0.0336,0.0285,0.0415,0.046,0.0264,0.016,0.0124,0.0192,0.0574,0.0299,0.0175,0.0395,0.0302,0.0547,0.0535,0.0964,0.0678,0.0336,0.0615,0.0466,0.038,0.0195,0.012,0.0168,0.0317,0.0272,0.0458,0.0675,0.0731,0.0849,0.0843,0.1395,0.127,0.0366,0.0554,0.0801,0.0686,0.0219,0.0344,0.0277,0.0492,0.0616,0.0211,0.0444,0.0484,0.066,0.0587,0.0934,0.0533,0.0243,0.0243,0.0389,0.045,0.0213,0.0134,0.0288,0.0519,0.0344,0.0304,0.0536,0.0572,0.044,0.062,0.1021,0.0391,0.0338,0.0362,0.1337,0.0373,0.0275,0.0156,0.0425,0.029,0.0214,0.0157,0.0638,0.0712,0.0437,0.0885,0.2152,0.062,0.0223,0.0546,0.1808,0.106,0.0594,0.0224,0.0359,0.0524,0.0572,0.0432,0.066,0.0862,0.0567,0.1092,0.2191,0.1108,0.0365,0.0441,0.0894,0.1544,0.0574,0.0288,0.0333,0.1362,0.0473,0.0286,0.0522,0.0555,0.0498,0.0801,0.1573,0.0778,0.0334,0.0317,0.0339,0.0807,0.0425,0.014,0.0191,0.0988,0.0441,0.0174,0.0291,0.0522,0.0303,0.0396,0.0752,0.0317,0.0336,0.0423,0.0573,0.023,0.0145,0.0122,0.0155,0.0402,0.0284,0.031,0.0506,0.0286,0.0453,0.0852,0.1073,0.0718,0.0451,0.0575,0.0549,0.0461,0.0262,0.0171,0.0157,0.0205,0.0373,0.0482,0.0719,0.0467,0.052,0.0383,0.0802,0.0241,0.0146,0.0166,0.0318,0.0238,0.0144,0.0383,0.0332,0.0324,0.0437,0.0199,0.0456,0.0597,0.034,0.0456,0.1084,0.0438,0.0239,0.0462,0.088,0.0294,0.0241,0.0225,0.0385,0.0457,0.0248,0.0294,0.078,0.1191,0.0557,0.0852,0.1542,0.1082,0.0515,0.0538,0.0913,0.0869,0.0267,0.015,0.0603,0.0984,0.0287,0.0227,0.0412,0.0477,0.0313,0.0385,0.0818,0.0464,0.0192,0.0183,0.0231,0.0333,0.0151,0.0178,0.0374,0.0358,0.0222,0.0363,0.0399,0.0572,0.0858,0.0686,0.0911,0.0985,0.0325,0.0622,0.0653,0.0418,0.0196,0.0168,0.0215,0.0445,0.0309,0.017,0.0302,0.0629,0.0669,0.0601,0.1099,0.0547,0.0337,0.0443,0.04,0.0359,0.023,0.0127,0.0172,0.0545,0.0272,0.0201,0.0461,0.0583,0.0464,0.0415,0.0737,0.0356,0.0382,0.0276,0.0909,0.0448,0.0384,0.0161,0.0243,0.0539,0.0456,0.0288,0.0782,0.0901,0.0519,0.0623,0.1409,0.0524,0.0725,0.0304,0.1066,0.1049,0.0634,0.0235,0.035,0.0673,0.0624,0.0622,0.091,0.1108,0.0777,0.0752,0.166,0.1094,0.1101,0.0289,0.0588,0.1796,0.049,0.0398,0.05,0.1249,0.0592,0.0402,0.0657,0.0702,0.0486,0.0515,0.1123,0.0833,0.0611,0.0328,0.0334,0.0874,0.0273,0.0167,0.0308,0.101,0.0415,0.0209,0.0289,0.0556,0.0507,0.0313,0.071,0.0304,0.0304,0.0413,0.0486,0.0231,0.0185,0.0157,0.0213,0.0566,0.0326,0.0211,0.0399,0.0332,0.0662,0.0575,0.0874,0.0649,0.0332,0.0627,0.0439,0.0341,0.0227,0.0144,0.0168,0.0304,0.028,0.0467,0.0709,0.0907,0.0974,0.0922,0.1468,0.1325,0.043,0.0544,0.0763,0.0707,0.0254,0.0296,0.0267,0.0612,0.0676,0.0207,0.0468,0.0595,0.0826,0.0605,0.0973,0.0542,0.0328,0.0237,0.0439,0.0431,0.0261,0.0129,0.0255,0.0589,0.0419,0.0304,0.0556,0.0626,0.0514,0.0629,0.1105,0.0436,0.0375,0.0364,0.135,0.0366,0.0314,0.0186,0.0427,0.0299,0.0236,0.0206,0.0634,0.0786,0.0473,0.0932,0.2228,0.0647,0.0249,0.054,0.1788,0.1082,0.0638,0.0276,0.0362,0.0571,0.0657,0.0542,0.0726,0.102,0.0686,0.1215,0.229,0.1334,0.0478,0.0549,0.0935,0.1767,0.0702,0.0371,0.0386,0.1481,0.0551,0.0276,0.0504,0.0686,0.0665,0.0866,0.1606,0.087,0.0404,0.035,0.0335,0.0947,0.0529,0.015,0.0226,0.1122,0.0553,0.0164,0.0296,0.0645,0.0438,0.0426,0.0801,0.0335,0.035,0.0438,0.0546,0.0216,0.0153,0.0136,0.0164,0.0499,0.0366,0.0345,0.0554,0.0354,0.0543,0.0912,0.1173,0.0724,0.0488,0.0624,0.0512,0.0406,0.0326,0.0157,0.0145,0.0242,0.0465,0.0456,0.0691,0.0475,0.053,0.0412,0.0854,0.0285,0.019,0.0219,0.0346,0.0224,0.0159,0.0365,0.0274,0.0277,0.041,0.021,0.05,0.0674,0.0369,0.0467,0.1111,0.049,0.0296,0.053,0.0885,0.0352,0.0254,0.026,0.0402,0.0529,0.0255,0.0341,0.0899,0.1371,0.0678,0.089,0.1635,0.1274,0.0629,0.0618,0.0946,0.1059,0.035,0.0181,0.0675,0.1153,0.0331,0.0214,0.0406,0.0542,0.036,0.0401,0.0856,0.0566,0.0233,0.0218,0.0245,0.0406,0.0187,0.0186,0.0386,0.0403,0.0222]'::vector))",), ('        Sort Method: top-N heapsort  Memory: 26kB',), ('        ->  Seq Scan on item_vector  (cost=0.00..3547.39 rows=497 width=12) (actual time=0.017..310.633 rows=100000 loops=1)',), ("              Filter: (mod((iv_id)::numeric, '1'::numeric) = '0'::numeric)",), ('Planning Time: 0.064 ms',), ('Execution Time: 323.417 ms',)]
1 100000 40
100000 40
[(21551, 0.8882644893302999), (8305, 0.8939738306785324), (28123, 0.9019538400282903), (57363, 0.906300641979776), (42140, 0.9104190823474205), (7909, 0.9201504368727164), (15432, 0.9256672527449661), (92232, 0.9338932275271034), (8700, 0.9349296301609904), (8720, 0.9408254137429496), (17198, 0.941044084839877), (91127, 0.9452928273069199), (153, 0.9477220202687767), (98965, 0.948271227469524), (14788, 0.9511547047908026), (52603, 0.95167005209869), (88677, 0.9519871658293554), (27904, 0.9533511034325264), (80779, 0.9538594839768471), (27883, 0.958317697784473), (82958, 0.9639998231666055), (28280, 0.9644968436225593), (11339, 0.9685856156700682), (17647, 0.9686375214282694), (73263, 0.9688624655137069), (890, 0.9688854738077101), (50425, 0.9708830822052874), (5017, 0.9714372955559626), (39323, 0.9716241715257264), (41563, 0.971669750066961), (54869, 0.9722306572835824), (22640, 0.9727769340192194), (31433, 0.9728596792474088), (27878, 0.9731558010981898), (42387, 0.9737516309653496), (91070, 0.9738339873442335), (60338, 0.9756750117697588), (85711, 0.977465219976513), (15297, 0.9789401901705966), (69461, 0.9789880765553152)]
[('Limit  (cost=3563.10..3563.20 rows=40 width=12) (actual time=324.648..324.654 rows=40 loops=1)',), ('  ->  Sort  (cost=3563.10..3564.34 rows=497 width=12) (actual time=324.647..324.649 rows=40 loops=1)',), ("        Sort Key: ((iv_v <-> '[0.0395,0.0384,0.0593,0.1022,0.0677,0.0688,0.0859,0.0352,0.0609,0.0466,0.0351,0.0229,0.0148,0.0209,0.0394,0.0269,0.018,0.031,0.0698,0.0888,0.0529,0.0463,0.0545,0.0361,0.0462,0.0412,0.0348,0.0268,0.0115,0.0175,0.0492,0.0297,0.0221,0.0506,0.0659,0.0586,0.0313,0.0712,0.0386,0.0387,0.0326,0.0364,0.0402,0.0368,0.017,0.0184,0.0543,0.0508,0.0391,0.0932,0.1039,0.0601,0.044,0.1264,0.0602,0.0749,0.019,0.0337,0.0961,0.0623,0.0227,0.0285,0.061,0.0647,0.0789,0.0985,0.1225,0.0831,0.0552,0.1415,0.1188,0.1061,0.0237,0.0452,0.183,0.0502,0.0408,0.0451,0.1173,0.0599,0.0501,0.0757,0.0752,0.0564,0.0347,0.1094,0.0892,0.06,0.0265,0.035,0.0853,0.0296,0.0172,0.0355,0.1018,0.0394,0.0274,0.0351,0.0667,0.0694,0.0251,0.0677,0.0353,0.0346,0.0428,0.044,0.0262,0.0223,0.0185,0.0205,0.0558,0.0397,0.0238,0.0433,0.0363,0.0745,0.0424,0.0732,0.0616,0.038,0.0559,0.0361,0.0279,0.0257,0.0151,0.0191,0.0301,0.0322,0.0667,0.0655,0.0902,0.1118,0.0764,0.1144,0.1063,0.0373,0.0508,0.039,0.0422,0.0241,0.0293,0.0292,0.0624,0.0651,0.025,0.0357,0.0631,0.1018,0.0374,0.0563,0.0391,0.03,0.0371,0.0461,0.0454,0.0226,0.0142,0.0219,0.0497,0.0443,0.0294,0.0465,0.0676,0.0555,0.0307,0.0872,0.0376,0.0421,0.0318,0.0466,0.0266,0.0296,0.0211,0.0324,0.0323,0.0238,0.0246,0.0651,0.087,0.049,0.0304,0.1311,0.0754,0.0291,0.0247,0.0456,0.0632,0.0679,0.0274,0.0239,0.0614,0.0673,0.046,0.0631,0.1073,0.0719,0.0473,0.1549,0.1314,0.0378,0.0302,0.0571,0.1423,0.0641,0.0328,0.0367,0.1366,0.0579,0.0224,0.0416,0.0768,0.0778,0.0335,0.1176,0.0794,0.038,0.0261,0.036,0.0864,0.0476,0.0144,0.0225,0.1065,0.0558,0.0238,0.0403,0.082,0.0548,0.0438,0.071,0.0378,0.0476,0.0346,0.0488,0.0197,0.0202,0.0178,0.0144,0.0514,0.0432,0.0375,0.0595,0.0348,0.0533,0.0505,0.0914,0.0668,0.0489,0.0521,0.033,0.0263,0.0327,0.0182,0.0183,0.0264,0.0438,0.0487,0.0515,0.0501,0.0654,0.016,0.0673,0.0375,0.0175,0.0215,0.042,0.0199,0.0181,0.0482,0.0253,0.0283,0.0509,0.0249,0.0566,0.0893,0.0414,0.0288,0.0584,0.0299,0.0254,0.0457,0.0586,0.0402,0.0198,0.029,0.0346,0.0537,0.0296,0.0328,0.0934,0.1517,0.0745,0.0566,0.0819,0.0833,0.056,0.0398,0.0306,0.0738,0.0281,0.0153,0.0739,0.1196,0.0319,0.0197,0.0403,0.0639,0.047,0.0347,0.0539,0.0443,0.0213,0.0203,0.0289,0.029,0.0159,0.0203,0.0364,0.0393,0.0246,0.0298,0.0373,0.0454,0.0655,0.0683,0.0874,0.098,0.0287,0.0635,0.0674,0.0419,0.0192,0.0193,0.0241,0.0388,0.0295,0.0141,0.0281,0.0519,0.0528,0.058,0.1103,0.0553,0.0272,0.0418,0.0418,0.0365,0.0201,0.013,0.0194,0.0507,0.0259,0.0174,0.0447,0.0531,0.0416,0.0366,0.0714,0.0322,0.0342,0.031,0.1006,0.0473,0.0348,0.0125,0.0265,0.056,0.0447,0.0245,0.0754,0.0828,0.0465,0.0585,0.1342,0.049,0.0627,0.0329,0.1089,0.1035,0.0574,0.0206,0.0294,0.0623,0.0564,0.0554,0.0824,0.0948,0.0613,0.069,0.1621,0.0985,0.0928,0.0236,0.0591,0.1686,0.047,0.0399,0.0427,0.1132,0.0501,0.0355,0.0624,0.0577,0.0352,0.0499,0.1113,0.0801,0.0546,0.032,0.0351,0.0826,0.0273,0.0185,0.0306,0.0908,0.0383,0.0212,0.0281,0.0518,0.0461,0.0273,0.0749,0.0336,0.0285,0.0415,0.046,0.0264,0.016,0.0124,0.0192,0.0574,0.0299,0.0175,0.0395,0.0302,0.0547,0.0535,0.0964,0.0678,0.0336,0.0615,0.0466,0.038,0.0195,0.012,0.0168,0.0317,0.0272,0.0458,0.0675,0.0731,0.0849,0.0843,0.1395,0.127,0.0366,0.0554,0.0801,0.0686,0.0219,0.0344,0.0277,0.0492,0.0616,0.0211,0.0444,0.0484,0.066,0.0587,0.0934,0.0533,0.0243,0.0243,0.0389,0.045,0.0213,0.0134,0.0288,0.0519,0.0344,0.0304,0.0536,0.0572,0.044,0.062,0.1021,0.0391,0.0338,0.0362,0.1337,0.0373,0.0275,0.0156,0.0425,0.029,0.0214,0.0157,0.0638,0.0712,0.0437,0.0885,0.2152,0.062,0.0223,0.0546,0.1808,0.106,0.0594,0.0224,0.0359,0.0524,0.0572,0.0432,0.066,0.0862,0.0567,0.1092,0.2191,0.1108,0.0365,0.0441,0.0894,0.1544,0.0574,0.0288,0.0333,0.1362,0.0473,0.0286,0.0522,0.0555,0.0498,0.0801,0.1573,0.0778,0.0334,0.0317,0.0339,0.0807,0.0425,0.014,0.0191,0.0988,0.0441,0.0174,0.0291,0.0522,0.0303,0.0396,0.0752,0.0317,0.0336,0.0423,0.0573,0.023,0.0145,0.0122,0.0155,0.0402,0.0284,0.031,0.0506,0.0286,0.0453,0.0852,0.1073,0.0718,0.0451,0.0575,0.0549,0.0461,0.0262,0.0171,0.0157,0.0205,0.0373,0.0482,0.0719,0.0467,0.052,0.0383,0.0802,0.0241,0.0146,0.0166,0.0318,0.0238,0.0144,0.0383,0.0332,0.0324,0.0437,0.0199,0.0456,0.0597,0.034,0.0456,0.1084,0.0438,0.0239,0.0462,0.088,0.0294,0.0241,0.0225,0.0385,0.0457,0.0248,0.0294,0.078,0.1191,0.0557,0.0852,0.1542,0.1082,0.0515,0.0538,0.0913,0.0869,0.0267,0.015,0.0603,0.0984,0.0287,0.0227,0.0412,0.0477,0.0313,0.0385,0.0818,0.0464,0.0192,0.0183,0.0231,0.0333,0.0151,0.0178,0.0374,0.0358,0.0222,0.0363,0.0399,0.0572,0.0858,0.0686,0.0911,0.0985,0.0325,0.0622,0.0653,0.0418,0.0196,0.0168,0.0215,0.0445,0.0309,0.017,0.0302,0.0629,0.0669,0.0601,0.1099,0.0547,0.0337,0.0443,0.04,0.0359,0.023,0.0127,0.0172,0.0545,0.0272,0.0201,0.0461,0.0583,0.0464,0.0415,0.0737,0.0356,0.0382,0.0276,0.0909,0.0448,0.0384,0.0161,0.0243,0.0539,0.0456,0.0288,0.0782,0.0901,0.0519,0.0623,0.1409,0.0524,0.0725,0.0304,0.1066,0.1049,0.0634,0.0235,0.035,0.0673,0.0624,0.0622,0.091,0.1108,0.0777,0.0752,0.166,0.1094,0.1101,0.0289,0.0588,0.1796,0.049,0.0398,0.05,0.1249,0.0592,0.0402,0.0657,0.0702,0.0486,0.0515,0.1123,0.0833,0.0611,0.0328,0.0334,0.0874,0.0273,0.0167,0.0308,0.101,0.0415,0.0209,0.0289,0.0556,0.0507,0.0313,0.071,0.0304,0.0304,0.0413,0.0486,0.0231,0.0185,0.0157,0.0213,0.0566,0.0326,0.0211,0.0399,0.0332,0.0662,0.0575,0.0874,0.0649,0.0332,0.0627,0.0439,0.0341,0.0227,0.0144,0.0168,0.0304,0.028,0.0467,0.0709,0.0907,0.0974,0.0922,0.1468,0.1325,0.043,0.0544,0.0763,0.0707,0.0254,0.0296,0.0267,0.0612,0.0676,0.0207,0.0468,0.0595,0.0826,0.0605,0.0973,0.0542,0.0328,0.0237,0.0439,0.0431,0.0261,0.0129,0.0255,0.0589,0.0419,0.0304,0.0556,0.0626,0.0514,0.0629,0.1105,0.0436,0.0375,0.0364,0.135,0.0366,0.0314,0.0186,0.0427,0.0299,0.0236,0.0206,0.0634,0.0786,0.0473,0.0932,0.2228,0.0647,0.0249,0.054,0.1788,0.1082,0.0638,0.0276,0.0362,0.0571,0.0657,0.0542,0.0726,0.102,0.0686,0.1215,0.229,0.1334,0.0478,0.0549,0.0935,0.1767,0.0702,0.0371,0.0386,0.1481,0.0551,0.0276,0.0504,0.0686,0.0665,0.0866,0.1606,0.087,0.0404,0.035,0.0335,0.0947,0.0529,0.015,0.0226,0.1122,0.0553,0.0164,0.0296,0.0645,0.0438,0.0426,0.0801,0.0335,0.035,0.0438,0.0546,0.0216,0.0153,0.0136,0.0164,0.0499,0.0366,0.0345,0.0554,0.0354,0.0543,0.0912,0.1173,0.0724,0.0488,0.0624,0.0512,0.0406,0.0326,0.0157,0.0145,0.0242,0.0465,0.0456,0.0691,0.0475,0.053,0.0412,0.0854,0.0285,0.019,0.0219,0.0346,0.0224,0.0159,0.0365,0.0274,0.0277,0.041,0.021,0.05,0.0674,0.0369,0.0467,0.1111,0.049,0.0296,0.053,0.0885,0.0352,0.0254,0.026,0.0402,0.0529,0.0255,0.0341,0.0899,0.1371,0.0678,0.089,0.1635,0.1274,0.0629,0.0618,0.0946,0.1059,0.035,0.0181,0.0675,0.1153,0.0331,0.0214,0.0406,0.0542,0.036,0.0401,0.0856,0.0566,0.0233,0.0218,0.0245,0.0406,0.0187,0.0186,0.0386,0.0403,0.0222]'::vector))",), ('        Sort Method: top-N heapsort  Memory: 28kB',), ('        ->  Seq Scan on item_vector  (cost=0.00..3547.39 rows=497 width=12) (actual time=0.018..312.189 rows=100000 loops=1)',), ("              Filter: (mod((iv_id)::numeric, '1'::numeric) = '0'::numeric)",), ('Planning Time: 0.062 ms',), ('Execution Time: 324.671 ms',)]
1 100000 80
100000 80
[(21551, 0.8882644893302999), (8305, 0.8939738306785324), (28123, 0.9019538400282903), (57363, 0.906300641979776), (42140, 0.9104190823474205), (7909, 0.9201504368727164), (15432, 0.9256672527449661), (92232, 0.9338932275271034), (8700, 0.9349296301609904), (8720, 0.9408254137429496), (17198, 0.941044084839877), (91127, 0.9452928273069199), (153, 0.9477220202687767), (98965, 0.948271227469524), (14788, 0.9511547047908026), (52603, 0.95167005209869), (88677, 0.9519871658293554), (27904, 0.9533511034325264), (80779, 0.9538594839768471), (27883, 0.958317697784473), (82958, 0.9639998231666055), (28280, 0.9644968436225593), (11339, 0.9685856156700682), (17647, 0.9686375214282694), (73263, 0.9688624655137069), (890, 0.9688854738077101), (50425, 0.9708830822052874), (5017, 0.9714372955559626), (39323, 0.9716241715257264), (41563, 0.971669750066961), (54869, 0.9722306572835824), (22640, 0.9727769340192194), (31433, 0.9728596792474088), (27878, 0.9731558010981898), (42387, 0.9737516309653496), (91070, 0.9738339873442335), (60338, 0.9756750117697588), (85711, 0.977465219976513), (15297, 0.9789401901705966), (69461, 0.9789880765553152), (93394, 0.9794398832951241), (10441, 0.9809322401515187), (46526, 0.9811533327535263), (25032, 0.9827593608615139), (16771, 0.9833109721103592), (84412, 0.985686321878748), (90696, 0.9858619419169985), (25692, 0.9868865896538583), (88938, 0.9877269834087832), (62962, 0.9877570952361215), (74672, 0.9878027741515462), (58452, 0.9878059420297045), (32331, 0.9880196447504376), (35472, 0.9887646484254436), (94888, 0.9900856282550317), (61015, 0.9901329756065053), (40563, 0.9905465440939868), (67156, 0.9915460630750268), (81098, 0.9921230986111812), (61818, 0.9924737111989211), (28672, 0.9930446256615549), (46301, 0.9930713651564991), (17065, 0.993702640244634), (2352, 0.9940572827372248), (8697, 0.994143382969836), (86577, 0.9942119100678016), (51897, 0.9946610862683631), (15491, 0.9946975497050607), (61601, 0.9947971956322428), (99883, 0.9954589017453643), (4710, 0.9956304931489088), (10703, 0.9959733478856181), (27404, 0.9980341244235823), (74108, 0.9981603987119012), (56000, 0.9983165399054936), (87577, 0.9987097403345718), (5517, 0.9992546641775635), (29479, 0.999387792108195), (2225, 0.9998681756392481), (98591, 1.0007765258391683)]
[('Limit  (cost=3565.59..3565.79 rows=80 width=12) (actual time=326.281..326.290 rows=80 loops=1)',), ('  ->  Sort  (cost=3565.59..3566.83 rows=497 width=12) (actual time=326.280..326.284 rows=80 loops=1)',), ("        Sort Key: ((iv_v <-> '[0.0395,0.0384,0.0593,0.1022,0.0677,0.0688,0.0859,0.0352,0.0609,0.0466,0.0351,0.0229,0.0148,0.0209,0.0394,0.0269,0.018,0.031,0.0698,0.0888,0.0529,0.0463,0.0545,0.0361,0.0462,0.0412,0.0348,0.0268,0.0115,0.0175,0.0492,0.0297,0.0221,0.0506,0.0659,0.0586,0.0313,0.0712,0.0386,0.0387,0.0326,0.0364,0.0402,0.0368,0.017,0.0184,0.0543,0.0508,0.0391,0.0932,0.1039,0.0601,0.044,0.1264,0.0602,0.0749,0.019,0.0337,0.0961,0.0623,0.0227,0.0285,0.061,0.0647,0.0789,0.0985,0.1225,0.0831,0.0552,0.1415,0.1188,0.1061,0.0237,0.0452,0.183,0.0502,0.0408,0.0451,0.1173,0.0599,0.0501,0.0757,0.0752,0.0564,0.0347,0.1094,0.0892,0.06,0.0265,0.035,0.0853,0.0296,0.0172,0.0355,0.1018,0.0394,0.0274,0.0351,0.0667,0.0694,0.0251,0.0677,0.0353,0.0346,0.0428,0.044,0.0262,0.0223,0.0185,0.0205,0.0558,0.0397,0.0238,0.0433,0.0363,0.0745,0.0424,0.0732,0.0616,0.038,0.0559,0.0361,0.0279,0.0257,0.0151,0.0191,0.0301,0.0322,0.0667,0.0655,0.0902,0.1118,0.0764,0.1144,0.1063,0.0373,0.0508,0.039,0.0422,0.0241,0.0293,0.0292,0.0624,0.0651,0.025,0.0357,0.0631,0.1018,0.0374,0.0563,0.0391,0.03,0.0371,0.0461,0.0454,0.0226,0.0142,0.0219,0.0497,0.0443,0.0294,0.0465,0.0676,0.0555,0.0307,0.0872,0.0376,0.0421,0.0318,0.0466,0.0266,0.0296,0.0211,0.0324,0.0323,0.0238,0.0246,0.0651,0.087,0.049,0.0304,0.1311,0.0754,0.0291,0.0247,0.0456,0.0632,0.0679,0.0274,0.0239,0.0614,0.0673,0.046,0.0631,0.1073,0.0719,0.0473,0.1549,0.1314,0.0378,0.0302,0.0571,0.1423,0.0641,0.0328,0.0367,0.1366,0.0579,0.0224,0.0416,0.0768,0.0778,0.0335,0.1176,0.0794,0.038,0.0261,0.036,0.0864,0.0476,0.0144,0.0225,0.1065,0.0558,0.0238,0.0403,0.082,0.0548,0.0438,0.071,0.0378,0.0476,0.0346,0.0488,0.0197,0.0202,0.0178,0.0144,0.0514,0.0432,0.0375,0.0595,0.0348,0.0533,0.0505,0.0914,0.0668,0.0489,0.0521,0.033,0.0263,0.0327,0.0182,0.0183,0.0264,0.0438,0.0487,0.0515,0.0501,0.0654,0.016,0.0673,0.0375,0.0175,0.0215,0.042,0.0199,0.0181,0.0482,0.0253,0.0283,0.0509,0.0249,0.0566,0.0893,0.0414,0.0288,0.0584,0.0299,0.0254,0.0457,0.0586,0.0402,0.0198,0.029,0.0346,0.0537,0.0296,0.0328,0.0934,0.1517,0.0745,0.0566,0.0819,0.0833,0.056,0.0398,0.0306,0.0738,0.0281,0.0153,0.0739,0.1196,0.0319,0.0197,0.0403,0.0639,0.047,0.0347,0.0539,0.0443,0.0213,0.0203,0.0289,0.029,0.0159,0.0203,0.0364,0.0393,0.0246,0.0298,0.0373,0.0454,0.0655,0.0683,0.0874,0.098,0.0287,0.0635,0.0674,0.0419,0.0192,0.0193,0.0241,0.0388,0.0295,0.0141,0.0281,0.0519,0.0528,0.058,0.1103,0.0553,0.0272,0.0418,0.0418,0.0365,0.0201,0.013,0.0194,0.0507,0.0259,0.0174,0.0447,0.0531,0.0416,0.0366,0.0714,0.0322,0.0342,0.031,0.1006,0.0473,0.0348,0.0125,0.0265,0.056,0.0447,0.0245,0.0754,0.0828,0.0465,0.0585,0.1342,0.049,0.0627,0.0329,0.1089,0.1035,0.0574,0.0206,0.0294,0.0623,0.0564,0.0554,0.0824,0.0948,0.0613,0.069,0.1621,0.0985,0.0928,0.0236,0.0591,0.1686,0.047,0.0399,0.0427,0.1132,0.0501,0.0355,0.0624,0.0577,0.0352,0.0499,0.1113,0.0801,0.0546,0.032,0.0351,0.0826,0.0273,0.0185,0.0306,0.0908,0.0383,0.0212,0.0281,0.0518,0.0461,0.0273,0.0749,0.0336,0.0285,0.0415,0.046,0.0264,0.016,0.0124,0.0192,0.0574,0.0299,0.0175,0.0395,0.0302,0.0547,0.0535,0.0964,0.0678,0.0336,0.0615,0.0466,0.038,0.0195,0.012,0.0168,0.0317,0.0272,0.0458,0.0675,0.0731,0.0849,0.0843,0.1395,0.127,0.0366,0.0554,0.0801,0.0686,0.0219,0.0344,0.0277,0.0492,0.0616,0.0211,0.0444,0.0484,0.066,0.0587,0.0934,0.0533,0.0243,0.0243,0.0389,0.045,0.0213,0.0134,0.0288,0.0519,0.0344,0.0304,0.0536,0.0572,0.044,0.062,0.1021,0.0391,0.0338,0.0362,0.1337,0.0373,0.0275,0.0156,0.0425,0.029,0.0214,0.0157,0.0638,0.0712,0.0437,0.0885,0.2152,0.062,0.0223,0.0546,0.1808,0.106,0.0594,0.0224,0.0359,0.0524,0.0572,0.0432,0.066,0.0862,0.0567,0.1092,0.2191,0.1108,0.0365,0.0441,0.0894,0.1544,0.0574,0.0288,0.0333,0.1362,0.0473,0.0286,0.0522,0.0555,0.0498,0.0801,0.1573,0.0778,0.0334,0.0317,0.0339,0.0807,0.0425,0.014,0.0191,0.0988,0.0441,0.0174,0.0291,0.0522,0.0303,0.0396,0.0752,0.0317,0.0336,0.0423,0.0573,0.023,0.0145,0.0122,0.0155,0.0402,0.0284,0.031,0.0506,0.0286,0.0453,0.0852,0.1073,0.0718,0.0451,0.0575,0.0549,0.0461,0.0262,0.0171,0.0157,0.0205,0.0373,0.0482,0.0719,0.0467,0.052,0.0383,0.0802,0.0241,0.0146,0.0166,0.0318,0.0238,0.0144,0.0383,0.0332,0.0324,0.0437,0.0199,0.0456,0.0597,0.034,0.0456,0.1084,0.0438,0.0239,0.0462,0.088,0.0294,0.0241,0.0225,0.0385,0.0457,0.0248,0.0294,0.078,0.1191,0.0557,0.0852,0.1542,0.1082,0.0515,0.0538,0.0913,0.0869,0.0267,0.015,0.0603,0.0984,0.0287,0.0227,0.0412,0.0477,0.0313,0.0385,0.0818,0.0464,0.0192,0.0183,0.0231,0.0333,0.0151,0.0178,0.0374,0.0358,0.0222,0.0363,0.0399,0.0572,0.0858,0.0686,0.0911,0.0985,0.0325,0.0622,0.0653,0.0418,0.0196,0.0168,0.0215,0.0445,0.0309,0.017,0.0302,0.0629,0.0669,0.0601,0.1099,0.0547,0.0337,0.0443,0.04,0.0359,0.023,0.0127,0.0172,0.0545,0.0272,0.0201,0.0461,0.0583,0.0464,0.0415,0.0737,0.0356,0.0382,0.0276,0.0909,0.0448,0.0384,0.0161,0.0243,0.0539,0.0456,0.0288,0.0782,0.0901,0.0519,0.0623,0.1409,0.0524,0.0725,0.0304,0.1066,0.1049,0.0634,0.0235,0.035,0.0673,0.0624,0.0622,0.091,0.1108,0.0777,0.0752,0.166,0.1094,0.1101,0.0289,0.0588,0.1796,0.049,0.0398,0.05,0.1249,0.0592,0.0402,0.0657,0.0702,0.0486,0.0515,0.1123,0.0833,0.0611,0.0328,0.0334,0.0874,0.0273,0.0167,0.0308,0.101,0.0415,0.0209,0.0289,0.0556,0.0507,0.0313,0.071,0.0304,0.0304,0.0413,0.0486,0.0231,0.0185,0.0157,0.0213,0.0566,0.0326,0.0211,0.0399,0.0332,0.0662,0.0575,0.0874,0.0649,0.0332,0.0627,0.0439,0.0341,0.0227,0.0144,0.0168,0.0304,0.028,0.0467,0.0709,0.0907,0.0974,0.0922,0.1468,0.1325,0.043,0.0544,0.0763,0.0707,0.0254,0.0296,0.0267,0.0612,0.0676,0.0207,0.0468,0.0595,0.0826,0.0605,0.0973,0.0542,0.0328,0.0237,0.0439,0.0431,0.0261,0.0129,0.0255,0.0589,0.0419,0.0304,0.0556,0.0626,0.0514,0.0629,0.1105,0.0436,0.0375,0.0364,0.135,0.0366,0.0314,0.0186,0.0427,0.0299,0.0236,0.0206,0.0634,0.0786,0.0473,0.0932,0.2228,0.0647,0.0249,0.054,0.1788,0.1082,0.0638,0.0276,0.0362,0.0571,0.0657,0.0542,0.0726,0.102,0.0686,0.1215,0.229,0.1334,0.0478,0.0549,0.0935,0.1767,0.0702,0.0371,0.0386,0.1481,0.0551,0.0276,0.0504,0.0686,0.0665,0.0866,0.1606,0.087,0.0404,0.035,0.0335,0.0947,0.0529,0.015,0.0226,0.1122,0.0553,0.0164,0.0296,0.0645,0.0438,0.0426,0.0801,0.0335,0.035,0.0438,0.0546,0.0216,0.0153,0.0136,0.0164,0.0499,0.0366,0.0345,0.0554,0.0354,0.0543,0.0912,0.1173,0.0724,0.0488,0.0624,0.0512,0.0406,0.0326,0.0157,0.0145,0.0242,0.0465,0.0456,0.0691,0.0475,0.053,0.0412,0.0854,0.0285,0.019,0.0219,0.0346,0.0224,0.0159,0.0365,0.0274,0.0277,0.041,0.021,0.05,0.0674,0.0369,0.0467,0.1111,0.049,0.0296,0.053,0.0885,0.0352,0.0254,0.026,0.0402,0.0529,0.0255,0.0341,0.0899,0.1371,0.0678,0.089,0.1635,0.1274,0.0629,0.0618,0.0946,0.1059,0.035,0.0181,0.0675,0.1153,0.0331,0.0214,0.0406,0.0542,0.036,0.0401,0.0856,0.0566,0.0233,0.0218,0.0245,0.0406,0.0187,0.0186,0.0386,0.0403,0.0222]'::vector))",), ('        Sort Method: top-N heapsort  Memory: 31kB',), ('        ->  Seq Scan on item_vector  (cost=0.00..3547.39 rows=497 width=12) (actual time=0.014..313.341 rows=100000 loops=1)',), ("              Filter: (mod((iv_id)::numeric, '1'::numeric) = '0'::numeric)",), ('Planning Time: 0.060 ms',), ('Execution Time: 326.309 ms',)]
1 100000 160
100000 160
[(21551, 0.8882644893302999), (8305, 0.8939738306785324), (28123, 0.9019538400282903), (57363, 0.906300641979776), (42140, 0.9104190823474205), (7909, 0.9201504368727164), (15432, 0.9256672527449661), (92232, 0.9338932275271034), (8700, 0.9349296301609904), (8720, 0.9408254137429496), (17198, 0.941044084839877), (91127, 0.9452928273069199), (153, 0.9477220202687767), (98965, 0.948271227469524), (14788, 0.9511547047908026), (52603, 0.95167005209869), (88677, 0.9519871658293554), (27904, 0.9533511034325264), (80779, 0.9538594839768471), (27883, 0.958317697784473), (82958, 0.9639998231666055), (28280, 0.9644968436225593), (11339, 0.9685856156700682), (17647, 0.9686375214282694), (73263, 0.9688624655137069), (890, 0.9688854738077101), (50425, 0.9708830822052874), (5017, 0.9714372955559626), (39323, 0.9716241715257264), (41563, 0.971669750066961), (54869, 0.9722306572835824), (22640, 0.9727769340192194), (31433, 0.9728596792474088), (27878, 0.9731558010981898), (42387, 0.9737516309653496), (91070, 0.9738339873442335), (60338, 0.9756750117697588), (85711, 0.977465219976513), (15297, 0.9789401901705966), (69461, 0.9789880765553152), (93394, 0.9794398832951241), (10441, 0.9809322401515187), (46526, 0.9811533327535263), (25032, 0.9827593608615139), (16771, 0.9833109721103592), (84412, 0.985686321878748), (90696, 0.9858619419169985), (25692, 0.9868865896538583), (88938, 0.9877269834087832), (62962, 0.9877570952361215), (74672, 0.9878027741515462), (58452, 0.9878059420297045), (32331, 0.9880196447504376), (35472, 0.9887646484254436), (94888, 0.9900856282550317), (61015, 0.9901329756065053), (40563, 0.9905465440939868), (67156, 0.9915460630750268), (81098, 0.9921230986111812), (61818, 0.9924737111989211), (28672, 0.9930446256615549), (46301, 0.9930713651564991), (17065, 0.993702640244634), (2352, 0.9940572827372248), (8697, 0.994143382969836), (86577, 0.9942119100678016), (51897, 0.9946610862683631), (15491, 0.9946975497050607), (61601, 0.9947971956322428), (99883, 0.9954589017453643), (4710, 0.9956304931489088), (10703, 0.9959733478856181), (27404, 0.9980341244235823), (74108, 0.9981603987119012), (56000, 0.9983165399054936), (87577, 0.9987097403345718), (5517, 0.9992546641775635), (29479, 0.999387792108195), (2225, 0.9998681756392481), (98591, 1.0007765258391683), (86836, 1.0008823555134974), (51576, 1.001178583367504), (28375, 1.001237699359291), (32178, 1.001403598409884), (89336, 1.00155149742427), (89599, 1.0017276978795973), (12490, 1.0018206949443227), (77324, 1.0020581761068628), (70007, 1.0021214631903133), (7149, 1.002377901513814), (3845, 1.0025578211521857), (54691, 1.0026696452107557), (64933, 1.0030792629950271), (78482, 1.003982481678264), (3848, 1.004826046421872), (39698, 1.0048950313199672), (76772, 1.0067264116212682), (15567, 1.0067964503539797), (55400, 1.0073309050803598), (11996, 1.0073645727420493), (85873, 1.0077676689171817), (43763, 1.007994406200207), (39536, 1.0080528268443993), (70621, 1.0083274412902525), (82553, 1.0092939976174975), (9543, 1.0093267139896378), (10977, 1.0095386360676435), (2351, 1.0098282519754802), (43848, 1.00985923938184), (67599, 1.0098803692965457), (3240, 1.010155431005112), (50750, 1.0108373624800482), (49234, 1.0111026729213006), (47490, 1.0112248102358583), (75692, 1.0113580126893407), (60360, 1.0115603761176344), (65208, 1.0116619550751307), (26045, 1.011983711571467), (68769, 1.0120567434709404), (92621, 1.0123973323432687), (28923, 1.0124202932372954), (7415, 1.0127020222249392), (8203, 1.0131422949037812), (1607, 1.0134112366629484), (1693, 1.0134675806823403), (40633, 1.01361142604864), (2995, 1.0137819439879834), (69877, 1.0139199837107067), (66913, 1.0144804741158726), (2725, 1.0154808529016504), (90899, 1.0156779935656106), (44519, 1.0157469456162231), (83732, 1.0158215846028253), (60817, 1.0162440834013942), (88891, 1.0162992733392104), (49934, 1.0163996163341604), (15852, 1.016490391525888), (56514, 1.0169882208518044), (34435, 1.017448431671822), (34464, 1.017448431671822), (5583, 1.0187736999937775), (56024, 1.0188570680113187), (96837, 1.01895277193515), (38302, 1.0189872839810912), (92478, 1.0190818059052351), (75980, 1.0193685350616541), (46868, 1.020189796067977), (38367, 1.020493561129557), (75774, 1.0206240355095215), (55591, 1.0207641863597405), (33175, 1.0213429223582398), (94506, 1.0214048978327706), (92523, 1.0216961672093177), (75828, 1.0218160466445205), (64918, 1.022079032104084), (17981, 1.0222979892130692), (49969, 1.0223818277470793), (99543, 1.0224200716933347), (39538, 1.0225544388509682), (14804, 1.0226180312065294)]
[('Limit  (cost=3568.07..3568.47 rows=160 width=12) (actual time=323.439..323.455 rows=160 loops=1)',), ('  ->  Sort  (cost=3568.07..3569.31 rows=497 width=12) (actual time=323.438..323.445 rows=160 loops=1)',), ("        Sort Key: ((iv_v <-> '[0.0395,0.0384,0.0593,0.1022,0.0677,0.0688,0.0859,0.0352,0.0609,0.0466,0.0351,0.0229,0.0148,0.0209,0.0394,0.0269,0.018,0.031,0.0698,0.0888,0.0529,0.0463,0.0545,0.0361,0.0462,0.0412,0.0348,0.0268,0.0115,0.0175,0.0492,0.0297,0.0221,0.0506,0.0659,0.0586,0.0313,0.0712,0.0386,0.0387,0.0326,0.0364,0.0402,0.0368,0.017,0.0184,0.0543,0.0508,0.0391,0.0932,0.1039,0.0601,0.044,0.1264,0.0602,0.0749,0.019,0.0337,0.0961,0.0623,0.0227,0.0285,0.061,0.0647,0.0789,0.0985,0.1225,0.0831,0.0552,0.1415,0.1188,0.1061,0.0237,0.0452,0.183,0.0502,0.0408,0.0451,0.1173,0.0599,0.0501,0.0757,0.0752,0.0564,0.0347,0.1094,0.0892,0.06,0.0265,0.035,0.0853,0.0296,0.0172,0.0355,0.1018,0.0394,0.0274,0.0351,0.0667,0.0694,0.0251,0.0677,0.0353,0.0346,0.0428,0.044,0.0262,0.0223,0.0185,0.0205,0.0558,0.0397,0.0238,0.0433,0.0363,0.0745,0.0424,0.0732,0.0616,0.038,0.0559,0.0361,0.0279,0.0257,0.0151,0.0191,0.0301,0.0322,0.0667,0.0655,0.0902,0.1118,0.0764,0.1144,0.1063,0.0373,0.0508,0.039,0.0422,0.0241,0.0293,0.0292,0.0624,0.0651,0.025,0.0357,0.0631,0.1018,0.0374,0.0563,0.0391,0.03,0.0371,0.0461,0.0454,0.0226,0.0142,0.0219,0.0497,0.0443,0.0294,0.0465,0.0676,0.0555,0.0307,0.0872,0.0376,0.0421,0.0318,0.0466,0.0266,0.0296,0.0211,0.0324,0.0323,0.0238,0.0246,0.0651,0.087,0.049,0.0304,0.1311,0.0754,0.0291,0.0247,0.0456,0.0632,0.0679,0.0274,0.0239,0.0614,0.0673,0.046,0.0631,0.1073,0.0719,0.0473,0.1549,0.1314,0.0378,0.0302,0.0571,0.1423,0.0641,0.0328,0.0367,0.1366,0.0579,0.0224,0.0416,0.0768,0.0778,0.0335,0.1176,0.0794,0.038,0.0261,0.036,0.0864,0.0476,0.0144,0.0225,0.1065,0.0558,0.0238,0.0403,0.082,0.0548,0.0438,0.071,0.0378,0.0476,0.0346,0.0488,0.0197,0.0202,0.0178,0.0144,0.0514,0.0432,0.0375,0.0595,0.0348,0.0533,0.0505,0.0914,0.0668,0.0489,0.0521,0.033,0.0263,0.0327,0.0182,0.0183,0.0264,0.0438,0.0487,0.0515,0.0501,0.0654,0.016,0.0673,0.0375,0.0175,0.0215,0.042,0.0199,0.0181,0.0482,0.0253,0.0283,0.0509,0.0249,0.0566,0.0893,0.0414,0.0288,0.0584,0.0299,0.0254,0.0457,0.0586,0.0402,0.0198,0.029,0.0346,0.0537,0.0296,0.0328,0.0934,0.1517,0.0745,0.0566,0.0819,0.0833,0.056,0.0398,0.0306,0.0738,0.0281,0.0153,0.0739,0.1196,0.0319,0.0197,0.0403,0.0639,0.047,0.0347,0.0539,0.0443,0.0213,0.0203,0.0289,0.029,0.0159,0.0203,0.0364,0.0393,0.0246,0.0298,0.0373,0.0454,0.0655,0.0683,0.0874,0.098,0.0287,0.0635,0.0674,0.0419,0.0192,0.0193,0.0241,0.0388,0.0295,0.0141,0.0281,0.0519,0.0528,0.058,0.1103,0.0553,0.0272,0.0418,0.0418,0.0365,0.0201,0.013,0.0194,0.0507,0.0259,0.0174,0.0447,0.0531,0.0416,0.0366,0.0714,0.0322,0.0342,0.031,0.1006,0.0473,0.0348,0.0125,0.0265,0.056,0.0447,0.0245,0.0754,0.0828,0.0465,0.0585,0.1342,0.049,0.0627,0.0329,0.1089,0.1035,0.0574,0.0206,0.0294,0.0623,0.0564,0.0554,0.0824,0.0948,0.0613,0.069,0.1621,0.0985,0.0928,0.0236,0.0591,0.1686,0.047,0.0399,0.0427,0.1132,0.0501,0.0355,0.0624,0.0577,0.0352,0.0499,0.1113,0.0801,0.0546,0.032,0.0351,0.0826,0.0273,0.0185,0.0306,0.0908,0.0383,0.0212,0.0281,0.0518,0.0461,0.0273,0.0749,0.0336,0.0285,0.0415,0.046,0.0264,0.016,0.0124,0.0192,0.0574,0.0299,0.0175,0.0395,0.0302,0.0547,0.0535,0.0964,0.0678,0.0336,0.0615,0.0466,0.038,0.0195,0.012,0.0168,0.0317,0.0272,0.0458,0.0675,0.0731,0.0849,0.0843,0.1395,0.127,0.0366,0.0554,0.0801,0.0686,0.0219,0.0344,0.0277,0.0492,0.0616,0.0211,0.0444,0.0484,0.066,0.0587,0.0934,0.0533,0.0243,0.0243,0.0389,0.045,0.0213,0.0134,0.0288,0.0519,0.0344,0.0304,0.0536,0.0572,0.044,0.062,0.1021,0.0391,0.0338,0.0362,0.1337,0.0373,0.0275,0.0156,0.0425,0.029,0.0214,0.0157,0.0638,0.0712,0.0437,0.0885,0.2152,0.062,0.0223,0.0546,0.1808,0.106,0.0594,0.0224,0.0359,0.0524,0.0572,0.0432,0.066,0.0862,0.0567,0.1092,0.2191,0.1108,0.0365,0.0441,0.0894,0.1544,0.0574,0.0288,0.0333,0.1362,0.0473,0.0286,0.0522,0.0555,0.0498,0.0801,0.1573,0.0778,0.0334,0.0317,0.0339,0.0807,0.0425,0.014,0.0191,0.0988,0.0441,0.0174,0.0291,0.0522,0.0303,0.0396,0.0752,0.0317,0.0336,0.0423,0.0573,0.023,0.0145,0.0122,0.0155,0.0402,0.0284,0.031,0.0506,0.0286,0.0453,0.0852,0.1073,0.0718,0.0451,0.0575,0.0549,0.0461,0.0262,0.0171,0.0157,0.0205,0.0373,0.0482,0.0719,0.0467,0.052,0.0383,0.0802,0.0241,0.0146,0.0166,0.0318,0.0238,0.0144,0.0383,0.0332,0.0324,0.0437,0.0199,0.0456,0.0597,0.034,0.0456,0.1084,0.0438,0.0239,0.0462,0.088,0.0294,0.0241,0.0225,0.0385,0.0457,0.0248,0.0294,0.078,0.1191,0.0557,0.0852,0.1542,0.1082,0.0515,0.0538,0.0913,0.0869,0.0267,0.015,0.0603,0.0984,0.0287,0.0227,0.0412,0.0477,0.0313,0.0385,0.0818,0.0464,0.0192,0.0183,0.0231,0.0333,0.0151,0.0178,0.0374,0.0358,0.0222,0.0363,0.0399,0.0572,0.0858,0.0686,0.0911,0.0985,0.0325,0.0622,0.0653,0.0418,0.0196,0.0168,0.0215,0.0445,0.0309,0.017,0.0302,0.0629,0.0669,0.0601,0.1099,0.0547,0.0337,0.0443,0.04,0.0359,0.023,0.0127,0.0172,0.0545,0.0272,0.0201,0.0461,0.0583,0.0464,0.0415,0.0737,0.0356,0.0382,0.0276,0.0909,0.0448,0.0384,0.0161,0.0243,0.0539,0.0456,0.0288,0.0782,0.0901,0.0519,0.0623,0.1409,0.0524,0.0725,0.0304,0.1066,0.1049,0.0634,0.0235,0.035,0.0673,0.0624,0.0622,0.091,0.1108,0.0777,0.0752,0.166,0.1094,0.1101,0.0289,0.0588,0.1796,0.049,0.0398,0.05,0.1249,0.0592,0.0402,0.0657,0.0702,0.0486,0.0515,0.1123,0.0833,0.0611,0.0328,0.0334,0.0874,0.0273,0.0167,0.0308,0.101,0.0415,0.0209,0.0289,0.0556,0.0507,0.0313,0.071,0.0304,0.0304,0.0413,0.0486,0.0231,0.0185,0.0157,0.0213,0.0566,0.0326,0.0211,0.0399,0.0332,0.0662,0.0575,0.0874,0.0649,0.0332,0.0627,0.0439,0.0341,0.0227,0.0144,0.0168,0.0304,0.028,0.0467,0.0709,0.0907,0.0974,0.0922,0.1468,0.1325,0.043,0.0544,0.0763,0.0707,0.0254,0.0296,0.0267,0.0612,0.0676,0.0207,0.0468,0.0595,0.0826,0.0605,0.0973,0.0542,0.0328,0.0237,0.0439,0.0431,0.0261,0.0129,0.0255,0.0589,0.0419,0.0304,0.0556,0.0626,0.0514,0.0629,0.1105,0.0436,0.0375,0.0364,0.135,0.0366,0.0314,0.0186,0.0427,0.0299,0.0236,0.0206,0.0634,0.0786,0.0473,0.0932,0.2228,0.0647,0.0249,0.054,0.1788,0.1082,0.0638,0.0276,0.0362,0.0571,0.0657,0.0542,0.0726,0.102,0.0686,0.1215,0.229,0.1334,0.0478,0.0549,0.0935,0.1767,0.0702,0.0371,0.0386,0.1481,0.0551,0.0276,0.0504,0.0686,0.0665,0.0866,0.1606,0.087,0.0404,0.035,0.0335,0.0947,0.0529,0.015,0.0226,0.1122,0.0553,0.0164,0.0296,0.0645,0.0438,0.0426,0.0801,0.0335,0.035,0.0438,0.0546,0.0216,0.0153,0.0136,0.0164,0.0499,0.0366,0.0345,0.0554,0.0354,0.0543,0.0912,0.1173,0.0724,0.0488,0.0624,0.0512,0.0406,0.0326,0.0157,0.0145,0.0242,0.0465,0.0456,0.0691,0.0475,0.053,0.0412,0.0854,0.0285,0.019,0.0219,0.0346,0.0224,0.0159,0.0365,0.0274,0.0277,0.041,0.021,0.05,0.0674,0.0369,0.0467,0.1111,0.049,0.0296,0.053,0.0885,0.0352,0.0254,0.026,0.0402,0.0529,0.0255,0.0341,0.0899,0.1371,0.0678,0.089,0.1635,0.1274,0.0629,0.0618,0.0946,0.1059,0.035,0.0181,0.0675,0.1153,0.0331,0.0214,0.0406,0.0542,0.036,0.0401,0.0856,0.0566,0.0233,0.0218,0.0245,0.0406,0.0187,0.0186,0.0386,0.0403,0.0222]'::vector))",), ('        Sort Method: top-N heapsort  Memory: 37kB',), ('        ->  Seq Scan on item_vector  (cost=0.00..3547.39 rows=497 width=12) (actual time=0.018..310.852 rows=100000 loops=1)',), ("              Filter: (mod((iv_id)::numeric, '1'::numeric) = '0'::numeric)",), ('Planning Time: 0.061 ms',), ('Execution Time: 323.475 ms',)]
1 100000 183
100000 183
[(21551, 0.8882644893302999), (8305, 0.8939738306785324), (28123, 0.9019538400282903), (57363, 0.906300641979776), (42140, 0.9104190823474205), (7909, 0.9201504368727164), (15432, 0.9256672527449661), (92232, 0.9338932275271034), (8700, 0.9349296301609904), (8720, 0.9408254137429496), (17198, 0.941044084839877), (91127, 0.9452928273069199), (153, 0.9477220202687767), (98965, 0.948271227469524), (14788, 0.9511547047908026), (52603, 0.95167005209869), (88677, 0.9519871658293554), (27904, 0.9533511034325264), (80779, 0.9538594839768471), (27883, 0.958317697784473), (82958, 0.9639998231666055), (28280, 0.9644968436225593), (11339, 0.9685856156700682), (17647, 0.9686375214282694), (73263, 0.9688624655137069), (890, 0.9688854738077101), (50425, 0.9708830822052874), (5017, 0.9714372955559626), (39323, 0.9716241715257264), (41563, 0.971669750066961), (54869, 0.9722306572835824), (22640, 0.9727769340192194), (31433, 0.9728596792474088), (27878, 0.9731558010981898), (42387, 0.9737516309653496), (91070, 0.9738339873442335), (60338, 0.9756750117697588), (85711, 0.977465219976513), (15297, 0.9789401901705966), (69461, 0.9789880765553152), (93394, 0.9794398832951241), (10441, 0.9809322401515187), (46526, 0.9811533327535263), (25032, 0.9827593608615139), (16771, 0.9833109721103592), (84412, 0.985686321878748), (90696, 0.9858619419169985), (25692, 0.9868865896538583), (88938, 0.9877269834087832), (62962, 0.9877570952361215), (74672, 0.9878027741515462), (58452, 0.9878059420297045), (32331, 0.9880196447504376), (35472, 0.9887646484254436), (94888, 0.9900856282550317), (61015, 0.9901329756065053), (40563, 0.9905465440939868), (67156, 0.9915460630750268), (81098, 0.9921230986111812), (61818, 0.9924737111989211), (28672, 0.9930446256615549), (46301, 0.9930713651564991), (17065, 0.993702640244634), (2352, 0.9940572827372248), (8697, 0.994143382969836), (86577, 0.9942119100678016), (51897, 0.9946610862683631), (15491, 0.9946975497050607), (61601, 0.9947971956322428), (99883, 0.9954589017453643), (4710, 0.9956304931489088), (10703, 0.9959733478856181), (27404, 0.9980341244235823), (74108, 0.9981603987119012), (56000, 0.9983165399054936), (87577, 0.9987097403345718), (5517, 0.9992546641775635), (29479, 0.999387792108195), (2225, 0.9998681756392481), (98591, 1.0007765258391683), (86836, 1.0008823555134974), (51576, 1.001178583367504), (28375, 1.001237699359291), (32178, 1.001403598409884), (89336, 1.00155149742427), (89599, 1.0017276978795973), (12490, 1.0018206949443227), (77324, 1.0020581761068628), (70007, 1.0021214631903133), (7149, 1.002377901513814), (3845, 1.0025578211521857), (54691, 1.0026696452107557), (64933, 1.0030792629950271), (78482, 1.003982481678264), (3848, 1.004826046421872), (39698, 1.0048950313199672), (76772, 1.0067264116212682), (15567, 1.0067964503539797), (55400, 1.0073309050803598), (11996, 1.0073645727420493), (85873, 1.0077676689171817), (43763, 1.007994406200207), (39536, 1.0080528268443993), (70621, 1.0083274412902525), (82553, 1.0092939976174975), (9543, 1.0093267139896378), (10977, 1.0095386360676435), (2351, 1.0098282519754802), (43848, 1.00985923938184), (67599, 1.0098803692965457), (3240, 1.010155431005112), (50750, 1.0108373624800482), (49234, 1.0111026729213006), (47490, 1.0112248102358583), (75692, 1.0113580126893407), (60360, 1.0115603761176344), (65208, 1.0116619550751307), (26045, 1.011983711571467), (68769, 1.0120567434709404), (92621, 1.0123973323432687), (28923, 1.0124202932372954), (7415, 1.0127020222249392), (8203, 1.0131422949037812), (1607, 1.0134112366629484), (1693, 1.0134675806823403), (40633, 1.01361142604864), (2995, 1.0137819439879834), (69877, 1.0139199837107067), (66913, 1.0144804741158726), (2725, 1.0154808529016504), (90899, 1.0156779935656106), (44519, 1.0157469456162231), (83732, 1.0158215846028253), (60817, 1.0162440834013942), (88891, 1.0162992733392104), (49934, 1.0163996163341604), (15852, 1.016490391525888), (56514, 1.0169882208518044), (34464, 1.017448431671822), (34435, 1.017448431671822), (5583, 1.0187736999937775), (56024, 1.0188570680113187), (96837, 1.01895277193515), (38302, 1.0189872839810912), (92478, 1.0190818059052351), (75980, 1.0193685350616541), (46868, 1.020189796067977), (38367, 1.020493561129557), (75774, 1.0206240355095215), (55591, 1.0207641863597405), (33175, 1.0213429223582398), (94506, 1.0214048978327706), (92523, 1.0216961672093177), (75828, 1.0218160466445205), (64918, 1.022079032104084), (17981, 1.0222979892130692), (49969, 1.0223818277470793), (99543, 1.0224200716933347), (39538, 1.0225544388509682), (14804, 1.0226180312065294), (54875, 1.0231525519499853), (95483, 1.0232811728323237), (4521, 1.0238985959411229), (68423, 1.0239850974376898), (91871, 1.0242172648566774), (43277, 1.0247948650618588), (24060, 1.0252930803677671), (10651, 1.0257680434504837), (61645, 1.0262641600957314), (47156, 1.0264264787413133), (9909, 1.0264439576798365), (99617, 1.0265274576044328), (21254, 1.0265474315448975), (53915, 1.0268503607071002), (87884, 1.0270500198336772), (1694, 1.027243431618051), (70465, 1.0285290744364302), (34626, 1.0287125320378756), (92214, 1.0288080143938212), (48587, 1.0290115221488771), (64140, 1.0291487932905448), (67555, 1.0292245452194175), (21598, 1.0292396601893503)]
[('Limit  (cost=3568.55..3569.01 rows=183 width=12) (actual time=324.859..324.877 rows=183 loops=1)',), ('  ->  Sort  (cost=3568.55..3569.80 rows=497 width=12) (actual time=324.858..324.866 rows=183 loops=1)',), ("        Sort Key: ((iv_v <-> '[0.0395,0.0384,0.0593,0.1022,0.0677,0.0688,0.0859,0.0352,0.0609,0.0466,0.0351,0.0229,0.0148,0.0209,0.0394,0.0269,0.018,0.031,0.0698,0.0888,0.0529,0.0463,0.0545,0.0361,0.0462,0.0412,0.0348,0.0268,0.0115,0.0175,0.0492,0.0297,0.0221,0.0506,0.0659,0.0586,0.0313,0.0712,0.0386,0.0387,0.0326,0.0364,0.0402,0.0368,0.017,0.0184,0.0543,0.0508,0.0391,0.0932,0.1039,0.0601,0.044,0.1264,0.0602,0.0749,0.019,0.0337,0.0961,0.0623,0.0227,0.0285,0.061,0.0647,0.0789,0.0985,0.1225,0.0831,0.0552,0.1415,0.1188,0.1061,0.0237,0.0452,0.183,0.0502,0.0408,0.0451,0.1173,0.0599,0.0501,0.0757,0.0752,0.0564,0.0347,0.1094,0.0892,0.06,0.0265,0.035,0.0853,0.0296,0.0172,0.0355,0.1018,0.0394,0.0274,0.0351,0.0667,0.0694,0.0251,0.0677,0.0353,0.0346,0.0428,0.044,0.0262,0.0223,0.0185,0.0205,0.0558,0.0397,0.0238,0.0433,0.0363,0.0745,0.0424,0.0732,0.0616,0.038,0.0559,0.0361,0.0279,0.0257,0.0151,0.0191,0.0301,0.0322,0.0667,0.0655,0.0902,0.1118,0.0764,0.1144,0.1063,0.0373,0.0508,0.039,0.0422,0.0241,0.0293,0.0292,0.0624,0.0651,0.025,0.0357,0.0631,0.1018,0.0374,0.0563,0.0391,0.03,0.0371,0.0461,0.0454,0.0226,0.0142,0.0219,0.0497,0.0443,0.0294,0.0465,0.0676,0.0555,0.0307,0.0872,0.0376,0.0421,0.0318,0.0466,0.0266,0.0296,0.0211,0.0324,0.0323,0.0238,0.0246,0.0651,0.087,0.049,0.0304,0.1311,0.0754,0.0291,0.0247,0.0456,0.0632,0.0679,0.0274,0.0239,0.0614,0.0673,0.046,0.0631,0.1073,0.0719,0.0473,0.1549,0.1314,0.0378,0.0302,0.0571,0.1423,0.0641,0.0328,0.0367,0.1366,0.0579,0.0224,0.0416,0.0768,0.0778,0.0335,0.1176,0.0794,0.038,0.0261,0.036,0.0864,0.0476,0.0144,0.0225,0.1065,0.0558,0.0238,0.0403,0.082,0.0548,0.0438,0.071,0.0378,0.0476,0.0346,0.0488,0.0197,0.0202,0.0178,0.0144,0.0514,0.0432,0.0375,0.0595,0.0348,0.0533,0.0505,0.0914,0.0668,0.0489,0.0521,0.033,0.0263,0.0327,0.0182,0.0183,0.0264,0.0438,0.0487,0.0515,0.0501,0.0654,0.016,0.0673,0.0375,0.0175,0.0215,0.042,0.0199,0.0181,0.0482,0.0253,0.0283,0.0509,0.0249,0.0566,0.0893,0.0414,0.0288,0.0584,0.0299,0.0254,0.0457,0.0586,0.0402,0.0198,0.029,0.0346,0.0537,0.0296,0.0328,0.0934,0.1517,0.0745,0.0566,0.0819,0.0833,0.056,0.0398,0.0306,0.0738,0.0281,0.0153,0.0739,0.1196,0.0319,0.0197,0.0403,0.0639,0.047,0.0347,0.0539,0.0443,0.0213,0.0203,0.0289,0.029,0.0159,0.0203,0.0364,0.0393,0.0246,0.0298,0.0373,0.0454,0.0655,0.0683,0.0874,0.098,0.0287,0.0635,0.0674,0.0419,0.0192,0.0193,0.0241,0.0388,0.0295,0.0141,0.0281,0.0519,0.0528,0.058,0.1103,0.0553,0.0272,0.0418,0.0418,0.0365,0.0201,0.013,0.0194,0.0507,0.0259,0.0174,0.0447,0.0531,0.0416,0.0366,0.0714,0.0322,0.0342,0.031,0.1006,0.0473,0.0348,0.0125,0.0265,0.056,0.0447,0.0245,0.0754,0.0828,0.0465,0.0585,0.1342,0.049,0.0627,0.0329,0.1089,0.1035,0.0574,0.0206,0.0294,0.0623,0.0564,0.0554,0.0824,0.0948,0.0613,0.069,0.1621,0.0985,0.0928,0.0236,0.0591,0.1686,0.047,0.0399,0.0427,0.1132,0.0501,0.0355,0.0624,0.0577,0.0352,0.0499,0.1113,0.0801,0.0546,0.032,0.0351,0.0826,0.0273,0.0185,0.0306,0.0908,0.0383,0.0212,0.0281,0.0518,0.0461,0.0273,0.0749,0.0336,0.0285,0.0415,0.046,0.0264,0.016,0.0124,0.0192,0.0574,0.0299,0.0175,0.0395,0.0302,0.0547,0.0535,0.0964,0.0678,0.0336,0.0615,0.0466,0.038,0.0195,0.012,0.0168,0.0317,0.0272,0.0458,0.0675,0.0731,0.0849,0.0843,0.1395,0.127,0.0366,0.0554,0.0801,0.0686,0.0219,0.0344,0.0277,0.0492,0.0616,0.0211,0.0444,0.0484,0.066,0.0587,0.0934,0.0533,0.0243,0.0243,0.0389,0.045,0.0213,0.0134,0.0288,0.0519,0.0344,0.0304,0.0536,0.0572,0.044,0.062,0.1021,0.0391,0.0338,0.0362,0.1337,0.0373,0.0275,0.0156,0.0425,0.029,0.0214,0.0157,0.0638,0.0712,0.0437,0.0885,0.2152,0.062,0.0223,0.0546,0.1808,0.106,0.0594,0.0224,0.0359,0.0524,0.0572,0.0432,0.066,0.0862,0.0567,0.1092,0.2191,0.1108,0.0365,0.0441,0.0894,0.1544,0.0574,0.0288,0.0333,0.1362,0.0473,0.0286,0.0522,0.0555,0.0498,0.0801,0.1573,0.0778,0.0334,0.0317,0.0339,0.0807,0.0425,0.014,0.0191,0.0988,0.0441,0.0174,0.0291,0.0522,0.0303,0.0396,0.0752,0.0317,0.0336,0.0423,0.0573,0.023,0.0145,0.0122,0.0155,0.0402,0.0284,0.031,0.0506,0.0286,0.0453,0.0852,0.1073,0.0718,0.0451,0.0575,0.0549,0.0461,0.0262,0.0171,0.0157,0.0205,0.0373,0.0482,0.0719,0.0467,0.052,0.0383,0.0802,0.0241,0.0146,0.0166,0.0318,0.0238,0.0144,0.0383,0.0332,0.0324,0.0437,0.0199,0.0456,0.0597,0.034,0.0456,0.1084,0.0438,0.0239,0.0462,0.088,0.0294,0.0241,0.0225,0.0385,0.0457,0.0248,0.0294,0.078,0.1191,0.0557,0.0852,0.1542,0.1082,0.0515,0.0538,0.0913,0.0869,0.0267,0.015,0.0603,0.0984,0.0287,0.0227,0.0412,0.0477,0.0313,0.0385,0.0818,0.0464,0.0192,0.0183,0.0231,0.0333,0.0151,0.0178,0.0374,0.0358,0.0222,0.0363,0.0399,0.0572,0.0858,0.0686,0.0911,0.0985,0.0325,0.0622,0.0653,0.0418,0.0196,0.0168,0.0215,0.0445,0.0309,0.017,0.0302,0.0629,0.0669,0.0601,0.1099,0.0547,0.0337,0.0443,0.04,0.0359,0.023,0.0127,0.0172,0.0545,0.0272,0.0201,0.0461,0.0583,0.0464,0.0415,0.0737,0.0356,0.0382,0.0276,0.0909,0.0448,0.0384,0.0161,0.0243,0.0539,0.0456,0.0288,0.0782,0.0901,0.0519,0.0623,0.1409,0.0524,0.0725,0.0304,0.1066,0.1049,0.0634,0.0235,0.035,0.0673,0.0624,0.0622,0.091,0.1108,0.0777,0.0752,0.166,0.1094,0.1101,0.0289,0.0588,0.1796,0.049,0.0398,0.05,0.1249,0.0592,0.0402,0.0657,0.0702,0.0486,0.0515,0.1123,0.0833,0.0611,0.0328,0.0334,0.0874,0.0273,0.0167,0.0308,0.101,0.0415,0.0209,0.0289,0.0556,0.0507,0.0313,0.071,0.0304,0.0304,0.0413,0.0486,0.0231,0.0185,0.0157,0.0213,0.0566,0.0326,0.0211,0.0399,0.0332,0.0662,0.0575,0.0874,0.0649,0.0332,0.0627,0.0439,0.0341,0.0227,0.0144,0.0168,0.0304,0.028,0.0467,0.0709,0.0907,0.0974,0.0922,0.1468,0.1325,0.043,0.0544,0.0763,0.0707,0.0254,0.0296,0.0267,0.0612,0.0676,0.0207,0.0468,0.0595,0.0826,0.0605,0.0973,0.0542,0.0328,0.0237,0.0439,0.0431,0.0261,0.0129,0.0255,0.0589,0.0419,0.0304,0.0556,0.0626,0.0514,0.0629,0.1105,0.0436,0.0375,0.0364,0.135,0.0366,0.0314,0.0186,0.0427,0.0299,0.0236,0.0206,0.0634,0.0786,0.0473,0.0932,0.2228,0.0647,0.0249,0.054,0.1788,0.1082,0.0638,0.0276,0.0362,0.0571,0.0657,0.0542,0.0726,0.102,0.0686,0.1215,0.229,0.1334,0.0478,0.0549,0.0935,0.1767,0.0702,0.0371,0.0386,0.1481,0.0551,0.0276,0.0504,0.0686,0.0665,0.0866,0.1606,0.087,0.0404,0.035,0.0335,0.0947,0.0529,0.015,0.0226,0.1122,0.0553,0.0164,0.0296,0.0645,0.0438,0.0426,0.0801,0.0335,0.035,0.0438,0.0546,0.0216,0.0153,0.0136,0.0164,0.0499,0.0366,0.0345,0.0554,0.0354,0.0543,0.0912,0.1173,0.0724,0.0488,0.0624,0.0512,0.0406,0.0326,0.0157,0.0145,0.0242,0.0465,0.0456,0.0691,0.0475,0.053,0.0412,0.0854,0.0285,0.019,0.0219,0.0346,0.0224,0.0159,0.0365,0.0274,0.0277,0.041,0.021,0.05,0.0674,0.0369,0.0467,0.1111,0.049,0.0296,0.053,0.0885,0.0352,0.0254,0.026,0.0402,0.0529,0.0255,0.0341,0.0899,0.1371,0.0678,0.089,0.1635,0.1274,0.0629,0.0618,0.0946,0.1059,0.035,0.0181,0.0675,0.1153,0.0331,0.0214,0.0406,0.0542,0.036,0.0401,0.0856,0.0566,0.0233,0.0218,0.0245,0.0406,0.0187,0.0186,0.0386,0.0403,0.0222]'::vector))",), ('        Sort Method: top-N heapsort  Memory: 39kB',), ('        ->  Seq Scan on item_vector  (cost=0.00..3547.39 rows=497 width=12) (actual time=0.015..312.273 rows=100000 loops=1)',), ("              Filter: (mod((iv_id)::numeric, '1'::numeric) = '0'::numeric)",), ('Planning Time: 0.064 ms',), ('Execution Time: 324.900 ms',)]
1 100000 184
100000 184
[(21551, 0.8882644893302999), (8305, 0.8939738306785324), (28123, 0.9019538400282903), (57363, 0.906300641979776), (42140, 0.9104190823474205), (7909, 0.9201504368727164), (15432, 0.9256672527449661), (92232, 0.9338932275271034), (8700, 0.9349296301609904), (8720, 0.9408254137429496), (17198, 0.941044084839877), (91127, 0.9452928273069199), (153, 0.9477220202687767), (98965, 0.948271227469524), (14788, 0.9511547047908026), (52603, 0.95167005209869), (88677, 0.9519871658293554), (27904, 0.9533511034325264), (80779, 0.9538594839768471), (27883, 0.958317697784473), (82958, 0.9639998231666055), (28280, 0.9644968436225593), (11339, 0.9685856156700682), (17647, 0.9686375214282694), (73263, 0.9688624655137069), (890, 0.9688854738077101), (50425, 0.9708830822052874), (5017, 0.9714372955559626), (39323, 0.9716241715257264), (41563, 0.971669750066961), (54869, 0.9722306572835824), (22640, 0.9727769340192194), (31433, 0.9728596792474088), (27878, 0.9731558010981898), (42387, 0.9737516309653496), (91070, 0.9738339873442335), (60338, 0.9756750117697588), (85711, 0.977465219976513), (15297, 0.9789401901705966), (69461, 0.9789880765553152), (93394, 0.9794398832951241), (10441, 0.9809322401515187), (46526, 0.9811533327535263), (25032, 0.9827593608615139), (16771, 0.9833109721103592), (84412, 0.985686321878748), (90696, 0.9858619419169985), (25692, 0.9868865896538583), (88938, 0.9877269834087832), (62962, 0.9877570952361215), (74672, 0.9878027741515462), (58452, 0.9878059420297045), (32331, 0.9880196447504376), (35472, 0.9887646484254436), (94888, 0.9900856282550317), (61015, 0.9901329756065053), (40563, 0.9905465440939868), (67156, 0.9915460630750268), (81098, 0.9921230986111812), (61818, 0.9924737111989211), (28672, 0.9930446256615549), (46301, 0.9930713651564991), (17065, 0.993702640244634), (2352, 0.9940572827372248), (8697, 0.994143382969836), (86577, 0.9942119100678016), (51897, 0.9946610862683631), (15491, 0.9946975497050607), (61601, 0.9947971956322428), (99883, 0.9954589017453643), (4710, 0.9956304931489088), (10703, 0.9959733478856181), (27404, 0.9980341244235823), (74108, 0.9981603987119012), (56000, 0.9983165399054936), (87577, 0.9987097403345718), (5517, 0.9992546641775635), (29479, 0.999387792108195), (2225, 0.9998681756392481), (98591, 1.0007765258391683), (86836, 1.0008823555134974), (51576, 1.001178583367504), (28375, 1.001237699359291), (32178, 1.001403598409884), (89336, 1.00155149742427), (89599, 1.0017276978795973), (12490, 1.0018206949443227), (77324, 1.0020581761068628), (70007, 1.0021214631903133), (7149, 1.002377901513814), (3845, 1.0025578211521857), (54691, 1.0026696452107557), (64933, 1.0030792629950271), (78482, 1.003982481678264), (3848, 1.004826046421872), (39698, 1.0048950313199672), (76772, 1.0067264116212682), (15567, 1.0067964503539797), (55400, 1.0073309050803598), (11996, 1.0073645727420493), (85873, 1.0077676689171817), (43763, 1.007994406200207), (39536, 1.0080528268443993), (70621, 1.0083274412902525), (82553, 1.0092939976174975), (9543, 1.0093267139896378), (10977, 1.0095386360676435), (2351, 1.0098282519754802), (43848, 1.00985923938184), (67599, 1.0098803692965457), (3240, 1.010155431005112), (50750, 1.0108373624800482), (49234, 1.0111026729213006), (47490, 1.0112248102358583), (75692, 1.0113580126893407), (60360, 1.0115603761176344), (65208, 1.0116619550751307), (26045, 1.011983711571467), (68769, 1.0120567434709404), (92621, 1.0123973323432687), (28923, 1.0124202932372954), (7415, 1.0127020222249392), (8203, 1.0131422949037812), (1607, 1.0134112366629484), (1693, 1.0134675806823403), (40633, 1.01361142604864), (2995, 1.0137819439879834), (69877, 1.0139199837107067), (66913, 1.0144804741158726), (2725, 1.0154808529016504), (90899, 1.0156779935656106), (44519, 1.0157469456162231), (83732, 1.0158215846028253), (60817, 1.0162440834013942), (88891, 1.0162992733392104), (49934, 1.0163996163341604), (15852, 1.016490391525888), (56514, 1.0169882208518044), (34435, 1.017448431671822), (34464, 1.017448431671822), (5583, 1.0187736999937775), (56024, 1.0188570680113187), (96837, 1.01895277193515), (38302, 1.0189872839810912), (92478, 1.0190818059052351), (75980, 1.0193685350616541), (46868, 1.020189796067977), (38367, 1.020493561129557), (75774, 1.0206240355095215), (55591, 1.0207641863597405), (33175, 1.0213429223582398), (94506, 1.0214048978327706), (92523, 1.0216961672093177), (75828, 1.0218160466445205), (64918, 1.022079032104084), (17981, 1.0222979892130692), (49969, 1.0223818277470793), (99543, 1.0224200716933347), (39538, 1.0225544388509682), (14804, 1.0226180312065294), (54875, 1.0231525519499853), (95483, 1.0232811728323237), (4521, 1.0238985959411229), (68423, 1.0239850974376898), (91871, 1.0242172648566774), (43277, 1.0247948650618588), (24060, 1.0252930803677671), (10651, 1.0257680434504837), (61645, 1.0262641600957314), (47156, 1.0264264787413133), (9909, 1.0264439576798365), (99617, 1.0265274576044328), (21254, 1.0265474315448975), (53915, 1.0268503607071002), (87884, 1.0270500198336772), (1694, 1.027243431618051), (70465, 1.0285290744364302), (34626, 1.0287125320378756), (92214, 1.0288080143938212), (48587, 1.0290115221488771), (64140, 1.0291487932905448), (67555, 1.0292245452194175), (21598, 1.0292396601893503), (41127, 1.02931245216584)]
[('Limit  (cost=3568.57..3569.03 rows=184 width=12) (actual time=326.722..326.741 rows=184 loops=1)',), ('  ->  Sort  (cost=3568.57..3569.82 rows=497 width=12) (actual time=326.721..326.730 rows=184 loops=1)',), ("        Sort Key: ((iv_v <-> '[0.0395,0.0384,0.0593,0.1022,0.0677,0.0688,0.0859,0.0352,0.0609,0.0466,0.0351,0.0229,0.0148,0.0209,0.0394,0.0269,0.018,0.031,0.0698,0.0888,0.0529,0.0463,0.0545,0.0361,0.0462,0.0412,0.0348,0.0268,0.0115,0.0175,0.0492,0.0297,0.0221,0.0506,0.0659,0.0586,0.0313,0.0712,0.0386,0.0387,0.0326,0.0364,0.0402,0.0368,0.017,0.0184,0.0543,0.0508,0.0391,0.0932,0.1039,0.0601,0.044,0.1264,0.0602,0.0749,0.019,0.0337,0.0961,0.0623,0.0227,0.0285,0.061,0.0647,0.0789,0.0985,0.1225,0.0831,0.0552,0.1415,0.1188,0.1061,0.0237,0.0452,0.183,0.0502,0.0408,0.0451,0.1173,0.0599,0.0501,0.0757,0.0752,0.0564,0.0347,0.1094,0.0892,0.06,0.0265,0.035,0.0853,0.0296,0.0172,0.0355,0.1018,0.0394,0.0274,0.0351,0.0667,0.0694,0.0251,0.0677,0.0353,0.0346,0.0428,0.044,0.0262,0.0223,0.0185,0.0205,0.0558,0.0397,0.0238,0.0433,0.0363,0.0745,0.0424,0.0732,0.0616,0.038,0.0559,0.0361,0.0279,0.0257,0.0151,0.0191,0.0301,0.0322,0.0667,0.0655,0.0902,0.1118,0.0764,0.1144,0.1063,0.0373,0.0508,0.039,0.0422,0.0241,0.0293,0.0292,0.0624,0.0651,0.025,0.0357,0.0631,0.1018,0.0374,0.0563,0.0391,0.03,0.0371,0.0461,0.0454,0.0226,0.0142,0.0219,0.0497,0.0443,0.0294,0.0465,0.0676,0.0555,0.0307,0.0872,0.0376,0.0421,0.0318,0.0466,0.0266,0.0296,0.0211,0.0324,0.0323,0.0238,0.0246,0.0651,0.087,0.049,0.0304,0.1311,0.0754,0.0291,0.0247,0.0456,0.0632,0.0679,0.0274,0.0239,0.0614,0.0673,0.046,0.0631,0.1073,0.0719,0.0473,0.1549,0.1314,0.0378,0.0302,0.0571,0.1423,0.0641,0.0328,0.0367,0.1366,0.0579,0.0224,0.0416,0.0768,0.0778,0.0335,0.1176,0.0794,0.038,0.0261,0.036,0.0864,0.0476,0.0144,0.0225,0.1065,0.0558,0.0238,0.0403,0.082,0.0548,0.0438,0.071,0.0378,0.0476,0.0346,0.0488,0.0197,0.0202,0.0178,0.0144,0.0514,0.0432,0.0375,0.0595,0.0348,0.0533,0.0505,0.0914,0.0668,0.0489,0.0521,0.033,0.0263,0.0327,0.0182,0.0183,0.0264,0.0438,0.0487,0.0515,0.0501,0.0654,0.016,0.0673,0.0375,0.0175,0.0215,0.042,0.0199,0.0181,0.0482,0.0253,0.0283,0.0509,0.0249,0.0566,0.0893,0.0414,0.0288,0.0584,0.0299,0.0254,0.0457,0.0586,0.0402,0.0198,0.029,0.0346,0.0537,0.0296,0.0328,0.0934,0.1517,0.0745,0.0566,0.0819,0.0833,0.056,0.0398,0.0306,0.0738,0.0281,0.0153,0.0739,0.1196,0.0319,0.0197,0.0403,0.0639,0.047,0.0347,0.0539,0.0443,0.0213,0.0203,0.0289,0.029,0.0159,0.0203,0.0364,0.0393,0.0246,0.0298,0.0373,0.0454,0.0655,0.0683,0.0874,0.098,0.0287,0.0635,0.0674,0.0419,0.0192,0.0193,0.0241,0.0388,0.0295,0.0141,0.0281,0.0519,0.0528,0.058,0.1103,0.0553,0.0272,0.0418,0.0418,0.0365,0.0201,0.013,0.0194,0.0507,0.0259,0.0174,0.0447,0.0531,0.0416,0.0366,0.0714,0.0322,0.0342,0.031,0.1006,0.0473,0.0348,0.0125,0.0265,0.056,0.0447,0.0245,0.0754,0.0828,0.0465,0.0585,0.1342,0.049,0.0627,0.0329,0.1089,0.1035,0.0574,0.0206,0.0294,0.0623,0.0564,0.0554,0.0824,0.0948,0.0613,0.069,0.1621,0.0985,0.0928,0.0236,0.0591,0.1686,0.047,0.0399,0.0427,0.1132,0.0501,0.0355,0.0624,0.0577,0.0352,0.0499,0.1113,0.0801,0.0546,0.032,0.0351,0.0826,0.0273,0.0185,0.0306,0.0908,0.0383,0.0212,0.0281,0.0518,0.0461,0.0273,0.0749,0.0336,0.0285,0.0415,0.046,0.0264,0.016,0.0124,0.0192,0.0574,0.0299,0.0175,0.0395,0.0302,0.0547,0.0535,0.0964,0.0678,0.0336,0.0615,0.0466,0.038,0.0195,0.012,0.0168,0.0317,0.0272,0.0458,0.0675,0.0731,0.0849,0.0843,0.1395,0.127,0.0366,0.0554,0.0801,0.0686,0.0219,0.0344,0.0277,0.0492,0.0616,0.0211,0.0444,0.0484,0.066,0.0587,0.0934,0.0533,0.0243,0.0243,0.0389,0.045,0.0213,0.0134,0.0288,0.0519,0.0344,0.0304,0.0536,0.0572,0.044,0.062,0.1021,0.0391,0.0338,0.0362,0.1337,0.0373,0.0275,0.0156,0.0425,0.029,0.0214,0.0157,0.0638,0.0712,0.0437,0.0885,0.2152,0.062,0.0223,0.0546,0.1808,0.106,0.0594,0.0224,0.0359,0.0524,0.0572,0.0432,0.066,0.0862,0.0567,0.1092,0.2191,0.1108,0.0365,0.0441,0.0894,0.1544,0.0574,0.0288,0.0333,0.1362,0.0473,0.0286,0.0522,0.0555,0.0498,0.0801,0.1573,0.0778,0.0334,0.0317,0.0339,0.0807,0.0425,0.014,0.0191,0.0988,0.0441,0.0174,0.0291,0.0522,0.0303,0.0396,0.0752,0.0317,0.0336,0.0423,0.0573,0.023,0.0145,0.0122,0.0155,0.0402,0.0284,0.031,0.0506,0.0286,0.0453,0.0852,0.1073,0.0718,0.0451,0.0575,0.0549,0.0461,0.0262,0.0171,0.0157,0.0205,0.0373,0.0482,0.0719,0.0467,0.052,0.0383,0.0802,0.0241,0.0146,0.0166,0.0318,0.0238,0.0144,0.0383,0.0332,0.0324,0.0437,0.0199,0.0456,0.0597,0.034,0.0456,0.1084,0.0438,0.0239,0.0462,0.088,0.0294,0.0241,0.0225,0.0385,0.0457,0.0248,0.0294,0.078,0.1191,0.0557,0.0852,0.1542,0.1082,0.0515,0.0538,0.0913,0.0869,0.0267,0.015,0.0603,0.0984,0.0287,0.0227,0.0412,0.0477,0.0313,0.0385,0.0818,0.0464,0.0192,0.0183,0.0231,0.0333,0.0151,0.0178,0.0374,0.0358,0.0222,0.0363,0.0399,0.0572,0.0858,0.0686,0.0911,0.0985,0.0325,0.0622,0.0653,0.0418,0.0196,0.0168,0.0215,0.0445,0.0309,0.017,0.0302,0.0629,0.0669,0.0601,0.1099,0.0547,0.0337,0.0443,0.04,0.0359,0.023,0.0127,0.0172,0.0545,0.0272,0.0201,0.0461,0.0583,0.0464,0.0415,0.0737,0.0356,0.0382,0.0276,0.0909,0.0448,0.0384,0.0161,0.0243,0.0539,0.0456,0.0288,0.0782,0.0901,0.0519,0.0623,0.1409,0.0524,0.0725,0.0304,0.1066,0.1049,0.0634,0.0235,0.035,0.0673,0.0624,0.0622,0.091,0.1108,0.0777,0.0752,0.166,0.1094,0.1101,0.0289,0.0588,0.1796,0.049,0.0398,0.05,0.1249,0.0592,0.0402,0.0657,0.0702,0.0486,0.0515,0.1123,0.0833,0.0611,0.0328,0.0334,0.0874,0.0273,0.0167,0.0308,0.101,0.0415,0.0209,0.0289,0.0556,0.0507,0.0313,0.071,0.0304,0.0304,0.0413,0.0486,0.0231,0.0185,0.0157,0.0213,0.0566,0.0326,0.0211,0.0399,0.0332,0.0662,0.0575,0.0874,0.0649,0.0332,0.0627,0.0439,0.0341,0.0227,0.0144,0.0168,0.0304,0.028,0.0467,0.0709,0.0907,0.0974,0.0922,0.1468,0.1325,0.043,0.0544,0.0763,0.0707,0.0254,0.0296,0.0267,0.0612,0.0676,0.0207,0.0468,0.0595,0.0826,0.0605,0.0973,0.0542,0.0328,0.0237,0.0439,0.0431,0.0261,0.0129,0.0255,0.0589,0.0419,0.0304,0.0556,0.0626,0.0514,0.0629,0.1105,0.0436,0.0375,0.0364,0.135,0.0366,0.0314,0.0186,0.0427,0.0299,0.0236,0.0206,0.0634,0.0786,0.0473,0.0932,0.2228,0.0647,0.0249,0.054,0.1788,0.1082,0.0638,0.0276,0.0362,0.0571,0.0657,0.0542,0.0726,0.102,0.0686,0.1215,0.229,0.1334,0.0478,0.0549,0.0935,0.1767,0.0702,0.0371,0.0386,0.1481,0.0551,0.0276,0.0504,0.0686,0.0665,0.0866,0.1606,0.087,0.0404,0.035,0.0335,0.0947,0.0529,0.015,0.0226,0.1122,0.0553,0.0164,0.0296,0.0645,0.0438,0.0426,0.0801,0.0335,0.035,0.0438,0.0546,0.0216,0.0153,0.0136,0.0164,0.0499,0.0366,0.0345,0.0554,0.0354,0.0543,0.0912,0.1173,0.0724,0.0488,0.0624,0.0512,0.0406,0.0326,0.0157,0.0145,0.0242,0.0465,0.0456,0.0691,0.0475,0.053,0.0412,0.0854,0.0285,0.019,0.0219,0.0346,0.0224,0.0159,0.0365,0.0274,0.0277,0.041,0.021,0.05,0.0674,0.0369,0.0467,0.1111,0.049,0.0296,0.053,0.0885,0.0352,0.0254,0.026,0.0402,0.0529,0.0255,0.0341,0.0899,0.1371,0.0678,0.089,0.1635,0.1274,0.0629,0.0618,0.0946,0.1059,0.035,0.0181,0.0675,0.1153,0.0331,0.0214,0.0406,0.0542,0.036,0.0401,0.0856,0.0566,0.0233,0.0218,0.0245,0.0406,0.0187,0.0186,0.0386,0.0403,0.0222]'::vector))",), ('        Sort Method: top-N heapsort  Memory: 39kB',), ('        ->  Seq Scan on item_vector  (cost=0.00..3547.39 rows=497 width=12) (actual time=0.018..313.934 rows=100000 loops=1)',), ("              Filter: (mod((iv_id)::numeric, '1'::numeric) = '0'::numeric)",), ('Planning Time: 0.062 ms',), ('Execution Time: 326.764 ms',)]
1 100000 320
100000 320
[(21551, 0.8882644893302999), (8305, 0.8939738306785324), (28123, 0.9019538400282903), (57363, 0.906300641979776), (42140, 0.9104190823474205), (7909, 0.9201504368727164), (15432, 0.9256672527449661), (92232, 0.9338932275271034), (8700, 0.9349296301609904), (8720, 0.9408254137429496), (17198, 0.941044084839877), (91127, 0.9452928273069199), (153, 0.9477220202687767), (98965, 0.948271227469524), (14788, 0.9511547047908026), (52603, 0.95167005209869), (88677, 0.9519871658293554), (27904, 0.9533511034325264), (80779, 0.9538594839768471), (27883, 0.958317697784473), (82958, 0.9639998231666055), (28280, 0.9644968436225593), (11339, 0.9685856156700682), (17647, 0.9686375214282694), (73263, 0.9688624655137069), (890, 0.9688854738077101), (50425, 0.9708830822052874), (5017, 0.9714372955559626), (39323, 0.9716241715257264), (41563, 0.971669750066961), (54869, 0.9722306572835824), (22640, 0.9727769340192194), (31433, 0.9728596792474088), (27878, 0.9731558010981898), (42387, 0.9737516309653496), (91070, 0.9738339873442335), (60338, 0.9756750117697588), (85711, 0.977465219976513), (15297, 0.9789401901705966), (69461, 0.9789880765553152), (93394, 0.9794398832951241), (10441, 0.9809322401515187), (46526, 0.9811533327535263), (25032, 0.9827593608615139), (16771, 0.9833109721103592), (84412, 0.985686321878748), (90696, 0.9858619419169985), (25692, 0.9868865896538583), (88938, 0.9877269834087832), (62962, 0.9877570952361215), (74672, 0.9878027741515462), (58452, 0.9878059420297045), (32331, 0.9880196447504376), (35472, 0.9887646484254436), (94888, 0.9900856282550317), (61015, 0.9901329756065053), (40563, 0.9905465440939868), (67156, 0.9915460630750268), (81098, 0.9921230986111812), (61818, 0.9924737111989211), (28672, 0.9930446256615549), (46301, 0.9930713651564991), (17065, 0.993702640244634), (2352, 0.9940572827372248), (8697, 0.994143382969836), (86577, 0.9942119100678016), (51897, 0.9946610862683631), (15491, 0.9946975497050607), (61601, 0.9947971956322428), (99883, 0.9954589017453643), (4710, 0.9956304931489088), (10703, 0.9959733478856181), (27404, 0.9980341244235823), (74108, 0.9981603987119012), (56000, 0.9983165399054936), (87577, 0.9987097403345718), (5517, 0.9992546641775635), (29479, 0.999387792108195), (2225, 0.9998681756392481), (98591, 1.0007765258391683), (86836, 1.0008823555134974), (51576, 1.001178583367504), (28375, 1.001237699359291), (32178, 1.001403598409884), (89336, 1.00155149742427), (89599, 1.0017276978795973), (12490, 1.0018206949443227), (77324, 1.0020581761068628), (70007, 1.0021214631903133), (7149, 1.002377901513814), (3845, 1.0025578211521857), (54691, 1.0026696452107557), (64933, 1.0030792629950271), (78482, 1.003982481678264), (3848, 1.004826046421872), (39698, 1.0048950313199672), (76772, 1.0067264116212682), (15567, 1.0067964503539797), (55400, 1.0073309050803598), (11996, 1.0073645727420493), (85873, 1.0077676689171817), (43763, 1.007994406200207), (39536, 1.0080528268443993), (70621, 1.0083274412902525), (82553, 1.0092939976174975), (9543, 1.0093267139896378), (10977, 1.0095386360676435), (2351, 1.0098282519754802), (43848, 1.00985923938184), (67599, 1.0098803692965457), (3240, 1.010155431005112), (50750, 1.0108373624800482), (49234, 1.0111026729213006), (47490, 1.0112248102358583), (75692, 1.0113580126893407), (60360, 1.0115603761176344), (65208, 1.0116619550751307), (26045, 1.011983711571467), (68769, 1.0120567434709404), (92621, 1.0123973323432687), (28923, 1.0124202932372954), (7415, 1.0127020222249392), (8203, 1.0131422949037812), (1607, 1.0134112366629484), (1693, 1.0134675806823403), (40633, 1.01361142604864), (2995, 1.0137819439879834), (69877, 1.0139199837107067), (66913, 1.0144804741158726), (2725, 1.0154808529016504), (90899, 1.0156779935656106), (44519, 1.0157469456162231), (83732, 1.0158215846028253), (60817, 1.0162440834013942), (88891, 1.0162992733392104), (49934, 1.0163996163341604), (15852, 1.016490391525888), (56514, 1.0169882208518044), (34435, 1.017448431671822), (34464, 1.017448431671822), (5583, 1.0187736999937775), (56024, 1.0188570680113187), (96837, 1.01895277193515), (38302, 1.0189872839810912), (92478, 1.0190818059052351), (75980, 1.0193685350616541), (46868, 1.020189796067977), (38367, 1.020493561129557), (75774, 1.0206240355095215), (55591, 1.0207641863597405), (33175, 1.0213429223582398), (94506, 1.0214048978327706), (92523, 1.0216961672093177), (75828, 1.0218160466445205), (64918, 1.022079032104084), (17981, 1.0222979892130692), (49969, 1.0223818277470793), (99543, 1.0224200716933347), (39538, 1.0225544388509682), (14804, 1.0226180312065294), (54875, 1.0231525519499853), (95483, 1.0232811728323237), (4521, 1.0238985959411229), (68423, 1.0239850974376898), (91871, 1.0242172648566774), (43277, 1.0247948650618588), (24060, 1.0252930803677671), (10651, 1.0257680434504837), (61645, 1.0262641600957314), (47156, 1.0264264787413133), (9909, 1.0264439576798365), (99617, 1.0265274576044328), (21254, 1.0265474315448975), (53915, 1.0268503607071002), (87884, 1.0270500198336772), (1694, 1.027243431618051), (70465, 1.0285290744364302), (34626, 1.0287125320378756), (92214, 1.0288080143938212), (48587, 1.0290115221488771), (64140, 1.0291487932905448), (67555, 1.0292245452194175), (21598, 1.0292396601893503), (41127, 1.02931245216584), (36224, 1.029545444535989), (52445, 1.0295636810275581), (5579, 1.0295784436651008), (28681, 1.0304228037090826), (91812, 1.0307005950427113), (60225, 1.0307749607784238), (72173, 1.0311315063833617), (4580, 1.0312181525659143), (96524, 1.0313562858602665), (4604, 1.0314733090074721), (75937, 1.0315071710068238), (41370, 1.0321312808954137), (81741, 1.0328120914060215), (12851, 1.0328651264766262), (51330, 1.0328760332427616), (98107, 1.033404555993865), (79676, 1.0339030038875765), (62167, 1.0339402452022088), (84357, 1.034045044056209), (58391, 1.0345139148010492), (46268, 1.0349015984313044), (34636, 1.0351292444701112), (55408, 1.0352747435497294), (40996, 1.0353175775303844), (52481, 1.035613912501175), (21253, 1.0356142002755848), (45547, 1.035707377424831), (39557, 1.0357187722019683), (97768, 1.0357516321956177), (99781, 1.0360622831423654), (46080, 1.036152256127944), (14998, 1.0367700053856606), (44884, 1.0369720080652438), (61350, 1.037131558915578), (57491, 1.037201900629317), (11302, 1.0372590210274775), (16846, 1.0373084385523403), (39435, 1.0374462780199882), (71728, 1.0374588602021473), (31409, 1.037671642582775), (25027, 1.0378753075206972), (15515, 1.037932850269858), (68747, 1.0379992329515626), (35004, 1.0380344324262691), (69523, 1.0380491320167133), (82566, 1.0381722903288926), (34511, 1.0384241308636841), (53783, 1.0385110295150348), (5176, 1.0388840830505333), (27745, 1.0389621657494683), (73873, 1.0390604922626574), (48452, 1.0390604922626574), (68562, 1.0391347759607914), (45869, 1.039446193438287), (48107, 1.0394695889940606), (67880, 1.0399195642727208), (90662, 1.0400289758900556), (89199, 1.0403688865957754), (12273, 1.040646944015122), (55796, 1.0407037035073707), (6552, 1.0415010447760151), (43084, 1.0419122724267782), (69894, 1.0420727828227798), (75704, 1.0423627371496138), (87375, 1.0424425033338567), (54888, 1.042559882898055), (52495, 1.0426572413063224), (98345, 1.0427789408239718), (70798, 1.0430020102008821), (5870, 1.0430337264148182), (52842, 1.0433969368809053), (76498, 1.0435487655994242), (52528, 1.0435893180651397), (68855, 1.0437505413670762), (43584, 1.0439444560662121), (42133, 1.043957987637914), (7377, 1.0439820243011388), (23712, 1.044222645904292), (7290, 1.0442737886889615), (195, 1.044289541988578), (56017, 1.0443823446475546), (56521, 1.0444346209891513), (62946, 1.0450344702406178), (57166, 1.045198607120396), (89845, 1.045337458884198), (48314, 1.045503771606823), (41, 1.0456212065468864), (63950, 1.0456548383962088), (37317, 1.04568390912315), (85243, 1.0457676966968867), (97226, 1.0462108042312785), (2651, 1.046355730773658), (44569, 1.046384041516203), (4218, 1.0465007511579112), (4516, 1.046598597234642), (32718, 1.0469174732303426), (9939, 1.0470702715138842), (40642, 1.0473031833719408), (26116, 1.0474737362539381), (92255, 1.0475182905398372), (95317, 1.0477008124538139), (86098, 1.0477805704632683), (450, 1.0478464430428878), (7241, 1.0478803447599367), (100, 1.047960999134408), (90435, 1.0480687182151733), (66616, 1.0481094938801978), (23288, 1.0482707043019377), (75005, 1.0485998150271103), (74452, 1.0487061612556874), (11997, 1.0487433315788024), (63528, 1.0487608932456802), (92830, 1.048883930334217), (58239, 1.048938937167288), (55735, 1.0489416647037804), (32836, 1.0489838269698846), (93444, 1.0491527431514533), (24414, 1.049356224614592), (55201, 1.0495506937470014), (12358, 1.049596409208273), (29941, 1.0496813608519817), (10453, 1.0497548362073628), (87039, 1.0498998412545169), (56495, 1.0499893664775284), (85090, 1.050083425023301), (48197, 1.0501476774361016), (87155, 1.0502525048683478), (36742, 1.0503819497552802), (27897, 1.0504176421856364), (3905, 1.050495945653486), (78229, 1.0505497333495952), (69524, 1.0505839449765568), (68430, 1.0505908098620227), (85588, 1.050652875468063), (42989, 1.0506987131596126), (26811, 1.05082447289269)]
[('Limit  (cost=3569.65..3570.45 rows=320 width=12) (actual time=323.913..323.943 rows=320 loops=1)',), ('  ->  Sort  (cost=3569.65..3570.89 rows=497 width=12) (actual time=323.912..323.925 rows=320 loops=1)',), ("        Sort Key: ((iv_v <-> '[0.0395,0.0384,0.0593,0.1022,0.0677,0.0688,0.0859,0.0352,0.0609,0.0466,0.0351,0.0229,0.0148,0.0209,0.0394,0.0269,0.018,0.031,0.0698,0.0888,0.0529,0.0463,0.0545,0.0361,0.0462,0.0412,0.0348,0.0268,0.0115,0.0175,0.0492,0.0297,0.0221,0.0506,0.0659,0.0586,0.0313,0.0712,0.0386,0.0387,0.0326,0.0364,0.0402,0.0368,0.017,0.0184,0.0543,0.0508,0.0391,0.0932,0.1039,0.0601,0.044,0.1264,0.0602,0.0749,0.019,0.0337,0.0961,0.0623,0.0227,0.0285,0.061,0.0647,0.0789,0.0985,0.1225,0.0831,0.0552,0.1415,0.1188,0.1061,0.0237,0.0452,0.183,0.0502,0.0408,0.0451,0.1173,0.0599,0.0501,0.0757,0.0752,0.0564,0.0347,0.1094,0.0892,0.06,0.0265,0.035,0.0853,0.0296,0.0172,0.0355,0.1018,0.0394,0.0274,0.0351,0.0667,0.0694,0.0251,0.0677,0.0353,0.0346,0.0428,0.044,0.0262,0.0223,0.0185,0.0205,0.0558,0.0397,0.0238,0.0433,0.0363,0.0745,0.0424,0.0732,0.0616,0.038,0.0559,0.0361,0.0279,0.0257,0.0151,0.0191,0.0301,0.0322,0.0667,0.0655,0.0902,0.1118,0.0764,0.1144,0.1063,0.0373,0.0508,0.039,0.0422,0.0241,0.0293,0.0292,0.0624,0.0651,0.025,0.0357,0.0631,0.1018,0.0374,0.0563,0.0391,0.03,0.0371,0.0461,0.0454,0.0226,0.0142,0.0219,0.0497,0.0443,0.0294,0.0465,0.0676,0.0555,0.0307,0.0872,0.0376,0.0421,0.0318,0.0466,0.0266,0.0296,0.0211,0.0324,0.0323,0.0238,0.0246,0.0651,0.087,0.049,0.0304,0.1311,0.0754,0.0291,0.0247,0.0456,0.0632,0.0679,0.0274,0.0239,0.0614,0.0673,0.046,0.0631,0.1073,0.0719,0.0473,0.1549,0.1314,0.0378,0.0302,0.0571,0.1423,0.0641,0.0328,0.0367,0.1366,0.0579,0.0224,0.0416,0.0768,0.0778,0.0335,0.1176,0.0794,0.038,0.0261,0.036,0.0864,0.0476,0.0144,0.0225,0.1065,0.0558,0.0238,0.0403,0.082,0.0548,0.0438,0.071,0.0378,0.0476,0.0346,0.0488,0.0197,0.0202,0.0178,0.0144,0.0514,0.0432,0.0375,0.0595,0.0348,0.0533,0.0505,0.0914,0.0668,0.0489,0.0521,0.033,0.0263,0.0327,0.0182,0.0183,0.0264,0.0438,0.0487,0.0515,0.0501,0.0654,0.016,0.0673,0.0375,0.0175,0.0215,0.042,0.0199,0.0181,0.0482,0.0253,0.0283,0.0509,0.0249,0.0566,0.0893,0.0414,0.0288,0.0584,0.0299,0.0254,0.0457,0.0586,0.0402,0.0198,0.029,0.0346,0.0537,0.0296,0.0328,0.0934,0.1517,0.0745,0.0566,0.0819,0.0833,0.056,0.0398,0.0306,0.0738,0.0281,0.0153,0.0739,0.1196,0.0319,0.0197,0.0403,0.0639,0.047,0.0347,0.0539,0.0443,0.0213,0.0203,0.0289,0.029,0.0159,0.0203,0.0364,0.0393,0.0246,0.0298,0.0373,0.0454,0.0655,0.0683,0.0874,0.098,0.0287,0.0635,0.0674,0.0419,0.0192,0.0193,0.0241,0.0388,0.0295,0.0141,0.0281,0.0519,0.0528,0.058,0.1103,0.0553,0.0272,0.0418,0.0418,0.0365,0.0201,0.013,0.0194,0.0507,0.0259,0.0174,0.0447,0.0531,0.0416,0.0366,0.0714,0.0322,0.0342,0.031,0.1006,0.0473,0.0348,0.0125,0.0265,0.056,0.0447,0.0245,0.0754,0.0828,0.0465,0.0585,0.1342,0.049,0.0627,0.0329,0.1089,0.1035,0.0574,0.0206,0.0294,0.0623,0.0564,0.0554,0.0824,0.0948,0.0613,0.069,0.1621,0.0985,0.0928,0.0236,0.0591,0.1686,0.047,0.0399,0.0427,0.1132,0.0501,0.0355,0.0624,0.0577,0.0352,0.0499,0.1113,0.0801,0.0546,0.032,0.0351,0.0826,0.0273,0.0185,0.0306,0.0908,0.0383,0.0212,0.0281,0.0518,0.0461,0.0273,0.0749,0.0336,0.0285,0.0415,0.046,0.0264,0.016,0.0124,0.0192,0.0574,0.0299,0.0175,0.0395,0.0302,0.0547,0.0535,0.0964,0.0678,0.0336,0.0615,0.0466,0.038,0.0195,0.012,0.0168,0.0317,0.0272,0.0458,0.0675,0.0731,0.0849,0.0843,0.1395,0.127,0.0366,0.0554,0.0801,0.0686,0.0219,0.0344,0.0277,0.0492,0.0616,0.0211,0.0444,0.0484,0.066,0.0587,0.0934,0.0533,0.0243,0.0243,0.0389,0.045,0.0213,0.0134,0.0288,0.0519,0.0344,0.0304,0.0536,0.0572,0.044,0.062,0.1021,0.0391,0.0338,0.0362,0.1337,0.0373,0.0275,0.0156,0.0425,0.029,0.0214,0.0157,0.0638,0.0712,0.0437,0.0885,0.2152,0.062,0.0223,0.0546,0.1808,0.106,0.0594,0.0224,0.0359,0.0524,0.0572,0.0432,0.066,0.0862,0.0567,0.1092,0.2191,0.1108,0.0365,0.0441,0.0894,0.1544,0.0574,0.0288,0.0333,0.1362,0.0473,0.0286,0.0522,0.0555,0.0498,0.0801,0.1573,0.0778,0.0334,0.0317,0.0339,0.0807,0.0425,0.014,0.0191,0.0988,0.0441,0.0174,0.0291,0.0522,0.0303,0.0396,0.0752,0.0317,0.0336,0.0423,0.0573,0.023,0.0145,0.0122,0.0155,0.0402,0.0284,0.031,0.0506,0.0286,0.0453,0.0852,0.1073,0.0718,0.0451,0.0575,0.0549,0.0461,0.0262,0.0171,0.0157,0.0205,0.0373,0.0482,0.0719,0.0467,0.052,0.0383,0.0802,0.0241,0.0146,0.0166,0.0318,0.0238,0.0144,0.0383,0.0332,0.0324,0.0437,0.0199,0.0456,0.0597,0.034,0.0456,0.1084,0.0438,0.0239,0.0462,0.088,0.0294,0.0241,0.0225,0.0385,0.0457,0.0248,0.0294,0.078,0.1191,0.0557,0.0852,0.1542,0.1082,0.0515,0.0538,0.0913,0.0869,0.0267,0.015,0.0603,0.0984,0.0287,0.0227,0.0412,0.0477,0.0313,0.0385,0.0818,0.0464,0.0192,0.0183,0.0231,0.0333,0.0151,0.0178,0.0374,0.0358,0.0222,0.0363,0.0399,0.0572,0.0858,0.0686,0.0911,0.0985,0.0325,0.0622,0.0653,0.0418,0.0196,0.0168,0.0215,0.0445,0.0309,0.017,0.0302,0.0629,0.0669,0.0601,0.1099,0.0547,0.0337,0.0443,0.04,0.0359,0.023,0.0127,0.0172,0.0545,0.0272,0.0201,0.0461,0.0583,0.0464,0.0415,0.0737,0.0356,0.0382,0.0276,0.0909,0.0448,0.0384,0.0161,0.0243,0.0539,0.0456,0.0288,0.0782,0.0901,0.0519,0.0623,0.1409,0.0524,0.0725,0.0304,0.1066,0.1049,0.0634,0.0235,0.035,0.0673,0.0624,0.0622,0.091,0.1108,0.0777,0.0752,0.166,0.1094,0.1101,0.0289,0.0588,0.1796,0.049,0.0398,0.05,0.1249,0.0592,0.0402,0.0657,0.0702,0.0486,0.0515,0.1123,0.0833,0.0611,0.0328,0.0334,0.0874,0.0273,0.0167,0.0308,0.101,0.0415,0.0209,0.0289,0.0556,0.0507,0.0313,0.071,0.0304,0.0304,0.0413,0.0486,0.0231,0.0185,0.0157,0.0213,0.0566,0.0326,0.0211,0.0399,0.0332,0.0662,0.0575,0.0874,0.0649,0.0332,0.0627,0.0439,0.0341,0.0227,0.0144,0.0168,0.0304,0.028,0.0467,0.0709,0.0907,0.0974,0.0922,0.1468,0.1325,0.043,0.0544,0.0763,0.0707,0.0254,0.0296,0.0267,0.0612,0.0676,0.0207,0.0468,0.0595,0.0826,0.0605,0.0973,0.0542,0.0328,0.0237,0.0439,0.0431,0.0261,0.0129,0.0255,0.0589,0.0419,0.0304,0.0556,0.0626,0.0514,0.0629,0.1105,0.0436,0.0375,0.0364,0.135,0.0366,0.0314,0.0186,0.0427,0.0299,0.0236,0.0206,0.0634,0.0786,0.0473,0.0932,0.2228,0.0647,0.0249,0.054,0.1788,0.1082,0.0638,0.0276,0.0362,0.0571,0.0657,0.0542,0.0726,0.102,0.0686,0.1215,0.229,0.1334,0.0478,0.0549,0.0935,0.1767,0.0702,0.0371,0.0386,0.1481,0.0551,0.0276,0.0504,0.0686,0.0665,0.0866,0.1606,0.087,0.0404,0.035,0.0335,0.0947,0.0529,0.015,0.0226,0.1122,0.0553,0.0164,0.0296,0.0645,0.0438,0.0426,0.0801,0.0335,0.035,0.0438,0.0546,0.0216,0.0153,0.0136,0.0164,0.0499,0.0366,0.0345,0.0554,0.0354,0.0543,0.0912,0.1173,0.0724,0.0488,0.0624,0.0512,0.0406,0.0326,0.0157,0.0145,0.0242,0.0465,0.0456,0.0691,0.0475,0.053,0.0412,0.0854,0.0285,0.019,0.0219,0.0346,0.0224,0.0159,0.0365,0.0274,0.0277,0.041,0.021,0.05,0.0674,0.0369,0.0467,0.1111,0.049,0.0296,0.053,0.0885,0.0352,0.0254,0.026,0.0402,0.0529,0.0255,0.0341,0.0899,0.1371,0.0678,0.089,0.1635,0.1274,0.0629,0.0618,0.0946,0.1059,0.035,0.0181,0.0675,0.1153,0.0331,0.0214,0.0406,0.0542,0.036,0.0401,0.0856,0.0566,0.0233,0.0218,0.0245,0.0406,0.0187,0.0186,0.0386,0.0403,0.0222]'::vector))",), ('        Sort Method: top-N heapsort  Memory: 49kB',), ('        ->  Seq Scan on item_vector  (cost=0.00..3547.39 rows=497 width=12) (actual time=0.015..310.512 rows=100000 loops=1)',), ("              Filter: (mod((iv_id)::numeric, '1'::numeric) = '0'::numeric)",), ('Planning Time: 0.061 ms',), ('Execution Time: 323.968 ms',)]
1 100000 640
100000 640
[(21551, 0.8882644893302999), (8305, 0.8939738306785324), (28123, 0.9019538400282903), (57363, 0.906300641979776), (42140, 0.9104190823474205), (7909, 0.9201504368727164), (15432, 0.9256672527449661), (92232, 0.9338932275271034), (8700, 0.9349296301609904), (8720, 0.9408254137429496), (17198, 0.941044084839877), (91127, 0.9452928273069199), (153, 0.9477220202687767), (98965, 0.948271227469524), (14788, 0.9511547047908026), (52603, 0.95167005209869), (88677, 0.9519871658293554), (27904, 0.9533511034325264), (80779, 0.9538594839768471), (27883, 0.958317697784473), (82958, 0.9639998231666055), (28280, 0.9644968436225593), (11339, 0.9685856156700682), (17647, 0.9686375214282694), (73263, 0.9688624655137069), (890, 0.9688854738077101), (50425, 0.9708830822052874), (5017, 0.9714372955559626), (39323, 0.9716241715257264), (41563, 0.971669750066961), (54869, 0.9722306572835824), (22640, 0.9727769340192194), (31433, 0.9728596792474088), (27878, 0.9731558010981898), (42387, 0.9737516309653496), (91070, 0.9738339873442335), (60338, 0.9756750117697588), (85711, 0.977465219976513), (15297, 0.9789401901705966), (69461, 0.9789880765553152), (93394, 0.9794398832951241), (10441, 0.9809322401515187), (46526, 0.9811533327535263), (25032, 0.9827593608615139), (16771, 0.9833109721103592), (84412, 0.985686321878748), (90696, 0.9858619419169985), (25692, 0.9868865896538583), (88938, 0.9877269834087832), (62962, 0.9877570952361215), (74672, 0.9878027741515462), (58452, 0.9878059420297045), (32331, 0.9880196447504376), (35472, 0.9887646484254436), (94888, 0.9900856282550317), (61015, 0.9901329756065053), (40563, 0.9905465440939868), (67156, 0.9915460630750268), (81098, 0.9921230986111812), (61818, 0.9924737111989211), (28672, 0.9930446256615549), (46301, 0.9930713651564991), (17065, 0.993702640244634), (2352, 0.9940572827372248), (8697, 0.994143382969836), (86577, 0.9942119100678016), (51897, 0.9946610862683631), (15491, 0.9946975497050607), (61601, 0.9947971956322428), (99883, 0.9954589017453643), (4710, 0.9956304931489088), (10703, 0.9959733478856181), (27404, 0.9980341244235823), (74108, 0.9981603987119012), (56000, 0.9983165399054936), (87577, 0.9987097403345718), (5517, 0.9992546641775635), (29479, 0.999387792108195), (2225, 0.9998681756392481), (98591, 1.0007765258391683), (86836, 1.0008823555134974), (51576, 1.001178583367504), (28375, 1.001237699359291), (32178, 1.001403598409884), (89336, 1.00155149742427), (89599, 1.0017276978795973), (12490, 1.0018206949443227), (77324, 1.0020581761068628), (70007, 1.0021214631903133), (7149, 1.002377901513814), (3845, 1.0025578211521857), (54691, 1.0026696452107557), (64933, 1.0030792629950271), (78482, 1.003982481678264), (3848, 1.004826046421872), (39698, 1.0048950313199672), (76772, 1.0067264116212682), (15567, 1.0067964503539797), (55400, 1.0073309050803598), (11996, 1.0073645727420493), (85873, 1.0077676689171817), (43763, 1.007994406200207), (39536, 1.0080528268443993), (70621, 1.0083274412902525), (82553, 1.0092939976174975), (9543, 1.0093267139896378), (10977, 1.0095386360676435), (2351, 1.0098282519754802), (43848, 1.00985923938184), (67599, 1.0098803692965457), (3240, 1.010155431005112), (50750, 1.0108373624800482), (49234, 1.0111026729213006), (47490, 1.0112248102358583), (75692, 1.0113580126893407), (60360, 1.0115603761176344), (65208, 1.0116619550751307), (26045, 1.011983711571467), (68769, 1.0120567434709404), (92621, 1.0123973323432687), (28923, 1.0124202932372954), (7415, 1.0127020222249392), (8203, 1.0131422949037812), (1607, 1.0134112366629484), (1693, 1.0134675806823403), (40633, 1.01361142604864), (2995, 1.0137819439879834), (69877, 1.0139199837107067), (66913, 1.0144804741158726), (2725, 1.0154808529016504), (90899, 1.0156779935656106), (44519, 1.0157469456162231), (83732, 1.0158215846028253), (60817, 1.0162440834013942), (88891, 1.0162992733392104), (49934, 1.0163996163341604), (15852, 1.016490391525888), (56514, 1.0169882208518044), (34435, 1.017448431671822), (34464, 1.017448431671822), (5583, 1.0187736999937775), (56024, 1.0188570680113187), (96837, 1.01895277193515), (38302, 1.0189872839810912), (92478, 1.0190818059052351), (75980, 1.0193685350616541), (46868, 1.020189796067977), (38367, 1.020493561129557), (75774, 1.0206240355095215), (55591, 1.0207641863597405), (33175, 1.0213429223582398), (94506, 1.0214048978327706), (92523, 1.0216961672093177), (75828, 1.0218160466445205), (64918, 1.022079032104084), (17981, 1.0222979892130692), (49969, 1.0223818277470793), (99543, 1.0224200716933347), (39538, 1.0225544388509682), (14804, 1.0226180312065294), (54875, 1.0231525519499853), (95483, 1.0232811728323237), (4521, 1.0238985959411229), (68423, 1.0239850974376898), (91871, 1.0242172648566774), (43277, 1.0247948650618588), (24060, 1.0252930803677671), (10651, 1.0257680434504837), (61645, 1.0262641600957314), (47156, 1.0264264787413133), (9909, 1.0264439576798365), (99617, 1.0265274576044328), (21254, 1.0265474315448975), (53915, 1.0268503607071002), (87884, 1.0270500198336772), (1694, 1.027243431618051), (70465, 1.0285290744364302), (34626, 1.0287125320378756), (92214, 1.0288080143938212), (48587, 1.0290115221488771), (64140, 1.0291487932905448), (67555, 1.0292245452194175), (21598, 1.0292396601893503), (41127, 1.02931245216584), (36224, 1.029545444535989), (52445, 1.0295636810275581), (5579, 1.0295784436651008), (28681, 1.0304228037090826), (91812, 1.0307005950427113), (60225, 1.0307749607784238), (72173, 1.0311315063833617), (4580, 1.0312181525659143), (96524, 1.0313562858602665), (4604, 1.0314733090074721), (75937, 1.0315071710068238), (41370, 1.0321312808954137), (81741, 1.0328120914060215), (12851, 1.0328651264766262), (51330, 1.0328760332427616), (98107, 1.033404555993865), (79676, 1.0339030038875765), (62167, 1.0339402452022088), (84357, 1.034045044056209), (58391, 1.0345139148010492), (46268, 1.0349015984313044), (34636, 1.0351292444701112), (55408, 1.0352747435497294), (40996, 1.0353175775303844), (52481, 1.035613912501175), (21253, 1.0356142002755848), (45547, 1.035707377424831), (39557, 1.0357187722019683), (97768, 1.0357516321956177), (99781, 1.0360622831423654), (46080, 1.036152256127944), (14998, 1.0367700053856606), (44884, 1.0369720080652438), (61350, 1.037131558915578), (57491, 1.037201900629317), (11302, 1.0372590210274775), (16846, 1.0373084385523403), (39435, 1.0374462780199882), (71728, 1.0374588602021473), (31409, 1.037671642582775), (25027, 1.0378753075206972), (15515, 1.037932850269858), (68747, 1.0379992329515626), (35004, 1.0380344324262691), (69523, 1.0380491320167133), (82566, 1.0381722903288926), (34511, 1.0384241308636841), (53783, 1.0385110295150348), (5176, 1.0388840830505333), (27745, 1.0389621657494683), (73873, 1.0390604922626574), (48452, 1.0390604922626574), (68562, 1.0391347759607914), (45869, 1.039446193438287), (48107, 1.0394695889940606), (67880, 1.0399195642727208), (90662, 1.0400289758900556), (89199, 1.0403688865957754), (12273, 1.040646944015122), (55796, 1.0407037035073707), (6552, 1.0415010447760151), (43084, 1.0419122724267782), (69894, 1.0420727828227798), (75704, 1.0423627371496138), (87375, 1.0424425033338567), (54888, 1.042559882898055), (52495, 1.0426572413063224), (98345, 1.0427789408239718), (70798, 1.0430020102008821), (5870, 1.0430337264148182), (52842, 1.0433969368809053), (76498, 1.0435487655994242), (52528, 1.0435893180651397), (68855, 1.0437505413670762), (43584, 1.0439444560662121), (42133, 1.043957987637914), (7377, 1.0439820243011388), (23712, 1.044222645904292), (7290, 1.0442737886889615), (195, 1.044289541988578), (56017, 1.0443823446475546), (56521, 1.0444346209891513), (62946, 1.0450344702406178), (57166, 1.045198607120396), (89845, 1.045337458884198), (48314, 1.045503771606823), (41, 1.0456212065468864), (63950, 1.0456548383962088), (37317, 1.04568390912315), (85243, 1.0457676966968867), (97226, 1.0462108042312785), (2651, 1.046355730773658), (44569, 1.046384041516203), (4218, 1.0465007511579112), (4516, 1.046598597234642), (32718, 1.0469174732303426), (9939, 1.0470702715138842), (40642, 1.0473031833719408), (26116, 1.0474737362539381), (92255, 1.0475182905398372), (95317, 1.0477008124538139), (86098, 1.0477805704632683), (450, 1.0478464430428878), (7241, 1.0478803447599367), (100, 1.047960999134408), (90435, 1.0480687182151733), (66616, 1.0481094938801978), (23288, 1.0482707043019377), (75005, 1.0485998150271103), (74452, 1.0487061612556874), (11997, 1.0487433315788024), (63528, 1.0487608932456802), (92830, 1.048883930334217), (58239, 1.048938937167288), (55735, 1.0489416647037804), (32836, 1.0489838269698846), (93444, 1.0491527431514533), (24414, 1.049356224614592), (55201, 1.0495506937470014), (12358, 1.049596409208273), (29941, 1.0496813608519817), (10453, 1.0497548362073628), (87039, 1.0498998412545169), (56495, 1.0499893664775284), (85090, 1.050083425023301), (48197, 1.0501476774361016), (87155, 1.0502525048683478), (36742, 1.0503819497552802), (27897, 1.0504176421856364), (3905, 1.050495945653486), (78229, 1.0505497333495952), (69524, 1.0505839449765568), (68430, 1.0505908098620227), (85588, 1.050652875468063), (42989, 1.0506987131596126), (26811, 1.05082447289269), (5974, 1.0509044475728833), (7843, 1.0509858907084633), (81810, 1.051036817818614), (1238, 1.0510424888363141), (55389, 1.0512061979260618), (15015, 1.051379462490605), (20105, 1.0514086583870006), (61434, 1.0516427631553393), (87280, 1.0516992692584126), (67669, 1.0517052200755124), (86813, 1.0518084755599013), (22634, 1.051949854525905), (27952, 1.0519817542462844), (4827, 1.0520832829742923), (44976, 1.052199530401018), (32504, 1.0522357842809926), (31465, 1.0523451614653616), (78508, 1.052381750155621), (95167, 1.0523955130643463), (55854, 1.0526297381033611), (55558, 1.0527804617622494), (32450, 1.052887008444529), (30065, 1.0529515426368667), (60002, 1.0529995444533187), (55940, 1.0531041446058345), (41246, 1.053223957879788), (83014, 1.0532613083100835), (85230, 1.0536319678326564), (97681, 1.053794256527638), (76540, 1.0538820935556832), (51234, 1.0538885976162793), (28010, 1.05391116356747), (13178, 1.0541645590317557), (17670, 1.0544498882369795), (51565, 1.0548127276639652), (71359, 1.05493822296568), (78745, 1.0550268686859554), (35955, 1.0551813170478919), (92468, 1.055353364206935), (74796, 1.0554506719637784), (20344, 1.0555135247300536), (72315, 1.0556286039228788), (65770, 1.0556571176813943), (5982, 1.0559474624656042), (17207, 1.0559552520677695), (81230, 1.0560438124172746), (81802, 1.0561080972730066), (55722, 1.056126044409325), (15472, 1.056138008997438), (29262, 1.0563077560976446), (14426, 1.056472285429377), (206, 1.0565731005854722), (5119, 1.0565731005854722), (47580, 1.0566009119154436), (63384, 1.056612532660007), (72579, 1.0566817467773697), (38258, 1.056875262765158), (35161, 1.0569243270579172), (3967, 1.0569826372898594), (22861, 1.0570927074128502), (12992, 1.0571269328250923), (7746, 1.0571732791459485), (97019, 1.057293533298492), (94765, 1.0573650704195072), (61319, 1.057394946586521), (82221, 1.0575076228739553), (22744, 1.0575263916942894), (8183, 1.0576276699402614), (21392, 1.057685490566239), (55743, 1.058127663119503), (93457, 1.0584300009566285), (52588, 1.058471897896432), (12812, 1.0584836670341167), (9819, 1.0585403147368921), (66544, 1.0586174543478695), (52631, 1.0586743200967943), (64574, 1.0587432868321336), (36411, 1.0588226633909834), (71052, 1.0589779652760707), (74508, 1.0591106208681498), (72554, 1.059235325610585), (73215, 1.0593062251899572), (64787, 1.0596264521057972), (75356, 1.0596429896589923), (4913, 1.059666333044799), (68442, 1.059782648564979), (93018, 1.0598702142541947), (21769, 1.0599064307030612), (41688, 1.0599749236469587), (42486, 1.0600265997122305), (57583, 1.0602670655211741), (44724, 1.060281513097487), (44752, 1.060281513097487), (53681, 1.0603712860369754), (9055, 1.0607924484401283), (59582, 1.0608852120774663), (24087, 1.0609347089188594), (40519, 1.0610258310033722), (38159, 1.0610316733361496), (78979, 1.0611122268373527), (97562, 1.0612002444875575), (77264, 1.061227822223683), (52473, 1.0612315291559762), (54037, 1.0613747416266726), (97096, 1.0614709920131478), (60807, 1.0616136107270078), (71743, 1.0616278715446297), (15101, 1.0616792987289567), (96856, 1.0617004078564163), (80670, 1.0617842788067025), (87415, 1.0621067329084863), (19265, 1.0625833590849578), (18297, 1.0625905951977104), (70654, 1.0628019913487843), (66008, 1.062930020096801), (92384, 1.063073059822621), (566, 1.063446632993963), (7095, 1.0635134407704214), (12248, 1.0635697084940177), (30410, 1.0635697084940177), (95221, 1.063570044746366), (89624, 1.0635737435151817), (4228, 1.063577554354447), (40347, 1.0636738295577433), (28364, 1.063680834107313), (63366, 1.063839180656315), (80637, 1.0638796880361259), (55032, 1.064020527419361), (52474, 1.0640324032374016), (38929, 1.0641548508775018), (83744, 1.0642564504372822), (88337, 1.0643289196099306), (92541, 1.0645355472676732), (94085, 1.0647470610865322), (72166, 1.0648005207380058), (78356, 1.0650033071403913), (67988, 1.065101412122129), (47158, 1.0651272100491265), (21794, 1.065242089976961), (97795, 1.0652822642513022), (38847, 1.065359754915873), (8533, 1.0656891811877296), (94524, 1.0657560720966484), (53687, 1.0658165834993234), (65133, 1.0658226232659176), (63538, 1.0659096368454424), (762, 1.066079673087104), (4602, 1.0661085223198035), (52100, 1.0662195510362595), (87939, 1.0664763375191026), (12464, 1.0665233952942434), (58190, 1.0666846725811732), (79449, 1.0667802203850314), (81886, 1.0668308963609738), (63543, 1.0668740835783677), (52219, 1.067062623074867), (52549, 1.0672150503598605), (58442, 1.0673002191891299), (38158, 1.067590524020113), (56372, 1.0676415523330798), (48347, 1.0676614828608169), (4421, 1.0676962068690976), (75533, 1.0677328835743018), (39358, 1.0678064006645736), (5602, 1.0681336214935229), (36991, 1.0681634196720502), (4911, 1.0683716489097284), (88176, 1.068388051096239), (2613, 1.068642197018447), (91054, 1.0686665151012533), (45380, 1.0688524520578224), (77493, 1.0689008550531474), (94217, 1.0689320258679729), (43431, 1.068941282142417), (87135, 1.0690322235646272), (55412, 1.0690327253658503), (1522, 1.069183533838495), (12182, 1.0691964115059769), (63334, 1.069371498944935), (66638, 1.0693953545493196), (57134, 1.06944289695881), (28475, 1.0694979052922162), (86521, 1.069533628540515), (97113, 1.0695560873197485), (61628, 1.069619838704376), (99634, 1.0696198944294488), (4111, 1.0696824718538818), (14167, 1.06972738269094), (27476, 1.0698011527280076), (58106, 1.069816362986761), (11521, 1.069822881602884), (6462, 1.0698890683790936), (87063, 1.070067384594511), (90170, 1.0700696683645456), (71113, 1.0701239203951247), (16434, 1.0702889989792754), (52499, 1.0703174006217644), (58426, 1.0704156310800483), (4606, 1.0704558339172867), (95909, 1.0704595088935704), (37773, 1.07047309505999), (69170, 1.0705681933972573), (61307, 1.070632719601104), (89126, 1.0707152785203264), (30598, 1.0707365435089384), (73245, 1.070817925506849), (42372, 1.0709415452856819), (93355, 1.0710790075265573), (29872, 1.071119241112034), (81729, 1.071176166549476), (30237, 1.0712255773798307), (19588, 1.0713021374081046), (52599, 1.07131243030861), (67758, 1.07135115298359), (26628, 1.0715396278590286), (85234, 1.071588354457957), (6702, 1.0715945285606177), (28690, 1.071643975721164), (61004, 1.0716899167075482), (75162, 1.0718090982447104), (70518, 1.0718723263721097), (54747, 1.0720130053058694), (96430, 1.072140712445442), (59485, 1.072141601949879), (92549, 1.0722579538873482), (80866, 1.072316764348589), (47643, 1.0723196547606892), (52564, 1.0723601752947405), (16825, 1.072425093891579), (96436, 1.0724666108311514), (23798, 1.0725519739464406), (79514, 1.0726988981899714), (86741, 1.0727907989645025), (92533, 1.0728101893554838), (91444, 1.0729241355463197), (92527, 1.0730484569803136), (85340, 1.073052289717892), (42549, 1.073074230488359), (48300, 1.0730758413120578), (14046, 1.073122443061142), (23391, 1.0731263310774655), (13243, 1.0733098294269265), (70857, 1.0733353189979178), (2846, 1.0734011781369392), (41593, 1.0736252133352246), (35456, 1.0736318198593795), (54724, 1.0736593003429395), (76635, 1.0737213092741147), (96919, 1.0737303577265176), (42491, 1.0738578051270682), (71889, 1.0738848357977384), (97248, 1.073942058648353), (78427, 1.0740648748989226), (57488, 1.074142952759099), (35771, 1.0744452220432221), (8149, 1.074501250140713), (57615, 1.0751336103399904), (43551, 1.07521804106455), (82043, 1.0752994164732672), (39099, 1.075390984160685), (15337, 1.0754020138825795), (85627, 1.0754877536418732), (35853, 1.0756367704821386), (2280, 1.0759440490718342), (30868, 1.075953909787326), (63544, 1.0760062587017134), (5822, 1.0760101916918896), (26818, 1.0762362867626993), (79241, 1.0763352507212567), (61348, 1.07636592936213), (55549, 1.0764590674598946), (17385, 1.0766656923043612), (37633, 1.0768891037046742), (61058, 1.0769019445766788), (38244, 1.0769094719132204), (11135, 1.076928068636759), (52216, 1.0769380310351284), (35546, 1.0770678658669126), (45298, 1.0770857404513487), (72600, 1.0772425592271302), (29980, 1.0772629760824706), (11561, 1.077292300428033), (98180, 1.077295509458903), (41165, 1.0773061323894482), (57147, 1.0773585815736584), (85929, 1.0773664376661831), (93750, 1.077375510828517), (39431, 1.0774075429064238), (89774, 1.0774248586417927), (15065, 1.0776014300619376), (52921, 1.0778469888240811), (76063, 1.077989707971959), (89499, 1.0779909244042083), (68498, 1.0780232699400447), (79472, 1.078027637895291), (48482, 1.0780601481959886), (67621, 1.0781633674318323), (60788, 1.078172876151942), (53682, 1.0781960947672562), (34876, 1.0783462297433892), (11896, 1.07848700375214), (97109, 1.0785511667266585), (5319, 1.0786174810352822), (15625, 1.0789460635452803), (7354, 1.078978711898423), (31424, 1.0789844017810473), (89128, 1.079018871884771), (51812, 1.0792493624036936), (68010, 1.0792596899661941), (43102, 1.0792605183760169), (71525, 1.0794601466043083), (5504, 1.0794747790331767), (52600, 1.0794931107018964), (85677, 1.0795400979853709), (66163, 1.0796853536095932), (94218, 1.0796921990785042), (34260, 1.0797246040560264), (9362, 1.0797450291809991), (41422, 1.0797754453401962), (3669, 1.0797885830895473)]
[('Limit  (cost=3569.65..3570.89 rows=497 width=12) (actual time=327.837..327.898 rows=640 loops=1)',), ('  ->  Sort  (cost=3569.65..3570.89 rows=497 width=12) (actual time=327.836..327.864 rows=640 loops=1)',), ("        Sort Key: ((iv_v <-> '[0.0395,0.0384,0.0593,0.1022,0.0677,0.0688,0.0859,0.0352,0.0609,0.0466,0.0351,0.0229,0.0148,0.0209,0.0394,0.0269,0.018,0.031,0.0698,0.0888,0.0529,0.0463,0.0545,0.0361,0.0462,0.0412,0.0348,0.0268,0.0115,0.0175,0.0492,0.0297,0.0221,0.0506,0.0659,0.0586,0.0313,0.0712,0.0386,0.0387,0.0326,0.0364,0.0402,0.0368,0.017,0.0184,0.0543,0.0508,0.0391,0.0932,0.1039,0.0601,0.044,0.1264,0.0602,0.0749,0.019,0.0337,0.0961,0.0623,0.0227,0.0285,0.061,0.0647,0.0789,0.0985,0.1225,0.0831,0.0552,0.1415,0.1188,0.1061,0.0237,0.0452,0.183,0.0502,0.0408,0.0451,0.1173,0.0599,0.0501,0.0757,0.0752,0.0564,0.0347,0.1094,0.0892,0.06,0.0265,0.035,0.0853,0.0296,0.0172,0.0355,0.1018,0.0394,0.0274,0.0351,0.0667,0.0694,0.0251,0.0677,0.0353,0.0346,0.0428,0.044,0.0262,0.0223,0.0185,0.0205,0.0558,0.0397,0.0238,0.0433,0.0363,0.0745,0.0424,0.0732,0.0616,0.038,0.0559,0.0361,0.0279,0.0257,0.0151,0.0191,0.0301,0.0322,0.0667,0.0655,0.0902,0.1118,0.0764,0.1144,0.1063,0.0373,0.0508,0.039,0.0422,0.0241,0.0293,0.0292,0.0624,0.0651,0.025,0.0357,0.0631,0.1018,0.0374,0.0563,0.0391,0.03,0.0371,0.0461,0.0454,0.0226,0.0142,0.0219,0.0497,0.0443,0.0294,0.0465,0.0676,0.0555,0.0307,0.0872,0.0376,0.0421,0.0318,0.0466,0.0266,0.0296,0.0211,0.0324,0.0323,0.0238,0.0246,0.0651,0.087,0.049,0.0304,0.1311,0.0754,0.0291,0.0247,0.0456,0.0632,0.0679,0.0274,0.0239,0.0614,0.0673,0.046,0.0631,0.1073,0.0719,0.0473,0.1549,0.1314,0.0378,0.0302,0.0571,0.1423,0.0641,0.0328,0.0367,0.1366,0.0579,0.0224,0.0416,0.0768,0.0778,0.0335,0.1176,0.0794,0.038,0.0261,0.036,0.0864,0.0476,0.0144,0.0225,0.1065,0.0558,0.0238,0.0403,0.082,0.0548,0.0438,0.071,0.0378,0.0476,0.0346,0.0488,0.0197,0.0202,0.0178,0.0144,0.0514,0.0432,0.0375,0.0595,0.0348,0.0533,0.0505,0.0914,0.0668,0.0489,0.0521,0.033,0.0263,0.0327,0.0182,0.0183,0.0264,0.0438,0.0487,0.0515,0.0501,0.0654,0.016,0.0673,0.0375,0.0175,0.0215,0.042,0.0199,0.0181,0.0482,0.0253,0.0283,0.0509,0.0249,0.0566,0.0893,0.0414,0.0288,0.0584,0.0299,0.0254,0.0457,0.0586,0.0402,0.0198,0.029,0.0346,0.0537,0.0296,0.0328,0.0934,0.1517,0.0745,0.0566,0.0819,0.0833,0.056,0.0398,0.0306,0.0738,0.0281,0.0153,0.0739,0.1196,0.0319,0.0197,0.0403,0.0639,0.047,0.0347,0.0539,0.0443,0.0213,0.0203,0.0289,0.029,0.0159,0.0203,0.0364,0.0393,0.0246,0.0298,0.0373,0.0454,0.0655,0.0683,0.0874,0.098,0.0287,0.0635,0.0674,0.0419,0.0192,0.0193,0.0241,0.0388,0.0295,0.0141,0.0281,0.0519,0.0528,0.058,0.1103,0.0553,0.0272,0.0418,0.0418,0.0365,0.0201,0.013,0.0194,0.0507,0.0259,0.0174,0.0447,0.0531,0.0416,0.0366,0.0714,0.0322,0.0342,0.031,0.1006,0.0473,0.0348,0.0125,0.0265,0.056,0.0447,0.0245,0.0754,0.0828,0.0465,0.0585,0.1342,0.049,0.0627,0.0329,0.1089,0.1035,0.0574,0.0206,0.0294,0.0623,0.0564,0.0554,0.0824,0.0948,0.0613,0.069,0.1621,0.0985,0.0928,0.0236,0.0591,0.1686,0.047,0.0399,0.0427,0.1132,0.0501,0.0355,0.0624,0.0577,0.0352,0.0499,0.1113,0.0801,0.0546,0.032,0.0351,0.0826,0.0273,0.0185,0.0306,0.0908,0.0383,0.0212,0.0281,0.0518,0.0461,0.0273,0.0749,0.0336,0.0285,0.0415,0.046,0.0264,0.016,0.0124,0.0192,0.0574,0.0299,0.0175,0.0395,0.0302,0.0547,0.0535,0.0964,0.0678,0.0336,0.0615,0.0466,0.038,0.0195,0.012,0.0168,0.0317,0.0272,0.0458,0.0675,0.0731,0.0849,0.0843,0.1395,0.127,0.0366,0.0554,0.0801,0.0686,0.0219,0.0344,0.0277,0.0492,0.0616,0.0211,0.0444,0.0484,0.066,0.0587,0.0934,0.0533,0.0243,0.0243,0.0389,0.045,0.0213,0.0134,0.0288,0.0519,0.0344,0.0304,0.0536,0.0572,0.044,0.062,0.1021,0.0391,0.0338,0.0362,0.1337,0.0373,0.0275,0.0156,0.0425,0.029,0.0214,0.0157,0.0638,0.0712,0.0437,0.0885,0.2152,0.062,0.0223,0.0546,0.1808,0.106,0.0594,0.0224,0.0359,0.0524,0.0572,0.0432,0.066,0.0862,0.0567,0.1092,0.2191,0.1108,0.0365,0.0441,0.0894,0.1544,0.0574,0.0288,0.0333,0.1362,0.0473,0.0286,0.0522,0.0555,0.0498,0.0801,0.1573,0.0778,0.0334,0.0317,0.0339,0.0807,0.0425,0.014,0.0191,0.0988,0.0441,0.0174,0.0291,0.0522,0.0303,0.0396,0.0752,0.0317,0.0336,0.0423,0.0573,0.023,0.0145,0.0122,0.0155,0.0402,0.0284,0.031,0.0506,0.0286,0.0453,0.0852,0.1073,0.0718,0.0451,0.0575,0.0549,0.0461,0.0262,0.0171,0.0157,0.0205,0.0373,0.0482,0.0719,0.0467,0.052,0.0383,0.0802,0.0241,0.0146,0.0166,0.0318,0.0238,0.0144,0.0383,0.0332,0.0324,0.0437,0.0199,0.0456,0.0597,0.034,0.0456,0.1084,0.0438,0.0239,0.0462,0.088,0.0294,0.0241,0.0225,0.0385,0.0457,0.0248,0.0294,0.078,0.1191,0.0557,0.0852,0.1542,0.1082,0.0515,0.0538,0.0913,0.0869,0.0267,0.015,0.0603,0.0984,0.0287,0.0227,0.0412,0.0477,0.0313,0.0385,0.0818,0.0464,0.0192,0.0183,0.0231,0.0333,0.0151,0.0178,0.0374,0.0358,0.0222,0.0363,0.0399,0.0572,0.0858,0.0686,0.0911,0.0985,0.0325,0.0622,0.0653,0.0418,0.0196,0.0168,0.0215,0.0445,0.0309,0.017,0.0302,0.0629,0.0669,0.0601,0.1099,0.0547,0.0337,0.0443,0.04,0.0359,0.023,0.0127,0.0172,0.0545,0.0272,0.0201,0.0461,0.0583,0.0464,0.0415,0.0737,0.0356,0.0382,0.0276,0.0909,0.0448,0.0384,0.0161,0.0243,0.0539,0.0456,0.0288,0.0782,0.0901,0.0519,0.0623,0.1409,0.0524,0.0725,0.0304,0.1066,0.1049,0.0634,0.0235,0.035,0.0673,0.0624,0.0622,0.091,0.1108,0.0777,0.0752,0.166,0.1094,0.1101,0.0289,0.0588,0.1796,0.049,0.0398,0.05,0.1249,0.0592,0.0402,0.0657,0.0702,0.0486,0.0515,0.1123,0.0833,0.0611,0.0328,0.0334,0.0874,0.0273,0.0167,0.0308,0.101,0.0415,0.0209,0.0289,0.0556,0.0507,0.0313,0.071,0.0304,0.0304,0.0413,0.0486,0.0231,0.0185,0.0157,0.0213,0.0566,0.0326,0.0211,0.0399,0.0332,0.0662,0.0575,0.0874,0.0649,0.0332,0.0627,0.0439,0.0341,0.0227,0.0144,0.0168,0.0304,0.028,0.0467,0.0709,0.0907,0.0974,0.0922,0.1468,0.1325,0.043,0.0544,0.0763,0.0707,0.0254,0.0296,0.0267,0.0612,0.0676,0.0207,0.0468,0.0595,0.0826,0.0605,0.0973,0.0542,0.0328,0.0237,0.0439,0.0431,0.0261,0.0129,0.0255,0.0589,0.0419,0.0304,0.0556,0.0626,0.0514,0.0629,0.1105,0.0436,0.0375,0.0364,0.135,0.0366,0.0314,0.0186,0.0427,0.0299,0.0236,0.0206,0.0634,0.0786,0.0473,0.0932,0.2228,0.0647,0.0249,0.054,0.1788,0.1082,0.0638,0.0276,0.0362,0.0571,0.0657,0.0542,0.0726,0.102,0.0686,0.1215,0.229,0.1334,0.0478,0.0549,0.0935,0.1767,0.0702,0.0371,0.0386,0.1481,0.0551,0.0276,0.0504,0.0686,0.0665,0.0866,0.1606,0.087,0.0404,0.035,0.0335,0.0947,0.0529,0.015,0.0226,0.1122,0.0553,0.0164,0.0296,0.0645,0.0438,0.0426,0.0801,0.0335,0.035,0.0438,0.0546,0.0216,0.0153,0.0136,0.0164,0.0499,0.0366,0.0345,0.0554,0.0354,0.0543,0.0912,0.1173,0.0724,0.0488,0.0624,0.0512,0.0406,0.0326,0.0157,0.0145,0.0242,0.0465,0.0456,0.0691,0.0475,0.053,0.0412,0.0854,0.0285,0.019,0.0219,0.0346,0.0224,0.0159,0.0365,0.0274,0.0277,0.041,0.021,0.05,0.0674,0.0369,0.0467,0.1111,0.049,0.0296,0.053,0.0885,0.0352,0.0254,0.026,0.0402,0.0529,0.0255,0.0341,0.0899,0.1371,0.0678,0.089,0.1635,0.1274,0.0629,0.0618,0.0946,0.1059,0.035,0.0181,0.0675,0.1153,0.0331,0.0214,0.0406,0.0542,0.036,0.0401,0.0856,0.0566,0.0233,0.0218,0.0245,0.0406,0.0187,0.0186,0.0386,0.0403,0.0222]'::vector))",), ('        Sort Method: top-N heapsort  Memory: 99kB',), ('        ->  Seq Scan on item_vector  (cost=0.00..3547.39 rows=497 width=12) (actual time=0.018..314.090 rows=100000 loops=1)',), ("              Filter: (mod((iv_id)::numeric, '1'::numeric) = '0'::numeric)",), ('Planning Time: 0.062 ms',), ('Execution Time: 327.933 ms',)]
1 100000 1000
100000 1000
[(21551, 0.8882644893302999), (8305, 0.8939738306785324), (28123, 0.9019538400282903), (57363, 0.906300641979776), (42140, 0.9104190823474205), (7909, 0.9201504368727164), (15432, 0.9256672527449661), (92232, 0.9338932275271034), (8700, 0.9349296301609904), (8720, 0.9408254137429496), (17198, 0.941044084839877), (91127, 0.9452928273069199), (153, 0.9477220202687767), (98965, 0.948271227469524), (14788, 0.9511547047908026), (52603, 0.95167005209869), (88677, 0.9519871658293554), (27904, 0.9533511034325264), (80779, 0.9538594839768471), (27883, 0.958317697784473), (82958, 0.9639998231666055), (28280, 0.9644968436225593), (11339, 0.9685856156700682), (17647, 0.9686375214282694), (73263, 0.9688624655137069), (890, 0.9688854738077101), (50425, 0.9708830822052874), (5017, 0.9714372955559626), (39323, 0.9716241715257264), (41563, 0.971669750066961), (54869, 0.9722306572835824), (22640, 0.9727769340192194), (31433, 0.9728596792474088), (27878, 0.9731558010981898), (42387, 0.9737516309653496), (91070, 0.9738339873442335), (60338, 0.9756750117697588), (85711, 0.977465219976513), (15297, 0.9789401901705966), (69461, 0.9789880765553152), (93394, 0.9794398832951241), (10441, 0.9809322401515187), (46526, 0.9811533327535263), (25032, 0.9827593608615139), (16771, 0.9833109721103592), (84412, 0.985686321878748), (90696, 0.9858619419169985), (25692, 0.9868865896538583), (88938, 0.9877269834087832), (62962, 0.9877570952361215), (74672, 0.9878027741515462), (58452, 0.9878059420297045), (32331, 0.9880196447504376), (35472, 0.9887646484254436), (94888, 0.9900856282550317), (61015, 0.9901329756065053), (40563, 0.9905465440939868), (67156, 0.9915460630750268), (81098, 0.9921230986111812), (61818, 0.9924737111989211), (28672, 0.9930446256615549), (46301, 0.9930713651564991), (17065, 0.993702640244634), (2352, 0.9940572827372248), (8697, 0.994143382969836), (86577, 0.9942119100678016), (51897, 0.9946610862683631), (15491, 0.9946975497050607), (61601, 0.9947971956322428), (99883, 0.9954589017453643), (4710, 0.9956304931489088), (10703, 0.9959733478856181), (27404, 0.9980341244235823), (74108, 0.9981603987119012), (56000, 0.9983165399054936), (87577, 0.9987097403345718), (5517, 0.9992546641775635), (29479, 0.999387792108195), (2225, 0.9998681756392481), (98591, 1.0007765258391683), (86836, 1.0008823555134974), (51576, 1.001178583367504), (28375, 1.001237699359291), (32178, 1.001403598409884), (89336, 1.00155149742427), (89599, 1.0017276978795973), (12490, 1.0018206949443227), (77324, 1.0020581761068628), (70007, 1.0021214631903133), (7149, 1.002377901513814), (3845, 1.0025578211521857), (54691, 1.0026696452107557), (64933, 1.0030792629950271), (78482, 1.003982481678264), (3848, 1.004826046421872), (39698, 1.0048950313199672), (76772, 1.0067264116212682), (15567, 1.0067964503539797), (55400, 1.0073309050803598), (11996, 1.0073645727420493), (85873, 1.0077676689171817), (43763, 1.007994406200207), (39536, 1.0080528268443993), (70621, 1.0083274412902525), (82553, 1.0092939976174975), (9543, 1.0093267139896378), (10977, 1.0095386360676435), (2351, 1.0098282519754802), (43848, 1.00985923938184), (67599, 1.0098803692965457), (3240, 1.010155431005112), (50750, 1.0108373624800482), (49234, 1.0111026729213006), (47490, 1.0112248102358583), (75692, 1.0113580126893407), (60360, 1.0115603761176344), (65208, 1.0116619550751307), (26045, 1.011983711571467), (68769, 1.0120567434709404), (92621, 1.0123973323432687), (28923, 1.0124202932372954), (7415, 1.0127020222249392), (8203, 1.0131422949037812), (1607, 1.0134112366629484), (1693, 1.0134675806823403), (40633, 1.01361142604864), (2995, 1.0137819439879834), (69877, 1.0139199837107067), (66913, 1.0144804741158726), (2725, 1.0154808529016504), (90899, 1.0156779935656106), (44519, 1.0157469456162231), (83732, 1.0158215846028253), (60817, 1.0162440834013942), (88891, 1.0162992733392104), (49934, 1.0163996163341604), (15852, 1.016490391525888), (56514, 1.0169882208518044), (34435, 1.017448431671822), (34464, 1.017448431671822), (5583, 1.0187736999937775), (56024, 1.0188570680113187), (96837, 1.01895277193515), (38302, 1.0189872839810912), (92478, 1.0190818059052351), (75980, 1.0193685350616541), (46868, 1.020189796067977), (38367, 1.020493561129557), (75774, 1.0206240355095215), (55591, 1.0207641863597405), (33175, 1.0213429223582398), (94506, 1.0214048978327706), (92523, 1.0216961672093177), (75828, 1.0218160466445205), (64918, 1.022079032104084), (17981, 1.0222979892130692), (49969, 1.0223818277470793), (99543, 1.0224200716933347), (39538, 1.0225544388509682), (14804, 1.0226180312065294), (54875, 1.0231525519499853), (95483, 1.0232811728323237), (4521, 1.0238985959411229), (68423, 1.0239850974376898), (91871, 1.0242172648566774), (43277, 1.0247948650618588), (24060, 1.0252930803677671), (10651, 1.0257680434504837), (61645, 1.0262641600957314), (47156, 1.0264264787413133), (9909, 1.0264439576798365), (99617, 1.0265274576044328), (21254, 1.0265474315448975), (53915, 1.0268503607071002), (87884, 1.0270500198336772), (1694, 1.027243431618051), (70465, 1.0285290744364302), (34626, 1.0287125320378756), (92214, 1.0288080143938212), (48587, 1.0290115221488771), (64140, 1.0291487932905448), (67555, 1.0292245452194175), (21598, 1.0292396601893503), (41127, 1.02931245216584), (36224, 1.029545444535989), (52445, 1.0295636810275581), (5579, 1.0295784436651008), (28681, 1.0304228037090826), (91812, 1.0307005950427113), (60225, 1.0307749607784238), (72173, 1.0311315063833617), (4580, 1.0312181525659143), (96524, 1.0313562858602665), (4604, 1.0314733090074721), (75937, 1.0315071710068238), (41370, 1.0321312808954137), (81741, 1.0328120914060215), (12851, 1.0328651264766262), (51330, 1.0328760332427616), (98107, 1.033404555993865), (79676, 1.0339030038875765), (62167, 1.0339402452022088), (84357, 1.034045044056209), (58391, 1.0345139148010492), (46268, 1.0349015984313044), (34636, 1.0351292444701112), (55408, 1.0352747435497294), (40996, 1.0353175775303844), (52481, 1.035613912501175), (21253, 1.0356142002755848), (45547, 1.035707377424831), (39557, 1.0357187722019683), (97768, 1.0357516321956177), (99781, 1.0360622831423654), (46080, 1.036152256127944), (14998, 1.0367700053856606), (44884, 1.0369720080652438), (61350, 1.037131558915578), (57491, 1.037201900629317), (11302, 1.0372590210274775), (16846, 1.0373084385523403), (39435, 1.0374462780199882), (71728, 1.0374588602021473), (31409, 1.037671642582775), (25027, 1.0378753075206972), (15515, 1.037932850269858), (68747, 1.0379992329515626), (35004, 1.0380344324262691), (69523, 1.0380491320167133), (82566, 1.0381722903288926), (34511, 1.0384241308636841), (53783, 1.0385110295150348), (5176, 1.0388840830505333), (27745, 1.0389621657494683), (73873, 1.0390604922626574), (48452, 1.0390604922626574), (68562, 1.0391347759607914), (45869, 1.039446193438287), (48107, 1.0394695889940606), (67880, 1.0399195642727208), (90662, 1.0400289758900556), (89199, 1.0403688865957754), (12273, 1.040646944015122), (55796, 1.0407037035073707), (6552, 1.0415010447760151), (43084, 1.0419122724267782), (69894, 1.0420727828227798), (75704, 1.0423627371496138), (87375, 1.0424425033338567), (54888, 1.042559882898055), (52495, 1.0426572413063224), (98345, 1.0427789408239718), (70798, 1.0430020102008821), (5870, 1.0430337264148182), (52842, 1.0433969368809053), (76498, 1.0435487655994242), (52528, 1.0435893180651397), (68855, 1.0437505413670762), (43584, 1.0439444560662121), (42133, 1.043957987637914), (7377, 1.0439820243011388), (23712, 1.044222645904292), (7290, 1.0442737886889615), (195, 1.044289541988578), (56017, 1.0443823446475546), (56521, 1.0444346209891513), (62946, 1.0450344702406178), (57166, 1.045198607120396), (89845, 1.045337458884198), (48314, 1.045503771606823), (41, 1.0456212065468864), (63950, 1.0456548383962088), (37317, 1.04568390912315), (85243, 1.0457676966968867), (97226, 1.0462108042312785), (2651, 1.046355730773658), (44569, 1.046384041516203), (4218, 1.0465007511579112), (4516, 1.046598597234642), (32718, 1.0469174732303426), (9939, 1.0470702715138842), (40642, 1.0473031833719408), (26116, 1.0474737362539381), (92255, 1.0475182905398372), (95317, 1.0477008124538139), (86098, 1.0477805704632683), (450, 1.0478464430428878), (7241, 1.0478803447599367), (100, 1.047960999134408), (90435, 1.0480687182151733), (66616, 1.0481094938801978), (23288, 1.0482707043019377), (75005, 1.0485998150271103), (74452, 1.0487061612556874), (11997, 1.0487433315788024), (63528, 1.0487608932456802), (92830, 1.048883930334217), (58239, 1.048938937167288), (55735, 1.0489416647037804), (32836, 1.0489838269698846), (93444, 1.0491527431514533), (24414, 1.049356224614592), (55201, 1.0495506937470014), (12358, 1.049596409208273), (29941, 1.0496813608519817), (10453, 1.0497548362073628), (87039, 1.0498998412545169), (56495, 1.0499893664775284), (85090, 1.050083425023301), (48197, 1.0501476774361016), (87155, 1.0502525048683478), (36742, 1.0503819497552802), (27897, 1.0504176421856364), (3905, 1.050495945653486), (78229, 1.0505497333495952), (69524, 1.0505839449765568), (68430, 1.0505908098620227), (85588, 1.050652875468063), (42989, 1.0506987131596126), (26811, 1.05082447289269), (5974, 1.0509044475728833), (7843, 1.0509858907084633), (81810, 1.051036817818614), (1238, 1.0510424888363141), (55389, 1.0512061979260618), (15015, 1.051379462490605), (20105, 1.0514086583870006), (61434, 1.0516427631553393), (87280, 1.0516992692584126), (67669, 1.0517052200755124), (86813, 1.0518084755599013), (22634, 1.051949854525905), (27952, 1.0519817542462844), (4827, 1.0520832829742923), (44976, 1.052199530401018), (32504, 1.0522357842809926), (31465, 1.0523451614653616), (78508, 1.052381750155621), (95167, 1.0523955130643463), (55854, 1.0526297381033611), (55558, 1.0527804617622494), (32450, 1.052887008444529), (30065, 1.0529515426368667), (60002, 1.0529995444533187), (55940, 1.0531041446058345), (41246, 1.053223957879788), (83014, 1.0532613083100835), (85230, 1.0536319678326564), (97681, 1.053794256527638), (76540, 1.0538820935556832), (51234, 1.0538885976162793), (28010, 1.05391116356747), (13178, 1.0541645590317557), (17670, 1.0544498882369795), (51565, 1.0548127276639652), (71359, 1.05493822296568), (78745, 1.0550268686859554), (35955, 1.0551813170478919), (92468, 1.055353364206935), (74796, 1.0554506719637784), (20344, 1.0555135247300536), (72315, 1.0556286039228788), (65770, 1.0556571176813943), (5982, 1.0559474624656042), (17207, 1.0559552520677695), (81230, 1.0560438124172746), (81802, 1.0561080972730066), (55722, 1.056126044409325), (15472, 1.056138008997438), (29262, 1.0563077560976446), (14426, 1.056472285429377), (5119, 1.0565731005854722), (206, 1.0565731005854722), (47580, 1.0566009119154436), (63384, 1.056612532660007), (72579, 1.0566817467773697), (38258, 1.056875262765158), (35161, 1.0569243270579172), (3967, 1.0569826372898594), (22861, 1.0570927074128502), (12992, 1.0571269328250923), (7746, 1.0571732791459485), (97019, 1.057293533298492), (94765, 1.0573650704195072), (61319, 1.057394946586521), (82221, 1.0575076228739553), (22744, 1.0575263916942894), (8183, 1.0576276699402614), (21392, 1.057685490566239), (55743, 1.058127663119503), (93457, 1.0584300009566285), (52588, 1.058471897896432), (12812, 1.0584836670341167), (9819, 1.0585403147368921), (66544, 1.0586174543478695), (52631, 1.0586743200967943), (64574, 1.0587432868321336), (36411, 1.0588226633909834), (71052, 1.0589779652760707), (74508, 1.0591106208681498), (72554, 1.059235325610585), (73215, 1.0593062251899572), (64787, 1.0596264521057972), (75356, 1.0596429896589923), (4913, 1.059666333044799), (68442, 1.059782648564979), (93018, 1.0598702142541947), (21769, 1.0599064307030612), (41688, 1.0599749236469587), (42486, 1.0600265997122305), (57583, 1.0602670655211741), (44724, 1.060281513097487), (44752, 1.060281513097487), (53681, 1.0603712860369754), (9055, 1.0607924484401283), (59582, 1.0608852120774663), (24087, 1.0609347089188594), (40519, 1.0610258310033722), (38159, 1.0610316733361496), (78979, 1.0611122268373527), (97562, 1.0612002444875575), (77264, 1.061227822223683), (52473, 1.0612315291559762), (54037, 1.0613747416266726), (97096, 1.0614709920131478), (60807, 1.0616136107270078), (71743, 1.0616278715446297), (15101, 1.0616792987289567), (96856, 1.0617004078564163), (80670, 1.0617842788067025), (87415, 1.0621067329084863), (19265, 1.0625833590849578), (18297, 1.0625905951977104), (70654, 1.0628019913487843), (66008, 1.062930020096801), (92384, 1.063073059822621), (566, 1.063446632993963), (7095, 1.0635134407704214), (12248, 1.0635697084940177), (30410, 1.0635697084940177), (95221, 1.063570044746366), (89624, 1.0635737435151817), (4228, 1.063577554354447), (40347, 1.0636738295577433), (28364, 1.063680834107313), (63366, 1.063839180656315), (80637, 1.0638796880361259), (55032, 1.064020527419361), (52474, 1.0640324032374016), (38929, 1.0641548508775018), (83744, 1.0642564504372822), (88337, 1.0643289196099306), (92541, 1.0645355472676732), (94085, 1.0647470610865322), (72166, 1.0648005207380058), (78356, 1.0650033071403913), (67988, 1.065101412122129), (47158, 1.0651272100491265), (21794, 1.065242089976961), (97795, 1.0652822642513022), (38847, 1.065359754915873), (8533, 1.0656891811877296), (94524, 1.0657560720966484), (53687, 1.0658165834993234), (65133, 1.0658226232659176), (63538, 1.0659096368454424), (762, 1.066079673087104), (4602, 1.0661085223198035), (52100, 1.0662195510362595), (87939, 1.0664763375191026), (12464, 1.0665233952942434), (58190, 1.0666846725811732), (79449, 1.0667802203850314), (81886, 1.0668308963609738), (63543, 1.0668740835783677), (52219, 1.067062623074867), (52549, 1.0672150503598605), (58442, 1.0673002191891299), (38158, 1.067590524020113), (56372, 1.0676415523330798), (48347, 1.0676614828608169), (4421, 1.0676962068690976), (75533, 1.0677328835743018), (39358, 1.0678064006645736), (5602, 1.0681336214935229), (36991, 1.0681634196720502), (4911, 1.0683716489097284), (88176, 1.068388051096239), (2613, 1.068642197018447), (91054, 1.0686665151012533), (45380, 1.0688524520578224), (77493, 1.0689008550531474), (94217, 1.0689320258679729), (43431, 1.068941282142417), (87135, 1.0690322235646272), (55412, 1.0690327253658503), (1522, 1.069183533838495), (12182, 1.0691964115059769), (63334, 1.069371498944935), (66638, 1.0693953545493196), (57134, 1.06944289695881), (28475, 1.0694979052922162), (86521, 1.069533628540515), (97113, 1.0695560873197485), (61628, 1.069619838704376), (99634, 1.0696198944294488), (4111, 1.0696824718538818), (14167, 1.06972738269094), (27476, 1.0698011527280076), (58106, 1.069816362986761), (11521, 1.069822881602884), (6462, 1.0698890683790936), (87063, 1.070067384594511), (90170, 1.0700696683645456), (71113, 1.0701239203951247), (16434, 1.0702889989792754), (52499, 1.0703174006217644), (58426, 1.0704156310800483), (4606, 1.0704558339172867), (95909, 1.0704595088935704), (37773, 1.07047309505999), (69170, 1.0705681933972573), (61307, 1.070632719601104), (89126, 1.0707152785203264), (30598, 1.0707365435089384), (73245, 1.070817925506849), (42372, 1.0709415452856819), (93355, 1.0710790075265573), (29872, 1.071119241112034), (81729, 1.071176166549476), (30237, 1.0712255773798307), (19588, 1.0713021374081046), (52599, 1.07131243030861), (67758, 1.07135115298359), (26628, 1.0715396278590286), (85234, 1.071588354457957), (6702, 1.0715945285606177), (28690, 1.071643975721164), (61004, 1.0716899167075482), (75162, 1.0718090982447104), (70518, 1.0718723263721097), (54747, 1.0720130053058694), (96430, 1.072140712445442), (59485, 1.072141601949879), (92549, 1.0722579538873482), (80866, 1.072316764348589), (47643, 1.0723196547606892), (52564, 1.0723601752947405), (16825, 1.072425093891579), (96436, 1.0724666108311514), (23798, 1.0725519739464406), (79514, 1.0726988981899714), (86741, 1.0727907989645025), (92533, 1.0728101893554838), (91444, 1.0729241355463197), (92527, 1.0730484569803136), (85340, 1.073052289717892), (42549, 1.073074230488359), (48300, 1.0730758413120578), (14046, 1.073122443061142), (23391, 1.0731263310774655), (13243, 1.0733098294269265), (70857, 1.0733353189979178), (2846, 1.0734011781369392), (41593, 1.0736252133352246), (35456, 1.0736318198593795), (54724, 1.0736593003429395), (76635, 1.0737213092741147), (96919, 1.0737303577265176), (42491, 1.0738578051270682), (71889, 1.0738848357977384), (97248, 1.073942058648353), (78427, 1.0740648748989226), (57488, 1.074142952759099), (35771, 1.0744452220432221), (8149, 1.074501250140713), (57615, 1.0751336103399904), (43551, 1.07521804106455), (82043, 1.0752994164732672), (39099, 1.075390984160685), (15337, 1.0754020138825795), (85627, 1.0754877536418732), (35853, 1.0756367704821386), (2280, 1.0759440490718342), (30868, 1.075953909787326), (63544, 1.0760062587017134), (5822, 1.0760101916918896), (26818, 1.0762362867626993), (79241, 1.0763352507212567), (61348, 1.07636592936213), (55549, 1.0764590674598946), (17385, 1.0766656923043612), (37633, 1.0768891037046742), (61058, 1.0769019445766788), (38244, 1.0769094719132204), (11135, 1.076928068636759), (52216, 1.0769380310351284), (35546, 1.0770678658669126), (45298, 1.0770857404513487), (72600, 1.0772425592271302), (29980, 1.0772629760824706), (11561, 1.077292300428033), (98180, 1.077295509458903), (41165, 1.0773061323894482), (57147, 1.0773585815736584), (85929, 1.0773664376661831), (93750, 1.077375510828517), (39431, 1.0774075429064238), (89774, 1.0774248586417927), (15065, 1.0776014300619376), (52921, 1.0778469888240811), (76063, 1.077989707971959), (89499, 1.0779909244042083), (68498, 1.0780232699400447), (79472, 1.078027637895291), (48482, 1.0780601481959886), (67621, 1.0781633674318323), (60788, 1.078172876151942), (53682, 1.0781960947672562), (34876, 1.0783462297433892), (11896, 1.07848700375214), (97109, 1.0785511667266585), (5319, 1.0786174810352822), (15625, 1.0789460635452803), (7354, 1.078978711898423), (31424, 1.0789844017810473), (89128, 1.079018871884771), (51812, 1.0792493624036936), (68010, 1.0792596899661941), (43102, 1.0792605183760169), (71525, 1.0794601466043083), (5504, 1.0794747790331767), (52600, 1.0794931107018964), (85677, 1.0795400979853709), (66163, 1.0796853536095932), (94218, 1.0796921990785042), (34260, 1.0797246040560264), (9362, 1.0797450291809991), (41422, 1.0797754453401962), (3669, 1.0797885830895473), (90963, 1.0798334599941497), (73237, 1.079853551878371), (60873, 1.079945174962594), (50029, 1.0799898246003221), (9057, 1.0800457858164343), (11809, 1.0800578165473185), (43532, 1.08007453793694), (43444, 1.08007453793694), (76520, 1.0801253075667108), (7815, 1.0801728191564464), (9970, 1.08025580767514), (49861, 1.0802709810832167), (60714, 1.0802769952114395), (12183, 1.0803264311801752), (96772, 1.080359534358921), (2793, 1.0803674238001766), (86764, 1.0805791482635254), (74405, 1.0805828439709406), (92566, 1.0806349134900566), (52476, 1.0806692206368065), (43708, 1.080681795974088), (10545, 1.0807727973434282), (37019, 1.080779746224004), (72041, 1.080799379327682), (22204, 1.080854140566444), (88278, 1.0808707944916778), (75231, 1.0809705472351538), (13949, 1.0810077109119183), (37628, 1.0811748213899794), (89039, 1.0811770816977788), (56728, 1.081341465074731), (613, 1.0813420162847929), (65593, 1.0813571193311664), (17492, 1.0814008839020346), (12807, 1.0814238678602597), (2404, 1.0814508196494348), (86086, 1.0816276706568684), (1570, 1.0817156169514823), (75979, 1.081824658223664), (60391, 1.0818374405130944), (57191, 1.0818501124612963), (5927, 1.081850663412199), (23223, 1.0819874007501566), (6564, 1.0820181394808728), (87270, 1.0820722331193922), (19473, 1.0820887030486752), (3782, 1.0821190533319827), (45396, 1.0821880681396896), (75773, 1.0821883986070313), (21623, 1.0823217890160683), (94585, 1.0824585219050646), (46112, 1.082464744134707), (72363, 1.082491559883322), (17995, 1.0826870690120127), (70628, 1.0827998657370217), (23781, 1.0829275667337452), (28961, 1.0830239379893103), (3294, 1.083038632338747), (82588, 1.0831811626861503), (83338, 1.0831953596627084), (88667, 1.0832542366105213), (47560, 1.083285544637423), (47612, 1.0834298579912267), (47730, 1.0834298579912267), (59461, 1.0835205735496483), (29324, 1.0835247543140696), (82267, 1.0835643057477262), (16939, 1.083601710504116), (94186, 1.0836722809622565), (59990, 1.0836925216796942), (70048, 1.0837246970420495), (92770, 1.0837792554732335), (86361, 1.0838025189690215), (52435, 1.0838157178935395), (19750, 1.0838429401677236), (34795, 1.0838534439331362), (16000, 1.0839282321996735), (59580, 1.0839347759274844), (78368, 1.0839520423809739), (2450, 1.0840954422969562), (97657, 1.0841239770571953), (39026, 1.0842443206054329), (88179, 1.0842563047500617), (42158, 1.0843329341765344), (31403, 1.084363936222152), (68834, 1.084392189087522), (87260, 1.0844508361682326), (918, 1.0844777127302199), (2709, 1.084559877229675), (73541, 1.08459510438276), (91196, 1.0846953388833154), (31318, 1.0847838057195394), (78338, 1.0847952344491534), (81695, 1.084816003659166), (56903, 1.0848424865724091), (43445, 1.0849114929524357), (46557, 1.0849285241065625), (24367, 1.084957915953404), (80140, 1.0849650577772518), (18090, 1.0850172466014854), (19597, 1.0850456472542371), (62833, 1.085086955967635), (209, 1.0851034350687374), (12713, 1.0851887928070099), (13928, 1.085279745787892), (52382, 1.0853062723048663), (80058, 1.0854111088606184), (44542, 1.0856208614079417), (64317, 1.0857196836409075), (69925, 1.0857329690551834), (86513, 1.085765797604868), (12440, 1.0857936846232008), (4150, 1.0858170696415559), (73071, 1.085864551756082), (42553, 1.08589534540483), (43869, 1.0859074211071478), (89531, 1.0859861843256025), (74228, 1.0860703201850987), (30296, 1.0861575226218614), (35483, 1.0861667418535257), (6880, 1.0862150866623046), (28671, 1.08640526227112), (43585, 1.0865059880856598), (21693, 1.0865214033586084), (532, 1.0866452661895534), (10778, 1.0867008846742372), (68453, 1.0867737219349267), (50174, 1.0867768481237525), (89885, 1.0867976891527822), (792, 1.0868802815112115), (81284, 1.0869299655241011), (85714, 1.0870907375151286), (74490, 1.0872021453563978), (24221, 1.0872698507455032), (52423, 1.08755285200403), (86273, 1.0876073280076377), (20565, 1.0876725969701397), (18844, 1.0876863517261974), (92278, 1.087710518027723), (34741, 1.0877669587721326), (2611, 1.087884269435542), (15727, 1.087896213482897), (48993, 1.0879766954106944), (3679, 1.0879914872208116), (10151, 1.0880349301523216), (91850, 1.0880698256771075), (97249, 1.0880703186984824), (26302, 1.0881252070146832), (9961, 1.0881345191289407), (8459, 1.0882050147263715), (89841, 1.0882637301840123), (80398, 1.088320525611497), (27472, 1.0883671317954677), (43399, 1.0885017363359641), (979, 1.0885182184982314), (67987, 1.0885545769371534), (65256, 1.0885555077848568), (25979, 1.0885821734957626), (64783, 1.0886367622464532), (50129, 1.0886661634784696), (14738, 1.0886817124123847), (52577, 1.088693428715874), (22875, 1.0887098532281185), (62976, 1.0887121526400596), (2335, 1.0887527747836048), (57966, 1.0889062164565), (76164, 1.0890092833992895), (54054, 1.0891758776282308), (35561, 1.0892435150548803), (69408, 1.0892616276009877), (2064, 1.0893893371268897), (44050, 1.0893971611740918), (21263, 1.0894171861018833), (28585, 1.0894715688846401), (21953, 1.0895156639972354), (53729, 1.089537054407766), (37627, 1.0895851402681052), (4536, 1.0895988161775205), (5080, 1.089640444589316), (61311, 1.0896475010218463), (48542, 1.0896787347596941), (42014, 1.0897095300205026), (2627, 1.0897215634560995), (52531, 1.089831170997355), (1733, 1.0899963272102844), (40645, 1.0902207245582087), (52872, 1.0902475135528196), (16417, 1.0902775820484243), (57990, 1.0902975908059844), (75455, 1.0903573415494634), (93744, 1.0904277481042723), (79170, 1.0904953078842838), (8153, 1.0905414931891906), (99587, 1.090611450635805), (4372, 1.0906577403228679), (44783, 1.0906685610053657), (66021, 1.0908100397485174), (44541, 1.0908603643784287), (59822, 1.0908947324169118), (79391, 1.0909812760673825), (19072, 1.0910402791658653), (64780, 1.0910999892382953), (45077, 1.0911699655029563), (49563, 1.091177012044368), (68951, 1.0912833601319274), (3470, 1.091323121932099), (14240, 1.0914513547911735), (67282, 1.0915422773958827), (1604, 1.0916505009179815), (82982, 1.0916658435459285), (91757, 1.0916727230884389), (57682, 1.091691450512297), (67226, 1.091696145967615), (81268, 1.091765538074711), (33719, 1.0918493377691925), (75731, 1.0918820370129114), (5505, 1.0919041452956084), (59534, 1.0919199210557582), (89447, 1.0919855326717718), (20091, 1.0920097675794909), (94200, 1.092052450275829), (97456, 1.0921847451193014), (64927, 1.0922248561075385), (86387, 1.0923497637491917), (66662, 1.09239035974982), (31335, 1.092401599773631), (66800, 1.092550437339111), (55215, 1.0925819154141045), (31387, 1.0926516876714596), (66571, 1.0926522877262803), (75553, 1.092679944440858), (81112, 1.0928517604164625), (59456, 1.0929744695768746), (78327, 1.0929848310529588), (27391, 1.0930757896901915), (46219, 1.0930876224816877), (4795, 1.0931368607869432), (3903, 1.093176337073195), (18875, 1.0932234450298528), (70483, 1.093231405201668), (80628, 1.0932514689392228), (61043, 1.0933596323114538), (64519, 1.0933969200259757), (85199, 1.0934193792637776), (57686, 1.0935051780267608), (89703, 1.09352153026733), (38232, 1.093585955715623), (11134, 1.093737574915474), (31590, 1.093759427711182), (86130, 1.0937618254975956), (43789, 1.0937735963728397), (4226, 1.0937817160231371), (14655, 1.0937848766760823), (43154, 1.0938917885565331), (88438, 1.0939586440399336), (49889, 1.0940164513963688), (32847, 1.0940240789061457), (3135, 1.094035846959771), (83328, 1.0940590013253593), (38781, 1.0940937047156822), (57330, 1.0940997518186477), (80351, 1.0941180018817103), (4043, 1.0941310763665923), (95040, 1.0941791237564817), (8623, 1.0942094110495908), (25941, 1.0942404056308863), (7540, 1.0942560932389809), (86534, 1.0942935682813129), (43600, 1.0943020653507962), (72919, 1.094302228755332), (98456, 1.0943156823117386), (93292, 1.0946847463579144), (75067, 1.0947023877376472), (31609, 1.094787378178747), (94625, 1.0949692605986179), (19669, 1.094974595215003), (40969, 1.0950060036028708), (5653, 1.0950202105673226), (68842, 1.0950379554057919), (61375, 1.0950548290652198), (92539, 1.0950892831816696), (62233, 1.0951917682449805), (76640, 1.0951917682449805), (93001, 1.0952323133254802), (78239, 1.0952777002659042), (88462, 1.0952962027954882), (55095, 1.0953334790015128), (84717, 1.0953549734633654), (29815, 1.0955643455485038), (52604, 1.0955720166866934), (28326, 1.0956067265555107), (82491, 1.0956384976344977), (55296, 1.0956822357634435), (11771, 1.0957093264154387), (83533, 1.0957501787224253), (64162, 1.0957964689100046), (78600, 1.0958456942848651), (79341, 1.0959048705931138), (67634, 1.0959299434143555), (35154, 1.095956266540018), (70492, 1.0959566472417428), (87219, 1.0959847644178542), (2290, 1.096020603254279), (75313, 1.0960426280579336), (53637, 1.0960896672059284), (56209, 1.0961504072580692), (49864, 1.0961525823094216), (34057, 1.0961591074375834), (80690, 1.0962083709015784), (35999, 1.0962098933574718), (102, 1.0962473559809849), (55226, 1.0964635702292365), (28158, 1.0964933051876002), (51412, 1.0965102108098577), (28601, 1.0965254310828147), (21559, 1.0965302689110423), (85887, 1.0965489677318236), (51820, 1.0965998443045428), (38125, 1.0966329454225257), (5014, 1.0967159927622636), (85380, 1.0967442535117675), (80302, 1.0968327266882916), (61087, 1.0969258657980323), (84483, 1.097069851775206), (33728, 1.0970833800523871), (46225, 1.0970984293856116), (42530, 1.0971082629539277), (94657, 1.0971876345520024), (12492, 1.097216752329738), (65744, 1.097298995013391), (71902, 1.0973196361987818), (43124, 1.0973502170307545), (89809, 1.0974241398203899), (4603, 1.0975018592940378), (89585, 1.0975583395952138), (57376, 1.097560566162922), (83001, 1.0976359409611962), (1324, 1.097669173738142), (57335, 1.0977163603807658), (2329, 1.0977920502523366), (89630, 1.0978293502995584), (40814, 1.097891514228836), (90001, 1.097917301725509), (2640, 1.0979541632216836), (2612, 1.0979541632216836), (26941, 1.0979647491369156), (19721, 1.0979906977692002), (25464, 1.09803168233039), (85572, 1.0980930748838134), (52419, 1.0981509359876034), (42946, 1.0981667848387138), (22173, 1.0981669476681888), (49064, 1.0982142214714146), (68877, 1.0982445060302533), (67861, 1.0983126703691033), (39106, 1.0983304162823653), (34845, 1.0983369827402834), (34034, 1.0983638451138844), (41769, 1.09836748098064), (30594, 1.098416970984984)]
[('Limit  (cost=3569.65..3570.89 rows=497 width=12) (actual time=326.463..326.560 rows=1000 loops=1)',), ('  ->  Sort  (cost=3569.65..3570.89 rows=497 width=12) (actual time=326.462..326.508 rows=1000 loops=1)',), ("        Sort Key: ((iv_v <-> '[0.0395,0.0384,0.0593,0.1022,0.0677,0.0688,0.0859,0.0352,0.0609,0.0466,0.0351,0.0229,0.0148,0.0209,0.0394,0.0269,0.018,0.031,0.0698,0.0888,0.0529,0.0463,0.0545,0.0361,0.0462,0.0412,0.0348,0.0268,0.0115,0.0175,0.0492,0.0297,0.0221,0.0506,0.0659,0.0586,0.0313,0.0712,0.0386,0.0387,0.0326,0.0364,0.0402,0.0368,0.017,0.0184,0.0543,0.0508,0.0391,0.0932,0.1039,0.0601,0.044,0.1264,0.0602,0.0749,0.019,0.0337,0.0961,0.0623,0.0227,0.0285,0.061,0.0647,0.0789,0.0985,0.1225,0.0831,0.0552,0.1415,0.1188,0.1061,0.0237,0.0452,0.183,0.0502,0.0408,0.0451,0.1173,0.0599,0.0501,0.0757,0.0752,0.0564,0.0347,0.1094,0.0892,0.06,0.0265,0.035,0.0853,0.0296,0.0172,0.0355,0.1018,0.0394,0.0274,0.0351,0.0667,0.0694,0.0251,0.0677,0.0353,0.0346,0.0428,0.044,0.0262,0.0223,0.0185,0.0205,0.0558,0.0397,0.0238,0.0433,0.0363,0.0745,0.0424,0.0732,0.0616,0.038,0.0559,0.0361,0.0279,0.0257,0.0151,0.0191,0.0301,0.0322,0.0667,0.0655,0.0902,0.1118,0.0764,0.1144,0.1063,0.0373,0.0508,0.039,0.0422,0.0241,0.0293,0.0292,0.0624,0.0651,0.025,0.0357,0.0631,0.1018,0.0374,0.0563,0.0391,0.03,0.0371,0.0461,0.0454,0.0226,0.0142,0.0219,0.0497,0.0443,0.0294,0.0465,0.0676,0.0555,0.0307,0.0872,0.0376,0.0421,0.0318,0.0466,0.0266,0.0296,0.0211,0.0324,0.0323,0.0238,0.0246,0.0651,0.087,0.049,0.0304,0.1311,0.0754,0.0291,0.0247,0.0456,0.0632,0.0679,0.0274,0.0239,0.0614,0.0673,0.046,0.0631,0.1073,0.0719,0.0473,0.1549,0.1314,0.0378,0.0302,0.0571,0.1423,0.0641,0.0328,0.0367,0.1366,0.0579,0.0224,0.0416,0.0768,0.0778,0.0335,0.1176,0.0794,0.038,0.0261,0.036,0.0864,0.0476,0.0144,0.0225,0.1065,0.0558,0.0238,0.0403,0.082,0.0548,0.0438,0.071,0.0378,0.0476,0.0346,0.0488,0.0197,0.0202,0.0178,0.0144,0.0514,0.0432,0.0375,0.0595,0.0348,0.0533,0.0505,0.0914,0.0668,0.0489,0.0521,0.033,0.0263,0.0327,0.0182,0.0183,0.0264,0.0438,0.0487,0.0515,0.0501,0.0654,0.016,0.0673,0.0375,0.0175,0.0215,0.042,0.0199,0.0181,0.0482,0.0253,0.0283,0.0509,0.0249,0.0566,0.0893,0.0414,0.0288,0.0584,0.0299,0.0254,0.0457,0.0586,0.0402,0.0198,0.029,0.0346,0.0537,0.0296,0.0328,0.0934,0.1517,0.0745,0.0566,0.0819,0.0833,0.056,0.0398,0.0306,0.0738,0.0281,0.0153,0.0739,0.1196,0.0319,0.0197,0.0403,0.0639,0.047,0.0347,0.0539,0.0443,0.0213,0.0203,0.0289,0.029,0.0159,0.0203,0.0364,0.0393,0.0246,0.0298,0.0373,0.0454,0.0655,0.0683,0.0874,0.098,0.0287,0.0635,0.0674,0.0419,0.0192,0.0193,0.0241,0.0388,0.0295,0.0141,0.0281,0.0519,0.0528,0.058,0.1103,0.0553,0.0272,0.0418,0.0418,0.0365,0.0201,0.013,0.0194,0.0507,0.0259,0.0174,0.0447,0.0531,0.0416,0.0366,0.0714,0.0322,0.0342,0.031,0.1006,0.0473,0.0348,0.0125,0.0265,0.056,0.0447,0.0245,0.0754,0.0828,0.0465,0.0585,0.1342,0.049,0.0627,0.0329,0.1089,0.1035,0.0574,0.0206,0.0294,0.0623,0.0564,0.0554,0.0824,0.0948,0.0613,0.069,0.1621,0.0985,0.0928,0.0236,0.0591,0.1686,0.047,0.0399,0.0427,0.1132,0.0501,0.0355,0.0624,0.0577,0.0352,0.0499,0.1113,0.0801,0.0546,0.032,0.0351,0.0826,0.0273,0.0185,0.0306,0.0908,0.0383,0.0212,0.0281,0.0518,0.0461,0.0273,0.0749,0.0336,0.0285,0.0415,0.046,0.0264,0.016,0.0124,0.0192,0.0574,0.0299,0.0175,0.0395,0.0302,0.0547,0.0535,0.0964,0.0678,0.0336,0.0615,0.0466,0.038,0.0195,0.012,0.0168,0.0317,0.0272,0.0458,0.0675,0.0731,0.0849,0.0843,0.1395,0.127,0.0366,0.0554,0.0801,0.0686,0.0219,0.0344,0.0277,0.0492,0.0616,0.0211,0.0444,0.0484,0.066,0.0587,0.0934,0.0533,0.0243,0.0243,0.0389,0.045,0.0213,0.0134,0.0288,0.0519,0.0344,0.0304,0.0536,0.0572,0.044,0.062,0.1021,0.0391,0.0338,0.0362,0.1337,0.0373,0.0275,0.0156,0.0425,0.029,0.0214,0.0157,0.0638,0.0712,0.0437,0.0885,0.2152,0.062,0.0223,0.0546,0.1808,0.106,0.0594,0.0224,0.0359,0.0524,0.0572,0.0432,0.066,0.0862,0.0567,0.1092,0.2191,0.1108,0.0365,0.0441,0.0894,0.1544,0.0574,0.0288,0.0333,0.1362,0.0473,0.0286,0.0522,0.0555,0.0498,0.0801,0.1573,0.0778,0.0334,0.0317,0.0339,0.0807,0.0425,0.014,0.0191,0.0988,0.0441,0.0174,0.0291,0.0522,0.0303,0.0396,0.0752,0.0317,0.0336,0.0423,0.0573,0.023,0.0145,0.0122,0.0155,0.0402,0.0284,0.031,0.0506,0.0286,0.0453,0.0852,0.1073,0.0718,0.0451,0.0575,0.0549,0.0461,0.0262,0.0171,0.0157,0.0205,0.0373,0.0482,0.0719,0.0467,0.052,0.0383,0.0802,0.0241,0.0146,0.0166,0.0318,0.0238,0.0144,0.0383,0.0332,0.0324,0.0437,0.0199,0.0456,0.0597,0.034,0.0456,0.1084,0.0438,0.0239,0.0462,0.088,0.0294,0.0241,0.0225,0.0385,0.0457,0.0248,0.0294,0.078,0.1191,0.0557,0.0852,0.1542,0.1082,0.0515,0.0538,0.0913,0.0869,0.0267,0.015,0.0603,0.0984,0.0287,0.0227,0.0412,0.0477,0.0313,0.0385,0.0818,0.0464,0.0192,0.0183,0.0231,0.0333,0.0151,0.0178,0.0374,0.0358,0.0222,0.0363,0.0399,0.0572,0.0858,0.0686,0.0911,0.0985,0.0325,0.0622,0.0653,0.0418,0.0196,0.0168,0.0215,0.0445,0.0309,0.017,0.0302,0.0629,0.0669,0.0601,0.1099,0.0547,0.0337,0.0443,0.04,0.0359,0.023,0.0127,0.0172,0.0545,0.0272,0.0201,0.0461,0.0583,0.0464,0.0415,0.0737,0.0356,0.0382,0.0276,0.0909,0.0448,0.0384,0.0161,0.0243,0.0539,0.0456,0.0288,0.0782,0.0901,0.0519,0.0623,0.1409,0.0524,0.0725,0.0304,0.1066,0.1049,0.0634,0.0235,0.035,0.0673,0.0624,0.0622,0.091,0.1108,0.0777,0.0752,0.166,0.1094,0.1101,0.0289,0.0588,0.1796,0.049,0.0398,0.05,0.1249,0.0592,0.0402,0.0657,0.0702,0.0486,0.0515,0.1123,0.0833,0.0611,0.0328,0.0334,0.0874,0.0273,0.0167,0.0308,0.101,0.0415,0.0209,0.0289,0.0556,0.0507,0.0313,0.071,0.0304,0.0304,0.0413,0.0486,0.0231,0.0185,0.0157,0.0213,0.0566,0.0326,0.0211,0.0399,0.0332,0.0662,0.0575,0.0874,0.0649,0.0332,0.0627,0.0439,0.0341,0.0227,0.0144,0.0168,0.0304,0.028,0.0467,0.0709,0.0907,0.0974,0.0922,0.1468,0.1325,0.043,0.0544,0.0763,0.0707,0.0254,0.0296,0.0267,0.0612,0.0676,0.0207,0.0468,0.0595,0.0826,0.0605,0.0973,0.0542,0.0328,0.0237,0.0439,0.0431,0.0261,0.0129,0.0255,0.0589,0.0419,0.0304,0.0556,0.0626,0.0514,0.0629,0.1105,0.0436,0.0375,0.0364,0.135,0.0366,0.0314,0.0186,0.0427,0.0299,0.0236,0.0206,0.0634,0.0786,0.0473,0.0932,0.2228,0.0647,0.0249,0.054,0.1788,0.1082,0.0638,0.0276,0.0362,0.0571,0.0657,0.0542,0.0726,0.102,0.0686,0.1215,0.229,0.1334,0.0478,0.0549,0.0935,0.1767,0.0702,0.0371,0.0386,0.1481,0.0551,0.0276,0.0504,0.0686,0.0665,0.0866,0.1606,0.087,0.0404,0.035,0.0335,0.0947,0.0529,0.015,0.0226,0.1122,0.0553,0.0164,0.0296,0.0645,0.0438,0.0426,0.0801,0.0335,0.035,0.0438,0.0546,0.0216,0.0153,0.0136,0.0164,0.0499,0.0366,0.0345,0.0554,0.0354,0.0543,0.0912,0.1173,0.0724,0.0488,0.0624,0.0512,0.0406,0.0326,0.0157,0.0145,0.0242,0.0465,0.0456,0.0691,0.0475,0.053,0.0412,0.0854,0.0285,0.019,0.0219,0.0346,0.0224,0.0159,0.0365,0.0274,0.0277,0.041,0.021,0.05,0.0674,0.0369,0.0467,0.1111,0.049,0.0296,0.053,0.0885,0.0352,0.0254,0.026,0.0402,0.0529,0.0255,0.0341,0.0899,0.1371,0.0678,0.089,0.1635,0.1274,0.0629,0.0618,0.0946,0.1059,0.035,0.0181,0.0675,0.1153,0.0331,0.0214,0.0406,0.0542,0.036,0.0401,0.0856,0.0566,0.0233,0.0218,0.0245,0.0406,0.0187,0.0186,0.0386,0.0403,0.0222]'::vector))",), ('        Sort Method: top-N heapsort  Memory: 128kB',), ('        ->  Seq Scan on item_vector  (cost=0.00..3547.39 rows=497 width=12) (actual time=0.017..312.498 rows=100000 loops=1)',), ("              Filter: (mod((iv_id)::numeric, '1'::numeric) = '0'::numeric)",), ('Planning Time: 0.064 ms',), ('Execution Time: 326.606 ms',)]
1 1000000 1
1 1000000 10
1 1000000 20
1 1000000 40
1 1000000 80
1 1000000 160
1 1000000 183
1 1000000 184
1 1000000 320
1 1000000 640
1 1000000 1000
2 10
[(99846, 1.5090252836421074), (98371, 1.5097724154419576), (44101, 1.5178816208348278), (4252, 1.5878075909928142), (29272, 1.6511864182549436), (10754, 1.720312275483743), (67980, 1.7569658741337246), (38764, 1.835721461794675), (22630, 1.8600447914924072), (37543, 1.9245923068832613)]
2 20
[(99846, 1.5090252836421074), (98371, 1.5097724154419576), (44101, 1.5178816208348278), (4252, 1.5878075909928142), (29272, 1.6511864182549436), (10754, 1.720312275483743), (67980, 1.7569658741337246), (38764, 1.835721461794675), (22630, 1.8600447914924072), (37543, 1.9245923068832613), (65521, 1.9283046323420203), (84152, 1.93976546708391), (14002, 2.2336396828058414), (81039, 2.3454410809996737), (13010, 2.3783339139228796)]
2 30
[(99846, 1.5090252836421074), (98371, 1.5097724154419576), (44101, 1.5178816208348278), (4252, 1.5878075909928142), (29272, 1.6511864182549436), (10754, 1.720312275483743), (67980, 1.7569658741337246), (38764, 1.835721461794675), (22630, 1.8600447914924072), (37543, 1.9245923068832613), (65521, 1.9283046323420203), (84152, 1.93976546708391), (14002, 2.2336396828058414), (81039, 2.3454410809996737), (13010, 2.3783339139228796)]
2 40
[(99846, 1.5090252836421074), (98371, 1.5097724154419576), (44101, 1.5178816208348278), (4252, 1.5878075909928142), (29272, 1.6511864182549436), (10754, 1.720312275483743), (67980, 1.7569658741337246), (38764, 1.835721461794675), (22630, 1.8600447914924072), (37543, 1.9245923068832613), (65521, 1.9283046323420203), (84152, 1.93976546708391), (14002, 2.2336396828058414), (81039, 2.3454410809996737), (13010, 2.3783339139228796)]
2 50
[(99846, 1.5090252836421074), (98371, 1.5097724154419576), (44101, 1.5178816208348278), (4252, 1.5878075909928142), (29272, 1.6511864182549436), (10754, 1.720312275483743), (67980, 1.7569658741337246), (38764, 1.835721461794675), (22630, 1.8600447914924072), (37543, 1.9245923068832613), (65521, 1.9283046323420203), (84152, 1.93976546708391), (14002, 2.2336396828058414), (81039, 2.3454410809996737), (13010, 2.3783339139228796)]
2 60
[(99846, 1.5090252836421074), (98371, 1.5097724154419576), (44101, 1.5178816208348278), (4252, 1.5878075909928142), (29272, 1.6511864182549436), (10754, 1.720312275483743), (67980, 1.7569658741337246), (38764, 1.835721461794675), (22630, 1.8600447914924072), (37543, 1.9245923068832613), (65521, 1.9283046323420203), (84152, 1.93976546708391), (14002, 2.2336396828058414), (81039, 2.3454410809996737), (13010, 2.3783339139228796)]
2 70
[(99846, 1.5090252836421074), (98371, 1.5097724154419576), (44101, 1.5178816208348278), (4252, 1.5878075909928142), (29272, 1.6511864182549436), (10754, 1.720312275483743), (67980, 1.7569658741337246), (38764, 1.835721461794675), (22630, 1.8600447914924072), (37543, 1.9245923068832613), (65521, 1.9283046323420203), (84152, 1.93976546708391), (14002, 2.2336396828058414), (81039, 2.3454410809996737), (13010, 2.3783339139228796)]
2 80
[(99846, 1.5090252836421074), (98371, 1.5097724154419576), (44101, 1.5178816208348278), (4252, 1.5878075909928142), (29272, 1.6511864182549436), (10754, 1.720312275483743), (67980, 1.7569658741337246), (38764, 1.835721461794675), (22630, 1.8600447914924072), (37543, 1.9245923068832613), (65521, 1.9283046323420203), (84152, 1.93976546708391), (14002, 2.2336396828058414), (81039, 2.3454410809996737), (13010, 2.3783339139228796)]
2 90
[(99846, 1.5090252836421074), (98371, 1.5097724154419576), (44101, 1.5178816208348278), (4252, 1.5878075909928142), (29272, 1.6511864182549436), (10754, 1.720312275483743), (67980, 1.7569658741337246), (38764, 1.835721461794675), (22630, 1.8600447914924072), (37543, 1.9245923068832613), (65521, 1.9283046323420203), (84152, 1.93976546708391), (14002, 2.2336396828058414), (81039, 2.3454410809996737), (13010, 2.3783339139228796)]
2 100
[(99846, 1.5090252836421074), (98371, 1.5097724154419576), (44101, 1.5178816208348278), (4252, 1.5878075909928142), (29272, 1.6511864182549436), (10754, 1.720312275483743), (67980, 1.7569658741337246), (38764, 1.835721461794675), (22630, 1.8600447914924072), (37543, 1.9245923068832613), (65521, 1.9283046323420203), (84152, 1.93976546708391), (14002, 2.2336396828058414), (81039, 2.3454410809996737), (13010, 2.3783339139228796)]
3 10
1000000 10
[(21551, 0.8882644893302999), (8305, 0.8939738306785324), (28123, 0.9019538400282903), (57363, 0.906300641979776), (42140, 0.9104190823474205), (7909, 0.9201504368727164), (15432, 0.9256672527449661), (92232, 0.9338932275271034), (8700, 0.9349296301609904), (8720, 0.9408254137429496)]
[('Limit  (cost=9921.19..9922.35 rows=10 width=12) (actual time=201.140..204.375 rows=10 loops=1)',), ('  InitPlan 1 (returns $0)',), ('    ->  Index Scan using item_queries_pkey on item_queries  (cost=0.28..8.29 rows=1 width=95) (actual time=0.005..0.006 rows=1 loops=1)',), ('          Index Cond: (iv_id = 1)',), ('  ->  Gather Merge  (cost=9912.89..19479.53 rows=81994 width=12) (actual time=201.139..204.372 rows=10 loops=1)',), ('        Workers Planned: 2',), ('        Params Evaluated: $0',), ('        Workers Launched: 2',), ('        ->  Sort  (cost=8912.87..9015.36 rows=40997 width=12) (actual time=198.278..198.280 rows=8 loops=3)',), ('              Sort Key: ((iv.iv_v <-> $0))',), ('              Sort Method: top-N heapsort  Memory: 25kB',), ('              Worker 0:  Sort Method: top-N heapsort  Memory: 25kB',), ('              Worker 1:  Sort Method: top-N heapsort  Memory: 25kB',), ('              ->  Parallel Hash Join  (cost=3122.33..8026.94 rows=40997 width=12) (actual time=10.763..193.134 rows=32975 loops=3)',), ('                    Hash Cond: (s.s_i_id = iv.iv_id)',), ('                    ->  Parallel Seq Scan on stock s  (cost=0.00..4693.83 rows=41253 width=4) (actual time=0.003..4.806 rows=32975 loops=3)',), ('                          Filter: (s_quantity > 10)',), ('                          Rows Removed by Filter: 359',), ('                    ->  Parallel Hash  (cost=2391.59..2391.59 rows=58459 width=116) (actual time=10.467..10.468 rows=33333 loops=3)',), ('                          Buckets: 131072  Batches: 1  Memory Usage: 16096kB',), ('                          ->  Parallel Seq Scan on item_vector iv  (cost=0.00..2391.59 rows=58459 width=116) (actual time=0.002..1.999 rows=33333 loops=3)',), ('Planning Time: 0.195 ms',), ('Execution Time: 204.405 ms',)]
3 20
1000000 20
[(21551, 0.8882644893302999), (8305, 0.8939738306785324), (28123, 0.9019538400282903), (57363, 0.906300641979776), (42140, 0.9104190823474205), (7909, 0.9201504368727164), (15432, 0.9256672527449661), (92232, 0.9338932275271034), (8700, 0.9349296301609904), (8720, 0.9408254137429496), (17198, 0.941044084839877), (91127, 0.9452928273069199), (153, 0.9477220202687767), (98965, 0.948271227469524), (14788, 0.9511547047908026), (52603, 0.95167005209869), (88677, 0.9519871658293554), (27904, 0.9533511034325264), (80779, 0.9538594839768471), (27883, 0.958317697784473)]
[('Limit  (cost=10126.17..10128.51 rows=20 width=12) (actual time=199.692..202.778 rows=20 loops=1)',), ('  InitPlan 1 (returns $0)',), ('    ->  Index Scan using item_queries_pkey on item_queries  (cost=0.28..8.29 rows=1 width=95) (actual time=0.005..0.006 rows=1 loops=1)',), ('          Index Cond: (iv_id = 1)',), ('  ->  Gather Merge  (cost=10117.88..19684.51 rows=81994 width=12) (actual time=199.692..202.774 rows=20 loops=1)',), ('        Workers Planned: 2',), ('        Params Evaluated: $0',), ('        Workers Launched: 2',), ('        ->  Sort  (cost=9117.86..9220.35 rows=40997 width=12) (actual time=196.968..196.971 rows=16 loops=3)',), ('              Sort Key: ((iv.iv_v <-> $0))',), ('              Sort Method: top-N heapsort  Memory: 26kB',), ('              Worker 0:  Sort Method: top-N heapsort  Memory: 26kB',), ('              Worker 1:  Sort Method: top-N heapsort  Memory: 26kB',), ('              ->  Parallel Hash Join  (cost=3122.33..8026.94 rows=40997 width=12) (actual time=10.739..191.805 rows=32975 loops=3)',), ('                    Hash Cond: (s.s_i_id = iv.iv_id)',), ('                    ->  Parallel Seq Scan on stock s  (cost=0.00..4693.83 rows=41253 width=4) (actual time=0.003..4.825 rows=32975 loops=3)',), ('                          Filter: (s_quantity > 10)',), ('                          Rows Removed by Filter: 359',), ('                    ->  Parallel Hash  (cost=2391.59..2391.59 rows=58459 width=116) (actual time=10.456..10.456 rows=33333 loops=3)',), ('                          Buckets: 131072  Batches: 1  Memory Usage: 16032kB',), ('                          ->  Parallel Seq Scan on item_vector iv  (cost=0.00..2391.59 rows=58459 width=116) (actual time=0.002..2.028 rows=33333 loops=3)',), ('Planning Time: 0.203 ms',), ('Execution Time: 202.810 ms',)]
3 30
1000000 30
[(21551, 0.8882644893302999), (8305, 0.8939738306785324), (28123, 0.9019538400282903), (57363, 0.906300641979776), (42140, 0.9104190823474205), (7909, 0.9201504368727164), (15432, 0.9256672527449661), (92232, 0.9338932275271034), (8700, 0.9349296301609904), (8720, 0.9408254137429496), (17198, 0.941044084839877), (91127, 0.9452928273069199), (153, 0.9477220202687767), (98965, 0.948271227469524), (14788, 0.9511547047908026), (52603, 0.95167005209869), (88677, 0.9519871658293554), (27904, 0.9533511034325264), (80779, 0.9538594839768471), (27883, 0.958317697784473), (82958, 0.9639998231666055), (28280, 0.9644968436225593), (11339, 0.9685856156700682), (17647, 0.9686375214282694), (73263, 0.9688624655137069), (890, 0.9688854738077101), (50425, 0.9708830822052874), (5017, 0.9714372955559626), (39323, 0.9716241715257264), (41563, 0.971669750066961)]
[('Limit  (cost=10246.08..10249.58 rows=30 width=12) (actual time=200.794..203.891 rows=30 loops=1)',), ('  InitPlan 1 (returns $0)',), ('    ->  Index Scan using item_queries_pkey on item_queries  (cost=0.28..8.29 rows=1 width=95) (actual time=0.004..0.006 rows=1 loops=1)',), ('          Index Cond: (iv_id = 1)',), ('  ->  Gather Merge  (cost=10237.79..19804.42 rows=81994 width=12) (actual time=200.793..203.887 rows=30 loops=1)',), ('        Workers Planned: 2',), ('        Params Evaluated: $0',), ('        Workers Launched: 2',), ('        ->  Sort  (cost=9237.76..9340.26 rows=40997 width=12) (actual time=198.002..198.005 rows=24 loops=3)',), ('              Sort Key: ((iv.iv_v <-> $0))',), ('              Sort Method: top-N heapsort  Memory: 27kB',), ('              Worker 0:  Sort Method: top-N heapsort  Memory: 27kB',), ('              Worker 1:  Sort Method: top-N heapsort  Memory: 27kB',), ('              ->  Parallel Hash Join  (cost=3122.33..8026.94 rows=40997 width=12) (actual time=10.646..192.822 rows=32975 loops=3)',), ('                    Hash Cond: (s.s_i_id = iv.iv_id)',), ('                    ->  Parallel Seq Scan on stock s  (cost=0.00..4693.83 rows=41253 width=4) (actual time=0.003..4.801 rows=32975 loops=3)',), ('                          Filter: (s_quantity > 10)',), ('                          Rows Removed by Filter: 359',), ('                    ->  Parallel Hash  (cost=2391.59..2391.59 rows=58459 width=116) (actual time=10.336..10.337 rows=33333 loops=3)',), ('                          Buckets: 131072  Batches: 1  Memory Usage: 16064kB',), ('                          ->  Parallel Seq Scan on item_vector iv  (cost=0.00..2391.59 rows=58459 width=116) (actual time=0.002..1.981 rows=33333 loops=3)',), ('Planning Time: 0.202 ms',), ('Execution Time: 203.923 ms',)]
3 40
1000000 40
[(21551, 0.8882644893302999), (8305, 0.8939738306785324), (28123, 0.9019538400282903), (57363, 0.906300641979776), (42140, 0.9104190823474205), (7909, 0.9201504368727164), (15432, 0.9256672527449661), (92232, 0.9338932275271034), (8700, 0.9349296301609904), (8720, 0.9408254137429496), (17198, 0.941044084839877), (91127, 0.9452928273069199), (153, 0.9477220202687767), (98965, 0.948271227469524), (14788, 0.9511547047908026), (52603, 0.95167005209869), (88677, 0.9519871658293554), (27904, 0.9533511034325264), (80779, 0.9538594839768471), (27883, 0.958317697784473), (82958, 0.9639998231666055), (28280, 0.9644968436225593), (11339, 0.9685856156700682), (17647, 0.9686375214282694), (73263, 0.9688624655137069), (890, 0.9688854738077101), (50425, 0.9708830822052874), (5017, 0.9714372955559626), (39323, 0.9716241715257264), (41563, 0.971669750066961), (54869, 0.9722306572835824), (22640, 0.9727769340192194), (31433, 0.9728596792474088), (27878, 0.9731558010981898), (42387, 0.9737516309653496), (91070, 0.9738339873442335), (60338, 0.9756750117697588), (85711, 0.977465219976513), (15297, 0.9789401901705966), (69461, 0.9789880765553152)]
[('Limit  (cost=10331.16..10335.82 rows=40 width=12) (actual time=204.278..207.555 rows=40 loops=1)',), ('  InitPlan 1 (returns $0)',), ('    ->  Index Scan using item_queries_pkey on item_queries  (cost=0.28..8.29 rows=1 width=95) (actual time=0.005..0.006 rows=1 loops=1)',), ('          Index Cond: (iv_id = 1)',), ('  ->  Gather Merge  (cost=10322.86..19889.50 rows=81994 width=12) (actual time=204.277..207.550 rows=40 loops=1)',), ('        Workers Planned: 2',), ('        Params Evaluated: $0',), ('        Workers Launched: 2',), ('        ->  Sort  (cost=9322.84..9425.33 rows=40997 width=12) (actual time=201.418..201.421 rows=31 loops=3)',), ('              Sort Key: ((iv.iv_v <-> $0))',), ('              Sort Method: top-N heapsort  Memory: 28kB',), ('              Worker 0:  Sort Method: top-N heapsort  Memory: 28kB',), ('              Worker 1:  Sort Method: top-N heapsort  Memory: 28kB',), ('              ->  Parallel Hash Join  (cost=3122.33..8026.94 rows=40997 width=12) (actual time=13.550..196.239 rows=32975 loops=3)',), ('                    Hash Cond: (s.s_i_id = iv.iv_id)',), ('                    ->  Parallel Seq Scan on stock s  (cost=0.00..4693.83 rows=41253 width=4) (actual time=0.003..4.823 rows=32975 loops=3)',), ('                          Filter: (s_quantity > 10)',), ('                          Rows Removed by Filter: 359',), ('                    ->  Parallel Hash  (cost=2391.59..2391.59 rows=58459 width=116) (actual time=13.248..13.248 rows=33333 loops=3)',), ('                          Buckets: 131072  Batches: 1  Memory Usage: 16032kB',), ('                          ->  Parallel Seq Scan on item_vector iv  (cost=0.00..2391.59 rows=58459 width=116) (actual time=0.002..2.347 rows=33333 loops=3)',), ('Planning Time: 0.185 ms',), ('Execution Time: 207.587 ms',)]
3 50
1000000 50
[(21551, 0.8882644893302999), (8305, 0.8939738306785324), (28123, 0.9019538400282903), (57363, 0.906300641979776), (42140, 0.9104190823474205), (7909, 0.9201504368727164), (15432, 0.9256672527449661), (92232, 0.9338932275271034), (8700, 0.9349296301609904), (8720, 0.9408254137429496), (17198, 0.941044084839877), (91127, 0.9452928273069199), (153, 0.9477220202687767), (98965, 0.948271227469524), (14788, 0.9511547047908026), (52603, 0.95167005209869), (88677, 0.9519871658293554), (27904, 0.9533511034325264), (80779, 0.9538594839768471), (27883, 0.958317697784473), (82958, 0.9639998231666055), (28280, 0.9644968436225593), (11339, 0.9685856156700682), (17647, 0.9686375214282694), (73263, 0.9688624655137069), (890, 0.9688854738077101), (50425, 0.9708830822052874), (5017, 0.9714372955559626), (39323, 0.9716241715257264), (41563, 0.971669750066961), (54869, 0.9722306572835824), (22640, 0.9727769340192194), (31433, 0.9728596792474088), (27878, 0.9731558010981898), (42387, 0.9737516309653496), (91070, 0.9738339873442335), (60338, 0.9756750117697588), (85711, 0.977465219976513), (15297, 0.9789401901705966), (69461, 0.9789880765553152), (93394, 0.9794398832951241), (10441, 0.9809322401515187), (46526, 0.9811533327535263), (25032, 0.9827593608615139), (16771, 0.9833109721103592), (84412, 0.985686321878748), (90696, 0.9858619419169985), (25692, 0.9868865896538583), (74672, 0.9878027741515462), (58452, 0.9878059420297045)]
[('Limit  (cost=10397.15..10402.98 rows=50 width=12) (actual time=200.940..204.169 rows=50 loops=1)',), ('  InitPlan 1 (returns $0)',), ('    ->  Index Scan using item_queries_pkey on item_queries  (cost=0.28..8.29 rows=1 width=95) (actual time=0.005..0.005 rows=1 loops=1)',), ('          Index Cond: (iv_id = 1)',), ('  ->  Gather Merge  (cost=10388.86..19955.49 rows=81994 width=12) (actual time=200.939..204.165 rows=50 loops=1)',), ('        Workers Planned: 2',), ('        Params Evaluated: $0',), ('        Workers Launched: 2',), ('        ->  Sort  (cost=9388.83..9491.32 rows=40997 width=12) (actual time=197.969..197.973 rows=40 loops=3)',), ('              Sort Key: ((iv.iv_v <-> $0))',), ('              Sort Method: top-N heapsort  Memory: 29kB',), ('              Worker 0:  Sort Method: top-N heapsort  Memory: 28kB',), ('              Worker 1:  Sort Method: top-N heapsort  Memory: 28kB',), ('              ->  Parallel Hash Join  (cost=3122.33..8026.94 rows=40997 width=12) (actual time=10.605..192.764 rows=32975 loops=3)',), ('                    Hash Cond: (s.s_i_id = iv.iv_id)',), ('                    ->  Parallel Seq Scan on stock s  (cost=0.00..4693.83 rows=41253 width=4) (actual time=0.003..4.815 rows=32975 loops=3)',), ('                          Filter: (s_quantity > 10)',), ('                          Rows Removed by Filter: 359',), ('                    ->  Parallel Hash  (cost=2391.59..2391.59 rows=58459 width=116) (actual time=10.317..10.317 rows=33333 loops=3)',), ('                          Buckets: 131072  Batches: 1  Memory Usage: 16064kB',), ('                          ->  Parallel Seq Scan on item_vector iv  (cost=0.00..2391.59 rows=58459 width=116) (actual time=0.002..1.991 rows=33333 loops=3)',), ('Planning Time: 0.192 ms',), ('Execution Time: 204.202 ms',)]
3 60
1000000 60
[(21551, 0.8882644893302999), (8305, 0.8939738306785324), (28123, 0.9019538400282903), (57363, 0.906300641979776), (42140, 0.9104190823474205), (7909, 0.9201504368727164), (15432, 0.9256672527449661), (92232, 0.9338932275271034), (8700, 0.9349296301609904), (8720, 0.9408254137429496), (17198, 0.941044084839877), (91127, 0.9452928273069199), (153, 0.9477220202687767), (98965, 0.948271227469524), (14788, 0.9511547047908026), (52603, 0.95167005209869), (88677, 0.9519871658293554), (27904, 0.9533511034325264), (80779, 0.9538594839768471), (27883, 0.958317697784473), (82958, 0.9639998231666055), (28280, 0.9644968436225593), (11339, 0.9685856156700682), (17647, 0.9686375214282694), (73263, 0.9688624655137069), (890, 0.9688854738077101), (50425, 0.9708830822052874), (5017, 0.9714372955559626), (39323, 0.9716241715257264), (41563, 0.971669750066961), (54869, 0.9722306572835824), (22640, 0.9727769340192194), (31433, 0.9728596792474088), (27878, 0.9731558010981898), (42387, 0.9737516309653496), (91070, 0.9738339873442335), (60338, 0.9756750117697588), (85711, 0.977465219976513), (15297, 0.9789401901705966), (69461, 0.9789880765553152), (93394, 0.9794398832951241), (10441, 0.9809322401515187), (46526, 0.9811533327535263), (25032, 0.9827593608615139), (16771, 0.9833109721103592), (84412, 0.985686321878748), (90696, 0.9858619419169985), (25692, 0.9868865896538583), (74672, 0.9878027741515462), (58452, 0.9878059420297045), (32331, 0.9880196447504376), (35472, 0.9887646484254436), (94888, 0.9900856282550317), (61015, 0.9901329756065053), (40563, 0.9905465440939868), (81098, 0.9921230986111812), (61818, 0.9924737111989211), (28672, 0.9930446256615549), (17065, 0.993702640244634), (2352, 0.9940572827372248)]
[('Limit  (cost=10451.07..10458.07 rows=60 width=12) (actual time=201.617..204.741 rows=60 loops=1)',), ('  InitPlan 1 (returns $0)',), ('    ->  Index Scan using item_queries_pkey on item_queries  (cost=0.28..8.29 rows=1 width=95) (actual time=0.005..0.006 rows=1 loops=1)',), ('          Index Cond: (iv_id = 1)',), ('  ->  Gather Merge  (cost=10442.77..20009.41 rows=81994 width=12) (actual time=201.616..204.736 rows=60 loops=1)',), ('        Workers Planned: 2',), ('        Params Evaluated: $0',), ('        Workers Launched: 2',), ('        ->  Sort  (cost=9442.75..9545.24 rows=40997 width=12) (actual time=198.859..198.863 rows=47 loops=3)',), ('              Sort Key: ((iv.iv_v <-> $0))',), ('              Sort Method: top-N heapsort  Memory: 29kB',), ('              Worker 0:  Sort Method: top-N heapsort  Memory: 29kB',), ('              Worker 1:  Sort Method: top-N heapsort  Memory: 29kB',), ('              ->  Parallel Hash Join  (cost=3122.33..8026.94 rows=40997 width=12) (actual time=11.037..193.637 rows=32975 loops=3)',), ('                    Hash Cond: (s.s_i_id = iv.iv_id)',), ('                    ->  Parallel Seq Scan on stock s  (cost=0.00..4693.83 rows=41253 width=4) (actual time=0.003..4.836 rows=32975 loops=3)',), ('                          Filter: (s_quantity > 10)',), ('                          Rows Removed by Filter: 359',), ('                    ->  Parallel Hash  (cost=2391.59..2391.59 rows=58459 width=116) (actual time=10.762..10.762 rows=33333 loops=3)',), ('                          Buckets: 131072  Batches: 1  Memory Usage: 16064kB',), ('                          ->  Parallel Seq Scan on item_vector iv  (cost=0.00..2391.59 rows=58459 width=116) (actual time=0.002..2.096 rows=33333 loops=3)',), ('Planning Time: 0.191 ms',), ('Execution Time: 204.772 ms',)]
3 70
1000000 70
[(21551, 0.8882644893302999), (8305, 0.8939738306785324), (28123, 0.9019538400282903), (57363, 0.906300641979776), (42140, 0.9104190823474205), (7909, 0.9201504368727164), (15432, 0.9256672527449661), (92232, 0.9338932275271034), (8700, 0.9349296301609904), (8720, 0.9408254137429496), (17198, 0.941044084839877), (91127, 0.9452928273069199), (153, 0.9477220202687767), (98965, 0.948271227469524), (14788, 0.9511547047908026), (52603, 0.95167005209869), (88677, 0.9519871658293554), (27904, 0.9533511034325264), (80779, 0.9538594839768471), (27883, 0.958317697784473), (82958, 0.9639998231666055), (28280, 0.9644968436225593), (11339, 0.9685856156700682), (17647, 0.9686375214282694), (73263, 0.9688624655137069), (890, 0.9688854738077101), (50425, 0.9708830822052874), (5017, 0.9714372955559626), (39323, 0.9716241715257264), (41563, 0.971669750066961), (54869, 0.9722306572835824), (22640, 0.9727769340192194), (31433, 0.9728596792474088), (27878, 0.9731558010981898), (42387, 0.9737516309653496), (91070, 0.9738339873442335), (60338, 0.9756750117697588), (85711, 0.977465219976513), (15297, 0.9789401901705966), (69461, 0.9789880765553152), (93394, 0.9794398832951241), (10441, 0.9809322401515187), (46526, 0.9811533327535263), (25032, 0.9827593608615139), (16771, 0.9833109721103592), (84412, 0.985686321878748), (90696, 0.9858619419169985), (25692, 0.9868865896538583), (74672, 0.9878027741515462), (58452, 0.9878059420297045), (32331, 0.9880196447504376), (35472, 0.9887646484254436), (94888, 0.9900856282550317), (61015, 0.9901329756065053), (40563, 0.9905465440939868), (81098, 0.9921230986111812), (61818, 0.9924737111989211), (28672, 0.9930446256615549), (17065, 0.993702640244634), (2352, 0.9940572827372248), (8697, 0.994143382969836), (86577, 0.9942119100678016), (51897, 0.9946610862683631), (15491, 0.9946975497050607), (61601, 0.9947971956322428), (99883, 0.9954589017453643), (4710, 0.9956304931489088), (10703, 0.9959733478856181), (27404, 0.9980341244235823), (74108, 0.9981603987119012)]
[('Limit  (cost=10496.65..10504.82 rows=70 width=12) (actual time=201.369..204.486 rows=70 loops=1)',), ('  InitPlan 1 (returns $0)',), ('    ->  Index Scan using item_queries_pkey on item_queries  (cost=0.28..8.29 rows=1 width=95) (actual time=0.005..0.006 rows=1 loops=1)',), ('          Index Cond: (iv_id = 1)',), ('  ->  Gather Merge  (cost=10488.36..20055.00 rows=81994 width=12) (actual time=201.369..204.481 rows=70 loops=1)',), ('        Workers Planned: 2',), ('        Params Evaluated: $0',), ('        Workers Launched: 2',), ('        ->  Sort  (cost=9488.34..9590.83 rows=40997 width=12) (actual time=198.533..198.538 rows=55 loops=3)',), ('              Sort Key: ((iv.iv_v <-> $0))',), ('              Sort Method: top-N heapsort  Memory: 30kB',), ('              Worker 0:  Sort Method: top-N heapsort  Memory: 30kB',), ('              Worker 1:  Sort Method: top-N heapsort  Memory: 30kB',), ('              ->  Parallel Hash Join  (cost=3122.33..8026.94 rows=40997 width=12) (actual time=10.722..193.342 rows=32975 loops=3)',), ('                    Hash Cond: (s.s_i_id = iv.iv_id)',), ('                    ->  Parallel Seq Scan on stock s  (cost=0.00..4693.83 rows=41253 width=4) (actual time=0.003..4.801 rows=32975 loops=3)',), ('                          Filter: (s_quantity > 10)',), ('                          Rows Removed by Filter: 359',), ('                    ->  Parallel Hash  (cost=2391.59..2391.59 rows=58459 width=116) (actual time=10.430..10.431 rows=33333 loops=3)',), ('                          Buckets: 131072  Batches: 1  Memory Usage: 16064kB',), ('                          ->  Parallel Seq Scan on item_vector iv  (cost=0.00..2391.59 rows=58459 width=116) (actual time=0.002..1.994 rows=33333 loops=3)',), ('Planning Time: 0.175 ms',), ('Execution Time: 204.519 ms',)]
3 80
1000000 80
[(21551, 0.8882644893302999), (8305, 0.8939738306785324), (28123, 0.9019538400282903), (57363, 0.906300641979776), (42140, 0.9104190823474205), (7909, 0.9201504368727164), (15432, 0.9256672527449661), (92232, 0.9338932275271034), (8700, 0.9349296301609904), (8720, 0.9408254137429496), (17198, 0.941044084839877), (91127, 0.9452928273069199), (153, 0.9477220202687767), (98965, 0.948271227469524), (14788, 0.9511547047908026), (52603, 0.95167005209869), (88677, 0.9519871658293554), (27904, 0.9533511034325264), (80779, 0.9538594839768471), (27883, 0.958317697784473), (82958, 0.9639998231666055), (28280, 0.9644968436225593), (11339, 0.9685856156700682), (17647, 0.9686375214282694), (73263, 0.9688624655137069), (890, 0.9688854738077101), (50425, 0.9708830822052874), (5017, 0.9714372955559626), (39323, 0.9716241715257264), (41563, 0.971669750066961), (54869, 0.9722306572835824), (22640, 0.9727769340192194), (31433, 0.9728596792474088), (27878, 0.9731558010981898), (42387, 0.9737516309653496), (91070, 0.9738339873442335), (60338, 0.9756750117697588), (85711, 0.977465219976513), (15297, 0.9789401901705966), (69461, 0.9789880765553152), (93394, 0.9794398832951241), (10441, 0.9809322401515187), (46526, 0.9811533327535263), (25032, 0.9827593608615139), (16771, 0.9833109721103592), (84412, 0.985686321878748), (90696, 0.9858619419169985), (25692, 0.9868865896538583), (74672, 0.9878027741515462), (58452, 0.9878059420297045), (32331, 0.9880196447504376), (35472, 0.9887646484254436), (94888, 0.9900856282550317), (61015, 0.9901329756065053), (40563, 0.9905465440939868), (81098, 0.9921230986111812), (61818, 0.9924737111989211), (28672, 0.9930446256615549), (17065, 0.993702640244634), (2352, 0.9940572827372248), (8697, 0.994143382969836), (86577, 0.9942119100678016), (51897, 0.9946610862683631), (15491, 0.9946975497050607), (61601, 0.9947971956322428), (99883, 0.9954589017453643), (4710, 0.9956304931489088), (10703, 0.9959733478856181), (27404, 0.9980341244235823), (74108, 0.9981603987119012), (56000, 0.9983165399054936), (87577, 0.9987097403345718), (5517, 0.9992546641775635), (29479, 0.999387792108195), (2225, 0.9998681756392481), (98591, 1.0007765258391683), (86836, 1.0008823555134974), (51576, 1.001178583367504), (28375, 1.001237699359291), (32178, 1.001403598409884)]
[('Limit  (cost=10536.14..10545.48 rows=80 width=12) (actual time=201.214..204.353 rows=80 loops=1)',), ('  InitPlan 1 (returns $0)',), ('    ->  Index Scan using item_queries_pkey on item_queries  (cost=0.28..8.29 rows=1 width=95) (actual time=0.004..0.006 rows=1 loops=1)',), ('          Index Cond: (iv_id = 1)',), ('  ->  Gather Merge  (cost=10527.85..20094.48 rows=81994 width=12) (actual time=201.213..204.346 rows=80 loops=1)',), ('        Workers Planned: 2',), ('        Params Evaluated: $0',), ('        Workers Launched: 2',), ('        ->  Sort  (cost=9527.83..9630.32 rows=40997 width=12) (actual time=198.400..198.404 rows=63 loops=3)',), ('              Sort Key: ((iv.iv_v <-> $0))',), ('              Sort Method: top-N heapsort  Memory: 30kB',), ('              Worker 0:  Sort Method: top-N heapsort  Memory: 30kB',), ('              Worker 1:  Sort Method: top-N heapsort  Memory: 30kB',), ('              ->  Parallel Hash Join  (cost=3122.33..8026.94 rows=40997 width=12) (actual time=10.791..193.190 rows=32975 loops=3)',), ('                    Hash Cond: (s.s_i_id = iv.iv_id)',), ('                    ->  Parallel Seq Scan on stock s  (cost=0.00..4693.83 rows=41253 width=4) (actual time=0.003..4.826 rows=32975 loops=3)',), ('                          Filter: (s_quantity > 10)',), ('                          Rows Removed by Filter: 359',), ('                    ->  Parallel Hash  (cost=2391.59..2391.59 rows=58459 width=116) (actual time=10.487..10.487 rows=33333 loops=3)',), ('                          Buckets: 131072  Batches: 1  Memory Usage: 16064kB',), ('                          ->  Parallel Seq Scan on item_vector iv  (cost=0.00..2391.59 rows=58459 width=116) (actual time=0.002..2.046 rows=33333 loops=3)',), ('Planning Time: 0.188 ms',), ('Execution Time: 204.386 ms',)]
3 90
1000000 90
[(21551, 0.8882644893302999), (8305, 0.8939738306785324), (28123, 0.9019538400282903), (57363, 0.906300641979776), (42140, 0.9104190823474205), (7909, 0.9201504368727164), (15432, 0.9256672527449661), (92232, 0.9338932275271034), (8700, 0.9349296301609904), (8720, 0.9408254137429496), (17198, 0.941044084839877), (91127, 0.9452928273069199), (153, 0.9477220202687767), (98965, 0.948271227469524), (14788, 0.9511547047908026), (52603, 0.95167005209869), (88677, 0.9519871658293554), (27904, 0.9533511034325264), (80779, 0.9538594839768471), (27883, 0.958317697784473), (82958, 0.9639998231666055), (28280, 0.9644968436225593), (11339, 0.9685856156700682), (17647, 0.9686375214282694), (73263, 0.9688624655137069), (890, 0.9688854738077101), (50425, 0.9708830822052874), (5017, 0.9714372955559626), (39323, 0.9716241715257264), (41563, 0.971669750066961), (54869, 0.9722306572835824), (22640, 0.9727769340192194), (31433, 0.9728596792474088), (27878, 0.9731558010981898), (42387, 0.9737516309653496), (91070, 0.9738339873442335), (60338, 0.9756750117697588), (85711, 0.977465219976513), (15297, 0.9789401901705966), (69461, 0.9789880765553152), (93394, 0.9794398832951241), (10441, 0.9809322401515187), (46526, 0.9811533327535263), (25032, 0.9827593608615139), (16771, 0.9833109721103592), (84412, 0.985686321878748), (90696, 0.9858619419169985), (25692, 0.9868865896538583), (74672, 0.9878027741515462), (58452, 0.9878059420297045), (32331, 0.9880196447504376), (35472, 0.9887646484254436), (94888, 0.9900856282550317), (61015, 0.9901329756065053), (40563, 0.9905465440939868), (81098, 0.9921230986111812), (61818, 0.9924737111989211), (28672, 0.9930446256615549), (17065, 0.993702640244634), (2352, 0.9940572827372248), (8697, 0.994143382969836), (86577, 0.9942119100678016), (51897, 0.9946610862683631), (15491, 0.9946975497050607), (61601, 0.9947971956322428), (99883, 0.9954589017453643), (4710, 0.9956304931489088), (10703, 0.9959733478856181), (27404, 0.9980341244235823), (74108, 0.9981603987119012), (56000, 0.9983165399054936), (87577, 0.9987097403345718), (5517, 0.9992546641775635), (29479, 0.999387792108195), (2225, 0.9998681756392481), (98591, 1.0007765258391683), (86836, 1.0008823555134974), (51576, 1.001178583367504), (28375, 1.001237699359291), (32178, 1.001403598409884), (89336, 1.00155149742427), (89599, 1.0017276978795973), (12490, 1.0018206949443227), (77324, 1.0020581761068628), (70007, 1.0021214631903133), (7149, 1.002377901513814), (3845, 1.0025578211521857), (54691, 1.0026696452107557), (64933, 1.0030792629950271), (78482, 1.003982481678264)]
[('Limit  (cost=10570.97..10581.48 rows=90 width=12) (actual time=201.718..205.017 rows=90 loops=1)',), ('  InitPlan 1 (returns $0)',), ('    ->  Index Scan using item_queries_pkey on item_queries  (cost=0.28..8.29 rows=1 width=95) (actual time=0.005..0.005 rows=1 loops=1)',), ('          Index Cond: (iv_id = 1)',), ('  ->  Gather Merge  (cost=10562.68..20129.32 rows=81994 width=12) (actual time=201.717..205.010 rows=90 loops=1)',), ('        Workers Planned: 2',), ('        Params Evaluated: $0',), ('        Workers Launched: 2',), ('        ->  Sort  (cost=9562.66..9665.15 rows=40997 width=12) (actual time=198.891..198.896 rows=68 loops=3)',), ('              Sort Key: ((iv.iv_v <-> $0))',), ('              Sort Method: top-N heapsort  Memory: 31kB',), ('              Worker 0:  Sort Method: top-N heapsort  Memory: 31kB',), ('              Worker 1:  Sort Method: top-N heapsort  Memory: 31kB',), ('              ->  Parallel Hash Join  (cost=3122.33..8026.94 rows=40997 width=12) (actual time=10.648..193.688 rows=32975 loops=3)',), ('                    Hash Cond: (s.s_i_id = iv.iv_id)',), ('                    ->  Parallel Seq Scan on stock s  (cost=0.00..4693.83 rows=41253 width=4) (actual time=0.003..4.820 rows=32975 loops=3)',), ('                          Filter: (s_quantity > 10)',), ('                          Rows Removed by Filter: 359',), ('                    ->  Parallel Hash  (cost=2391.59..2391.59 rows=58459 width=116) (actual time=10.351..10.352 rows=33333 loops=3)',), ('                          Buckets: 131072  Batches: 1  Memory Usage: 16064kB',), ('                          ->  Parallel Seq Scan on item_vector iv  (cost=0.00..2391.59 rows=58459 width=116) (actual time=0.002..2.000 rows=33333 loops=3)',), ('Planning Time: 0.191 ms',), ('Execution Time: 205.047 ms',)]
3 100
1000000 100
[(21551, 0.8882644893302999), (8305, 0.8939738306785324), (28123, 0.9019538400282903), (57363, 0.906300641979776), (42140, 0.9104190823474205), (7909, 0.9201504368727164), (15432, 0.9256672527449661), (92232, 0.9338932275271034), (8700, 0.9349296301609904), (8720, 0.9408254137429496), (17198, 0.941044084839877), (91127, 0.9452928273069199), (153, 0.9477220202687767), (98965, 0.948271227469524), (14788, 0.9511547047908026), (52603, 0.95167005209869), (88677, 0.9519871658293554), (27904, 0.9533511034325264), (80779, 0.9538594839768471), (27883, 0.958317697784473), (82958, 0.9639998231666055), (28280, 0.9644968436225593), (11339, 0.9685856156700682), (17647, 0.9686375214282694), (73263, 0.9688624655137069), (890, 0.9688854738077101), (50425, 0.9708830822052874), (5017, 0.9714372955559626), (39323, 0.9716241715257264), (41563, 0.971669750066961), (54869, 0.9722306572835824), (22640, 0.9727769340192194), (31433, 0.9728596792474088), (27878, 0.9731558010981898), (42387, 0.9737516309653496), (91070, 0.9738339873442335), (60338, 0.9756750117697588), (85711, 0.977465219976513), (15297, 0.9789401901705966), (69461, 0.9789880765553152), (93394, 0.9794398832951241), (10441, 0.9809322401515187), (46526, 0.9811533327535263), (25032, 0.9827593608615139), (16771, 0.9833109721103592), (84412, 0.985686321878748), (90696, 0.9858619419169985), (25692, 0.9868865896538583), (74672, 0.9878027741515462), (58452, 0.9878059420297045), (32331, 0.9880196447504376), (35472, 0.9887646484254436), (94888, 0.9900856282550317), (61015, 0.9901329756065053), (40563, 0.9905465440939868), (81098, 0.9921230986111812), (61818, 0.9924737111989211), (28672, 0.9930446256615549), (17065, 0.993702640244634), (2352, 0.9940572827372248), (8697, 0.994143382969836), (86577, 0.9942119100678016), (51897, 0.9946610862683631), (15491, 0.9946975497050607), (61601, 0.9947971956322428), (99883, 0.9954589017453643), (4710, 0.9956304931489088), (10703, 0.9959733478856181), (27404, 0.9980341244235823), (74108, 0.9981603987119012), (56000, 0.9983165399054936), (87577, 0.9987097403345718), (5517, 0.9992546641775635), (29479, 0.999387792108195), (2225, 0.9998681756392481), (98591, 1.0007765258391683), (86836, 1.0008823555134974), (51576, 1.001178583367504), (28375, 1.001237699359291), (32178, 1.001403598409884), (89336, 1.00155149742427), (89599, 1.0017276978795973), (12490, 1.0018206949443227), (77324, 1.0020581761068628), (70007, 1.0021214631903133), (7149, 1.002377901513814), (3845, 1.0025578211521857), (54691, 1.0026696452107557), (64933, 1.0030792629950271), (78482, 1.003982481678264), (3848, 1.004826046421872), (39698, 1.0048950313199672), (76772, 1.0067264116212682), (15567, 1.0067964503539797), (55400, 1.0073309050803598), (11996, 1.0073645727420493), (85873, 1.0077676689171817), (43763, 1.007994406200207), (39536, 1.0080528268443993), (70621, 1.0083274412902525)]
[('Limit  (cost=10602.13..10613.80 rows=100 width=12) (actual time=201.038..204.224 rows=100 loops=1)',), ('  InitPlan 1 (returns $0)',), ('    ->  Index Scan using item_queries_pkey on item_queries  (cost=0.28..8.29 rows=1 width=95) (actual time=0.005..0.006 rows=1 loops=1)',), ('          Index Cond: (iv_id = 1)',), ('  ->  Gather Merge  (cost=10593.84..20160.47 rows=81994 width=12) (actual time=201.036..204.216 rows=100 loops=1)',), ('        Workers Planned: 2',), ('        Params Evaluated: $0',), ('        Workers Launched: 2',), ('        ->  Sort  (cost=9593.82..9696.31 rows=40997 width=12) (actual time=198.132..198.137 rows=78 loops=3)',), ('              Sort Key: ((iv.iv_v <-> $0))',), ('              Sort Method: top-N heapsort  Memory: 32kB',), ('              Worker 0:  Sort Method: top-N heapsort  Memory: 32kB',), ('              Worker 1:  Sort Method: top-N heapsort  Memory: 32kB',), ('              ->  Parallel Hash Join  (cost=3122.33..8026.94 rows=40997 width=12) (actual time=10.604..192.870 rows=32975 loops=3)',), ('                    Hash Cond: (s.s_i_id = iv.iv_id)',), ('                    ->  Parallel Seq Scan on stock s  (cost=0.00..4693.83 rows=41253 width=4) (actual time=0.003..4.825 rows=32975 loops=3)',), ('                          Filter: (s_quantity > 10)',), ('                          Rows Removed by Filter: 359',), ('                    ->  Parallel Hash  (cost=2391.59..2391.59 rows=58459 width=116) (actual time=10.309..10.310 rows=33333 loops=3)',), ('                          Buckets: 131072  Batches: 1  Memory Usage: 16064kB',), ('                          ->  Parallel Seq Scan on item_vector iv  (cost=0.00..2391.59 rows=58459 width=116) (actual time=0.002..2.003 rows=33333 loops=3)',), ('Planning Time: 0.192 ms',), ('Execution Time: 204.258 ms',)]
4 10
1000000 10
[(57363, 0.906300641979776), (153, 0.9477220202687767), (88677, 0.9519871658293554), (31433, 0.9728596792474088), (58452, 0.9878059420297045), (12490, 1.0018206949443227), (82553, 1.0092939976174975), (9543, 1.0093267139896378), (67599, 1.0098803692965457), (1607, 1.0134112366629484)]
[('Limit  (cost=8547.77..8548.92 rows=10 width=12) (actual time=47.750..48.862 rows=10 loops=1)',), ('  InitPlan 1 (returns $0)',), ('    ->  Index Scan using item_queries_pkey on item_queries  (cost=0.28..8.29 rows=1 width=95) (actual time=0.005..0.005 rows=1 loops=1)',), ('          Index Cond: (iv_id = 1)',), ('  ->  Gather Merge  (cost=8539.48..9265.70 rows=6315 width=12) (actual time=47.749..48.859 rows=10 loops=1)',), ('        Workers Planned: 1',), ('        Params Evaluated: $0',), ('        Workers Launched: 1',), ('        ->  Sort  (cost=7539.47..7555.26 rows=6315 width=12) (actual time=45.827..45.829 rows=7 loops=2)',), ('              Sort Key: ((iv.iv_v <-> $0))',), ('              Sort Method: top-N heapsort  Memory: 25kB',), ('              Worker 0:  Sort Method: top-N heapsort  Memory: 25kB',), ('              ->  Parallel Hash Join  (cost=4750.10..7403.00 rows=6315 width=12) (actual time=6.419..44.959 rows=5444 loops=2)',), ('                    Hash Cond: (iv.iv_id = s.s_i_id)',), ('                    ->  Parallel Seq Scan on item_vector iv  (cost=0.00..2391.59 rows=58459 width=116) (actual time=0.001..2.907 rows=50000 loops=2)',), ('                    ->  Parallel Hash  (cost=4693.83..4693.83 rows=4501 width=4) (actual time=6.312..6.313 rows=5444 loops=2)',), ('                          Buckets: 16384  Batches: 1  Memory Usage: 576kB',), ('                          ->  Parallel Seq Scan on stock s  (cost=0.00..4693.83 rows=4501 width=4) (actual time=0.005..5.647 rows=5444 loops=2)',), ('                                Filter: (s_quantity > 90)',), ('                                Rows Removed by Filter: 44556',), ('Planning Time: 0.162 ms',), ('Execution Time: 48.897 ms',)]
('Limit  (cost=8547.77..8548.92 rows=10 width=12) (actual time=47.750..48.862 rows=10 loops=1)',)
('  InitPlan 1 (returns $0)',)
('    ->  Index Scan using item_queries_pkey on item_queries  (cost=0.28..8.29 rows=1 width=95) (actual time=0.005..0.005 rows=1 loops=1)',)
('          Index Cond: (iv_id = 1)',)
('  ->  Gather Merge  (cost=8539.48..9265.70 rows=6315 width=12) (actual time=47.749..48.859 rows=10 loops=1)',)
('        Workers Planned: 1',)
('        Params Evaluated: $0',)
('        Workers Launched: 1',)
('        ->  Sort  (cost=7539.47..7555.26 rows=6315 width=12) (actual time=45.827..45.829 rows=7 loops=2)',)
('              Sort Key: ((iv.iv_v <-> $0))',)
('              Sort Method: top-N heapsort  Memory: 25kB',)
('              Worker 0:  Sort Method: top-N heapsort  Memory: 25kB',)
('              ->  Parallel Hash Join  (cost=4750.10..7403.00 rows=6315 width=12) (actual time=6.419..44.959 rows=5444 loops=2)',)
('                    Hash Cond: (iv.iv_id = s.s_i_id)',)
('                    ->  Parallel Seq Scan on item_vector iv  (cost=0.00..2391.59 rows=58459 width=116) (actual time=0.001..2.907 rows=50000 loops=2)',)
('                    ->  Parallel Hash  (cost=4693.83..4693.83 rows=4501 width=4) (actual time=6.312..6.313 rows=5444 loops=2)',)
('                          Buckets: 16384  Batches: 1  Memory Usage: 576kB',)
('                          ->  Parallel Seq Scan on stock s  (cost=0.00..4693.83 rows=4501 width=4) (actual time=0.005..5.647 rows=5444 loops=2)',)
('                                Filter: (s_quantity > 90)',)
('                                Rows Removed by Filter: 44556',)
('Planning Time: 0.162 ms',)
('Execution Time: 48.897 ms',)
4 20
1000000 20
[(57363, 0.906300641979776), (153, 0.9477220202687767), (88677, 0.9519871658293554), (31433, 0.9728596792474088), (58452, 0.9878059420297045), (12490, 1.0018206949443227), (82553, 1.0092939976174975), (9543, 1.0093267139896378), (67599, 1.0098803692965457), (1607, 1.0134112366629484), (2995, 1.0137819439879834), (92523, 1.0216961672093177), (4521, 1.0238985959411229), (10651, 1.0257680434504837), (21254, 1.0265474315448975), (70465, 1.0285290744364302), (64140, 1.0291487932905448), (36224, 1.029545444535989), (45869, 1.039446193438287), (55796, 1.0407037035073707)]
[('Limit  (cost=8579.35..8581.65 rows=20 width=12) (actual time=47.918..49.029 rows=20 loops=1)',), ('  InitPlan 1 (returns $0)',), ('    ->  Index Scan using item_queries_pkey on item_queries  (cost=0.28..8.29 rows=1 width=95) (actual time=0.005..0.005 rows=1 loops=1)',), ('          Index Cond: (iv_id = 1)',), ('  ->  Gather Merge  (cost=8571.05..9297.28 rows=6315 width=12) (actual time=47.917..49.026 rows=20 loops=1)',), ('        Workers Planned: 1',), ('        Params Evaluated: $0',), ('        Workers Launched: 1',), ('        ->  Sort  (cost=7571.04..7586.83 rows=6315 width=12) (actual time=46.033..46.035 rows=16 loops=2)',), ('              Sort Key: ((iv.iv_v <-> $0))',), ('              Sort Method: top-N heapsort  Memory: 26kB',), ('              Worker 0:  Sort Method: top-N heapsort  Memory: 26kB',), ('              ->  Parallel Hash Join  (cost=4750.10..7403.00 rows=6315 width=12) (actual time=6.436..45.150 rows=5444 loops=2)',), ('                    Hash Cond: (iv.iv_id = s.s_i_id)',), ('                    ->  Parallel Seq Scan on item_vector iv  (cost=0.00..2391.59 rows=58459 width=116) (actual time=0.002..2.929 rows=50000 loops=2)',), ('                    ->  Parallel Hash  (cost=4693.83..4693.83 rows=4501 width=4) (actual time=6.311..6.311 rows=5444 loops=2)',), ('                          Buckets: 16384  Batches: 1  Memory Usage: 608kB',), ('                          ->  Parallel Seq Scan on stock s  (cost=0.00..4693.83 rows=4501 width=4) (actual time=0.006..5.620 rows=5444 loops=2)',), ('                                Filter: (s_quantity > 90)',), ('                                Rows Removed by Filter: 44556',), ('Planning Time: 0.171 ms',), ('Execution Time: 49.052 ms',)]
('Limit  (cost=8579.35..8581.65 rows=20 width=12) (actual time=47.918..49.029 rows=20 loops=1)',)
('  InitPlan 1 (returns $0)',)
('    ->  Index Scan using item_queries_pkey on item_queries  (cost=0.28..8.29 rows=1 width=95) (actual time=0.005..0.005 rows=1 loops=1)',)
('          Index Cond: (iv_id = 1)',)
('  ->  Gather Merge  (cost=8571.05..9297.28 rows=6315 width=12) (actual time=47.917..49.026 rows=20 loops=1)',)
('        Workers Planned: 1',)
('        Params Evaluated: $0',)
('        Workers Launched: 1',)
('        ->  Sort  (cost=7571.04..7586.83 rows=6315 width=12) (actual time=46.033..46.035 rows=16 loops=2)',)
('              Sort Key: ((iv.iv_v <-> $0))',)
('              Sort Method: top-N heapsort  Memory: 26kB',)
('              Worker 0:  Sort Method: top-N heapsort  Memory: 26kB',)
('              ->  Parallel Hash Join  (cost=4750.10..7403.00 rows=6315 width=12) (actual time=6.436..45.150 rows=5444 loops=2)',)
('                    Hash Cond: (iv.iv_id = s.s_i_id)',)
('                    ->  Parallel Seq Scan on item_vector iv  (cost=0.00..2391.59 rows=58459 width=116) (actual time=0.002..2.929 rows=50000 loops=2)',)
('                    ->  Parallel Hash  (cost=4693.83..4693.83 rows=4501 width=4) (actual time=6.311..6.311 rows=5444 loops=2)',)
('                          Buckets: 16384  Batches: 1  Memory Usage: 608kB',)
('                          ->  Parallel Seq Scan on stock s  (cost=0.00..4693.83 rows=4501 width=4) (actual time=0.006..5.620 rows=5444 loops=2)',)
('                                Filter: (s_quantity > 90)',)
('                                Rows Removed by Filter: 44556',)
('Planning Time: 0.171 ms',)
('Execution Time: 49.052 ms',)
4 30
1000000 30
[(57363, 0.906300641979776), (153, 0.9477220202687767), (88677, 0.9519871658293554), (31433, 0.9728596792474088), (58452, 0.9878059420297045), (12490, 1.0018206949443227), (82553, 1.0092939976174975), (9543, 1.0093267139896378), (67599, 1.0098803692965457), (1607, 1.0134112366629484), (2995, 1.0137819439879834), (92523, 1.0216961672093177), (4521, 1.0238985959411229), (10651, 1.0257680434504837), (21254, 1.0265474315448975), (70465, 1.0285290744364302), (64140, 1.0291487932905448), (36224, 1.029545444535989), (45869, 1.039446193438287), (55796, 1.0407037035073707), (54888, 1.042559882898055), (68855, 1.0437505413670762), (43584, 1.0439444560662121), (11997, 1.0487433315788024), (27897, 1.0504176421856364), (32504, 1.0522357842809926), (30065, 1.0529515426368667), (97681, 1.053794256527638), (76540, 1.0538820935556832), (51234, 1.0538885976162793)]
[('Limit  (cost=8597.82..8601.27 rows=30 width=12) (actual time=47.414..48.527 rows=30 loops=1)',), ('  InitPlan 1 (returns $0)',), ('    ->  Index Scan using item_queries_pkey on item_queries  (cost=0.28..8.29 rows=1 width=95) (actual time=0.004..0.005 rows=1 loops=1)',), ('          Index Cond: (iv_id = 1)',), ('  ->  Gather Merge  (cost=8589.52..9315.75 rows=6315 width=12) (actual time=47.414..48.523 rows=30 loops=1)',), ('        Workers Planned: 1',), ('        Params Evaluated: $0',), ('        Workers Launched: 1',), ('        ->  Sort  (cost=7589.51..7605.30 rows=6315 width=12) (actual time=45.547..45.549 rows=20 loops=2)',), ('              Sort Key: ((iv.iv_v <-> $0))',), ('              Sort Method: top-N heapsort  Memory: 27kB',), ('              Worker 0:  Sort Method: top-N heapsort  Memory: 27kB',), ('              ->  Parallel Hash Join  (cost=4750.10..7403.00 rows=6315 width=12) (actual time=6.377..44.689 rows=5444 loops=2)',), ('                    Hash Cond: (iv.iv_id = s.s_i_id)',), ('                    ->  Parallel Seq Scan on item_vector iv  (cost=0.00..2391.59 rows=58459 width=116) (actual time=0.002..2.915 rows=50000 loops=2)',), ('                    ->  Parallel Hash  (cost=4693.83..4693.83 rows=4501 width=4) (actual time=6.258..6.258 rows=5444 loops=2)',), ('                          Buckets: 16384  Batches: 1  Memory Usage: 608kB',), ('                          ->  Parallel Seq Scan on stock s  (cost=0.00..4693.83 rows=4501 width=4) (actual time=0.006..5.576 rows=5444 loops=2)',), ('                                Filter: (s_quantity > 90)',), ('                                Rows Removed by Filter: 44556',), ('Planning Time: 0.165 ms',), ('Execution Time: 48.550 ms',)]
('Limit  (cost=8597.82..8601.27 rows=30 width=12) (actual time=47.414..48.527 rows=30 loops=1)',)
('  InitPlan 1 (returns $0)',)
('    ->  Index Scan using item_queries_pkey on item_queries  (cost=0.28..8.29 rows=1 width=95) (actual time=0.004..0.005 rows=1 loops=1)',)
('          Index Cond: (iv_id = 1)',)
('  ->  Gather Merge  (cost=8589.52..9315.75 rows=6315 width=12) (actual time=47.414..48.523 rows=30 loops=1)',)
('        Workers Planned: 1',)
('        Params Evaluated: $0',)
('        Workers Launched: 1',)
('        ->  Sort  (cost=7589.51..7605.30 rows=6315 width=12) (actual time=45.547..45.549 rows=20 loops=2)',)
('              Sort Key: ((iv.iv_v <-> $0))',)
('              Sort Method: top-N heapsort  Memory: 27kB',)
('              Worker 0:  Sort Method: top-N heapsort  Memory: 27kB',)
('              ->  Parallel Hash Join  (cost=4750.10..7403.00 rows=6315 width=12) (actual time=6.377..44.689 rows=5444 loops=2)',)
('                    Hash Cond: (iv.iv_id = s.s_i_id)',)
('                    ->  Parallel Seq Scan on item_vector iv  (cost=0.00..2391.59 rows=58459 width=116) (actual time=0.002..2.915 rows=50000 loops=2)',)
('                    ->  Parallel Hash  (cost=4693.83..4693.83 rows=4501 width=4) (actual time=6.258..6.258 rows=5444 loops=2)',)
('                          Buckets: 16384  Batches: 1  Memory Usage: 608kB',)
('                          ->  Parallel Seq Scan on stock s  (cost=0.00..4693.83 rows=4501 width=4) (actual time=0.006..5.576 rows=5444 loops=2)',)
('                                Filter: (s_quantity > 90)',)
('                                Rows Removed by Filter: 44556',)
('Planning Time: 0.165 ms',)
('Execution Time: 48.550 ms',)
4 40
1000000 40
[(57363, 0.906300641979776), (153, 0.9477220202687767), (88677, 0.9519871658293554), (31433, 0.9728596792474088), (58452, 0.9878059420297045), (12490, 1.0018206949443227), (82553, 1.0092939976174975), (9543, 1.0093267139896378), (67599, 1.0098803692965457), (1607, 1.0134112366629484), (2995, 1.0137819439879834), (92523, 1.0216961672093177), (4521, 1.0238985959411229), (10651, 1.0257680434504837), (21254, 1.0265474315448975), (70465, 1.0285290744364302), (64140, 1.0291487932905448), (36224, 1.029545444535989), (45869, 1.039446193438287), (55796, 1.0407037035073707), (54888, 1.042559882898055), (68855, 1.0437505413670762), (43584, 1.0439444560662121), (11997, 1.0487433315788024), (27897, 1.0504176421856364), (32504, 1.0522357842809926), (30065, 1.0529515426368667), (97681, 1.053794256527638), (76540, 1.0538820935556832), (51234, 1.0538885976162793), (81230, 1.0560438124172746), (22861, 1.0570927074128502), (12992, 1.0571269328250923), (7746, 1.0571732791459485), (71743, 1.0616278715446297), (18297, 1.0625905951977104), (40347, 1.0636738295577433), (63366, 1.063839180656315), (80637, 1.0638796880361259), (83744, 1.0642564504372822)]
[('Limit  (cost=8610.92..8615.52 rows=40 width=12) (actual time=47.064..48.142 rows=40 loops=1)',), ('  InitPlan 1 (returns $0)',), ('    ->  Index Scan using item_queries_pkey on item_queries  (cost=0.28..8.29 rows=1 width=95) (actual time=0.004..0.005 rows=1 loops=1)',), ('          Index Cond: (iv_id = 1)',), ('  ->  Gather Merge  (cost=8602.63..9328.85 rows=6315 width=12) (actual time=47.064..48.138 rows=40 loops=1)',), ('        Workers Planned: 1',), ('        Params Evaluated: $0',), ('        Workers Launched: 1',), ('        ->  Sort  (cost=7602.62..7618.41 rows=6315 width=12) (actual time=45.241..45.244 rows=30 loops=2)',), ('              Sort Key: ((iv.iv_v <-> $0))',), ('              Sort Method: top-N heapsort  Memory: 28kB',), ('              Worker 0:  Sort Method: top-N heapsort  Memory: 28kB',), ('              ->  Parallel Hash Join  (cost=4750.10..7403.00 rows=6315 width=12) (actual time=6.353..44.348 rows=5444 loops=2)',), ('                    Hash Cond: (iv.iv_id = s.s_i_id)',), ('                    ->  Parallel Seq Scan on item_vector iv  (cost=0.00..2391.59 rows=58459 width=116) (actual time=0.002..2.916 rows=50000 loops=2)',), ('                    ->  Parallel Hash  (cost=4693.83..4693.83 rows=4501 width=4) (actual time=6.260..6.261 rows=5444 loops=2)',), ('                          Buckets: 16384  Batches: 1  Memory Usage: 608kB',), ('                          ->  Parallel Seq Scan on stock s  (cost=0.00..4693.83 rows=4501 width=4) (actual time=0.006..5.598 rows=5444 loops=2)',), ('                                Filter: (s_quantity > 90)',), ('                                Rows Removed by Filter: 44556',), ('Planning Time: 0.161 ms',), ('Execution Time: 48.166 ms',)]
('Limit  (cost=8610.92..8615.52 rows=40 width=12) (actual time=47.064..48.142 rows=40 loops=1)',)
('  InitPlan 1 (returns $0)',)
('    ->  Index Scan using item_queries_pkey on item_queries  (cost=0.28..8.29 rows=1 width=95) (actual time=0.004..0.005 rows=1 loops=1)',)
('          Index Cond: (iv_id = 1)',)
('  ->  Gather Merge  (cost=8602.63..9328.85 rows=6315 width=12) (actual time=47.064..48.138 rows=40 loops=1)',)
('        Workers Planned: 1',)
('        Params Evaluated: $0',)
('        Workers Launched: 1',)
('        ->  Sort  (cost=7602.62..7618.41 rows=6315 width=12) (actual time=45.241..45.244 rows=30 loops=2)',)
('              Sort Key: ((iv.iv_v <-> $0))',)
('              Sort Method: top-N heapsort  Memory: 28kB',)
('              Worker 0:  Sort Method: top-N heapsort  Memory: 28kB',)
('              ->  Parallel Hash Join  (cost=4750.10..7403.00 rows=6315 width=12) (actual time=6.353..44.348 rows=5444 loops=2)',)
('                    Hash Cond: (iv.iv_id = s.s_i_id)',)
('                    ->  Parallel Seq Scan on item_vector iv  (cost=0.00..2391.59 rows=58459 width=116) (actual time=0.002..2.916 rows=50000 loops=2)',)
('                    ->  Parallel Hash  (cost=4693.83..4693.83 rows=4501 width=4) (actual time=6.260..6.261 rows=5444 loops=2)',)
('                          Buckets: 16384  Batches: 1  Memory Usage: 608kB',)
('                          ->  Parallel Seq Scan on stock s  (cost=0.00..4693.83 rows=4501 width=4) (actual time=0.006..5.598 rows=5444 loops=2)',)
('                                Filter: (s_quantity > 90)',)
('                                Rows Removed by Filter: 44556',)
('Planning Time: 0.161 ms',)
('Execution Time: 48.166 ms',)
4 50
1000000 50
[(57363, 0.906300641979776), (153, 0.9477220202687767), (88677, 0.9519871658293554), (31433, 0.9728596792474088), (58452, 0.9878059420297045), (12490, 1.0018206949443227), (82553, 1.0092939976174975), (9543, 1.0093267139896378), (67599, 1.0098803692965457), (1607, 1.0134112366629484), (2995, 1.0137819439879834), (92523, 1.0216961672093177), (4521, 1.0238985959411229), (10651, 1.0257680434504837), (21254, 1.0265474315448975), (70465, 1.0285290744364302), (64140, 1.0291487932905448), (36224, 1.029545444535989), (45869, 1.039446193438287), (55796, 1.0407037035073707), (54888, 1.042559882898055), (68855, 1.0437505413670762), (43584, 1.0439444560662121), (11997, 1.0487433315788024), (27897, 1.0504176421856364), (32504, 1.0522357842809926), (30065, 1.0529515426368667), (97681, 1.053794256527638), (76540, 1.0538820935556832), (51234, 1.0538885976162793), (81230, 1.0560438124172746), (22861, 1.0570927074128502), (12992, 1.0571269328250923), (7746, 1.0571732791459485), (71743, 1.0616278715446297), (18297, 1.0625905951977104), (40347, 1.0636738295577433), (63366, 1.063839180656315), (80637, 1.0638796880361259), (83744, 1.0642564504372822), (72166, 1.0648005207380058), (67988, 1.065101412122129), (47158, 1.0651272100491265), (4602, 1.0661085223198035), (4911, 1.0683716489097284), (57134, 1.06944289695881), (61628, 1.069619838704376), (11521, 1.069822881602884), (71113, 1.0701239203951247), (52499, 1.0703174006217644)]
[('Limit  (cost=8621.09..8626.84 rows=50 width=12) (actual time=47.978..49.105 rows=50 loops=1)',), ('  InitPlan 1 (returns $0)',), ('    ->  Index Scan using item_queries_pkey on item_queries  (cost=0.28..8.29 rows=1 width=95) (actual time=0.004..0.005 rows=1 loops=1)',), ('          Index Cond: (iv_id = 1)',), ('  ->  Gather Merge  (cost=8612.79..9339.02 rows=6315 width=12) (actual time=47.978..49.101 rows=50 loops=1)',), ('        Workers Planned: 1',), ('        Params Evaluated: $0',), ('        Workers Launched: 1',), ('        ->  Sort  (cost=7612.78..7628.57 rows=6315 width=12) (actual time=46.056..46.059 rows=36 loops=2)',), ('              Sort Key: ((iv.iv_v <-> $0))',), ('              Sort Method: top-N heapsort  Memory: 28kB',), ('              Worker 0:  Sort Method: top-N heapsort  Memory: 28kB',), ('              ->  Parallel Hash Join  (cost=4750.10..7403.00 rows=6315 width=12) (actual time=6.401..45.141 rows=5444 loops=2)',), ('                    Hash Cond: (iv.iv_id = s.s_i_id)',), ('                    ->  Parallel Seq Scan on item_vector iv  (cost=0.00..2391.59 rows=58459 width=116) (actual time=0.001..2.920 rows=50000 loops=2)',), ('                    ->  Parallel Hash  (cost=4693.83..4693.83 rows=4501 width=4) (actual time=6.289..6.289 rows=5444 loops=2)',), ('                          Buckets: 16384  Batches: 1  Memory Usage: 576kB',), ('                          ->  Parallel Seq Scan on stock s  (cost=0.00..4693.83 rows=4501 width=4) (actual time=0.006..5.596 rows=5444 loops=2)',), ('                                Filter: (s_quantity > 90)',), ('                                Rows Removed by Filter: 44556',), ('Planning Time: 0.177 ms',), ('Execution Time: 49.130 ms',)]
('Limit  (cost=8621.09..8626.84 rows=50 width=12) (actual time=47.978..49.105 rows=50 loops=1)',)
('  InitPlan 1 (returns $0)',)
('    ->  Index Scan using item_queries_pkey on item_queries  (cost=0.28..8.29 rows=1 width=95) (actual time=0.004..0.005 rows=1 loops=1)',)
('          Index Cond: (iv_id = 1)',)
('  ->  Gather Merge  (cost=8612.79..9339.02 rows=6315 width=12) (actual time=47.978..49.101 rows=50 loops=1)',)
('        Workers Planned: 1',)
('        Params Evaluated: $0',)
('        Workers Launched: 1',)
('        ->  Sort  (cost=7612.78..7628.57 rows=6315 width=12) (actual time=46.056..46.059 rows=36 loops=2)',)
('              Sort Key: ((iv.iv_v <-> $0))',)
('              Sort Method: top-N heapsort  Memory: 28kB',)
('              Worker 0:  Sort Method: top-N heapsort  Memory: 28kB',)
('              ->  Parallel Hash Join  (cost=4750.10..7403.00 rows=6315 width=12) (actual time=6.401..45.141 rows=5444 loops=2)',)
('                    Hash Cond: (iv.iv_id = s.s_i_id)',)
('                    ->  Parallel Seq Scan on item_vector iv  (cost=0.00..2391.59 rows=58459 width=116) (actual time=0.001..2.920 rows=50000 loops=2)',)
('                    ->  Parallel Hash  (cost=4693.83..4693.83 rows=4501 width=4) (actual time=6.289..6.289 rows=5444 loops=2)',)
('                          Buckets: 16384  Batches: 1  Memory Usage: 576kB',)
('                          ->  Parallel Seq Scan on stock s  (cost=0.00..4693.83 rows=4501 width=4) (actual time=0.006..5.596 rows=5444 loops=2)',)
('                                Filter: (s_quantity > 90)',)
('                                Rows Removed by Filter: 44556',)
('Planning Time: 0.177 ms',)
('Execution Time: 49.130 ms',)
4 60
1000000 60
[(57363, 0.906300641979776), (153, 0.9477220202687767), (88677, 0.9519871658293554), (31433, 0.9728596792474088), (58452, 0.9878059420297045), (12490, 1.0018206949443227), (82553, 1.0092939976174975), (9543, 1.0093267139896378), (67599, 1.0098803692965457), (1607, 1.0134112366629484), (2995, 1.0137819439879834), (92523, 1.0216961672093177), (4521, 1.0238985959411229), (10651, 1.0257680434504837), (21254, 1.0265474315448975), (70465, 1.0285290744364302), (64140, 1.0291487932905448), (36224, 1.029545444535989), (45869, 1.039446193438287), (55796, 1.0407037035073707), (54888, 1.042559882898055), (68855, 1.0437505413670762), (43584, 1.0439444560662121), (11997, 1.0487433315788024), (27897, 1.0504176421856364), (32504, 1.0522357842809926), (30065, 1.0529515426368667), (97681, 1.053794256527638), (76540, 1.0538820935556832), (51234, 1.0538885976162793), (81230, 1.0560438124172746), (22861, 1.0570927074128502), (12992, 1.0571269328250923), (7746, 1.0571732791459485), (71743, 1.0616278715446297), (18297, 1.0625905951977104), (40347, 1.0636738295577433), (63366, 1.063839180656315), (80637, 1.0638796880361259), (83744, 1.0642564504372822), (72166, 1.0648005207380058), (67988, 1.065101412122129), (47158, 1.0651272100491265), (4602, 1.0661085223198035), (4911, 1.0683716489097284), (57134, 1.06944289695881), (61628, 1.069619838704376), (11521, 1.069822881602884), (71113, 1.0701239203951247), (52499, 1.0703174006217644), (58426, 1.0704156310800483), (37773, 1.07047309505999), (89126, 1.0707152785203264), (42372, 1.0709415452856819), (26628, 1.0715396278590286), (42549, 1.073074230488359), (23391, 1.0731263310774655), (35771, 1.0744452220432221), (39431, 1.0774075429064238), (97109, 1.0785511667266585)]
[('Limit  (cost=8629.39..8636.29 rows=60 width=12) (actual time=47.387..48.476 rows=60 loops=1)',), ('  InitPlan 1 (returns $0)',), ('    ->  Index Scan using item_queries_pkey on item_queries  (cost=0.28..8.29 rows=1 width=95) (actual time=0.005..0.006 rows=1 loops=1)',), ('          Index Cond: (iv_id = 1)',), ('  ->  Gather Merge  (cost=8621.10..9347.32 rows=6315 width=12) (actual time=47.386..48.471 rows=60 loops=1)',), ('        Workers Planned: 1',), ('        Params Evaluated: $0',), ('        Workers Launched: 1',), ('        ->  Sort  (cost=7621.09..7636.88 rows=6315 width=12) (actual time=45.505..45.508 rows=43 loops=2)',), ('              Sort Key: ((iv.iv_v <-> $0))',), ('              Sort Method: top-N heapsort  Memory: 29kB',), ('              Worker 0:  Sort Method: top-N heapsort  Memory: 29kB',), ('              ->  Parallel Hash Join  (cost=4750.10..7403.00 rows=6315 width=12) (actual time=6.389..44.597 rows=5444 loops=2)',), ('                    Hash Cond: (iv.iv_id = s.s_i_id)',), ('                    ->  Parallel Seq Scan on item_vector iv  (cost=0.00..2391.59 rows=58459 width=116) (actual time=0.002..2.923 rows=50000 loops=2)',), ('                    ->  Parallel Hash  (cost=4693.83..4693.83 rows=4501 width=4) (actual time=6.280..6.280 rows=5444 loops=2)',), ('                          Buckets: 16384  Batches: 1  Memory Usage: 608kB',), ('                          ->  Parallel Seq Scan on stock s  (cost=0.00..4693.83 rows=4501 width=4) (actual time=0.005..5.616 rows=5444 loops=2)',), ('                                Filter: (s_quantity > 90)',), ('                                Rows Removed by Filter: 44556',), ('Planning Time: 0.160 ms',), ('Execution Time: 48.500 ms',)]
('Limit  (cost=8629.39..8636.29 rows=60 width=12) (actual time=47.387..48.476 rows=60 loops=1)',)
('  InitPlan 1 (returns $0)',)
('    ->  Index Scan using item_queries_pkey on item_queries  (cost=0.28..8.29 rows=1 width=95) (actual time=0.005..0.006 rows=1 loops=1)',)
('          Index Cond: (iv_id = 1)',)
('  ->  Gather Merge  (cost=8621.10..9347.32 rows=6315 width=12) (actual time=47.386..48.471 rows=60 loops=1)',)
('        Workers Planned: 1',)
('        Params Evaluated: $0',)
('        Workers Launched: 1',)
('        ->  Sort  (cost=7621.09..7636.88 rows=6315 width=12) (actual time=45.505..45.508 rows=43 loops=2)',)
('              Sort Key: ((iv.iv_v <-> $0))',)
('              Sort Method: top-N heapsort  Memory: 29kB',)
('              Worker 0:  Sort Method: top-N heapsort  Memory: 29kB',)
('              ->  Parallel Hash Join  (cost=4750.10..7403.00 rows=6315 width=12) (actual time=6.389..44.597 rows=5444 loops=2)',)
('                    Hash Cond: (iv.iv_id = s.s_i_id)',)
('                    ->  Parallel Seq Scan on item_vector iv  (cost=0.00..2391.59 rows=58459 width=116) (actual time=0.002..2.923 rows=50000 loops=2)',)
('                    ->  Parallel Hash  (cost=4693.83..4693.83 rows=4501 width=4) (actual time=6.280..6.280 rows=5444 loops=2)',)
('                          Buckets: 16384  Batches: 1  Memory Usage: 608kB',)
('                          ->  Parallel Seq Scan on stock s  (cost=0.00..4693.83 rows=4501 width=4) (actual time=0.005..5.616 rows=5444 loops=2)',)
('                                Filter: (s_quantity > 90)',)
('                                Rows Removed by Filter: 44556',)
('Planning Time: 0.160 ms',)
('Execution Time: 48.500 ms',)
4 70
1000000 70
[(57363, 0.906300641979776), (153, 0.9477220202687767), (88677, 0.9519871658293554), (31433, 0.9728596792474088), (58452, 0.9878059420297045), (12490, 1.0018206949443227), (82553, 1.0092939976174975), (9543, 1.0093267139896378), (67599, 1.0098803692965457), (1607, 1.0134112366629484), (2995, 1.0137819439879834), (92523, 1.0216961672093177), (4521, 1.0238985959411229), (10651, 1.0257680434504837), (21254, 1.0265474315448975), (70465, 1.0285290744364302), (64140, 1.0291487932905448), (36224, 1.029545444535989), (45869, 1.039446193438287), (55796, 1.0407037035073707), (54888, 1.042559882898055), (68855, 1.0437505413670762), (43584, 1.0439444560662121), (11997, 1.0487433315788024), (27897, 1.0504176421856364), (32504, 1.0522357842809926), (30065, 1.0529515426368667), (97681, 1.053794256527638), (76540, 1.0538820935556832), (51234, 1.0538885976162793), (81230, 1.0560438124172746), (22861, 1.0570927074128502), (12992, 1.0571269328250923), (7746, 1.0571732791459485), (71743, 1.0616278715446297), (18297, 1.0625905951977104), (40347, 1.0636738295577433), (63366, 1.063839180656315), (80637, 1.0638796880361259), (83744, 1.0642564504372822), (72166, 1.0648005207380058), (67988, 1.065101412122129), (47158, 1.0651272100491265), (4602, 1.0661085223198035), (4911, 1.0683716489097284), (57134, 1.06944289695881), (61628, 1.069619838704376), (11521, 1.069822881602884), (71113, 1.0701239203951247), (52499, 1.0703174006217644), (58426, 1.0704156310800483), (37773, 1.07047309505999), (89126, 1.0707152785203264), (42372, 1.0709415452856819), (26628, 1.0715396278590286), (42549, 1.073074230488359), (23391, 1.0731263310774655), (35771, 1.0744452220432221), (39431, 1.0774075429064238), (97109, 1.0785511667266585), (85677, 1.0795400979853709), (3669, 1.0797885830895473), (73237, 1.079853551878371), (74405, 1.0805828439709406), (17492, 1.0814008839020346), (2404, 1.0814508196494348), (1570, 1.0817156169514823), (5927, 1.081850663412199), (6564, 1.0820181394808728), (94186, 1.0836722809622565)]
[('Limit  (cost=8636.41..8644.46 rows=70 width=12) (actual time=47.111..48.158 rows=70 loops=1)',), ('  InitPlan 1 (returns $0)',), ('    ->  Index Scan using item_queries_pkey on item_queries  (cost=0.28..8.29 rows=1 width=95) (actual time=0.005..0.005 rows=1 loops=1)',), ('          Index Cond: (iv_id = 1)',), ('  ->  Gather Merge  (cost=8628.12..9354.34 rows=6315 width=12) (actual time=47.110..48.153 rows=70 loops=1)',), ('        Workers Planned: 1',), ('        Params Evaluated: $0',), ('        Workers Launched: 1',), ('        ->  Sort  (cost=7628.11..7643.90 rows=6315 width=12) (actual time=45.296..45.299 rows=54 loops=2)',), ('              Sort Key: ((iv.iv_v <-> $0))',), ('              Sort Method: top-N heapsort  Memory: 30kB',), ('              Worker 0:  Sort Method: top-N heapsort  Memory: 30kB',), ('              ->  Parallel Hash Join  (cost=4750.10..7403.00 rows=6315 width=12) (actual time=6.362..44.380 rows=5444 loops=2)',), ('                    Hash Cond: (iv.iv_id = s.s_i_id)',), ('                    ->  Parallel Seq Scan on item_vector iv  (cost=0.00..2391.59 rows=58459 width=116) (actual time=0.001..2.890 rows=50000 loops=2)',), ('                    ->  Parallel Hash  (cost=4693.83..4693.83 rows=4501 width=4) (actual time=6.259..6.259 rows=5444 loops=2)',), ('                          Buckets: 16384  Batches: 1  Memory Usage: 608kB',), ('                          ->  Parallel Seq Scan on stock s  (cost=0.00..4693.83 rows=4501 width=4) (actual time=0.006..5.594 rows=5444 loops=2)',), ('                                Filter: (s_quantity > 90)',), ('                                Rows Removed by Filter: 44556',), ('Planning Time: 0.164 ms',), ('Execution Time: 48.180 ms',)]
('Limit  (cost=8636.41..8644.46 rows=70 width=12) (actual time=47.111..48.158 rows=70 loops=1)',)
('  InitPlan 1 (returns $0)',)
('    ->  Index Scan using item_queries_pkey on item_queries  (cost=0.28..8.29 rows=1 width=95) (actual time=0.005..0.005 rows=1 loops=1)',)
('          Index Cond: (iv_id = 1)',)
('  ->  Gather Merge  (cost=8628.12..9354.34 rows=6315 width=12) (actual time=47.110..48.153 rows=70 loops=1)',)
('        Workers Planned: 1',)
('        Params Evaluated: $0',)
('        Workers Launched: 1',)
('        ->  Sort  (cost=7628.11..7643.90 rows=6315 width=12) (actual time=45.296..45.299 rows=54 loops=2)',)
('              Sort Key: ((iv.iv_v <-> $0))',)
('              Sort Method: top-N heapsort  Memory: 30kB',)
('              Worker 0:  Sort Method: top-N heapsort  Memory: 30kB',)
('              ->  Parallel Hash Join  (cost=4750.10..7403.00 rows=6315 width=12) (actual time=6.362..44.380 rows=5444 loops=2)',)
('                    Hash Cond: (iv.iv_id = s.s_i_id)',)
('                    ->  Parallel Seq Scan on item_vector iv  (cost=0.00..2391.59 rows=58459 width=116) (actual time=0.001..2.890 rows=50000 loops=2)',)
('                    ->  Parallel Hash  (cost=4693.83..4693.83 rows=4501 width=4) (actual time=6.259..6.259 rows=5444 loops=2)',)
('                          Buckets: 16384  Batches: 1  Memory Usage: 608kB',)
('                          ->  Parallel Seq Scan on stock s  (cost=0.00..4693.83 rows=4501 width=4) (actual time=0.006..5.594 rows=5444 loops=2)',)
('                                Filter: (s_quantity > 90)',)
('                                Rows Removed by Filter: 44556',)
('Planning Time: 0.164 ms',)
('Execution Time: 48.180 ms',)
4 80
1000000 80
[(57363, 0.906300641979776), (153, 0.9477220202687767), (88677, 0.9519871658293554), (31433, 0.9728596792474088), (58452, 0.9878059420297045), (12490, 1.0018206949443227), (82553, 1.0092939976174975), (9543, 1.0093267139896378), (67599, 1.0098803692965457), (1607, 1.0134112366629484), (2995, 1.0137819439879834), (92523, 1.0216961672093177), (4521, 1.0238985959411229), (10651, 1.0257680434504837), (21254, 1.0265474315448975), (70465, 1.0285290744364302), (64140, 1.0291487932905448), (36224, 1.029545444535989), (45869, 1.039446193438287), (55796, 1.0407037035073707), (54888, 1.042559882898055), (68855, 1.0437505413670762), (43584, 1.0439444560662121), (11997, 1.0487433315788024), (27897, 1.0504176421856364), (32504, 1.0522357842809926), (30065, 1.0529515426368667), (97681, 1.053794256527638), (76540, 1.0538820935556832), (51234, 1.0538885976162793), (81230, 1.0560438124172746), (22861, 1.0570927074128502), (12992, 1.0571269328250923), (7746, 1.0571732791459485), (71743, 1.0616278715446297), (18297, 1.0625905951977104), (40347, 1.0636738295577433), (63366, 1.063839180656315), (80637, 1.0638796880361259), (83744, 1.0642564504372822), (72166, 1.0648005207380058), (67988, 1.065101412122129), (47158, 1.0651272100491265), (4602, 1.0661085223198035), (4911, 1.0683716489097284), (57134, 1.06944289695881), (61628, 1.069619838704376), (11521, 1.069822881602884), (71113, 1.0701239203951247), (52499, 1.0703174006217644), (58426, 1.0704156310800483), (37773, 1.07047309505999), (89126, 1.0707152785203264), (42372, 1.0709415452856819), (26628, 1.0715396278590286), (42549, 1.073074230488359), (23391, 1.0731263310774655), (35771, 1.0744452220432221), (39431, 1.0774075429064238), (97109, 1.0785511667266585), (85677, 1.0795400979853709), (3669, 1.0797885830895473), (73237, 1.079853551878371), (74405, 1.0805828439709406), (17492, 1.0814008839020346), (2404, 1.0814508196494348), (1570, 1.0817156169514823), (5927, 1.081850663412199), (6564, 1.0820181394808728), (94186, 1.0836722809622565), (52435, 1.0838157178935395), (16000, 1.0839282321996735), (78368, 1.0839520423809739), (80140, 1.0849650577772518), (42553, 1.08589534540483), (89531, 1.0859861843256025), (89841, 1.0882637301840123), (45077, 1.0911699655029563), (20091, 1.0920097675794909), (64927, 1.0922248561075385)]
[('Limit  (cost=8642.50..8651.70 rows=80 width=12) (actual time=47.302..48.351 rows=80 loops=1)',), ('  InitPlan 1 (returns $0)',), ('    ->  Index Scan using item_queries_pkey on item_queries  (cost=0.28..8.29 rows=1 width=95) (actual time=0.004..0.005 rows=1 loops=1)',), ('          Index Cond: (iv_id = 1)',), ('  ->  Gather Merge  (cost=8634.20..9360.43 rows=6315 width=12) (actual time=47.301..48.345 rows=80 loops=1)',), ('        Workers Planned: 1',), ('        Params Evaluated: $0',), ('        Workers Launched: 1',), ('        ->  Sort  (cost=7634.19..7649.98 rows=6315 width=12) (actual time=45.420..45.424 rows=62 loops=2)',), ('              Sort Key: ((iv.iv_v <-> $0))',), ('              Sort Method: top-N heapsort  Memory: 30kB',), ('              Worker 0:  Sort Method: top-N heapsort  Memory: 31kB',), ('              ->  Parallel Hash Join  (cost=4750.10..7403.00 rows=6315 width=12) (actual time=6.373..44.486 rows=5444 loops=2)',), ('                    Hash Cond: (iv.iv_id = s.s_i_id)',), ('                    ->  Parallel Seq Scan on item_vector iv  (cost=0.00..2391.59 rows=58459 width=116) (actual time=0.001..2.897 rows=50000 loops=2)',), ('                    ->  Parallel Hash  (cost=4693.83..4693.83 rows=4501 width=4) (actual time=6.253..6.254 rows=5444 loops=2)',), ('                          Buckets: 16384  Batches: 1  Memory Usage: 608kB',), ('                          ->  Parallel Seq Scan on stock s  (cost=0.00..4693.83 rows=4501 width=4) (actual time=0.006..5.596 rows=5444 loops=2)',), ('                                Filter: (s_quantity > 90)',), ('                                Rows Removed by Filter: 44556',), ('Planning Time: 0.165 ms',), ('Execution Time: 48.375 ms',)]
('Limit  (cost=8642.50..8651.70 rows=80 width=12) (actual time=47.302..48.351 rows=80 loops=1)',)
('  InitPlan 1 (returns $0)',)
('    ->  Index Scan using item_queries_pkey on item_queries  (cost=0.28..8.29 rows=1 width=95) (actual time=0.004..0.005 rows=1 loops=1)',)
('          Index Cond: (iv_id = 1)',)
('  ->  Gather Merge  (cost=8634.20..9360.43 rows=6315 width=12) (actual time=47.301..48.345 rows=80 loops=1)',)
('        Workers Planned: 1',)
('        Params Evaluated: $0',)
('        Workers Launched: 1',)
('        ->  Sort  (cost=7634.19..7649.98 rows=6315 width=12) (actual time=45.420..45.424 rows=62 loops=2)',)
('              Sort Key: ((iv.iv_v <-> $0))',)
('              Sort Method: top-N heapsort  Memory: 30kB',)
('              Worker 0:  Sort Method: top-N heapsort  Memory: 31kB',)
('              ->  Parallel Hash Join  (cost=4750.10..7403.00 rows=6315 width=12) (actual time=6.373..44.486 rows=5444 loops=2)',)
('                    Hash Cond: (iv.iv_id = s.s_i_id)',)
('                    ->  Parallel Seq Scan on item_vector iv  (cost=0.00..2391.59 rows=58459 width=116) (actual time=0.001..2.897 rows=50000 loops=2)',)
('                    ->  Parallel Hash  (cost=4693.83..4693.83 rows=4501 width=4) (actual time=6.253..6.254 rows=5444 loops=2)',)
('                          Buckets: 16384  Batches: 1  Memory Usage: 608kB',)
('                          ->  Parallel Seq Scan on stock s  (cost=0.00..4693.83 rows=4501 width=4) (actual time=0.006..5.596 rows=5444 loops=2)',)
('                                Filter: (s_quantity > 90)',)
('                                Rows Removed by Filter: 44556',)
('Planning Time: 0.165 ms',)
('Execution Time: 48.375 ms',)
4 90
1000000 90
[(57363, 0.906300641979776), (153, 0.9477220202687767), (88677, 0.9519871658293554), (31433, 0.9728596792474088), (58452, 0.9878059420297045), (12490, 1.0018206949443227), (82553, 1.0092939976174975), (9543, 1.0093267139896378), (67599, 1.0098803692965457), (1607, 1.0134112366629484), (2995, 1.0137819439879834), (92523, 1.0216961672093177), (4521, 1.0238985959411229), (10651, 1.0257680434504837), (21254, 1.0265474315448975), (70465, 1.0285290744364302), (64140, 1.0291487932905448), (36224, 1.029545444535989), (45869, 1.039446193438287), (55796, 1.0407037035073707), (54888, 1.042559882898055), (68855, 1.0437505413670762), (43584, 1.0439444560662121), (11997, 1.0487433315788024), (27897, 1.0504176421856364), (32504, 1.0522357842809926), (30065, 1.0529515426368667), (97681, 1.053794256527638), (76540, 1.0538820935556832), (51234, 1.0538885976162793), (81230, 1.0560438124172746), (22861, 1.0570927074128502), (12992, 1.0571269328250923), (7746, 1.0571732791459485), (71743, 1.0616278715446297), (18297, 1.0625905951977104), (40347, 1.0636738295577433), (63366, 1.063839180656315), (80637, 1.0638796880361259), (83744, 1.0642564504372822), (72166, 1.0648005207380058), (67988, 1.065101412122129), (47158, 1.0651272100491265), (4602, 1.0661085223198035), (4911, 1.0683716489097284), (57134, 1.06944289695881), (61628, 1.069619838704376), (11521, 1.069822881602884), (71113, 1.0701239203951247), (52499, 1.0703174006217644), (58426, 1.0704156310800483), (37773, 1.07047309505999), (89126, 1.0707152785203264), (42372, 1.0709415452856819), (26628, 1.0715396278590286), (42549, 1.073074230488359), (23391, 1.0731263310774655), (35771, 1.0744452220432221), (39431, 1.0774075429064238), (97109, 1.0785511667266585), (85677, 1.0795400979853709), (3669, 1.0797885830895473), (73237, 1.079853551878371), (74405, 1.0805828439709406), (17492, 1.0814008839020346), (2404, 1.0814508196494348), (1570, 1.0817156169514823), (5927, 1.081850663412199), (6564, 1.0820181394808728), (94186, 1.0836722809622565), (52435, 1.0838157178935395), (16000, 1.0839282321996735), (78368, 1.0839520423809739), (80140, 1.0849650577772518), (42553, 1.08589534540483), (89531, 1.0859861843256025), (89841, 1.0882637301840123), (45077, 1.0911699655029563), (20091, 1.0920097675794909), (64927, 1.0922248561075385), (66571, 1.0926522877262803), (89703, 1.09352153026733), (38232, 1.093585955715623), (4226, 1.0937817160231371), (32847, 1.0940240789061457), (93292, 1.0946847463579144), (5653, 1.0950202105673226), (76640, 1.0951917682449805), (84717, 1.0953549734633654), (42530, 1.0971082629539277)]
[('Limit  (cost=8647.86..8658.21 rows=90 width=12) (actual time=48.249..49.430 rows=90 loops=1)',), ('  InitPlan 1 (returns $0)',), ('    ->  Index Scan using item_queries_pkey on item_queries  (cost=0.28..8.29 rows=1 width=95) (actual time=0.005..0.006 rows=1 loops=1)',), ('          Index Cond: (iv_id = 1)',), ('  ->  Gather Merge  (cost=8639.57..9365.79 rows=6315 width=12) (actual time=48.248..49.423 rows=90 loops=1)',), ('        Workers Planned: 1',), ('        Params Evaluated: $0',), ('        Workers Launched: 1',), ('        ->  Sort  (cost=7639.56..7655.35 rows=6315 width=12) (actual time=46.253..46.257 rows=70 loops=2)',), ('              Sort Key: ((iv.iv_v <-> $0))',), ('              Sort Method: top-N heapsort  Memory: 31kB',), ('              Worker 0:  Sort Method: top-N heapsort  Memory: 32kB',), ('              ->  Parallel Hash Join  (cost=4750.10..7403.00 rows=6315 width=12) (actual time=6.541..45.321 rows=5444 loops=2)',), ('                    Hash Cond: (iv.iv_id = s.s_i_id)',), ('                    ->  Parallel Seq Scan on item_vector iv  (cost=0.00..2391.59 rows=58459 width=116) (actual time=0.002..2.927 rows=50000 loops=2)',), ('                    ->  Parallel Hash  (cost=4693.83..4693.83 rows=4501 width=4) (actual time=6.426..6.426 rows=5444 loops=2)',), ('                          Buckets: 16384  Batches: 1  Memory Usage: 576kB',), ('                          ->  Parallel Seq Scan on stock s  (cost=0.00..4693.83 rows=4501 width=4) (actual time=0.014..5.744 rows=5444 loops=2)',), ('                                Filter: (s_quantity > 90)',), ('                                Rows Removed by Filter: 44556',), ('Planning Time: 0.167 ms',), ('Execution Time: 49.456 ms',)]
('Limit  (cost=8647.86..8658.21 rows=90 width=12) (actual time=48.249..49.430 rows=90 loops=1)',)
('  InitPlan 1 (returns $0)',)
('    ->  Index Scan using item_queries_pkey on item_queries  (cost=0.28..8.29 rows=1 width=95) (actual time=0.005..0.006 rows=1 loops=1)',)
('          Index Cond: (iv_id = 1)',)
('  ->  Gather Merge  (cost=8639.57..9365.79 rows=6315 width=12) (actual time=48.248..49.423 rows=90 loops=1)',)
('        Workers Planned: 1',)
('        Params Evaluated: $0',)
('        Workers Launched: 1',)
('        ->  Sort  (cost=7639.56..7655.35 rows=6315 width=12) (actual time=46.253..46.257 rows=70 loops=2)',)
('              Sort Key: ((iv.iv_v <-> $0))',)
('              Sort Method: top-N heapsort  Memory: 31kB',)
('              Worker 0:  Sort Method: top-N heapsort  Memory: 32kB',)
('              ->  Parallel Hash Join  (cost=4750.10..7403.00 rows=6315 width=12) (actual time=6.541..45.321 rows=5444 loops=2)',)
('                    Hash Cond: (iv.iv_id = s.s_i_id)',)
('                    ->  Parallel Seq Scan on item_vector iv  (cost=0.00..2391.59 rows=58459 width=116) (actual time=0.002..2.927 rows=50000 loops=2)',)
('                    ->  Parallel Hash  (cost=4693.83..4693.83 rows=4501 width=4) (actual time=6.426..6.426 rows=5444 loops=2)',)
('                          Buckets: 16384  Batches: 1  Memory Usage: 576kB',)
('                          ->  Parallel Seq Scan on stock s  (cost=0.00..4693.83 rows=4501 width=4) (actual time=0.014..5.744 rows=5444 loops=2)',)
('                                Filter: (s_quantity > 90)',)
('                                Rows Removed by Filter: 44556',)
('Planning Time: 0.167 ms',)
('Execution Time: 49.456 ms',)
4 100
1000000 100
[(57363, 0.906300641979776), (153, 0.9477220202687767), (88677, 0.9519871658293554), (31433, 0.9728596792474088), (58452, 0.9878059420297045), (12490, 1.0018206949443227), (82553, 1.0092939976174975), (9543, 1.0093267139896378), (67599, 1.0098803692965457), (1607, 1.0134112366629484), (2995, 1.0137819439879834), (92523, 1.0216961672093177), (4521, 1.0238985959411229), (10651, 1.0257680434504837), (21254, 1.0265474315448975), (70465, 1.0285290744364302), (64140, 1.0291487932905448), (36224, 1.029545444535989), (45869, 1.039446193438287), (55796, 1.0407037035073707), (54888, 1.042559882898055), (68855, 1.0437505413670762), (43584, 1.0439444560662121), (11997, 1.0487433315788024), (27897, 1.0504176421856364), (32504, 1.0522357842809926), (30065, 1.0529515426368667), (97681, 1.053794256527638), (76540, 1.0538820935556832), (51234, 1.0538885976162793), (81230, 1.0560438124172746), (22861, 1.0570927074128502), (12992, 1.0571269328250923), (7746, 1.0571732791459485), (71743, 1.0616278715446297), (18297, 1.0625905951977104), (40347, 1.0636738295577433), (63366, 1.063839180656315), (80637, 1.0638796880361259), (83744, 1.0642564504372822), (72166, 1.0648005207380058), (67988, 1.065101412122129), (47158, 1.0651272100491265), (4602, 1.0661085223198035), (4911, 1.0683716489097284), (57134, 1.06944289695881), (61628, 1.069619838704376), (11521, 1.069822881602884), (71113, 1.0701239203951247), (52499, 1.0703174006217644), (58426, 1.0704156310800483), (37773, 1.07047309505999), (89126, 1.0707152785203264), (42372, 1.0709415452856819), (26628, 1.0715396278590286), (42549, 1.073074230488359), (23391, 1.0731263310774655), (35771, 1.0744452220432221), (39431, 1.0774075429064238), (97109, 1.0785511667266585), (85677, 1.0795400979853709), (3669, 1.0797885830895473), (73237, 1.079853551878371), (74405, 1.0805828439709406), (17492, 1.0814008839020346), (2404, 1.0814508196494348), (1570, 1.0817156169514823), (5927, 1.081850663412199), (6564, 1.0820181394808728), (94186, 1.0836722809622565), (52435, 1.0838157178935395), (16000, 1.0839282321996735), (78368, 1.0839520423809739), (80140, 1.0849650577772518), (42553, 1.08589534540483), (89531, 1.0859861843256025), (89841, 1.0882637301840123), (45077, 1.0911699655029563), (20091, 1.0920097675794909), (64927, 1.0922248561075385), (66571, 1.0926522877262803), (89703, 1.09352153026733), (38232, 1.093585955715623), (4226, 1.0937817160231371), (32847, 1.0940240789061457), (93292, 1.0946847463579144), (5653, 1.0950202105673226), (76640, 1.0951917682449805), (84717, 1.0953549734633654), (42530, 1.0971082629539277), (90001, 1.097917301725509), (87893, 1.0990873625640938), (15083, 1.0992452719931378), (23081, 1.0996162048452969), (32669, 1.0997931155810476), (56096, 1.0998163655195738), (20440, 1.1003682582154255), (38126, 1.1005679030070492), (64784, 1.1009136480410784), (47807, 1.1012087856032324)]
[('Limit  (cost=8652.66..8664.16 rows=100 width=12) (actual time=48.332..49.490 rows=100 loops=1)',), ('  InitPlan 1 (returns $0)',), ('    ->  Index Scan using item_queries_pkey on item_queries  (cost=0.28..8.29 rows=1 width=95) (actual time=0.005..0.005 rows=1 loops=1)',), ('          Index Cond: (iv_id = 1)',), ('  ->  Gather Merge  (cost=8644.37..9370.59 rows=6315 width=12) (actual time=48.331..49.483 rows=100 loops=1)',), ('        Workers Planned: 1',), ('        Params Evaluated: $0',), ('        Workers Launched: 1',), ('        ->  Sort  (cost=7644.36..7660.15 rows=6315 width=12) (actual time=46.303..46.308 rows=74 loops=2)',), ('              Sort Key: ((iv.iv_v <-> $0))',), ('              Sort Method: top-N heapsort  Memory: 32kB',), ('              Worker 0:  Sort Method: top-N heapsort  Memory: 33kB',), ('              ->  Parallel Hash Join  (cost=4750.10..7403.00 rows=6315 width=12) (actual time=6.589..45.350 rows=5444 loops=2)',), ('                    Hash Cond: (iv.iv_id = s.s_i_id)',), ('                    ->  Parallel Seq Scan on item_vector iv  (cost=0.00..2391.59 rows=58459 width=116) (actual time=0.002..2.934 rows=50000 loops=2)',), ('                    ->  Parallel Hash  (cost=4693.83..4693.83 rows=4501 width=4) (actual time=6.459..6.459 rows=5444 loops=2)',), ('                          Buckets: 16384  Batches: 1  Memory Usage: 576kB',), ('                          ->  Parallel Seq Scan on stock s  (cost=0.00..4693.83 rows=4501 width=4) (actual time=0.006..5.761 rows=5444 loops=2)',), ('                                Filter: (s_quantity > 90)',), ('                                Rows Removed by Filter: 44556',), ('Planning Time: 0.173 ms',), ('Execution Time: 49.516 ms',)]
('Limit  (cost=8652.66..8664.16 rows=100 width=12) (actual time=48.332..49.490 rows=100 loops=1)',)
('  InitPlan 1 (returns $0)',)
('    ->  Index Scan using item_queries_pkey on item_queries  (cost=0.28..8.29 rows=1 width=95) (actual time=0.005..0.005 rows=1 loops=1)',)
('          Index Cond: (iv_id = 1)',)
('  ->  Gather Merge  (cost=8644.37..9370.59 rows=6315 width=12) (actual time=48.331..49.483 rows=100 loops=1)',)
('        Workers Planned: 1',)
('        Params Evaluated: $0',)
('        Workers Launched: 1',)
('        ->  Sort  (cost=7644.36..7660.15 rows=6315 width=12) (actual time=46.303..46.308 rows=74 loops=2)',)
('              Sort Key: ((iv.iv_v <-> $0))',)
('              Sort Method: top-N heapsort  Memory: 32kB',)
('              Worker 0:  Sort Method: top-N heapsort  Memory: 33kB',)
('              ->  Parallel Hash Join  (cost=4750.10..7403.00 rows=6315 width=12) (actual time=6.589..45.350 rows=5444 loops=2)',)
('                    Hash Cond: (iv.iv_id = s.s_i_id)',)
('                    ->  Parallel Seq Scan on item_vector iv  (cost=0.00..2391.59 rows=58459 width=116) (actual time=0.002..2.934 rows=50000 loops=2)',)
('                    ->  Parallel Hash  (cost=4693.83..4693.83 rows=4501 width=4) (actual time=6.459..6.459 rows=5444 loops=2)',)
('                          Buckets: 16384  Batches: 1  Memory Usage: 576kB',)
('                          ->  Parallel Seq Scan on stock s  (cost=0.00..4693.83 rows=4501 width=4) (actual time=0.006..5.761 rows=5444 loops=2)',)
('                                Filter: (s_quantity > 90)',)
('                                Rows Removed by Filter: 44556',)
('Planning Time: 0.173 ms',)
('Execution Time: 49.516 ms',)
JSON data written to <_io.TextIOWrapper name='../runs/../runs/1711842859_knn_qtest_output.json' mode='w' encoding='UTF-8'>
